[0.054s] Invoking command in '/home/pao/mushr2_ws/build/vesc_msgs': CMAKE_PREFIX_PATH=${CMAKE_PREFIX_PATH}:/home/pao/mushr2_ws/install/mushr_joy_teleop:/opt/ros/humble /usr/bin/cmake /home/pao/mushr2_ws/src/vesc/vesc_msgs -DCMAKE_INSTALL_PREFIX=/home/pao/mushr2_ws/install/vesc_msgs
[0.231s] -- The C compiler identification is GNU 11.4.0
[0.404s] -- The CXX compiler identification is GNU 11.4.0
[0.428s] -- Detecting C compiler ABI info
[0.664s] -- Detecting C compiler ABI info - done
[0.679s] -- Check for working C compiler: /usr/bin/cc - skipped
[0.680s] -- Detecting C compile features
[0.680s] -- Detecting C compile features - done
[0.688s] -- Detecting CXX compiler ABI info
[0.976s] -- Detecting CXX compiler ABI info - done
[0.995s] -- Check for working CXX compiler: /usr/bin/c++ - skipped
[0.995s] -- Detecting CXX compile features
[1.000s] -- Detecting CXX compile features - done
[1.008s] -- Found ament_cmake_auto: 1.3.12 (/opt/ros/humble/share/ament_cmake_auto/cmake)
[1.527s] -- Found Python3: /usr/bin/python3 (found version "3.10.12") found components: Interpreter 
[2.167s] -- Using all available rosidl_typesupport_c: rosidl_typesupport_fastrtps_c;rosidl_typesupport_introspection_c
[2.186s] -- Found rosidl_adapter: 3.1.7 (/opt/ros/humble/share/rosidl_adapter/cmake)
[2.321s] -- Using all available rosidl_typesupport_cpp: rosidl_typesupport_fastrtps_cpp;rosidl_typesupport_introspection_cpp
[3.364s] -- Found ament_cmake_ros: 0.10.0 (/opt/ros/humble/share/ament_cmake_ros/cmake)
[4.206s] -- Using all available rosidl_typesupport_c: rosidl_typesupport_fastrtps_c;rosidl_typesupport_introspection_c
[5.231s] -- Using all available rosidl_typesupport_cpp: rosidl_typesupport_fastrtps_cpp;rosidl_typesupport_introspection_cpp
[5.317s] -- Found PythonInterp: /usr/bin/python3 (found suitable version "3.10.12", minimum required is "3.6") 
[5.320s] -- Found python_cmake_module: 0.10.0 (/opt/ros/humble/share/python_cmake_module/cmake)
[5.403s] -- Found PythonLibs: /usr/lib/aarch64-linux-gnu/libpython3.10.so (found suitable version "3.10.12", minimum required is "3.5") 
[5.403s] -- Using PYTHON_EXECUTABLE: /usr/bin/python3
[5.404s] -- Using PYTHON_INCLUDE_DIRS: /usr/include/python3.10
[5.404s] -- Using PYTHON_LIBRARIES: /usr/lib/aarch64-linux-gnu/libpython3.10.so
[5.466s] -- Found PythonExtra: .so  
[5.644s] -- Found ament_lint_auto: 0.12.14 (/opt/ros/humble/share/ament_lint_auto/cmake)
[5.702s] -- Added test 'copyright' to check source files copyright and LICENSE
[5.708s] -- Added test 'lint_cmake' to check CMake code style
[5.715s] -- Added test 'xmllint' to check XML markup files
[5.717s] -- Configuring done
[5.844s] -- Generating done
[5.883s] -- Build files have been written to: /home/pao/mushr2_ws/build/vesc_msgs
[5.942s] Invoked command in '/home/pao/mushr2_ws/build/vesc_msgs' returned '0': CMAKE_PREFIX_PATH=${CMAKE_PREFIX_PATH}:/home/pao/mushr2_ws/install/mushr_joy_teleop:/opt/ros/humble /usr/bin/cmake /home/pao/mushr2_ws/src/vesc/vesc_msgs -DCMAKE_INSTALL_PREFIX=/home/pao/mushr2_ws/install/vesc_msgs
[5.943s] Invoking command in '/home/pao/mushr2_ws/build/vesc_msgs': CMAKE_PREFIX_PATH=${CMAKE_PREFIX_PATH}:/home/pao/mushr2_ws/install/mushr_joy_teleop:/opt/ros/humble /usr/bin/cmake --build /home/pao/mushr2_ws/build/vesc_msgs -- -j6 -l6
[6.098s] [35m[1mConsolidate compiler generated dependencies of target vesc_msgs__rosidl_generator_c[0m
[6.134s] [ 10%] Built target vesc_msgs__rosidl_generator_c
[6.150s] [ 12%] Built target vesc_msgs__cpp
[6.180s] [35m[1mConsolidate compiler generated dependencies of target vesc_msgs__rosidl_typesupport_introspection_c[0m
[6.183s] [35m[1mConsolidate compiler generated dependencies of target vesc_msgs__rosidl_typesupport_fastrtps_c[0m
[6.218s] [35m[1mConsolidate compiler generated dependencies of target vesc_msgs__rosidl_typesupport_c[0m
[6.228s] [ 12%] Built target ament_cmake_python_copy_vesc_msgs
[6.237s] [35m[1mConsolidate compiler generated dependencies of target vesc_msgs__rosidl_typesupport_cpp[0m
[6.252s] [ 23%] Built target vesc_msgs__rosidl_typesupport_fastrtps_c
[6.253s] [35m[1mConsolidate compiler generated dependencies of target vesc_msgs__rosidl_typesupport_fastrtps_cpp[0m
[6.278s] [ 34%] Built target vesc_msgs__rosidl_typesupport_introspection_c
[6.308s] [35m[1mConsolidate compiler generated dependencies of target vesc_msgs__rosidl_typesupport_introspection_cpp[0m
[6.333s] [ 45%] Built target vesc_msgs__rosidl_typesupport_c
[6.337s] [ 56%] Built target vesc_msgs__rosidl_typesupport_cpp
[6.343s] [ 67%] Built target vesc_msgs__rosidl_typesupport_fastrtps_cpp
[6.386s] [ 78%] Built target vesc_msgs__rosidl_typesupport_introspection_cpp
[6.458s] [ 78%] Built target vesc_msgs
[6.530s] [ 80%] Built target vesc_msgs__py
[6.569s] [35m[1mConsolidate compiler generated dependencies of target vesc_msgs__rosidl_generator_py[0m
[6.624s] [ 89%] Built target vesc_msgs__rosidl_generator_py
[6.658s] [35m[1mConsolidate compiler generated dependencies of target vesc_msgs__rosidl_typesupport_introspection_c__pyext[0m
[6.658s] [35m[1mConsolidate compiler generated dependencies of target vesc_msgs__rosidl_typesupport_fastrtps_c__pyext[0m
[6.671s] [35m[1mConsolidate compiler generated dependencies of target vesc_msgs__rosidl_typesupport_c__pyext[0m
[6.706s] [ 92%] [32m[1mLinking C shared library rosidl_generator_py/vesc_msgs/vesc_msgs_s__rosidl_typesupport_introspection_c.cpython-310-aarch64-linux-gnu.so[0m
[6.707s] [ 92%] [32m[1mLinking C shared library rosidl_generator_py/vesc_msgs/vesc_msgs_s__rosidl_typesupport_fastrtps_c.cpython-310-aarch64-linux-gnu.so[0m
[6.733s] [ 94%] [32m[1mLinking C shared library rosidl_generator_py/vesc_msgs/vesc_msgs_s__rosidl_typesupport_c.cpython-310-aarch64-linux-gnu.so[0m
[6.882s] [100%] Built target vesc_msgs__rosidl_typesupport_c__pyext
[6.883s] [100%] Built target vesc_msgs__rosidl_typesupport_introspection_c__pyext
[6.886s] [100%] Built target vesc_msgs__rosidl_typesupport_fastrtps_c__pyext
[6.983s] running egg_info
[6.985s] writing vesc_msgs.egg-info/PKG-INFO
[6.986s] writing dependency_links to vesc_msgs.egg-info/dependency_links.txt
[6.986s] writing top-level names to vesc_msgs.egg-info/top_level.txt
[6.995s] reading manifest file 'vesc_msgs.egg-info/SOURCES.txt'
[6.997s] writing manifest file 'vesc_msgs.egg-info/SOURCES.txt'
[7.141s] [100%] Built target ament_cmake_python_build_vesc_msgs_egg
[7.182s] Invoked command in '/home/pao/mushr2_ws/build/vesc_msgs' returned '0': CMAKE_PREFIX_PATH=${CMAKE_PREFIX_PATH}:/home/pao/mushr2_ws/install/mushr_joy_teleop:/opt/ros/humble /usr/bin/cmake --build /home/pao/mushr2_ws/build/vesc_msgs -- -j6 -l6
[7.217s] Invoking command in '/home/pao/mushr2_ws/build/vesc_msgs': CMAKE_PREFIX_PATH=${CMAKE_PREFIX_PATH}:/home/pao/mushr2_ws/install/mushr_joy_teleop:/opt/ros/humble /usr/bin/cmake --install /home/pao/mushr2_ws/build/vesc_msgs
[7.249s] -- Install configuration: ""
[7.249s] -- Up-to-date: /home/pao/mushr2_ws/install/vesc_msgs/share/ament_index/resource_index/rosidl_interfaces/vesc_msgs
[7.249s] -- Up-to-date: /home/pao/mushr2_ws/install/vesc_msgs/include/vesc_msgs/vesc_msgs
[7.250s] -- Up-to-date: /home/pao/mushr2_ws/install/vesc_msgs/include/vesc_msgs/vesc_msgs/msg
[7.250s] -- Up-to-date: /home/pao/mushr2_ws/install/vesc_msgs/include/vesc_msgs/vesc_msgs/msg/rosidl_generator_c__visibility_control.h
[7.250s] -- Up-to-date: /home/pao/mushr2_ws/install/vesc_msgs/include/vesc_msgs/vesc_msgs/msg/vesc_state.h
[7.250s] -- Up-to-date: /home/pao/mushr2_ws/install/vesc_msgs/include/vesc_msgs/vesc_msgs/msg/vesc_imu.h
[7.250s] -- Up-to-date: /home/pao/mushr2_ws/install/vesc_msgs/include/vesc_msgs/vesc_msgs/msg/detail
[7.250s] -- Up-to-date: /home/pao/mushr2_ws/install/vesc_msgs/include/vesc_msgs/vesc_msgs/msg/detail/vesc_state_stamped__functions.c
[7.251s] -- Up-to-date: /home/pao/mushr2_ws/install/vesc_msgs/include/vesc_msgs/vesc_msgs/msg/detail/vesc_state__functions.c
[7.251s] -- Up-to-date: /home/pao/mushr2_ws/install/vesc_msgs/include/vesc_msgs/vesc_msgs/msg/detail/vesc_state_stamped__struct.h
[7.251s] -- Up-to-date: /home/pao/mushr2_ws/install/vesc_msgs/include/vesc_msgs/vesc_msgs/msg/detail/vesc_state_stamped__type_support.h
[7.251s] -- Up-to-date: /home/pao/mushr2_ws/install/vesc_msgs/include/vesc_msgs/vesc_msgs/msg/detail/vesc_state__type_support.h
[7.251s] -- Up-to-date: /home/pao/mushr2_ws/install/vesc_msgs/include/vesc_msgs/vesc_msgs/msg/detail/vesc_imu__type_support.h
[7.251s] -- Up-to-date: /home/pao/mushr2_ws/install/vesc_msgs/include/vesc_msgs/vesc_msgs/msg/detail/vesc_imu_stamped__functions.h
[7.252s] -- Up-to-date: /home/pao/mushr2_ws/install/vesc_msgs/include/vesc_msgs/vesc_msgs/msg/detail/vesc_state__struct.h
[7.252s] -- Up-to-date: /home/pao/mushr2_ws/install/vesc_msgs/include/vesc_msgs/vesc_msgs/msg/detail/vesc_imu_stamped__functions.c
[7.252s] -- Up-to-date: /home/pao/mushr2_ws/install/vesc_msgs/include/vesc_msgs/vesc_msgs/msg/detail/vesc_state_stamped__functions.h
[7.252s] -- Up-to-date: /home/pao/mushr2_ws/install/vesc_msgs/include/vesc_msgs/vesc_msgs/msg/detail/vesc_imu_stamped__type_support.h
[7.252s] -- Up-to-date: /home/pao/mushr2_ws/install/vesc_msgs/include/vesc_msgs/vesc_msgs/msg/detail/vesc_state__functions.h
[7.252s] -- Up-to-date: /home/pao/mushr2_ws/install/vesc_msgs/include/vesc_msgs/vesc_msgs/msg/detail/vesc_imu_stamped__struct.h
[7.252s] -- Up-to-date: /home/pao/mushr2_ws/install/vesc_msgs/include/vesc_msgs/vesc_msgs/msg/detail/vesc_imu__functions.c
[7.253s] -- Up-to-date: /home/pao/mushr2_ws/install/vesc_msgs/include/vesc_msgs/vesc_msgs/msg/detail/vesc_imu__struct.h
[7.253s] -- Up-to-date: /home/pao/mushr2_ws/install/vesc_msgs/include/vesc_msgs/vesc_msgs/msg/detail/vesc_imu__functions.h
[7.253s] -- Up-to-date: /home/pao/mushr2_ws/install/vesc_msgs/include/vesc_msgs/vesc_msgs/msg/vesc_imu_stamped.h
[7.253s] -- Up-to-date: /home/pao/mushr2_ws/install/vesc_msgs/include/vesc_msgs/vesc_msgs/msg/vesc_state_stamped.h
[7.253s] -- Up-to-date: /home/pao/mushr2_ws/install/vesc_msgs/share/vesc_msgs/environment/library_path.sh
[7.254s] -- Installing: /home/pao/mushr2_ws/install/vesc_msgs/share/vesc_msgs/environment/library_path.dsv
[7.254s] -- Up-to-date: /home/pao/mushr2_ws/install/vesc_msgs/lib/libvesc_msgs__rosidl_generator_c.so
[7.254s] -- Up-to-date: /home/pao/mushr2_ws/install/vesc_msgs/include/vesc_msgs/vesc_msgs
[7.255s] -- Up-to-date: /home/pao/mushr2_ws/install/vesc_msgs/include/vesc_msgs/vesc_msgs/msg
[7.255s] -- Up-to-date: /home/pao/mushr2_ws/install/vesc_msgs/include/vesc_msgs/vesc_msgs/msg/detail
[7.255s] -- Up-to-date: /home/pao/mushr2_ws/install/vesc_msgs/include/vesc_msgs/vesc_msgs/msg/detail/vesc_state__rosidl_typesupport_fastrtps_c.h
[7.255s] -- Up-to-date: /home/pao/mushr2_ws/install/vesc_msgs/include/vesc_msgs/vesc_msgs/msg/detail/vesc_imu_stamped__rosidl_typesupport_fastrtps_c.h
[7.256s] -- Up-to-date: /home/pao/mushr2_ws/install/vesc_msgs/include/vesc_msgs/vesc_msgs/msg/detail/vesc_state_stamped__rosidl_typesupport_fastrtps_c.h
[7.256s] -- Up-to-date: /home/pao/mushr2_ws/install/vesc_msgs/include/vesc_msgs/vesc_msgs/msg/detail/vesc_imu__rosidl_typesupport_fastrtps_c.h
[7.256s] -- Up-to-date: /home/pao/mushr2_ws/install/vesc_msgs/include/vesc_msgs/vesc_msgs/msg/rosidl_typesupport_fastrtps_c__visibility_control.h
[7.256s] -- Up-to-date: /home/pao/mushr2_ws/install/vesc_msgs/lib/libvesc_msgs__rosidl_typesupport_fastrtps_c.so
[7.257s] -- Up-to-date: /home/pao/mushr2_ws/install/vesc_msgs/include/vesc_msgs/vesc_msgs
[7.257s] -- Up-to-date: /home/pao/mushr2_ws/install/vesc_msgs/include/vesc_msgs/vesc_msgs/msg
[7.257s] -- Up-to-date: /home/pao/mushr2_ws/install/vesc_msgs/include/vesc_msgs/vesc_msgs/msg/detail
[7.257s] -- Up-to-date: /home/pao/mushr2_ws/install/vesc_msgs/include/vesc_msgs/vesc_msgs/msg/detail/vesc_imu__type_support.c
[7.258s] -- Up-to-date: /home/pao/mushr2_ws/install/vesc_msgs/include/vesc_msgs/vesc_msgs/msg/detail/vesc_imu_stamped__rosidl_typesupport_introspection_c.h
[7.258s] -- Up-to-date: /home/pao/mushr2_ws/install/vesc_msgs/include/vesc_msgs/vesc_msgs/msg/detail/vesc_state_stamped__type_support.c
[7.259s] -- Up-to-date: /home/pao/mushr2_ws/install/vesc_msgs/include/vesc_msgs/vesc_msgs/msg/detail/vesc_imu_stamped__type_support.c
[7.259s] -- Up-to-date: /home/pao/mushr2_ws/install/vesc_msgs/include/vesc_msgs/vesc_msgs/msg/detail/vesc_state__type_support.c
[7.259s] -- Up-to-date: /home/pao/mushr2_ws/install/vesc_msgs/include/vesc_msgs/vesc_msgs/msg/detail/vesc_state__rosidl_typesupport_introspection_c.h
[7.259s] -- Up-to-date: /home/pao/mushr2_ws/install/vesc_msgs/include/vesc_msgs/vesc_msgs/msg/detail/vesc_imu__rosidl_typesupport_introspection_c.h
[7.259s] -- Up-to-date: /home/pao/mushr2_ws/install/vesc_msgs/include/vesc_msgs/vesc_msgs/msg/detail/vesc_state_stamped__rosidl_typesupport_introspection_c.h
[7.259s] -- Up-to-date: /home/pao/mushr2_ws/install/vesc_msgs/include/vesc_msgs/vesc_msgs/msg/rosidl_typesupport_introspection_c__visibility_control.h
[7.260s] -- Up-to-date: /home/pao/mushr2_ws/install/vesc_msgs/lib/libvesc_msgs__rosidl_typesupport_introspection_c.so
[7.260s] -- Up-to-date: /home/pao/mushr2_ws/install/vesc_msgs/lib/libvesc_msgs__rosidl_typesupport_c.so
[7.260s] -- Up-to-date: /home/pao/mushr2_ws/install/vesc_msgs/include/vesc_msgs/vesc_msgs
[7.260s] -- Up-to-date: /home/pao/mushr2_ws/install/vesc_msgs/include/vesc_msgs/vesc_msgs/msg
[7.260s] -- Up-to-date: /home/pao/mushr2_ws/install/vesc_msgs/include/vesc_msgs/vesc_msgs/msg/vesc_state_stamped.hpp
[7.260s] -- Up-to-date: /home/pao/mushr2_ws/install/vesc_msgs/include/vesc_msgs/vesc_msgs/msg/rosidl_generator_cpp__visibility_control.hpp
[7.261s] -- Up-to-date: /home/pao/mushr2_ws/install/vesc_msgs/include/vesc_msgs/vesc_msgs/msg/detail
[7.261s] -- Up-to-date: /home/pao/mushr2_ws/install/vesc_msgs/include/vesc_msgs/vesc_msgs/msg/detail/vesc_state__traits.hpp
[7.261s] -- Up-to-date: /home/pao/mushr2_ws/install/vesc_msgs/include/vesc_msgs/vesc_msgs/msg/detail/vesc_imu__builder.hpp
[7.261s] -- Up-to-date: /home/pao/mushr2_ws/install/vesc_msgs/include/vesc_msgs/vesc_msgs/msg/detail/vesc_state__type_support.hpp
[7.261s] -- Up-to-date: /home/pao/mushr2_ws/install/vesc_msgs/include/vesc_msgs/vesc_msgs/msg/detail/vesc_state_stamped__traits.hpp
[7.261s] -- Up-to-date: /home/pao/mushr2_ws/install/vesc_msgs/include/vesc_msgs/vesc_msgs/msg/detail/vesc_state_stamped__builder.hpp
[7.262s] -- Up-to-date: /home/pao/mushr2_ws/install/vesc_msgs/include/vesc_msgs/vesc_msgs/msg/detail/vesc_imu__struct.hpp
[7.262s] -- Up-to-date: /home/pao/mushr2_ws/install/vesc_msgs/include/vesc_msgs/vesc_msgs/msg/detail/vesc_state_stamped__type_support.hpp
[7.262s] -- Up-to-date: /home/pao/mushr2_ws/install/vesc_msgs/include/vesc_msgs/vesc_msgs/msg/detail/vesc_imu_stamped__type_support.hpp
[7.262s] -- Up-to-date: /home/pao/mushr2_ws/install/vesc_msgs/include/vesc_msgs/vesc_msgs/msg/detail/vesc_imu_stamped__builder.hpp
[7.262s] -- Up-to-date: /home/pao/mushr2_ws/install/vesc_msgs/include/vesc_msgs/vesc_msgs/msg/detail/vesc_imu_stamped__struct.hpp
[7.262s] -- Up-to-date: /home/pao/mushr2_ws/install/vesc_msgs/include/vesc_msgs/vesc_msgs/msg/detail/vesc_state__struct.hpp
[7.263s] -- Up-to-date: /home/pao/mushr2_ws/install/vesc_msgs/include/vesc_msgs/vesc_msgs/msg/detail/vesc_state__builder.hpp
[7.263s] -- Up-to-date: /home/pao/mushr2_ws/install/vesc_msgs/include/vesc_msgs/vesc_msgs/msg/detail/vesc_imu__traits.hpp
[7.263s] -- Up-to-date: /home/pao/mushr2_ws/install/vesc_msgs/include/vesc_msgs/vesc_msgs/msg/detail/vesc_state_stamped__struct.hpp
[7.263s] -- Up-to-date: /home/pao/mushr2_ws/install/vesc_msgs/include/vesc_msgs/vesc_msgs/msg/detail/vesc_imu_stamped__traits.hpp
[7.263s] -- Up-to-date: /home/pao/mushr2_ws/install/vesc_msgs/include/vesc_msgs/vesc_msgs/msg/detail/vesc_imu__type_support.hpp
[7.264s] -- Up-to-date: /home/pao/mushr2_ws/install/vesc_msgs/include/vesc_msgs/vesc_msgs/msg/vesc_imu.hpp
[7.264s] -- Up-to-date: /home/pao/mushr2_ws/install/vesc_msgs/include/vesc_msgs/vesc_msgs/msg/vesc_imu_stamped.hpp
[7.264s] -- Up-to-date: /home/pao/mushr2_ws/install/vesc_msgs/include/vesc_msgs/vesc_msgs/msg/vesc_state.hpp
[7.264s] -- Up-to-date: /home/pao/mushr2_ws/install/vesc_msgs/include/vesc_msgs/vesc_msgs
[7.264s] -- Up-to-date: /home/pao/mushr2_ws/install/vesc_msgs/include/vesc_msgs/vesc_msgs/msg
[7.264s] -- Up-to-date: /home/pao/mushr2_ws/install/vesc_msgs/include/vesc_msgs/vesc_msgs/msg/detail
[7.264s] -- Up-to-date: /home/pao/mushr2_ws/install/vesc_msgs/include/vesc_msgs/vesc_msgs/msg/detail/dds_fastrtps
[7.265s] -- Up-to-date: /home/pao/mushr2_ws/install/vesc_msgs/include/vesc_msgs/vesc_msgs/msg/detail/vesc_imu__rosidl_typesupport_fastrtps_cpp.hpp
[7.265s] -- Up-to-date: /home/pao/mushr2_ws/install/vesc_msgs/include/vesc_msgs/vesc_msgs/msg/detail/vesc_state_stamped__rosidl_typesupport_fastrtps_cpp.hpp
[7.265s] -- Up-to-date: /home/pao/mushr2_ws/install/vesc_msgs/include/vesc_msgs/vesc_msgs/msg/detail/vesc_imu_stamped__rosidl_typesupport_fastrtps_cpp.hpp
[7.265s] -- Up-to-date: /home/pao/mushr2_ws/install/vesc_msgs/include/vesc_msgs/vesc_msgs/msg/detail/vesc_state__rosidl_typesupport_fastrtps_cpp.hpp
[7.265s] -- Up-to-date: /home/pao/mushr2_ws/install/vesc_msgs/include/vesc_msgs/vesc_msgs/msg/rosidl_typesupport_fastrtps_cpp__visibility_control.h
[7.265s] -- Up-to-date: /home/pao/mushr2_ws/install/vesc_msgs/lib/libvesc_msgs__rosidl_typesupport_fastrtps_cpp.so
[7.265s] -- Up-to-date: /home/pao/mushr2_ws/install/vesc_msgs/include/vesc_msgs/vesc_msgs
[7.265s] -- Up-to-date: /home/pao/mushr2_ws/install/vesc_msgs/include/vesc_msgs/vesc_msgs/msg
[7.266s] -- Up-to-date: /home/pao/mushr2_ws/install/vesc_msgs/include/vesc_msgs/vesc_msgs/msg/detail
[7.266s] -- Up-to-date: /home/pao/mushr2_ws/install/vesc_msgs/include/vesc_msgs/vesc_msgs/msg/detail/vesc_state__rosidl_typesupport_introspection_cpp.hpp
[7.266s] -- Up-to-date: /home/pao/mushr2_ws/install/vesc_msgs/include/vesc_msgs/vesc_msgs/msg/detail/vesc_state_stamped__rosidl_typesupport_introspection_cpp.hpp
[7.268s] -- Up-to-date: /home/pao/mushr2_ws/install/vesc_msgs/include/vesc_msgs/vesc_msgs/msg/detail/vesc_imu_stamped__rosidl_typesupport_introspection_cpp.hpp
[7.269s] -- Up-to-date: /home/pao/mushr2_ws/install/vesc_msgs/include/vesc_msgs/vesc_msgs/msg/detail/vesc_state__type_support.cpp
[7.269s] -- Up-to-date: /home/pao/mushr2_ws/install/vesc_msgs/include/vesc_msgs/vesc_msgs/msg/detail/vesc_state_stamped__type_support.cpp
[7.269s] -- Up-to-date: /home/pao/mushr2_ws/install/vesc_msgs/include/vesc_msgs/vesc_msgs/msg/detail/vesc_imu__rosidl_typesupport_introspection_cpp.hpp
[7.269s] -- Up-to-date: /home/pao/mushr2_ws/install/vesc_msgs/include/vesc_msgs/vesc_msgs/msg/detail/vesc_imu_stamped__type_support.cpp
[7.269s] -- Up-to-date: /home/pao/mushr2_ws/install/vesc_msgs/include/vesc_msgs/vesc_msgs/msg/detail/vesc_imu__type_support.cpp
[7.270s] -- Up-to-date: /home/pao/mushr2_ws/install/vesc_msgs/lib/libvesc_msgs__rosidl_typesupport_introspection_cpp.so
[7.270s] -- Up-to-date: /home/pao/mushr2_ws/install/vesc_msgs/lib/libvesc_msgs__rosidl_typesupport_cpp.so
[7.270s] -- Up-to-date: /home/pao/mushr2_ws/install/vesc_msgs/share/vesc_msgs/environment/pythonpath.sh
[7.270s] -- Installing: /home/pao/mushr2_ws/install/vesc_msgs/share/vesc_msgs/environment/pythonpath.dsv
[7.270s] -- Up-to-date: /home/pao/mushr2_ws/install/vesc_msgs/local/lib/python3.10/dist-packages/vesc_msgs-1.1.0-py3.10.egg-info
[7.270s] -- Installing: /home/pao/mushr2_ws/install/vesc_msgs/local/lib/python3.10/dist-packages/vesc_msgs-1.1.0-py3.10.egg-info/top_level.txt
[7.271s] -- Installing: /home/pao/mushr2_ws/install/vesc_msgs/local/lib/python3.10/dist-packages/vesc_msgs-1.1.0-py3.10.egg-info/SOURCES.txt
[7.271s] -- Installing: /home/pao/mushr2_ws/install/vesc_msgs/local/lib/python3.10/dist-packages/vesc_msgs-1.1.0-py3.10.egg-info/PKG-INFO
[7.271s] -- Installing: /home/pao/mushr2_ws/install/vesc_msgs/local/lib/python3.10/dist-packages/vesc_msgs-1.1.0-py3.10.egg-info/dependency_links.txt
[7.271s] -- Up-to-date: /home/pao/mushr2_ws/install/vesc_msgs/local/lib/python3.10/dist-packages/vesc_msgs
[7.271s] -- Installing: /home/pao/mushr2_ws/install/vesc_msgs/local/lib/python3.10/dist-packages/vesc_msgs/vesc_msgs_s__rosidl_typesupport_introspection_c.cpython-310-aarch64-linux-gnu.so
[7.271s] -- Installing: /home/pao/mushr2_ws/install/vesc_msgs/local/lib/python3.10/dist-packages/vesc_msgs/vesc_msgs_s__rosidl_typesupport_c.cpython-310-aarch64-linux-gnu.so
[7.271s] -- Installing: /home/pao/mushr2_ws/install/vesc_msgs/local/lib/python3.10/dist-packages/vesc_msgs/vesc_msgs_s__rosidl_typesupport_fastrtps_c.cpython-310-aarch64-linux-gnu.so
[7.272s] -- Up-to-date: /home/pao/mushr2_ws/install/vesc_msgs/local/lib/python3.10/dist-packages/vesc_msgs/_vesc_msgs_s.ep.rosidl_typesupport_fastrtps_c.c
[7.272s] -- Up-to-date: /home/pao/mushr2_ws/install/vesc_msgs/local/lib/python3.10/dist-packages/vesc_msgs/_vesc_msgs_s.ep.rosidl_typesupport_introspection_c.c
[7.272s] -- Up-to-date: /home/pao/mushr2_ws/install/vesc_msgs/local/lib/python3.10/dist-packages/vesc_msgs/msg
[7.273s] -- Up-to-date: /home/pao/mushr2_ws/install/vesc_msgs/local/lib/python3.10/dist-packages/vesc_msgs/msg/_vesc_state_s.c
[7.273s] -- Up-to-date: /home/pao/mushr2_ws/install/vesc_msgs/local/lib/python3.10/dist-packages/vesc_msgs/msg/_vesc_state.py
[7.273s] -- Up-to-date: /home/pao/mushr2_ws/install/vesc_msgs/local/lib/python3.10/dist-packages/vesc_msgs/msg/_vesc_imu_stamped.py
[7.273s] -- Up-to-date: /home/pao/mushr2_ws/install/vesc_msgs/local/lib/python3.10/dist-packages/vesc_msgs/msg/_vesc_state_stamped.py
[7.273s] -- Up-to-date: /home/pao/mushr2_ws/install/vesc_msgs/local/lib/python3.10/dist-packages/vesc_msgs/msg/_vesc_imu_stamped_s.c
[7.273s] -- Up-to-date: /home/pao/mushr2_ws/install/vesc_msgs/local/lib/python3.10/dist-packages/vesc_msgs/msg/_vesc_imu_s.c
[7.274s] -- Up-to-date: /home/pao/mushr2_ws/install/vesc_msgs/local/lib/python3.10/dist-packages/vesc_msgs/msg/__init__.py
[7.274s] -- Up-to-date: /home/pao/mushr2_ws/install/vesc_msgs/local/lib/python3.10/dist-packages/vesc_msgs/msg/_vesc_imu.py
[7.274s] -- Up-to-date: /home/pao/mushr2_ws/install/vesc_msgs/local/lib/python3.10/dist-packages/vesc_msgs/msg/_vesc_state_stamped_s.c
[7.274s] -- Up-to-date: /home/pao/mushr2_ws/install/vesc_msgs/local/lib/python3.10/dist-packages/vesc_msgs/_vesc_msgs_s.ep.rosidl_typesupport_c.c
[7.274s] -- Installing: /home/pao/mushr2_ws/install/vesc_msgs/local/lib/python3.10/dist-packages/vesc_msgs/__init__.py
[7.274s] -- Up-to-date: /home/pao/mushr2_ws/install/vesc_msgs/local/lib/python3.10/dist-packages/vesc_msgs/libvesc_msgs__rosidl_generator_py.so
[7.391s] Listing '/home/pao/mushr2_ws/install/vesc_msgs/local/lib/python3.10/dist-packages/vesc_msgs'...
[7.392s] Compiling '/home/pao/mushr2_ws/install/vesc_msgs/local/lib/python3.10/dist-packages/vesc_msgs/__init__.py'...
[7.392s] Listing '/home/pao/mushr2_ws/install/vesc_msgs/local/lib/python3.10/dist-packages/vesc_msgs/msg'...
[7.418s] -- Installing: /home/pao/mushr2_ws/install/vesc_msgs/local/lib/python3.10/dist-packages/vesc_msgs/vesc_msgs_s__rosidl_typesupport_fastrtps_c.cpython-310-aarch64-linux-gnu.so
[7.421s] -- Set runtime path of "/home/pao/mushr2_ws/install/vesc_msgs/local/lib/python3.10/dist-packages/vesc_msgs/vesc_msgs_s__rosidl_typesupport_fastrtps_c.cpython-310-aarch64-linux-gnu.so" to ""
[7.421s] -- Installing: /home/pao/mushr2_ws/install/vesc_msgs/local/lib/python3.10/dist-packages/vesc_msgs/vesc_msgs_s__rosidl_typesupport_introspection_c.cpython-310-aarch64-linux-gnu.so
[7.422s] -- Set runtime path of "/home/pao/mushr2_ws/install/vesc_msgs/local/lib/python3.10/dist-packages/vesc_msgs/vesc_msgs_s__rosidl_typesupport_introspection_c.cpython-310-aarch64-linux-gnu.so" to ""
[7.422s] -- Installing: /home/pao/mushr2_ws/install/vesc_msgs/local/lib/python3.10/dist-packages/vesc_msgs/vesc_msgs_s__rosidl_typesupport_c.cpython-310-aarch64-linux-gnu.so
[7.423s] -- Set runtime path of "/home/pao/mushr2_ws/install/vesc_msgs/local/lib/python3.10/dist-packages/vesc_msgs/vesc_msgs_s__rosidl_typesupport_c.cpython-310-aarch64-linux-gnu.so" to ""
[7.423s] -- Up-to-date: /home/pao/mushr2_ws/install/vesc_msgs/lib/libvesc_msgs__rosidl_generator_py.so
[7.424s] -- Up-to-date: /home/pao/mushr2_ws/install/vesc_msgs/share/vesc_msgs/msg/VescState.idl
[7.424s] -- Up-to-date: /home/pao/mushr2_ws/install/vesc_msgs/share/vesc_msgs/msg/VescStateStamped.idl
[7.424s] -- Up-to-date: /home/pao/mushr2_ws/install/vesc_msgs/share/vesc_msgs/msg/VescImu.idl
[7.425s] -- Up-to-date: /home/pao/mushr2_ws/install/vesc_msgs/share/vesc_msgs/msg/VescImuStamped.idl
[7.425s] -- Up-to-date: /home/pao/mushr2_ws/install/vesc_msgs/share/vesc_msgs/msg/VescState.msg
[7.425s] -- Up-to-date: /home/pao/mushr2_ws/install/vesc_msgs/share/vesc_msgs/msg/VescStateStamped.msg
[7.426s] -- Up-to-date: /home/pao/mushr2_ws/install/vesc_msgs/share/vesc_msgs/msg/VescImu.msg
[7.426s] -- Up-to-date: /home/pao/mushr2_ws/install/vesc_msgs/share/vesc_msgs/msg/VescImuStamped.msg
[7.426s] -- Up-to-date: /home/pao/mushr2_ws/install/vesc_msgs/share/ament_index/resource_index/package_run_dependencies/vesc_msgs
[7.426s] -- Installing: /home/pao/mushr2_ws/install/vesc_msgs/share/ament_index/resource_index/parent_prefix_path/vesc_msgs
[7.427s] -- Up-to-date: /home/pao/mushr2_ws/install/vesc_msgs/share/vesc_msgs/environment/ament_prefix_path.sh
[7.427s] -- Installing: /home/pao/mushr2_ws/install/vesc_msgs/share/vesc_msgs/environment/ament_prefix_path.dsv
[7.427s] -- Up-to-date: /home/pao/mushr2_ws/install/vesc_msgs/share/vesc_msgs/environment/path.sh
[7.427s] -- Installing: /home/pao/mushr2_ws/install/vesc_msgs/share/vesc_msgs/environment/path.dsv
[7.428s] -- Up-to-date: /home/pao/mushr2_ws/install/vesc_msgs/share/vesc_msgs/local_setup.bash
[7.428s] -- Up-to-date: /home/pao/mushr2_ws/install/vesc_msgs/share/vesc_msgs/local_setup.sh
[7.428s] -- Up-to-date: /home/pao/mushr2_ws/install/vesc_msgs/share/vesc_msgs/local_setup.zsh
[7.428s] -- Installing: /home/pao/mushr2_ws/install/vesc_msgs/share/vesc_msgs/local_setup.dsv
[7.429s] -- Installing: /home/pao/mushr2_ws/install/vesc_msgs/share/vesc_msgs/package.dsv
[7.429s] -- Up-to-date: /home/pao/mushr2_ws/install/vesc_msgs/share/ament_index/resource_index/packages/vesc_msgs
[7.429s] -- Up-to-date: /home/pao/mushr2_ws/install/vesc_msgs/share/vesc_msgs/cmake/export_vesc_msgs__rosidl_generator_cExport.cmake
[7.430s] -- Up-to-date: /home/pao/mushr2_ws/install/vesc_msgs/share/vesc_msgs/cmake/export_vesc_msgs__rosidl_generator_cExport-noconfig.cmake
[7.430s] -- Up-to-date: /home/pao/mushr2_ws/install/vesc_msgs/share/vesc_msgs/cmake/export_vesc_msgs__rosidl_typesupport_fastrtps_cExport.cmake
[7.430s] -- Up-to-date: /home/pao/mushr2_ws/install/vesc_msgs/share/vesc_msgs/cmake/export_vesc_msgs__rosidl_typesupport_fastrtps_cExport-noconfig.cmake
[7.431s] -- Up-to-date: /home/pao/mushr2_ws/install/vesc_msgs/share/vesc_msgs/cmake/vesc_msgs__rosidl_typesupport_introspection_cExport.cmake
[7.431s] -- Up-to-date: /home/pao/mushr2_ws/install/vesc_msgs/share/vesc_msgs/cmake/vesc_msgs__rosidl_typesupport_introspection_cExport-noconfig.cmake
[7.431s] -- Up-to-date: /home/pao/mushr2_ws/install/vesc_msgs/share/vesc_msgs/cmake/vesc_msgs__rosidl_typesupport_cExport.cmake
[7.432s] -- Up-to-date: /home/pao/mushr2_ws/install/vesc_msgs/share/vesc_msgs/cmake/vesc_msgs__rosidl_typesupport_cExport-noconfig.cmake
[7.432s] -- Up-to-date: /home/pao/mushr2_ws/install/vesc_msgs/share/vesc_msgs/cmake/export_vesc_msgs__rosidl_generator_cppExport.cmake
[7.432s] -- Up-to-date: /home/pao/mushr2_ws/install/vesc_msgs/share/vesc_msgs/cmake/export_vesc_msgs__rosidl_typesupport_fastrtps_cppExport.cmake
[7.433s] -- Up-to-date: /home/pao/mushr2_ws/install/vesc_msgs/share/vesc_msgs/cmake/export_vesc_msgs__rosidl_typesupport_fastrtps_cppExport-noconfig.cmake
[7.433s] -- Up-to-date: /home/pao/mushr2_ws/install/vesc_msgs/share/vesc_msgs/cmake/vesc_msgs__rosidl_typesupport_introspection_cppExport.cmake
[7.433s] -- Up-to-date: /home/pao/mushr2_ws/install/vesc_msgs/share/vesc_msgs/cmake/vesc_msgs__rosidl_typesupport_introspection_cppExport-noconfig.cmake
[7.434s] -- Up-to-date: /home/pao/mushr2_ws/install/vesc_msgs/share/vesc_msgs/cmake/vesc_msgs__rosidl_typesupport_cppExport.cmake
[7.434s] -- Up-to-date: /home/pao/mushr2_ws/install/vesc_msgs/share/vesc_msgs/cmake/vesc_msgs__rosidl_typesupport_cppExport-noconfig.cmake
[7.434s] -- Up-to-date: /home/pao/mushr2_ws/install/vesc_msgs/share/vesc_msgs/cmake/export_vesc_msgs__rosidl_generator_pyExport.cmake
[7.434s] -- Up-to-date: /home/pao/mushr2_ws/install/vesc_msgs/share/vesc_msgs/cmake/export_vesc_msgs__rosidl_generator_pyExport-noconfig.cmake
[7.434s] -- Up-to-date: /home/pao/mushr2_ws/install/vesc_msgs/share/vesc_msgs/cmake/rosidl_cmake-extras.cmake
[7.435s] -- Up-to-date: /home/pao/mushr2_ws/install/vesc_msgs/share/vesc_msgs/cmake/ament_cmake_export_dependencies-extras.cmake
[7.436s] -- Up-to-date: /home/pao/mushr2_ws/install/vesc_msgs/share/vesc_msgs/cmake/ament_cmake_export_include_directories-extras.cmake
[7.436s] -- Up-to-date: /home/pao/mushr2_ws/install/vesc_msgs/share/vesc_msgs/cmake/ament_cmake_export_libraries-extras.cmake
[7.437s] -- Up-to-date: /home/pao/mushr2_ws/install/vesc_msgs/share/vesc_msgs/cmake/ament_cmake_export_targets-extras.cmake
[7.437s] -- Up-to-date: /home/pao/mushr2_ws/install/vesc_msgs/share/vesc_msgs/cmake/rosidl_cmake_export_typesupport_targets-extras.cmake
[7.438s] -- Up-to-date: /home/pao/mushr2_ws/install/vesc_msgs/share/vesc_msgs/cmake/rosidl_cmake_export_typesupport_libraries-extras.cmake
[7.438s] -- Up-to-date: /home/pao/mushr2_ws/install/vesc_msgs/share/vesc_msgs/cmake/vesc_msgsConfig.cmake
[7.438s] -- Up-to-date: /home/pao/mushr2_ws/install/vesc_msgs/share/vesc_msgs/cmake/vesc_msgsConfig-version.cmake
[7.438s] -- Up-to-date: /home/pao/mushr2_ws/install/vesc_msgs/share/vesc_msgs/package.xml
[7.446s] Invoked command in '/home/pao/mushr2_ws/build/vesc_msgs' returned '0': CMAKE_PREFIX_PATH=${CMAKE_PREFIX_PATH}:/home/pao/mushr2_ws/install/mushr_joy_teleop:/opt/ros/humble /usr/bin/cmake --install /home/pao/mushr2_ws/build/vesc_msgs
