[0.270s] DEBUG:colcon:Command line arguments: ['/usr/bin/colcon', 'build', '--cmake-clean-cache']
[0.270s] DEBUG:colcon:Parsed command line arguments: Namespace(log_base=None, log_level=None, verb_name='build', build_base='build', install_base='install', merge_install=False, symlink_install=False, test_result_base=None, continue_on_error=False, executor='parallel', parallel_workers=6, event_handlers=None, ignore_user_meta=False, metas=['./colcon.meta'], base_paths=['.'], packages_ignore=None, packages_ignore_regex=None, paths=None, packages_up_to=None, packages_up_to_regex=None, packages_above=None, packages_above_and_dependencies=None, packages_above_depth=None, packages_select_by_dep=None, packages_skip_by_dep=None, packages_skip_up_to=None, packages_select_build_failed=False, packages_skip_build_finished=False, packages_select_test_failures=False, packages_skip_test_passed=False, packages_select=None, packages_skip=None, packages_select_regex=None, packages_skip_regex=None, packages_start=None, packages_end=None, allow_overriding=[], cmake_args=None, cmake_target=None, cmake_target_skip_unavailable=False, cmake_clean_cache=True, cmake_clean_first=False, cmake_force_configure=False, ament_cmake_args=None, catkin_cmake_args=None, catkin_skip_building_tests=False, verb_parser=<colcon_defaults.argument_parser.defaults.DefaultArgumentsDecorator object at 0xffffa90a3af0>, verb_extension=<colcon_core.verb.build.BuildVerb object at 0xffffa928cfa0>, main=<bound method BuildVerb.main of <colcon_core.verb.build.BuildVerb object at 0xffffa928cfa0>>)
[0.667s] Level 1:colcon.colcon_core.package_discovery:discover_packages(colcon_meta) check parameters
[0.668s] Level 1:colcon.colcon_core.package_discovery:discover_packages(recursive) check parameters
[0.668s] Level 1:colcon.colcon_core.package_discovery:discover_packages(ignore) check parameters
[0.668s] Level 1:colcon.colcon_core.package_discovery:discover_packages(path) check parameters
[0.668s] Level 1:colcon.colcon_core.package_discovery:discover_packages(colcon_meta) discover
[0.668s] Level 1:colcon.colcon_core.package_discovery:discover_packages(recursive) discover
[0.668s] INFO:colcon.colcon_core.package_discovery:Crawling recursively for packages in '/home/pao/mushr2_ws'
[0.668s] Level 1:colcon.colcon_core.package_identification:_identify(.) by extensions ['ignore', 'ignore_ament_install']
[0.669s] Level 1:colcon.colcon_core.package_identification:_identify(.) by extension 'ignore'
[0.669s] Level 1:colcon.colcon_core.package_identification:_identify(.) by extension 'ignore_ament_install'
[0.669s] Level 1:colcon.colcon_core.package_identification:_identify(.) by extensions ['colcon_pkg']
[0.669s] Level 1:colcon.colcon_core.package_identification:_identify(.) by extension 'colcon_pkg'
[0.669s] Level 1:colcon.colcon_core.package_identification:_identify(.) by extensions ['colcon_meta']
[0.669s] Level 1:colcon.colcon_core.package_identification:_identify(.) by extension 'colcon_meta'
[0.669s] Level 1:colcon.colcon_core.package_identification:_identify(.) by extensions ['ros']
[0.669s] Level 1:colcon.colcon_core.package_identification:_identify(.) by extension 'ros'
[0.699s] Level 1:colcon.colcon_core.package_identification:_identify(.) by extensions ['cmake', 'python']
[0.699s] Level 1:colcon.colcon_core.package_identification:_identify(.) by extension 'cmake'
[0.699s] Level 1:colcon.colcon_core.package_identification:_identify(.) by extension 'python'
[0.699s] Level 1:colcon.colcon_core.package_identification:_identify(.) by extensions ['python_setup_py']
[0.699s] Level 1:colcon.colcon_core.package_identification:_identify(.) by extension 'python_setup_py'
[0.700s] Level 1:colcon.colcon_core.package_identification:_identify(build) by extensions ['ignore', 'ignore_ament_install']
[0.700s] Level 1:colcon.colcon_core.package_identification:_identify(build) by extension 'ignore'
[0.700s] Level 1:colcon.colcon_core.package_identification:_identify(build) ignored
[0.701s] Level 1:colcon.colcon_core.package_identification:_identify(install) by extensions ['ignore', 'ignore_ament_install']
[0.701s] Level 1:colcon.colcon_core.package_identification:_identify(install) by extension 'ignore'
[0.701s] Level 1:colcon.colcon_core.package_identification:_identify(install) ignored
[0.701s] Level 1:colcon.colcon_core.package_identification:_identify(log) by extensions ['ignore', 'ignore_ament_install']
[0.701s] Level 1:colcon.colcon_core.package_identification:_identify(log) by extension 'ignore'
[0.702s] Level 1:colcon.colcon_core.package_identification:_identify(log) ignored
[0.702s] Level 1:colcon.colcon_core.package_identification:_identify(src) by extensions ['ignore', 'ignore_ament_install']
[0.702s] Level 1:colcon.colcon_core.package_identification:_identify(src) by extension 'ignore'
[0.702s] Level 1:colcon.colcon_core.package_identification:_identify(src) by extension 'ignore_ament_install'
[0.702s] Level 1:colcon.colcon_core.package_identification:_identify(src) by extensions ['colcon_pkg']
[0.702s] Level 1:colcon.colcon_core.package_identification:_identify(src) by extension 'colcon_pkg'
[0.702s] Level 1:colcon.colcon_core.package_identification:_identify(src) by extensions ['colcon_meta']
[0.702s] Level 1:colcon.colcon_core.package_identification:_identify(src) by extension 'colcon_meta'
[0.703s] Level 1:colcon.colcon_core.package_identification:_identify(src) by extensions ['ros']
[0.703s] Level 1:colcon.colcon_core.package_identification:_identify(src) by extension 'ros'
[0.703s] Level 1:colcon.colcon_core.package_identification:_identify(src) by extensions ['cmake', 'python']
[0.703s] Level 1:colcon.colcon_core.package_identification:_identify(src) by extension 'cmake'
[0.703s] Level 1:colcon.colcon_core.package_identification:_identify(src) by extension 'python'
[0.703s] Level 1:colcon.colcon_core.package_identification:_identify(src) by extensions ['python_setup_py']
[0.703s] Level 1:colcon.colcon_core.package_identification:_identify(src) by extension 'python_setup_py'
[0.704s] Level 1:colcon.colcon_core.package_identification:_identify(src/mushr_joy_teleop) by extensions ['ignore', 'ignore_ament_install']
[0.704s] Level 1:colcon.colcon_core.package_identification:_identify(src/mushr_joy_teleop) by extension 'ignore'
[0.704s] Level 1:colcon.colcon_core.package_identification:_identify(src/mushr_joy_teleop) by extension 'ignore_ament_install'
[0.704s] Level 1:colcon.colcon_core.package_identification:_identify(src/mushr_joy_teleop) by extensions ['colcon_pkg']
[0.704s] Level 1:colcon.colcon_core.package_identification:_identify(src/mushr_joy_teleop) by extension 'colcon_pkg'
[0.704s] Level 1:colcon.colcon_core.package_identification:_identify(src/mushr_joy_teleop) by extensions ['colcon_meta']
[0.704s] Level 1:colcon.colcon_core.package_identification:_identify(src/mushr_joy_teleop) by extension 'colcon_meta'
[0.704s] Level 1:colcon.colcon_core.package_identification:_identify(src/mushr_joy_teleop) by extensions ['ros']
[0.704s] Level 1:colcon.colcon_core.package_identification:_identify(src/mushr_joy_teleop) by extension 'ros'
[0.711s] DEBUG:colcon.colcon_core.package_identification:Package 'src/mushr_joy_teleop' with type 'ros.ament_python' and name 'mushr_joy_teleop'
[0.711s] Level 1:colcon.colcon_core.package_identification:_identify(src/vesc) by extensions ['ignore', 'ignore_ament_install']
[0.711s] Level 1:colcon.colcon_core.package_identification:_identify(src/vesc) by extension 'ignore'
[0.711s] Level 1:colcon.colcon_core.package_identification:_identify(src/vesc) by extension 'ignore_ament_install'
[0.712s] Level 1:colcon.colcon_core.package_identification:_identify(src/vesc) by extensions ['colcon_pkg']
[0.712s] Level 1:colcon.colcon_core.package_identification:_identify(src/vesc) by extension 'colcon_pkg'
[0.712s] Level 1:colcon.colcon_core.package_identification:_identify(src/vesc) by extensions ['colcon_meta']
[0.712s] Level 1:colcon.colcon_core.package_identification:_identify(src/vesc) by extension 'colcon_meta'
[0.712s] Level 1:colcon.colcon_core.package_identification:_identify(src/vesc) by extensions ['ros']
[0.712s] Level 1:colcon.colcon_core.package_identification:_identify(src/vesc) by extension 'ros'
[0.712s] Level 1:colcon.colcon_core.package_identification:_identify(src/vesc) by extensions ['cmake', 'python']
[0.712s] Level 1:colcon.colcon_core.package_identification:_identify(src/vesc) by extension 'cmake'
[0.713s] Level 1:colcon.colcon_core.package_identification:_identify(src/vesc) by extension 'python'
[0.713s] Level 1:colcon.colcon_core.package_identification:_identify(src/vesc) by extensions ['python_setup_py']
[0.713s] Level 1:colcon.colcon_core.package_identification:_identify(src/vesc) by extension 'python_setup_py'
[0.713s] Level 1:colcon.colcon_core.package_identification:_identify(src/vesc/vesc) by extensions ['ignore', 'ignore_ament_install']
[0.713s] Level 1:colcon.colcon_core.package_identification:_identify(src/vesc/vesc) by extension 'ignore'
[0.713s] Level 1:colcon.colcon_core.package_identification:_identify(src/vesc/vesc) by extension 'ignore_ament_install'
[0.713s] Level 1:colcon.colcon_core.package_identification:_identify(src/vesc/vesc) by extensions ['colcon_pkg']
[0.714s] Level 1:colcon.colcon_core.package_identification:_identify(src/vesc/vesc) by extension 'colcon_pkg'
[0.714s] Level 1:colcon.colcon_core.package_identification:_identify(src/vesc/vesc) by extensions ['colcon_meta']
[0.714s] Level 1:colcon.colcon_core.package_identification:_identify(src/vesc/vesc) by extension 'colcon_meta'
[0.714s] Level 1:colcon.colcon_core.package_identification:_identify(src/vesc/vesc) by extensions ['ros']
[0.714s] Level 1:colcon.colcon_core.package_identification:_identify(src/vesc/vesc) by extension 'ros'
[0.716s] DEBUG:colcon.colcon_core.package_identification:Package 'src/vesc/vesc' with type 'ros.ament_cmake' and name 'vesc'
[0.716s] Level 1:colcon.colcon_core.package_identification:_identify(src/vesc/vesc_ackermann) by extensions ['ignore', 'ignore_ament_install']
[0.716s] Level 1:colcon.colcon_core.package_identification:_identify(src/vesc/vesc_ackermann) by extension 'ignore'
[0.716s] Level 1:colcon.colcon_core.package_identification:_identify(src/vesc/vesc_ackermann) by extension 'ignore_ament_install'
[0.716s] Level 1:colcon.colcon_core.package_identification:_identify(src/vesc/vesc_ackermann) by extensions ['colcon_pkg']
[0.717s] Level 1:colcon.colcon_core.package_identification:_identify(src/vesc/vesc_ackermann) by extension 'colcon_pkg'
[0.717s] Level 1:colcon.colcon_core.package_identification:_identify(src/vesc/vesc_ackermann) by extensions ['colcon_meta']
[0.717s] Level 1:colcon.colcon_core.package_identification:_identify(src/vesc/vesc_ackermann) by extension 'colcon_meta'
[0.717s] Level 1:colcon.colcon_core.package_identification:_identify(src/vesc/vesc_ackermann) by extensions ['ros']
[0.717s] Level 1:colcon.colcon_core.package_identification:_identify(src/vesc/vesc_ackermann) by extension 'ros'
[0.720s] DEBUG:colcon.colcon_core.package_identification:Package 'src/vesc/vesc_ackermann' with type 'ros.ament_cmake' and name 'vesc_ackermann'
[0.720s] Level 1:colcon.colcon_core.package_identification:_identify(src/vesc/vesc_driver) by extensions ['ignore', 'ignore_ament_install']
[0.720s] Level 1:colcon.colcon_core.package_identification:_identify(src/vesc/vesc_driver) by extension 'ignore'
[0.721s] Level 1:colcon.colcon_core.package_identification:_identify(src/vesc/vesc_driver) by extension 'ignore_ament_install'
[0.721s] Level 1:colcon.colcon_core.package_identification:_identify(src/vesc/vesc_driver) by extensions ['colcon_pkg']
[0.721s] Level 1:colcon.colcon_core.package_identification:_identify(src/vesc/vesc_driver) by extension 'colcon_pkg'
[0.721s] Level 1:colcon.colcon_core.package_identification:_identify(src/vesc/vesc_driver) by extensions ['colcon_meta']
[0.721s] Level 1:colcon.colcon_core.package_identification:_identify(src/vesc/vesc_driver) by extension 'colcon_meta'
[0.721s] Level 1:colcon.colcon_core.package_identification:_identify(src/vesc/vesc_driver) by extensions ['ros']
[0.721s] Level 1:colcon.colcon_core.package_identification:_identify(src/vesc/vesc_driver) by extension 'ros'
[0.724s] DEBUG:colcon.colcon_core.package_identification:Package 'src/vesc/vesc_driver' with type 'ros.ament_cmake' and name 'vesc_driver'
[0.724s] Level 1:colcon.colcon_core.package_identification:_identify(src/vesc/vesc_msgs) by extensions ['ignore', 'ignore_ament_install']
[0.724s] Level 1:colcon.colcon_core.package_identification:_identify(src/vesc/vesc_msgs) by extension 'ignore'
[0.724s] Level 1:colcon.colcon_core.package_identification:_identify(src/vesc/vesc_msgs) by extension 'ignore_ament_install'
[0.724s] Level 1:colcon.colcon_core.package_identification:_identify(src/vesc/vesc_msgs) by extensions ['colcon_pkg']
[0.725s] Level 1:colcon.colcon_core.package_identification:_identify(src/vesc/vesc_msgs) by extension 'colcon_pkg'
[0.725s] Level 1:colcon.colcon_core.package_identification:_identify(src/vesc/vesc_msgs) by extensions ['colcon_meta']
[0.725s] Level 1:colcon.colcon_core.package_identification:_identify(src/vesc/vesc_msgs) by extension 'colcon_meta'
[0.725s] Level 1:colcon.colcon_core.package_identification:_identify(src/vesc/vesc_msgs) by extensions ['ros']
[0.725s] Level 1:colcon.colcon_core.package_identification:_identify(src/vesc/vesc_msgs) by extension 'ros'
[0.727s] DEBUG:colcon.colcon_core.package_identification:Package 'src/vesc/vesc_msgs' with type 'ros.ament_cmake' and name 'vesc_msgs'
[0.727s] Level 1:colcon.colcon_core.package_discovery:discover_packages(recursive) using defaults
[0.727s] Level 1:colcon.colcon_core.package_discovery:discover_packages(ignore) discover
[0.727s] Level 1:colcon.colcon_core.package_discovery:discover_packages(ignore) using defaults
[0.727s] Level 1:colcon.colcon_core.package_discovery:discover_packages(path) discover
[0.727s] Level 1:colcon.colcon_core.package_discovery:discover_packages(path) using defaults
[0.779s] Level 1:colcon.colcon_core.package_discovery:discover_packages(prefix_path) check parameters
[0.779s] Level 1:colcon.colcon_core.package_discovery:discover_packages(prefix_path) discover
[0.784s] DEBUG:colcon.colcon_installed_package_information.package_discovery:Found 5 installed packages in /home/pao/mushr2_ws/install
[0.787s] DEBUG:colcon.colcon_installed_package_information.package_discovery:Found 278 installed packages in /opt/ros/humble
[0.825s] Level 1:colcon.colcon_core.package_discovery:discover_packages(prefix_path) using defaults
[0.916s] Level 5:colcon.colcon_core.verb:set package 'mushr_joy_teleop' build argument 'cmake_args' from command line to 'None'
[0.916s] Level 5:colcon.colcon_core.verb:set package 'mushr_joy_teleop' build argument 'cmake_target' from command line to 'None'
[0.916s] Level 5:colcon.colcon_core.verb:set package 'mushr_joy_teleop' build argument 'cmake_target_skip_unavailable' from command line to 'False'
[0.916s] Level 5:colcon.colcon_core.verb:set package 'mushr_joy_teleop' build argument 'cmake_clean_cache' from command line to 'True'
[0.916s] Level 5:colcon.colcon_core.verb:set package 'mushr_joy_teleop' build argument 'cmake_clean_first' from command line to 'False'
[0.916s] Level 5:colcon.colcon_core.verb:set package 'mushr_joy_teleop' build argument 'cmake_force_configure' from command line to 'False'
[0.916s] Level 5:colcon.colcon_core.verb:set package 'mushr_joy_teleop' build argument 'ament_cmake_args' from command line to 'None'
[0.916s] Level 5:colcon.colcon_core.verb:set package 'mushr_joy_teleop' build argument 'catkin_cmake_args' from command line to 'None'
[0.916s] Level 5:colcon.colcon_core.verb:set package 'mushr_joy_teleop' build argument 'catkin_skip_building_tests' from command line to 'False'
[0.917s] DEBUG:colcon.colcon_core.verb:Building package 'mushr_joy_teleop' with the following arguments: {'ament_cmake_args': None, 'build_base': '/home/pao/mushr2_ws/build/mushr_joy_teleop', 'catkin_cmake_args': None, 'catkin_skip_building_tests': False, 'cmake_args': None, 'cmake_clean_cache': True, 'cmake_clean_first': False, 'cmake_force_configure': False, 'cmake_target': None, 'cmake_target_skip_unavailable': False, 'install_base': '/home/pao/mushr2_ws/install/mushr_joy_teleop', 'merge_install': False, 'path': '/home/pao/mushr2_ws/src/mushr_joy_teleop', 'symlink_install': False, 'test_result_base': None}
[0.917s] Level 5:colcon.colcon_core.verb:set package 'vesc_msgs' build argument 'cmake_args' from command line to 'None'
[0.918s] Level 5:colcon.colcon_core.verb:set package 'vesc_msgs' build argument 'cmake_target' from command line to 'None'
[0.918s] Level 5:colcon.colcon_core.verb:set package 'vesc_msgs' build argument 'cmake_target_skip_unavailable' from command line to 'False'
[0.918s] Level 5:colcon.colcon_core.verb:set package 'vesc_msgs' build argument 'cmake_clean_cache' from command line to 'True'
[0.918s] Level 5:colcon.colcon_core.verb:set package 'vesc_msgs' build argument 'cmake_clean_first' from command line to 'False'
[0.918s] Level 5:colcon.colcon_core.verb:set package 'vesc_msgs' build argument 'cmake_force_configure' from command line to 'False'
[0.918s] Level 5:colcon.colcon_core.verb:set package 'vesc_msgs' build argument 'ament_cmake_args' from command line to 'None'
[0.918s] Level 5:colcon.colcon_core.verb:set package 'vesc_msgs' build argument 'catkin_cmake_args' from command line to 'None'
[0.918s] Level 5:colcon.colcon_core.verb:set package 'vesc_msgs' build argument 'catkin_skip_building_tests' from command line to 'False'
[0.918s] DEBUG:colcon.colcon_core.verb:Building package 'vesc_msgs' with the following arguments: {'ament_cmake_args': None, 'build_base': '/home/pao/mushr2_ws/build/vesc_msgs', 'catkin_cmake_args': None, 'catkin_skip_building_tests': False, 'cmake_args': None, 'cmake_clean_cache': True, 'cmake_clean_first': False, 'cmake_force_configure': False, 'cmake_target': None, 'cmake_target_skip_unavailable': False, 'install_base': '/home/pao/mushr2_ws/install/vesc_msgs', 'merge_install': False, 'path': '/home/pao/mushr2_ws/src/vesc/vesc_msgs', 'symlink_install': False, 'test_result_base': None}
[0.919s] Level 5:colcon.colcon_core.verb:set package 'vesc_ackermann' build argument 'cmake_args' from command line to 'None'
[0.919s] Level 5:colcon.colcon_core.verb:set package 'vesc_ackermann' build argument 'cmake_target' from command line to 'None'
[0.919s] Level 5:colcon.colcon_core.verb:set package 'vesc_ackermann' build argument 'cmake_target_skip_unavailable' from command line to 'False'
[0.919s] Level 5:colcon.colcon_core.verb:set package 'vesc_ackermann' build argument 'cmake_clean_cache' from command line to 'True'
[0.919s] Level 5:colcon.colcon_core.verb:set package 'vesc_ackermann' build argument 'cmake_clean_first' from command line to 'False'
[0.919s] Level 5:colcon.colcon_core.verb:set package 'vesc_ackermann' build argument 'cmake_force_configure' from command line to 'False'
[0.919s] Level 5:colcon.colcon_core.verb:set package 'vesc_ackermann' build argument 'ament_cmake_args' from command line to 'None'
[0.919s] Level 5:colcon.colcon_core.verb:set package 'vesc_ackermann' build argument 'catkin_cmake_args' from command line to 'None'
[0.919s] Level 5:colcon.colcon_core.verb:set package 'vesc_ackermann' build argument 'catkin_skip_building_tests' from command line to 'False'
[0.919s] DEBUG:colcon.colcon_core.verb:Building package 'vesc_ackermann' with the following arguments: {'ament_cmake_args': None, 'build_base': '/home/pao/mushr2_ws/build/vesc_ackermann', 'catkin_cmake_args': None, 'catkin_skip_building_tests': False, 'cmake_args': None, 'cmake_clean_cache': True, 'cmake_clean_first': False, 'cmake_force_configure': False, 'cmake_target': None, 'cmake_target_skip_unavailable': False, 'install_base': '/home/pao/mushr2_ws/install/vesc_ackermann', 'merge_install': False, 'path': '/home/pao/mushr2_ws/src/vesc/vesc_ackermann', 'symlink_install': False, 'test_result_base': None}
[0.920s] Level 5:colcon.colcon_core.verb:set package 'vesc_driver' build argument 'cmake_args' from command line to 'None'
[0.920s] Level 5:colcon.colcon_core.verb:set package 'vesc_driver' build argument 'cmake_target' from command line to 'None'
[0.920s] Level 5:colcon.colcon_core.verb:set package 'vesc_driver' build argument 'cmake_target_skip_unavailable' from command line to 'False'
[0.920s] Level 5:colcon.colcon_core.verb:set package 'vesc_driver' build argument 'cmake_clean_cache' from command line to 'True'
[0.921s] Level 5:colcon.colcon_core.verb:set package 'vesc_driver' build argument 'cmake_clean_first' from command line to 'False'
[0.921s] Level 5:colcon.colcon_core.verb:set package 'vesc_driver' build argument 'cmake_force_configure' from command line to 'False'
[0.921s] Level 5:colcon.colcon_core.verb:set package 'vesc_driver' build argument 'ament_cmake_args' from command line to 'None'
[0.921s] Level 5:colcon.colcon_core.verb:set package 'vesc_driver' build argument 'catkin_cmake_args' from command line to 'None'
[0.921s] Level 5:colcon.colcon_core.verb:set package 'vesc_driver' build argument 'catkin_skip_building_tests' from command line to 'False'
[0.921s] DEBUG:colcon.colcon_core.verb:Building package 'vesc_driver' with the following arguments: {'ament_cmake_args': None, 'build_base': '/home/pao/mushr2_ws/build/vesc_driver', 'catkin_cmake_args': None, 'catkin_skip_building_tests': False, 'cmake_args': None, 'cmake_clean_cache': True, 'cmake_clean_first': False, 'cmake_force_configure': False, 'cmake_target': None, 'cmake_target_skip_unavailable': False, 'install_base': '/home/pao/mushr2_ws/install/vesc_driver', 'merge_install': False, 'path': '/home/pao/mushr2_ws/src/vesc/vesc_driver', 'symlink_install': False, 'test_result_base': None}
[0.922s] Level 5:colcon.colcon_core.verb:set package 'vesc' build argument 'cmake_args' from command line to 'None'
[0.922s] Level 5:colcon.colcon_core.verb:set package 'vesc' build argument 'cmake_target' from command line to 'None'
[0.922s] Level 5:colcon.colcon_core.verb:set package 'vesc' build argument 'cmake_target_skip_unavailable' from command line to 'False'
[0.922s] Level 5:colcon.colcon_core.verb:set package 'vesc' build argument 'cmake_clean_cache' from command line to 'True'
[0.922s] Level 5:colcon.colcon_core.verb:set package 'vesc' build argument 'cmake_clean_first' from command line to 'False'
[0.922s] Level 5:colcon.colcon_core.verb:set package 'vesc' build argument 'cmake_force_configure' from command line to 'False'
[0.922s] Level 5:colcon.colcon_core.verb:set package 'vesc' build argument 'ament_cmake_args' from command line to 'None'
[0.922s] Level 5:colcon.colcon_core.verb:set package 'vesc' build argument 'catkin_cmake_args' from command line to 'None'
[0.922s] Level 5:colcon.colcon_core.verb:set package 'vesc' build argument 'catkin_skip_building_tests' from command line to 'False'
[0.922s] DEBUG:colcon.colcon_core.verb:Building package 'vesc' with the following arguments: {'ament_cmake_args': None, 'build_base': '/home/pao/mushr2_ws/build/vesc', 'catkin_cmake_args': None, 'catkin_skip_building_tests': False, 'cmake_args': None, 'cmake_clean_cache': True, 'cmake_clean_first': False, 'cmake_force_configure': False, 'cmake_target': None, 'cmake_target_skip_unavailable': False, 'install_base': '/home/pao/mushr2_ws/install/vesc', 'merge_install': False, 'path': '/home/pao/mushr2_ws/src/vesc/vesc', 'symlink_install': False, 'test_result_base': None}
[0.922s] INFO:colcon.colcon_core.executor:Executing jobs using 'parallel' executor
[0.925s] DEBUG:colcon.colcon_parallel_executor.executor.parallel:run_until_complete
[0.926s] INFO:colcon.colcon_ros.task.ament_cmake.build:Building ROS package in '/home/pao/mushr2_ws/src/vesc/vesc_msgs' with build type 'ament_cmake'
[0.926s] INFO:colcon.colcon_cmake.task.cmake.build:Building CMake package in '/home/pao/mushr2_ws/src/vesc/vesc_msgs'
[0.931s] INFO:colcon.colcon_core.plugin_system:Skipping extension 'colcon_core.shell.bat': Not used on non-Windows systems
[0.932s] INFO:colcon.colcon_core.shell:Skip shell extension 'powershell' for command environment: Not usable outside of PowerShell
[0.932s] DEBUG:colcon.colcon_core.shell:Skip shell extension 'dsv' for command environment
[0.941s] INFO:colcon.colcon_ros.task.ament_python.build:Building ROS package in '/home/pao/mushr2_ws/src/mushr_joy_teleop' with build type 'ament_python'
[0.941s] Level 1:colcon.colcon_core.shell:create_environment_hook('mushr_joy_teleop', 'ament_prefix_path')
[0.942s] INFO:colcon.colcon_core.shell:Creating environment hook '/home/pao/mushr2_ws/install/mushr_joy_teleop/share/mushr_joy_teleop/hook/ament_prefix_path.ps1'
[0.944s] INFO:colcon.colcon_core.shell:Creating environment descriptor '/home/pao/mushr2_ws/install/mushr_joy_teleop/share/mushr_joy_teleop/hook/ament_prefix_path.dsv'
[0.945s] INFO:colcon.colcon_core.shell:Creating environment hook '/home/pao/mushr2_ws/install/mushr_joy_teleop/share/mushr_joy_teleop/hook/ament_prefix_path.sh'
[0.947s] INFO:colcon.colcon_core.shell:Skip shell extension 'powershell' for command environment: Not usable outside of PowerShell
[0.948s] DEBUG:colcon.colcon_core.shell:Skip shell extension 'dsv' for command environment
[0.961s] DEBUG:colcon.colcon_core.event_handler.log_command:Invoking command in '/home/pao/mushr2_ws/build/vesc_msgs': CMAKE_PREFIX_PATH=${CMAKE_PREFIX_PATH}:/home/pao/mushr2_ws/install/mushr_joy_teleop:/opt/ros/humble /usr/bin/cmake /home/pao/mushr2_ws/src/vesc/vesc_msgs -DCMAKE_INSTALL_PREFIX=/home/pao/mushr2_ws/install/vesc_msgs
[1.605s] INFO:colcon.colcon_core.task.python.build:Building Python package in '/home/pao/mushr2_ws/src/mushr_joy_teleop'
[1.606s] INFO:colcon.colcon_core.shell:Skip shell extension 'powershell' for command environment: Not usable outside of PowerShell
[1.606s] DEBUG:colcon.colcon_core.shell:Skip shell extension 'dsv' for command environment
[2.453s] DEBUG:colcon.colcon_core.event_handler.log_command:Invoking command in '/home/pao/mushr2_ws/src/mushr_joy_teleop': PYTHONPATH=/home/pao/mushr2_ws/build/mushr_joy_teleop/prefix_override:/usr/lib/python3/dist-packages/colcon_core/task/python/colcon_distutils_commands:/home/pao/mushr2_ws/install/mushr_joy_teleop/lib/python3.10/site-packages:${PYTHONPATH} /usr/bin/python3 -W ignore:setup.py install is deprecated -W ignore:easy_install command is deprecated setup.py egg_info --egg-base ../../build/mushr_joy_teleop build --build-base /home/pao/mushr2_ws/build/mushr_joy_teleop/build install --record /home/pao/mushr2_ws/build/mushr_joy_teleop/install.log --single-version-externally-managed install_data
[3.188s] DEBUG:colcon.colcon_core.event_handler.log_command:Invoked command in '/home/pao/mushr2_ws/src/mushr_joy_teleop' returned '0': PYTHONPATH=/home/pao/mushr2_ws/build/mushr_joy_teleop/prefix_override:/usr/lib/python3/dist-packages/colcon_core/task/python/colcon_distutils_commands:/home/pao/mushr2_ws/install/mushr_joy_teleop/lib/python3.10/site-packages:${PYTHONPATH} /usr/bin/python3 -W ignore:setup.py install is deprecated -W ignore:easy_install command is deprecated setup.py egg_info --egg-base ../../build/mushr_joy_teleop build --build-base /home/pao/mushr2_ws/build/mushr_joy_teleop/build install --record /home/pao/mushr2_ws/build/mushr_joy_teleop/install.log --single-version-externally-managed install_data
[3.193s] Level 1:colcon.colcon_core.environment:checking '/home/pao/mushr2_ws/install/mushr_joy_teleop' for CMake module files
[3.194s] Level 1:colcon.colcon_core.environment:checking '/home/pao/mushr2_ws/install/mushr_joy_teleop' for CMake config files
[3.196s] Level 1:colcon.colcon_core.environment:checking '/home/pao/mushr2_ws/install/mushr_joy_teleop/lib'
[3.197s] Level 1:colcon.colcon_core.environment:checking '/home/pao/mushr2_ws/install/mushr_joy_teleop/bin'
[3.198s] Level 1:colcon.colcon_core.environment:checking '/home/pao/mushr2_ws/install/mushr_joy_teleop/lib/pkgconfig/mushr_joy_teleop.pc'
[3.199s] Level 1:colcon.colcon_core.environment:checking '/home/pao/mushr2_ws/install/mushr_joy_teleop/lib/python3.10/site-packages'
[3.199s] Level 1:colcon.colcon_core.shell:create_environment_hook('mushr_joy_teleop', 'pythonpath')
[3.200s] INFO:colcon.colcon_core.shell:Creating environment hook '/home/pao/mushr2_ws/install/mushr_joy_teleop/share/mushr_joy_teleop/hook/pythonpath.ps1'
[3.201s] INFO:colcon.colcon_core.shell:Creating environment descriptor '/home/pao/mushr2_ws/install/mushr_joy_teleop/share/mushr_joy_teleop/hook/pythonpath.dsv'
[3.202s] INFO:colcon.colcon_core.shell:Creating environment hook '/home/pao/mushr2_ws/install/mushr_joy_teleop/share/mushr_joy_teleop/hook/pythonpath.sh'
[3.204s] Level 1:colcon.colcon_core.environment:checking '/home/pao/mushr2_ws/install/mushr_joy_teleop/bin'
[3.204s] Level 1:colcon.colcon_core.environment:create_environment_scripts_only(mushr_joy_teleop)
[3.205s] INFO:colcon.colcon_core.shell:Creating package script '/home/pao/mushr2_ws/install/mushr_joy_teleop/share/mushr_joy_teleop/package.ps1'
[3.207s] INFO:colcon.colcon_core.shell:Creating package descriptor '/home/pao/mushr2_ws/install/mushr_joy_teleop/share/mushr_joy_teleop/package.dsv'
[3.208s] INFO:colcon.colcon_core.shell:Creating package script '/home/pao/mushr2_ws/install/mushr_joy_teleop/share/mushr_joy_teleop/package.sh'
[3.210s] INFO:colcon.colcon_core.shell:Creating package script '/home/pao/mushr2_ws/install/mushr_joy_teleop/share/mushr_joy_teleop/package.bash'
[3.212s] INFO:colcon.colcon_core.shell:Creating package script '/home/pao/mushr2_ws/install/mushr_joy_teleop/share/mushr_joy_teleop/package.zsh'
[3.213s] Level 1:colcon.colcon_core.environment:create_file_with_runtime_dependencies(/home/pao/mushr2_ws/install/mushr_joy_teleop/share/colcon-core/packages/mushr_joy_teleop)
[5.574s] DEBUG:colcon.colcon_core.event_handler.log_command:Invoked command in '/home/pao/mushr2_ws/build/vesc_msgs' returned '0': CMAKE_PREFIX_PATH=${CMAKE_PREFIX_PATH}:/home/pao/mushr2_ws/install/mushr_joy_teleop:/opt/ros/humble /usr/bin/cmake /home/pao/mushr2_ws/src/vesc/vesc_msgs -DCMAKE_INSTALL_PREFIX=/home/pao/mushr2_ws/install/vesc_msgs
[5.579s] DEBUG:colcon.colcon_core.event_handler.log_command:Invoking command in '/home/pao/mushr2_ws/build/vesc_msgs': CMAKE_PREFIX_PATH=${CMAKE_PREFIX_PATH}:/home/pao/mushr2_ws/install/mushr_joy_teleop:/opt/ros/humble /usr/bin/cmake --build /home/pao/mushr2_ws/build/vesc_msgs -- -j6 -l6
[6.488s] DEBUG:colcon.colcon_core.event_handler.log_command:Invoked command in '/home/pao/mushr2_ws/build/vesc_msgs' returned '0': CMAKE_PREFIX_PATH=${CMAKE_PREFIX_PATH}:/home/pao/mushr2_ws/install/mushr_joy_teleop:/opt/ros/humble /usr/bin/cmake --build /home/pao/mushr2_ws/build/vesc_msgs -- -j6 -l6
[6.519s] DEBUG:colcon.colcon_core.event_handler.log_command:Invoking command in '/home/pao/mushr2_ws/build/vesc_msgs': CMAKE_PREFIX_PATH=${CMAKE_PREFIX_PATH}:/home/pao/mushr2_ws/install/mushr_joy_teleop:/opt/ros/humble /usr/bin/cmake --install /home/pao/mushr2_ws/build/vesc_msgs
[6.665s] Level 1:colcon.colcon_core.environment:create_environment_scripts_only(vesc_msgs)
[6.666s] Level 1:colcon.colcon_core.environment:checking '/home/pao/mushr2_ws/install/vesc_msgs' for CMake module files
[6.668s] Level 1:colcon.colcon_core.environment:checking '/home/pao/mushr2_ws/install/vesc_msgs' for CMake config files
[6.669s] DEBUG:colcon.colcon_core.event_handler.log_command:Invoked command in '/home/pao/mushr2_ws/build/vesc_msgs' returned '0': CMAKE_PREFIX_PATH=${CMAKE_PREFIX_PATH}:/home/pao/mushr2_ws/install/mushr_joy_teleop:/opt/ros/humble /usr/bin/cmake --install /home/pao/mushr2_ws/build/vesc_msgs
[6.670s] Level 1:colcon.colcon_core.shell:create_environment_hook('vesc_msgs', 'cmake_prefix_path')
[6.671s] INFO:colcon.colcon_core.shell:Creating environment hook '/home/pao/mushr2_ws/install/vesc_msgs/share/vesc_msgs/hook/cmake_prefix_path.ps1'
[6.673s] INFO:colcon.colcon_core.shell:Creating environment descriptor '/home/pao/mushr2_ws/install/vesc_msgs/share/vesc_msgs/hook/cmake_prefix_path.dsv'
[6.675s] INFO:colcon.colcon_core.shell:Creating environment hook '/home/pao/mushr2_ws/install/vesc_msgs/share/vesc_msgs/hook/cmake_prefix_path.sh'
[6.677s] Level 1:colcon.colcon_core.environment:checking '/home/pao/mushr2_ws/install/vesc_msgs/lib'
[6.678s] Level 1:colcon.colcon_core.shell:create_environment_hook('vesc_msgs', 'ld_library_path_lib')
[6.679s] INFO:colcon.colcon_core.shell:Creating environment hook '/home/pao/mushr2_ws/install/vesc_msgs/share/vesc_msgs/hook/ld_library_path_lib.ps1'
[6.681s] INFO:colcon.colcon_core.shell:Creating environment descriptor '/home/pao/mushr2_ws/install/vesc_msgs/share/vesc_msgs/hook/ld_library_path_lib.dsv'
[6.682s] INFO:colcon.colcon_core.shell:Creating environment hook '/home/pao/mushr2_ws/install/vesc_msgs/share/vesc_msgs/hook/ld_library_path_lib.sh'
[6.684s] Level 1:colcon.colcon_core.environment:checking '/home/pao/mushr2_ws/install/vesc_msgs/bin'
[6.684s] Level 1:colcon.colcon_core.environment:checking '/home/pao/mushr2_ws/install/vesc_msgs/lib/pkgconfig/vesc_msgs.pc'
[6.685s] Level 1:colcon.colcon_core.environment:checking '/home/pao/mushr2_ws/install/vesc_msgs/lib/python3.10/site-packages'
[6.686s] Level 1:colcon.colcon_core.environment:checking '/home/pao/mushr2_ws/install/vesc_msgs/bin'
[6.688s] INFO:colcon.colcon_core.shell:Creating package script '/home/pao/mushr2_ws/install/vesc_msgs/share/vesc_msgs/package.ps1'
[6.691s] INFO:colcon.colcon_core.shell:Creating package descriptor '/home/pao/mushr2_ws/install/vesc_msgs/share/vesc_msgs/package.dsv'
[6.694s] INFO:colcon.colcon_core.shell:Creating package script '/home/pao/mushr2_ws/install/vesc_msgs/share/vesc_msgs/package.sh'
[6.696s] INFO:colcon.colcon_core.shell:Creating package script '/home/pao/mushr2_ws/install/vesc_msgs/share/vesc_msgs/package.bash'
[6.699s] INFO:colcon.colcon_core.shell:Creating package script '/home/pao/mushr2_ws/install/vesc_msgs/share/vesc_msgs/package.zsh'
[6.701s] Level 1:colcon.colcon_core.environment:create_file_with_runtime_dependencies(/home/pao/mushr2_ws/install/vesc_msgs/share/colcon-core/packages/vesc_msgs)
[6.704s] Level 1:colcon.colcon_core.environment:create_environment_scripts_only(vesc_msgs)
[6.705s] Level 1:colcon.colcon_core.environment:checking '/home/pao/mushr2_ws/install/vesc_msgs' for CMake module files
[6.707s] Level 1:colcon.colcon_core.environment:checking '/home/pao/mushr2_ws/install/vesc_msgs' for CMake config files
[6.709s] Level 1:colcon.colcon_core.shell:create_environment_hook('vesc_msgs', 'cmake_prefix_path')
[6.710s] INFO:colcon.colcon_core.shell:Creating environment hook '/home/pao/mushr2_ws/install/vesc_msgs/share/vesc_msgs/hook/cmake_prefix_path.ps1'
[6.712s] INFO:colcon.colcon_core.shell:Creating environment descriptor '/home/pao/mushr2_ws/install/vesc_msgs/share/vesc_msgs/hook/cmake_prefix_path.dsv'
[6.714s] INFO:colcon.colcon_core.shell:Creating environment hook '/home/pao/mushr2_ws/install/vesc_msgs/share/vesc_msgs/hook/cmake_prefix_path.sh'
[6.717s] Level 1:colcon.colcon_core.environment:checking '/home/pao/mushr2_ws/install/vesc_msgs/lib'
[6.717s] Level 1:colcon.colcon_core.shell:create_environment_hook('vesc_msgs', 'ld_library_path_lib')
[6.717s] INFO:colcon.colcon_core.shell:Creating environment hook '/home/pao/mushr2_ws/install/vesc_msgs/share/vesc_msgs/hook/ld_library_path_lib.ps1'
[6.719s] INFO:colcon.colcon_core.shell:Creating environment descriptor '/home/pao/mushr2_ws/install/vesc_msgs/share/vesc_msgs/hook/ld_library_path_lib.dsv'
[6.722s] INFO:colcon.colcon_core.shell:Creating environment hook '/home/pao/mushr2_ws/install/vesc_msgs/share/vesc_msgs/hook/ld_library_path_lib.sh'
[6.723s] Level 1:colcon.colcon_core.environment:checking '/home/pao/mushr2_ws/install/vesc_msgs/bin'
[6.723s] Level 1:colcon.colcon_core.environment:checking '/home/pao/mushr2_ws/install/vesc_msgs/lib/pkgconfig/vesc_msgs.pc'
[6.725s] Level 1:colcon.colcon_core.environment:checking '/home/pao/mushr2_ws/install/vesc_msgs/lib/python3.10/site-packages'
[6.726s] Level 1:colcon.colcon_core.environment:checking '/home/pao/mushr2_ws/install/vesc_msgs/bin'
[6.727s] INFO:colcon.colcon_core.shell:Creating package script '/home/pao/mushr2_ws/install/vesc_msgs/share/vesc_msgs/package.ps1'
[6.730s] INFO:colcon.colcon_core.shell:Creating package descriptor '/home/pao/mushr2_ws/install/vesc_msgs/share/vesc_msgs/package.dsv'
[6.732s] INFO:colcon.colcon_core.shell:Creating package script '/home/pao/mushr2_ws/install/vesc_msgs/share/vesc_msgs/package.sh'
[6.734s] INFO:colcon.colcon_core.shell:Creating package script '/home/pao/mushr2_ws/install/vesc_msgs/share/vesc_msgs/package.bash'
[6.735s] INFO:colcon.colcon_core.shell:Creating package script '/home/pao/mushr2_ws/install/vesc_msgs/share/vesc_msgs/package.zsh'
[6.737s] Level 1:colcon.colcon_core.environment:create_file_with_runtime_dependencies(/home/pao/mushr2_ws/install/vesc_msgs/share/colcon-core/packages/vesc_msgs)
[6.738s] INFO:colcon.colcon_ros.task.ament_cmake.build:Building ROS package in '/home/pao/mushr2_ws/src/vesc/vesc_ackermann' with build type 'ament_cmake'
[6.739s] INFO:colcon.colcon_cmake.task.cmake.build:Building CMake package in '/home/pao/mushr2_ws/src/vesc/vesc_ackermann'
[6.740s] INFO:colcon.colcon_core.shell:Skip shell extension 'powershell' for command environment: Not usable outside of PowerShell
[6.740s] DEBUG:colcon.colcon_core.shell:Skip shell extension 'dsv' for command environment
[6.758s] INFO:colcon.colcon_ros.task.ament_cmake.build:Building ROS package in '/home/pao/mushr2_ws/src/vesc/vesc_driver' with build type 'ament_cmake'
[6.759s] INFO:colcon.colcon_cmake.task.cmake.build:Building CMake package in '/home/pao/mushr2_ws/src/vesc/vesc_driver'
[6.759s] INFO:colcon.colcon_core.shell:Skip shell extension 'powershell' for command environment: Not usable outside of PowerShell
[6.759s] DEBUG:colcon.colcon_core.shell:Skip shell extension 'dsv' for command environment
[6.773s] DEBUG:colcon.colcon_core.event_handler.log_command:Invoking command in '/home/pao/mushr2_ws/build/vesc_ackermann': CMAKE_PREFIX_PATH=/home/pao/mushr2_ws/install/vesc_msgs:/home/pao/mushr2_ws/install/vesc:/home/pao/mushr2_ws/install/vesc_driver:/home/pao/mushr2_ws/install/vesc_ackermann:/home/pao/mushr2_ws/install/mushr_joy_teleop:/opt/ros/humble LD_LIBRARY_PATH=/home/pao/mushr2_ws/install/vesc_msgs/lib:/home/pao/mushr2_ws/install/vesc_driver/lib:/home/pao/mushr2_ws/install/vesc_ackermann/lib:/opt/ros/humble/opt/rviz_ogre_vendor/lib:/opt/ros/humble/lib/aarch64-linux-gnu:/opt/ros/humble/lib /usr/bin/cmake /home/pao/mushr2_ws/src/vesc/vesc_ackermann -DCMAKE_INSTALL_PREFIX=/home/pao/mushr2_ws/install/vesc_ackermann
[6.787s] DEBUG:colcon.colcon_core.event_handler.log_command:Invoking command in '/home/pao/mushr2_ws/build/vesc_driver': CMAKE_PREFIX_PATH=/home/pao/mushr2_ws/install/vesc_msgs:/home/pao/mushr2_ws/install/vesc:/home/pao/mushr2_ws/install/vesc_driver:/home/pao/mushr2_ws/install/vesc_ackermann:/home/pao/mushr2_ws/install/mushr_joy_teleop:/opt/ros/humble LD_LIBRARY_PATH=/home/pao/mushr2_ws/install/vesc_msgs/lib:/home/pao/mushr2_ws/install/vesc_driver/lib:/home/pao/mushr2_ws/install/vesc_ackermann/lib:/opt/ros/humble/opt/rviz_ogre_vendor/lib:/opt/ros/humble/lib/aarch64-linux-gnu:/opt/ros/humble/lib /usr/bin/cmake /home/pao/mushr2_ws/src/vesc/vesc_driver -DCMAKE_INSTALL_PREFIX=/home/pao/mushr2_ws/install/vesc_driver
[10.237s] DEBUG:colcon.colcon_core.event_handler.log_command:Invoked command in '/home/pao/mushr2_ws/build/vesc_driver' returned '0': CMAKE_PREFIX_PATH=/home/pao/mushr2_ws/install/vesc_msgs:/home/pao/mushr2_ws/install/vesc:/home/pao/mushr2_ws/install/vesc_driver:/home/pao/mushr2_ws/install/vesc_ackermann:/home/pao/mushr2_ws/install/mushr_joy_teleop:/opt/ros/humble LD_LIBRARY_PATH=/home/pao/mushr2_ws/install/vesc_msgs/lib:/home/pao/mushr2_ws/install/vesc_driver/lib:/home/pao/mushr2_ws/install/vesc_ackermann/lib:/opt/ros/humble/opt/rviz_ogre_vendor/lib:/opt/ros/humble/lib/aarch64-linux-gnu:/opt/ros/humble/lib /usr/bin/cmake /home/pao/mushr2_ws/src/vesc/vesc_driver -DCMAKE_INSTALL_PREFIX=/home/pao/mushr2_ws/install/vesc_driver
[10.238s] DEBUG:colcon.colcon_core.event_handler.log_command:Invoking command in '/home/pao/mushr2_ws/build/vesc_driver': CMAKE_PREFIX_PATH=/home/pao/mushr2_ws/install/vesc_msgs:/home/pao/mushr2_ws/install/vesc:/home/pao/mushr2_ws/install/vesc_driver:/home/pao/mushr2_ws/install/vesc_ackermann:/home/pao/mushr2_ws/install/mushr_joy_teleop:/opt/ros/humble LD_LIBRARY_PATH=/home/pao/mushr2_ws/install/vesc_msgs/lib:/home/pao/mushr2_ws/install/vesc_driver/lib:/home/pao/mushr2_ws/install/vesc_ackermann/lib:/opt/ros/humble/opt/rviz_ogre_vendor/lib:/opt/ros/humble/lib/aarch64-linux-gnu:/opt/ros/humble/lib /usr/bin/cmake --build /home/pao/mushr2_ws/build/vesc_driver -- -j6 -l6
[10.328s] DEBUG:colcon.colcon_core.event_handler.log_command:Invoked command in '/home/pao/mushr2_ws/build/vesc_ackermann' returned '0': CMAKE_PREFIX_PATH=/home/pao/mushr2_ws/install/vesc_msgs:/home/pao/mushr2_ws/install/vesc:/home/pao/mushr2_ws/install/vesc_driver:/home/pao/mushr2_ws/install/vesc_ackermann:/home/pao/mushr2_ws/install/mushr_joy_teleop:/opt/ros/humble LD_LIBRARY_PATH=/home/pao/mushr2_ws/install/vesc_msgs/lib:/home/pao/mushr2_ws/install/vesc_driver/lib:/home/pao/mushr2_ws/install/vesc_ackermann/lib:/opt/ros/humble/opt/rviz_ogre_vendor/lib:/opt/ros/humble/lib/aarch64-linux-gnu:/opt/ros/humble/lib /usr/bin/cmake /home/pao/mushr2_ws/src/vesc/vesc_ackermann -DCMAKE_INSTALL_PREFIX=/home/pao/mushr2_ws/install/vesc_ackermann
[10.329s] DEBUG:colcon.colcon_core.event_handler.log_command:Invoking command in '/home/pao/mushr2_ws/build/vesc_ackermann': CMAKE_PREFIX_PATH=/home/pao/mushr2_ws/install/vesc_msgs:/home/pao/mushr2_ws/install/vesc:/home/pao/mushr2_ws/install/vesc_driver:/home/pao/mushr2_ws/install/vesc_ackermann:/home/pao/mushr2_ws/install/mushr_joy_teleop:/opt/ros/humble LD_LIBRARY_PATH=/home/pao/mushr2_ws/install/vesc_msgs/lib:/home/pao/mushr2_ws/install/vesc_driver/lib:/home/pao/mushr2_ws/install/vesc_ackermann/lib:/opt/ros/humble/opt/rviz_ogre_vendor/lib:/opt/ros/humble/lib/aarch64-linux-gnu:/opt/ros/humble/lib /usr/bin/cmake --build /home/pao/mushr2_ws/build/vesc_ackermann -- -j6 -l6
[10.553s] DEBUG:colcon.colcon_core.event_handler.log_command:Invoked command in '/home/pao/mushr2_ws/build/vesc_ackermann' returned '0': CMAKE_PREFIX_PATH=/home/pao/mushr2_ws/install/vesc_msgs:/home/pao/mushr2_ws/install/vesc:/home/pao/mushr2_ws/install/vesc_driver:/home/pao/mushr2_ws/install/vesc_ackermann:/home/pao/mushr2_ws/install/mushr_joy_teleop:/opt/ros/humble LD_LIBRARY_PATH=/home/pao/mushr2_ws/install/vesc_msgs/lib:/home/pao/mushr2_ws/install/vesc_driver/lib:/home/pao/mushr2_ws/install/vesc_ackermann/lib:/opt/ros/humble/opt/rviz_ogre_vendor/lib:/opt/ros/humble/lib/aarch64-linux-gnu:/opt/ros/humble/lib /usr/bin/cmake --build /home/pao/mushr2_ws/build/vesc_ackermann -- -j6 -l6
[10.558s] DEBUG:colcon.colcon_core.event_handler.log_command:Invoking command in '/home/pao/mushr2_ws/build/vesc_ackermann': CMAKE_PREFIX_PATH=/home/pao/mushr2_ws/install/vesc_msgs:/home/pao/mushr2_ws/install/vesc:/home/pao/mushr2_ws/install/vesc_driver:/home/pao/mushr2_ws/install/vesc_ackermann:/home/pao/mushr2_ws/install/mushr_joy_teleop:/opt/ros/humble LD_LIBRARY_PATH=/home/pao/mushr2_ws/install/vesc_msgs/lib:/home/pao/mushr2_ws/install/vesc_driver/lib:/home/pao/mushr2_ws/install/vesc_ackermann/lib:/opt/ros/humble/opt/rviz_ogre_vendor/lib:/opt/ros/humble/lib/aarch64-linux-gnu:/opt/ros/humble/lib /usr/bin/cmake --install /home/pao/mushr2_ws/build/vesc_ackermann
[10.565s] DEBUG:colcon.colcon_core.event_handler.log_command:Invoked command in '/home/pao/mushr2_ws/build/vesc_driver' returned '0': CMAKE_PREFIX_PATH=/home/pao/mushr2_ws/install/vesc_msgs:/home/pao/mushr2_ws/install/vesc:/home/pao/mushr2_ws/install/vesc_driver:/home/pao/mushr2_ws/install/vesc_ackermann:/home/pao/mushr2_ws/install/mushr_joy_teleop:/opt/ros/humble LD_LIBRARY_PATH=/home/pao/mushr2_ws/install/vesc_msgs/lib:/home/pao/mushr2_ws/install/vesc_driver/lib:/home/pao/mushr2_ws/install/vesc_ackermann/lib:/opt/ros/humble/opt/rviz_ogre_vendor/lib:/opt/ros/humble/lib/aarch64-linux-gnu:/opt/ros/humble/lib /usr/bin/cmake --build /home/pao/mushr2_ws/build/vesc_driver -- -j6 -l6
[10.569s] DEBUG:colcon.colcon_core.event_handler.log_command:Invoking command in '/home/pao/mushr2_ws/build/vesc_driver': CMAKE_PREFIX_PATH=/home/pao/mushr2_ws/install/vesc_msgs:/home/pao/mushr2_ws/install/vesc:/home/pao/mushr2_ws/install/vesc_driver:/home/pao/mushr2_ws/install/vesc_ackermann:/home/pao/mushr2_ws/install/mushr_joy_teleop:/opt/ros/humble LD_LIBRARY_PATH=/home/pao/mushr2_ws/install/vesc_msgs/lib:/home/pao/mushr2_ws/install/vesc_driver/lib:/home/pao/mushr2_ws/install/vesc_ackermann/lib:/opt/ros/humble/opt/rviz_ogre_vendor/lib:/opt/ros/humble/lib/aarch64-linux-gnu:/opt/ros/humble/lib /usr/bin/cmake --install /home/pao/mushr2_ws/build/vesc_driver
[10.588s] Level 1:colcon.colcon_core.environment:create_environment_scripts_only(vesc_ackermann)
[10.589s] Level 1:colcon.colcon_core.environment:checking '/home/pao/mushr2_ws/install/vesc_ackermann' for CMake module files
[10.590s] DEBUG:colcon.colcon_core.event_handler.log_command:Invoked command in '/home/pao/mushr2_ws/build/vesc_ackermann' returned '0': CMAKE_PREFIX_PATH=/home/pao/mushr2_ws/install/vesc_msgs:/home/pao/mushr2_ws/install/vesc:/home/pao/mushr2_ws/install/vesc_driver:/home/pao/mushr2_ws/install/vesc_ackermann:/home/pao/mushr2_ws/install/mushr_joy_teleop:/opt/ros/humble LD_LIBRARY_PATH=/home/pao/mushr2_ws/install/vesc_msgs/lib:/home/pao/mushr2_ws/install/vesc_driver/lib:/home/pao/mushr2_ws/install/vesc_ackermann/lib:/opt/ros/humble/opt/rviz_ogre_vendor/lib:/opt/ros/humble/lib/aarch64-linux-gnu:/opt/ros/humble/lib /usr/bin/cmake --install /home/pao/mushr2_ws/build/vesc_ackermann
[10.594s] Level 1:colcon.colcon_core.environment:checking '/home/pao/mushr2_ws/install/vesc_ackermann' for CMake config files
[10.602s] Level 1:colcon.colcon_core.shell:create_environment_hook('vesc_ackermann', 'cmake_prefix_path')
[10.603s] INFO:colcon.colcon_core.shell:Creating environment hook '/home/pao/mushr2_ws/install/vesc_ackermann/share/vesc_ackermann/hook/cmake_prefix_path.ps1'
[10.604s] INFO:colcon.colcon_core.shell:Creating environment descriptor '/home/pao/mushr2_ws/install/vesc_ackermann/share/vesc_ackermann/hook/cmake_prefix_path.dsv'
[10.605s] INFO:colcon.colcon_core.shell:Creating environment hook '/home/pao/mushr2_ws/install/vesc_ackermann/share/vesc_ackermann/hook/cmake_prefix_path.sh'
[10.609s] Level 1:colcon.colcon_core.environment:checking '/home/pao/mushr2_ws/install/vesc_ackermann/lib'
[10.610s] Level 1:colcon.colcon_core.shell:create_environment_hook('vesc_ackermann', 'ld_library_path_lib')
[10.610s] INFO:colcon.colcon_core.shell:Creating environment hook '/home/pao/mushr2_ws/install/vesc_ackermann/share/vesc_ackermann/hook/ld_library_path_lib.ps1'
[10.613s] INFO:colcon.colcon_core.shell:Creating environment descriptor '/home/pao/mushr2_ws/install/vesc_ackermann/share/vesc_ackermann/hook/ld_library_path_lib.dsv'
[10.615s] INFO:colcon.colcon_core.shell:Creating environment hook '/home/pao/mushr2_ws/install/vesc_ackermann/share/vesc_ackermann/hook/ld_library_path_lib.sh'
[10.618s] Level 1:colcon.colcon_core.environment:checking '/home/pao/mushr2_ws/install/vesc_ackermann/bin'
[10.619s] Level 1:colcon.colcon_core.environment:checking '/home/pao/mushr2_ws/install/vesc_ackermann/lib/pkgconfig/vesc_ackermann.pc'
[10.620s] Level 1:colcon.colcon_core.environment:checking '/home/pao/mushr2_ws/install/vesc_ackermann/lib/python3.10/site-packages'
[10.621s] Level 1:colcon.colcon_core.environment:checking '/home/pao/mushr2_ws/install/vesc_ackermann/bin'
[10.622s] INFO:colcon.colcon_core.shell:Creating package script '/home/pao/mushr2_ws/install/vesc_ackermann/share/vesc_ackermann/package.ps1'
[10.623s] INFO:colcon.colcon_core.shell:Creating package descriptor '/home/pao/mushr2_ws/install/vesc_ackermann/share/vesc_ackermann/package.dsv'
[10.625s] INFO:colcon.colcon_core.shell:Creating package script '/home/pao/mushr2_ws/install/vesc_ackermann/share/vesc_ackermann/package.sh'
[10.627s] INFO:colcon.colcon_core.shell:Creating package script '/home/pao/mushr2_ws/install/vesc_ackermann/share/vesc_ackermann/package.bash'
[10.628s] INFO:colcon.colcon_core.shell:Creating package script '/home/pao/mushr2_ws/install/vesc_ackermann/share/vesc_ackermann/package.zsh'
[10.629s] Level 1:colcon.colcon_core.environment:create_file_with_runtime_dependencies(/home/pao/mushr2_ws/install/vesc_ackermann/share/colcon-core/packages/vesc_ackermann)
[10.634s] Level 1:colcon.colcon_core.environment:create_environment_scripts_only(vesc_ackermann)
[10.635s] Level 1:colcon.colcon_core.environment:checking '/home/pao/mushr2_ws/install/vesc_ackermann' for CMake module files
[10.637s] Level 1:colcon.colcon_core.environment:checking '/home/pao/mushr2_ws/install/vesc_ackermann' for CMake config files
[10.637s] Level 1:colcon.colcon_core.shell:create_environment_hook('vesc_ackermann', 'cmake_prefix_path')
[10.638s] INFO:colcon.colcon_core.shell:Creating environment hook '/home/pao/mushr2_ws/install/vesc_ackermann/share/vesc_ackermann/hook/cmake_prefix_path.ps1'
[10.640s] INFO:colcon.colcon_core.shell:Creating environment descriptor '/home/pao/mushr2_ws/install/vesc_ackermann/share/vesc_ackermann/hook/cmake_prefix_path.dsv'
[10.642s] INFO:colcon.colcon_core.shell:Creating environment hook '/home/pao/mushr2_ws/install/vesc_ackermann/share/vesc_ackermann/hook/cmake_prefix_path.sh'
[10.644s] Level 1:colcon.colcon_core.environment:checking '/home/pao/mushr2_ws/install/vesc_ackermann/lib'
[10.645s] Level 1:colcon.colcon_core.shell:create_environment_hook('vesc_ackermann', 'ld_library_path_lib')
[10.646s] INFO:colcon.colcon_core.shell:Creating environment hook '/home/pao/mushr2_ws/install/vesc_ackermann/share/vesc_ackermann/hook/ld_library_path_lib.ps1'
[10.647s] INFO:colcon.colcon_core.shell:Creating environment descriptor '/home/pao/mushr2_ws/install/vesc_ackermann/share/vesc_ackermann/hook/ld_library_path_lib.dsv'
[10.649s] INFO:colcon.colcon_core.shell:Creating environment hook '/home/pao/mushr2_ws/install/vesc_ackermann/share/vesc_ackermann/hook/ld_library_path_lib.sh'
[10.650s] Level 1:colcon.colcon_core.environment:checking '/home/pao/mushr2_ws/install/vesc_ackermann/bin'
[10.651s] Level 1:colcon.colcon_core.environment:checking '/home/pao/mushr2_ws/install/vesc_ackermann/lib/pkgconfig/vesc_ackermann.pc'
[10.651s] Level 1:colcon.colcon_core.environment:checking '/home/pao/mushr2_ws/install/vesc_ackermann/lib/python3.10/site-packages'
[10.652s] Level 1:colcon.colcon_core.environment:checking '/home/pao/mushr2_ws/install/vesc_ackermann/bin'
[10.653s] INFO:colcon.colcon_core.shell:Creating package script '/home/pao/mushr2_ws/install/vesc_ackermann/share/vesc_ackermann/package.ps1'
[10.655s] INFO:colcon.colcon_core.shell:Creating package descriptor '/home/pao/mushr2_ws/install/vesc_ackermann/share/vesc_ackermann/package.dsv'
[10.656s] INFO:colcon.colcon_core.shell:Creating package script '/home/pao/mushr2_ws/install/vesc_ackermann/share/vesc_ackermann/package.sh'
[10.657s] INFO:colcon.colcon_core.shell:Creating package script '/home/pao/mushr2_ws/install/vesc_ackermann/share/vesc_ackermann/package.bash'
[10.659s] INFO:colcon.colcon_core.shell:Creating package script '/home/pao/mushr2_ws/install/vesc_ackermann/share/vesc_ackermann/package.zsh'
[10.660s] Level 1:colcon.colcon_core.environment:create_file_with_runtime_dependencies(/home/pao/mushr2_ws/install/vesc_ackermann/share/colcon-core/packages/vesc_ackermann)
[10.664s] Level 1:colcon.colcon_core.environment:create_environment_scripts_only(vesc_driver)
[10.664s] Level 1:colcon.colcon_core.environment:checking '/home/pao/mushr2_ws/install/vesc_driver' for CMake module files
[10.665s] DEBUG:colcon.colcon_core.event_handler.log_command:Invoked command in '/home/pao/mushr2_ws/build/vesc_driver' returned '0': CMAKE_PREFIX_PATH=/home/pao/mushr2_ws/install/vesc_msgs:/home/pao/mushr2_ws/install/vesc:/home/pao/mushr2_ws/install/vesc_driver:/home/pao/mushr2_ws/install/vesc_ackermann:/home/pao/mushr2_ws/install/mushr_joy_teleop:/opt/ros/humble LD_LIBRARY_PATH=/home/pao/mushr2_ws/install/vesc_msgs/lib:/home/pao/mushr2_ws/install/vesc_driver/lib:/home/pao/mushr2_ws/install/vesc_ackermann/lib:/opt/ros/humble/opt/rviz_ogre_vendor/lib:/opt/ros/humble/lib/aarch64-linux-gnu:/opt/ros/humble/lib /usr/bin/cmake --install /home/pao/mushr2_ws/build/vesc_driver
[10.667s] Level 1:colcon.colcon_core.environment:checking '/home/pao/mushr2_ws/install/vesc_driver' for CMake config files
[10.667s] Level 1:colcon.colcon_core.shell:create_environment_hook('vesc_driver', 'cmake_prefix_path')
[10.668s] INFO:colcon.colcon_core.shell:Creating environment hook '/home/pao/mushr2_ws/install/vesc_driver/share/vesc_driver/hook/cmake_prefix_path.ps1'
[10.670s] INFO:colcon.colcon_core.shell:Creating environment descriptor '/home/pao/mushr2_ws/install/vesc_driver/share/vesc_driver/hook/cmake_prefix_path.dsv'
[10.671s] INFO:colcon.colcon_core.shell:Creating environment hook '/home/pao/mushr2_ws/install/vesc_driver/share/vesc_driver/hook/cmake_prefix_path.sh'
[10.676s] Level 1:colcon.colcon_core.environment:checking '/home/pao/mushr2_ws/install/vesc_driver/lib'
[10.677s] Level 1:colcon.colcon_core.shell:create_environment_hook('vesc_driver', 'ld_library_path_lib')
[10.677s] INFO:colcon.colcon_core.shell:Creating environment hook '/home/pao/mushr2_ws/install/vesc_driver/share/vesc_driver/hook/ld_library_path_lib.ps1'
[10.678s] INFO:colcon.colcon_core.shell:Creating environment descriptor '/home/pao/mushr2_ws/install/vesc_driver/share/vesc_driver/hook/ld_library_path_lib.dsv'
[10.679s] INFO:colcon.colcon_core.shell:Creating environment hook '/home/pao/mushr2_ws/install/vesc_driver/share/vesc_driver/hook/ld_library_path_lib.sh'
[10.680s] Level 1:colcon.colcon_core.environment:checking '/home/pao/mushr2_ws/install/vesc_driver/bin'
[10.681s] Level 1:colcon.colcon_core.environment:checking '/home/pao/mushr2_ws/install/vesc_driver/lib/pkgconfig/vesc_driver.pc'
[10.681s] Level 1:colcon.colcon_core.environment:checking '/home/pao/mushr2_ws/install/vesc_driver/lib/python3.10/site-packages'
[10.682s] Level 1:colcon.colcon_core.environment:checking '/home/pao/mushr2_ws/install/vesc_driver/bin'
[10.683s] INFO:colcon.colcon_core.shell:Creating package script '/home/pao/mushr2_ws/install/vesc_driver/share/vesc_driver/package.ps1'
[10.684s] INFO:colcon.colcon_core.shell:Creating package descriptor '/home/pao/mushr2_ws/install/vesc_driver/share/vesc_driver/package.dsv'
[10.685s] INFO:colcon.colcon_core.shell:Creating package script '/home/pao/mushr2_ws/install/vesc_driver/share/vesc_driver/package.sh'
[10.687s] INFO:colcon.colcon_core.shell:Creating package script '/home/pao/mushr2_ws/install/vesc_driver/share/vesc_driver/package.bash'
[10.688s] INFO:colcon.colcon_core.shell:Creating package script '/home/pao/mushr2_ws/install/vesc_driver/share/vesc_driver/package.zsh'
[10.690s] Level 1:colcon.colcon_core.environment:create_file_with_runtime_dependencies(/home/pao/mushr2_ws/install/vesc_driver/share/colcon-core/packages/vesc_driver)
[10.691s] Level 1:colcon.colcon_core.environment:create_environment_scripts_only(vesc_driver)
[10.692s] Level 1:colcon.colcon_core.environment:checking '/home/pao/mushr2_ws/install/vesc_driver' for CMake module files
[10.693s] Level 1:colcon.colcon_core.environment:checking '/home/pao/mushr2_ws/install/vesc_driver' for CMake config files
[10.694s] Level 1:colcon.colcon_core.shell:create_environment_hook('vesc_driver', 'cmake_prefix_path')
[10.694s] INFO:colcon.colcon_core.shell:Creating environment hook '/home/pao/mushr2_ws/install/vesc_driver/share/vesc_driver/hook/cmake_prefix_path.ps1'
[10.695s] INFO:colcon.colcon_core.shell:Creating environment descriptor '/home/pao/mushr2_ws/install/vesc_driver/share/vesc_driver/hook/cmake_prefix_path.dsv'
[10.696s] INFO:colcon.colcon_core.shell:Creating environment hook '/home/pao/mushr2_ws/install/vesc_driver/share/vesc_driver/hook/cmake_prefix_path.sh'
[10.698s] Level 1:colcon.colcon_core.environment:checking '/home/pao/mushr2_ws/install/vesc_driver/lib'
[10.698s] Level 1:colcon.colcon_core.shell:create_environment_hook('vesc_driver', 'ld_library_path_lib')
[10.699s] INFO:colcon.colcon_core.shell:Creating environment hook '/home/pao/mushr2_ws/install/vesc_driver/share/vesc_driver/hook/ld_library_path_lib.ps1'
[10.700s] INFO:colcon.colcon_core.shell:Creating environment descriptor '/home/pao/mushr2_ws/install/vesc_driver/share/vesc_driver/hook/ld_library_path_lib.dsv'
[10.700s] INFO:colcon.colcon_core.shell:Creating environment hook '/home/pao/mushr2_ws/install/vesc_driver/share/vesc_driver/hook/ld_library_path_lib.sh'
[10.701s] Level 1:colcon.colcon_core.environment:checking '/home/pao/mushr2_ws/install/vesc_driver/bin'
[10.702s] Level 1:colcon.colcon_core.environment:checking '/home/pao/mushr2_ws/install/vesc_driver/lib/pkgconfig/vesc_driver.pc'
[10.702s] Level 1:colcon.colcon_core.environment:checking '/home/pao/mushr2_ws/install/vesc_driver/lib/python3.10/site-packages'
[10.703s] Level 1:colcon.colcon_core.environment:checking '/home/pao/mushr2_ws/install/vesc_driver/bin'
[10.704s] INFO:colcon.colcon_core.shell:Creating package script '/home/pao/mushr2_ws/install/vesc_driver/share/vesc_driver/package.ps1'
[10.705s] INFO:colcon.colcon_core.shell:Creating package descriptor '/home/pao/mushr2_ws/install/vesc_driver/share/vesc_driver/package.dsv'
[10.707s] INFO:colcon.colcon_core.shell:Creating package script '/home/pao/mushr2_ws/install/vesc_driver/share/vesc_driver/package.sh'
[10.708s] INFO:colcon.colcon_core.shell:Creating package script '/home/pao/mushr2_ws/install/vesc_driver/share/vesc_driver/package.bash'
[10.709s] INFO:colcon.colcon_core.shell:Creating package script '/home/pao/mushr2_ws/install/vesc_driver/share/vesc_driver/package.zsh'
[10.710s] Level 1:colcon.colcon_core.environment:create_file_with_runtime_dependencies(/home/pao/mushr2_ws/install/vesc_driver/share/colcon-core/packages/vesc_driver)
[10.711s] INFO:colcon.colcon_ros.task.ament_cmake.build:Building ROS package in '/home/pao/mushr2_ws/src/vesc/vesc' with build type 'ament_cmake'
[10.712s] INFO:colcon.colcon_cmake.task.cmake.build:Building CMake package in '/home/pao/mushr2_ws/src/vesc/vesc'
[10.712s] INFO:colcon.colcon_core.shell:Skip shell extension 'powershell' for command environment: Not usable outside of PowerShell
[10.713s] DEBUG:colcon.colcon_core.shell:Skip shell extension 'dsv' for command environment
[10.744s] DEBUG:colcon.colcon_core.event_handler.log_command:Invoking command in '/home/pao/mushr2_ws/build/vesc': CMAKE_PREFIX_PATH=/home/pao/mushr2_ws/install/vesc_driver:/home/pao/mushr2_ws/install/vesc_ackermann:/home/pao/mushr2_ws/install/vesc_msgs:/home/pao/mushr2_ws/install/vesc:/home/pao/mushr2_ws/install/mushr_joy_teleop:/opt/ros/humble /usr/bin/cmake /home/pao/mushr2_ws/src/vesc/vesc -DCMAKE_INSTALL_PREFIX=/home/pao/mushr2_ws/install/vesc
[12.197s] DEBUG:colcon.colcon_core.event_handler.log_command:Invoked command in '/home/pao/mushr2_ws/build/vesc' returned '0': CMAKE_PREFIX_PATH=/home/pao/mushr2_ws/install/vesc_driver:/home/pao/mushr2_ws/install/vesc_ackermann:/home/pao/mushr2_ws/install/vesc_msgs:/home/pao/mushr2_ws/install/vesc:/home/pao/mushr2_ws/install/mushr_joy_teleop:/opt/ros/humble /usr/bin/cmake /home/pao/mushr2_ws/src/vesc/vesc -DCMAKE_INSTALL_PREFIX=/home/pao/mushr2_ws/install/vesc
[12.201s] DEBUG:colcon.colcon_core.event_handler.log_command:Invoking command in '/home/pao/mushr2_ws/build/vesc': CMAKE_PREFIX_PATH=/home/pao/mushr2_ws/install/vesc_driver:/home/pao/mushr2_ws/install/vesc_ackermann:/home/pao/mushr2_ws/install/vesc_msgs:/home/pao/mushr2_ws/install/vesc:/home/pao/mushr2_ws/install/mushr_joy_teleop:/opt/ros/humble /usr/bin/cmake --build /home/pao/mushr2_ws/build/vesc -- -j6 -l6
[12.289s] DEBUG:colcon.colcon_core.event_handler.log_command:Invoked command in '/home/pao/mushr2_ws/build/vesc' returned '0': CMAKE_PREFIX_PATH=/home/pao/mushr2_ws/install/vesc_driver:/home/pao/mushr2_ws/install/vesc_ackermann:/home/pao/mushr2_ws/install/vesc_msgs:/home/pao/mushr2_ws/install/vesc:/home/pao/mushr2_ws/install/mushr_joy_teleop:/opt/ros/humble /usr/bin/cmake --build /home/pao/mushr2_ws/build/vesc -- -j6 -l6
[12.293s] DEBUG:colcon.colcon_core.event_handler.log_command:Invoking command in '/home/pao/mushr2_ws/build/vesc': CMAKE_PREFIX_PATH=/home/pao/mushr2_ws/install/vesc_driver:/home/pao/mushr2_ws/install/vesc_ackermann:/home/pao/mushr2_ws/install/vesc_msgs:/home/pao/mushr2_ws/install/vesc:/home/pao/mushr2_ws/install/mushr_joy_teleop:/opt/ros/humble /usr/bin/cmake --install /home/pao/mushr2_ws/build/vesc
[12.327s] Level 1:colcon.colcon_core.environment:create_environment_scripts_only(vesc)
[12.328s] Level 1:colcon.colcon_core.environment:checking '/home/pao/mushr2_ws/install/vesc' for CMake module files
[12.329s] DEBUG:colcon.colcon_core.event_handler.log_command:Invoked command in '/home/pao/mushr2_ws/build/vesc' returned '0': CMAKE_PREFIX_PATH=/home/pao/mushr2_ws/install/vesc_driver:/home/pao/mushr2_ws/install/vesc_ackermann:/home/pao/mushr2_ws/install/vesc_msgs:/home/pao/mushr2_ws/install/vesc:/home/pao/mushr2_ws/install/mushr_joy_teleop:/opt/ros/humble /usr/bin/cmake --install /home/pao/mushr2_ws/build/vesc
[12.330s] Level 1:colcon.colcon_core.environment:checking '/home/pao/mushr2_ws/install/vesc' for CMake config files
[12.331s] Level 1:colcon.colcon_core.shell:create_environment_hook('vesc', 'cmake_prefix_path')
[12.332s] INFO:colcon.colcon_core.shell:Creating environment hook '/home/pao/mushr2_ws/install/vesc/share/vesc/hook/cmake_prefix_path.ps1'
[12.335s] INFO:colcon.colcon_core.shell:Creating environment descriptor '/home/pao/mushr2_ws/install/vesc/share/vesc/hook/cmake_prefix_path.dsv'
[12.336s] INFO:colcon.colcon_core.shell:Creating environment hook '/home/pao/mushr2_ws/install/vesc/share/vesc/hook/cmake_prefix_path.sh'
[12.339s] Level 1:colcon.colcon_core.environment:checking '/home/pao/mushr2_ws/install/vesc/bin'
[12.339s] Level 1:colcon.colcon_core.environment:checking '/home/pao/mushr2_ws/install/vesc/lib/pkgconfig/vesc.pc'
[12.339s] Level 1:colcon.colcon_core.environment:checking '/home/pao/mushr2_ws/install/vesc/lib/python3.10/site-packages'
[12.341s] Level 1:colcon.colcon_core.environment:checking '/home/pao/mushr2_ws/install/vesc/bin'
[12.342s] INFO:colcon.colcon_core.shell:Creating package script '/home/pao/mushr2_ws/install/vesc/share/vesc/package.ps1'
[12.344s] INFO:colcon.colcon_core.shell:Creating package descriptor '/home/pao/mushr2_ws/install/vesc/share/vesc/package.dsv'
[12.346s] INFO:colcon.colcon_core.shell:Creating package script '/home/pao/mushr2_ws/install/vesc/share/vesc/package.sh'
[12.347s] INFO:colcon.colcon_core.shell:Creating package script '/home/pao/mushr2_ws/install/vesc/share/vesc/package.bash'
[12.349s] INFO:colcon.colcon_core.shell:Creating package script '/home/pao/mushr2_ws/install/vesc/share/vesc/package.zsh'
[12.350s] Level 1:colcon.colcon_core.environment:create_file_with_runtime_dependencies(/home/pao/mushr2_ws/install/vesc/share/colcon-core/packages/vesc)
[12.353s] Level 1:colcon.colcon_core.environment:create_environment_scripts_only(vesc)
[12.354s] Level 1:colcon.colcon_core.environment:checking '/home/pao/mushr2_ws/install/vesc' for CMake module files
[12.355s] Level 1:colcon.colcon_core.environment:checking '/home/pao/mushr2_ws/install/vesc' for CMake config files
[12.356s] Level 1:colcon.colcon_core.shell:create_environment_hook('vesc', 'cmake_prefix_path')
[12.357s] INFO:colcon.colcon_core.shell:Creating environment hook '/home/pao/mushr2_ws/install/vesc/share/vesc/hook/cmake_prefix_path.ps1'
[12.358s] INFO:colcon.colcon_core.shell:Creating environment descriptor '/home/pao/mushr2_ws/install/vesc/share/vesc/hook/cmake_prefix_path.dsv'
[12.360s] INFO:colcon.colcon_core.shell:Creating environment hook '/home/pao/mushr2_ws/install/vesc/share/vesc/hook/cmake_prefix_path.sh'
[12.362s] Level 1:colcon.colcon_core.environment:checking '/home/pao/mushr2_ws/install/vesc/bin'
[12.362s] Level 1:colcon.colcon_core.environment:checking '/home/pao/mushr2_ws/install/vesc/lib/pkgconfig/vesc.pc'
[12.363s] Level 1:colcon.colcon_core.environment:checking '/home/pao/mushr2_ws/install/vesc/lib/python3.10/site-packages'
[12.364s] Level 1:colcon.colcon_core.environment:checking '/home/pao/mushr2_ws/install/vesc/bin'
[12.365s] INFO:colcon.colcon_core.shell:Creating package script '/home/pao/mushr2_ws/install/vesc/share/vesc/package.ps1'
[12.367s] INFO:colcon.colcon_core.shell:Creating package descriptor '/home/pao/mushr2_ws/install/vesc/share/vesc/package.dsv'
[12.369s] INFO:colcon.colcon_core.shell:Creating package script '/home/pao/mushr2_ws/install/vesc/share/vesc/package.sh'
[12.370s] INFO:colcon.colcon_core.shell:Creating package script '/home/pao/mushr2_ws/install/vesc/share/vesc/package.bash'
[12.371s] INFO:colcon.colcon_core.shell:Creating package script '/home/pao/mushr2_ws/install/vesc/share/vesc/package.zsh'
[12.373s] Level 1:colcon.colcon_core.environment:create_file_with_runtime_dependencies(/home/pao/mushr2_ws/install/vesc/share/colcon-core/packages/vesc)
[12.373s] DEBUG:colcon.colcon_parallel_executor.executor.parallel:closing loop
[12.374s] DEBUG:colcon.colcon_parallel_executor.executor.parallel:loop closed
[12.374s] DEBUG:colcon.colcon_parallel_executor.executor.parallel:run_until_complete finished with '0'
[12.375s] DEBUG:colcon.colcon_core.event_reactor:joining thread
[12.388s] INFO:colcon.colcon_core.plugin_system:Skipping extension 'colcon_notification.desktop_notification.terminal_notifier': Not used on non-Darwin systems
[12.388s] INFO:colcon.colcon_core.plugin_system:Skipping extension 'colcon_notification.desktop_notification.win32': Not used on non-Windows systems
[12.388s] INFO:colcon.colcon_notification.desktop_notification:Sending desktop notification using 'notify2'
[12.434s] DEBUG:colcon.colcon_core.event_reactor:joined thread
[12.435s] INFO:colcon.colcon_core.shell:Creating prefix script '/home/pao/mushr2_ws/install/local_setup.ps1'
[12.439s] INFO:colcon.colcon_core.shell:Creating prefix util module '/home/pao/mushr2_ws/install/_local_setup_util_ps1.py'
[12.443s] INFO:colcon.colcon_core.shell:Creating prefix chain script '/home/pao/mushr2_ws/install/setup.ps1'
[12.448s] INFO:colcon.colcon_core.shell:Creating prefix script '/home/pao/mushr2_ws/install/local_setup.sh'
[12.450s] INFO:colcon.colcon_core.shell:Creating prefix util module '/home/pao/mushr2_ws/install/_local_setup_util_sh.py'
[12.453s] INFO:colcon.colcon_core.shell:Creating prefix chain script '/home/pao/mushr2_ws/install/setup.sh'
[12.456s] INFO:colcon.colcon_core.shell:Creating prefix script '/home/pao/mushr2_ws/install/local_setup.bash'
[12.458s] INFO:colcon.colcon_core.shell:Creating prefix chain script '/home/pao/mushr2_ws/install/setup.bash'
[12.460s] INFO:colcon.colcon_core.shell:Creating prefix script '/home/pao/mushr2_ws/install/local_setup.zsh'
[12.462s] INFO:colcon.colcon_core.shell:Creating prefix chain script '/home/pao/mushr2_ws/install/setup.zsh'
