[0.031s] Invoking command in '/home/pao/mushr2_ws/build/vesc_ackermann': CMAKE_PREFIX_PATH=/home/pao/mushr2_ws/install/vesc_msgs:/home/pao/mushr2_ws/install/vesc:/home/pao/mushr2_ws/install/vesc_driver:/home/pao/mushr2_ws/install/vesc_ackermann:/home/pao/mushr2_ws/install/mushr_joy_teleop:/opt/ros/humble LD_LIBRARY_PATH=/home/pao/mushr2_ws/install/vesc_msgs/lib:/home/pao/mushr2_ws/install/vesc_driver/lib:/home/pao/mushr2_ws/install/vesc_ackermann/lib:/opt/ros/humble/opt/rviz_ogre_vendor/lib:/opt/ros/humble/lib/aarch64-linux-gnu:/opt/ros/humble/lib /usr/bin/cmake /home/pao/mushr2_ws/src/vesc/vesc_ackermann -DCMAKE_INSTALL_PREFIX=/home/pao/mushr2_ws/install/vesc_ackermann
[0.169s] -- The C compiler identification is GNU 11.4.0
[0.304s] -- The CXX compiler identification is GNU 11.4.0
[0.324s] -- Detecting C compiler ABI info
[0.519s] -- Detecting C compiler ABI info - done
[0.537s] -- Check for working C compiler: /usr/bin/cc - skipped
[0.538s] -- Detecting C compile features
[0.539s] -- Detecting C compile features - done
[0.547s] -- Detecting CXX compiler ABI info
[0.736s] -- Detecting CXX compiler ABI info - done
[0.752s] -- Check for working CXX compiler: /usr/bin/c++ - skipped
[0.753s] -- Detecting CXX compile features
[0.754s] -- Detecting CXX compile features - done
[0.760s] -- Found ament_cmake_auto: 1.3.12 (/opt/ros/humble/share/ament_cmake_auto/cmake)
[1.190s] -- Found Python3: /usr/bin/python3 (found version "3.10.12") found components: Interpreter 
[1.787s] -- Found rosidl_generator_c: 3.1.7 (/opt/ros/humble/share/rosidl_generator_c/cmake)
[1.802s] -- Found rosidl_adapter: 3.1.7 (/opt/ros/humble/share/rosidl_adapter/cmake)
[1.830s] -- Found rosidl_generator_cpp: 3.1.7 (/opt/ros/humble/share/rosidl_generator_cpp/cmake)
[1.866s] -- Using all available rosidl_typesupport_c: rosidl_typesupport_fastrtps_c;rosidl_typesupport_introspection_c
[1.910s] -- Using all available rosidl_typesupport_cpp: rosidl_typesupport_fastrtps_cpp;rosidl_typesupport_introspection_cpp
[2.179s] -- Found rmw_implementation_cmake: 6.1.2 (/opt/ros/humble/share/rmw_implementation_cmake/cmake)
[2.187s] -- Found rmw_fastrtps_cpp: 6.2.9 (/opt/ros/humble/share/rmw_fastrtps_cpp/cmake)
[2.394s] -- Found OpenSSL: /usr/lib/aarch64-linux-gnu/libcrypto.so (found version "3.0.2")  
[2.478s] -- Found FastRTPS: /opt/ros/humble/include  
[2.590s] -- Using RMW implementation 'rmw_fastrtps_cpp' as default
[2.612s] -- Looking for pthread.h
[2.822s] -- Looking for pthread.h - found
[2.823s] -- Performing Test CMAKE_HAVE_LIBC_PTHREAD
[3.039s] -- Performing Test CMAKE_HAVE_LIBC_PTHREAD - Success
[3.042s] -- Found Threads: TRUE  
[3.492s] -- Found ament_lint_auto: 0.12.14 (/opt/ros/humble/share/ament_lint_auto/cmake)
[3.541s] [0mIn this package, headers install destination is set to `include` by ament_auto_package. It is recommended to install `include/vesc_ackermann` instead and will be the default behavior of ament_auto_package from ROS 2 Kilted Kaiju. On distributions before Kilted, ament_auto_package behaves the same way when you use USE_SCOPED_HEADER_INSTALL_DIR option.[0m
[3.551s] -- Added test 'copyright' to check source files copyright and LICENSE
[3.556s] -- Added test 'cppcheck' to perform static code analysis on C / C++ code
[3.559s] -- Configured cppcheck include dirs: /home/pao/mushr2_ws/src/vesc/vesc_ackermann/include
[3.559s] -- Configured cppcheck exclude dirs and/or files: 
[3.561s] -- Added test 'cpplint' to check C / C++ code against the Google style
[3.561s] -- Configured cpplint exclude dirs and/or files: 
[3.566s] -- Added test 'lint_cmake' to check CMake code style
[3.575s] -- Added test 'uncrustify' to check C / C++ code style
[3.575s] -- Configured uncrustify additional arguments: 
[3.576s] -- Added test 'xmllint' to check XML markup files
[3.581s] -- Configuring done
[3.640s] -- Generating done
[3.665s] -- Build files have been written to: /home/pao/mushr2_ws/build/vesc_ackermann
[3.711s] Invoked command in '/home/pao/mushr2_ws/build/vesc_ackermann' returned '0': CMAKE_PREFIX_PATH=/home/pao/mushr2_ws/install/vesc_msgs:/home/pao/mushr2_ws/install/vesc:/home/pao/mushr2_ws/install/vesc_driver:/home/pao/mushr2_ws/install/vesc_ackermann:/home/pao/mushr2_ws/install/mushr_joy_teleop:/opt/ros/humble LD_LIBRARY_PATH=/home/pao/mushr2_ws/install/vesc_msgs/lib:/home/pao/mushr2_ws/install/vesc_driver/lib:/home/pao/mushr2_ws/install/vesc_ackermann/lib:/opt/ros/humble/opt/rviz_ogre_vendor/lib:/opt/ros/humble/lib/aarch64-linux-gnu:/opt/ros/humble/lib /usr/bin/cmake /home/pao/mushr2_ws/src/vesc/vesc_ackermann -DCMAKE_INSTALL_PREFIX=/home/pao/mushr2_ws/install/vesc_ackermann
[3.712s] Invoking command in '/home/pao/mushr2_ws/build/vesc_ackermann': CMAKE_PREFIX_PATH=/home/pao/mushr2_ws/install/vesc_msgs:/home/pao/mushr2_ws/install/vesc:/home/pao/mushr2_ws/install/vesc_driver:/home/pao/mushr2_ws/install/vesc_ackermann:/home/pao/mushr2_ws/install/mushr_joy_teleop:/opt/ros/humble LD_LIBRARY_PATH=/home/pao/mushr2_ws/install/vesc_msgs/lib:/home/pao/mushr2_ws/install/vesc_driver/lib:/home/pao/mushr2_ws/install/vesc_ackermann/lib:/opt/ros/humble/opt/rviz_ogre_vendor/lib:/opt/ros/humble/lib/aarch64-linux-gnu:/opt/ros/humble/lib /usr/bin/cmake --build /home/pao/mushr2_ws/build/vesc_ackermann -- -j6 -l6
[3.838s] [35m[1mConsolidate compiler generated dependencies of target vesc_ackermann[0m
[3.863s] [35m[1mConsolidate compiler generated dependencies of target ackermann_to_vesc_node[0m
[3.868s] [35m[1mConsolidate compiler generated dependencies of target vesc_to_odom_node[0m
[3.925s] [ 28%] Built target vesc_to_odom_node
[3.928s] [ 71%] Built target vesc_ackermann
[3.935s] [100%] Built target ackermann_to_vesc_node
[3.970s] Invoked command in '/home/pao/mushr2_ws/build/vesc_ackermann' returned '0': CMAKE_PREFIX_PATH=/home/pao/mushr2_ws/install/vesc_msgs:/home/pao/mushr2_ws/install/vesc:/home/pao/mushr2_ws/install/vesc_driver:/home/pao/mushr2_ws/install/vesc_ackermann:/home/pao/mushr2_ws/install/mushr_joy_teleop:/opt/ros/humble LD_LIBRARY_PATH=/home/pao/mushr2_ws/install/vesc_msgs/lib:/home/pao/mushr2_ws/install/vesc_driver/lib:/home/pao/mushr2_ws/install/vesc_ackermann/lib:/opt/ros/humble/opt/rviz_ogre_vendor/lib:/opt/ros/humble/lib/aarch64-linux-gnu:/opt/ros/humble/lib /usr/bin/cmake --build /home/pao/mushr2_ws/build/vesc_ackermann -- -j6 -l6
[3.971s] Invoking command in '/home/pao/mushr2_ws/build/vesc_ackermann': CMAKE_PREFIX_PATH=/home/pao/mushr2_ws/install/vesc_msgs:/home/pao/mushr2_ws/install/vesc:/home/pao/mushr2_ws/install/vesc_driver:/home/pao/mushr2_ws/install/vesc_ackermann:/home/pao/mushr2_ws/install/mushr_joy_teleop:/opt/ros/humble LD_LIBRARY_PATH=/home/pao/mushr2_ws/install/vesc_msgs/lib:/home/pao/mushr2_ws/install/vesc_driver/lib:/home/pao/mushr2_ws/install/vesc_ackermann/lib:/opt/ros/humble/opt/rviz_ogre_vendor/lib:/opt/ros/humble/lib/aarch64-linux-gnu:/opt/ros/humble/lib /usr/bin/cmake --install /home/pao/mushr2_ws/build/vesc_ackermann
[4.008s] -- Install configuration: ""
[4.008s] -- Up-to-date: /home/pao/mushr2_ws/install/vesc_ackermann/lib/vesc_ackermann/ackermann_to_vesc_node
[4.008s] -- Up-to-date: /home/pao/mushr2_ws/install/vesc_ackermann/lib/vesc_ackermann/vesc_to_odom_node
[4.008s] -- Up-to-date: /home/pao/mushr2_ws/install/vesc_ackermann/include
[4.012s] -- Up-to-date: /home/pao/mushr2_ws/install/vesc_ackermann/include/vesc_ackermann
[4.012s] -- Up-to-date: /home/pao/mushr2_ws/install/vesc_ackermann/include/vesc_ackermann/ackermann_to_vesc.hpp
[4.012s] -- Up-to-date: /home/pao/mushr2_ws/install/vesc_ackermann/include/vesc_ackermann/vesc_to_odom.hpp
[4.012s] -- Up-to-date: /home/pao/mushr2_ws/install/vesc_ackermann/share/vesc_ackermann/environment/library_path.sh
[4.013s] -- Installing: /home/pao/mushr2_ws/install/vesc_ackermann/share/vesc_ackermann/environment/library_path.dsv
[4.014s] -- Up-to-date: /home/pao/mushr2_ws/install/vesc_ackermann/lib/libvesc_ackermann.so
[4.017s] -- Up-to-date: /home/pao/mushr2_ws/install/vesc_ackermann/share/vesc_ackermann/launch
[4.017s] -- Up-to-date: /home/pao/mushr2_ws/install/vesc_ackermann/share/vesc_ackermann/launch/ackermann_to_vesc_node.launch.xml
[4.018s] -- Up-to-date: /home/pao/mushr2_ws/install/vesc_ackermann/share/vesc_ackermann/launch/vesc_to_odom_node.launch.xml
[4.027s] -- Up-to-date: /home/pao/mushr2_ws/install/vesc_ackermann/share/ament_index/resource_index/package_run_dependencies/vesc_ackermann
[4.028s] -- Up-to-date: /home/pao/mushr2_ws/install/vesc_ackermann/share/ament_index/resource_index/parent_prefix_path/vesc_ackermann
[4.028s] -- Up-to-date: /home/pao/mushr2_ws/install/vesc_ackermann/share/vesc_ackermann/environment/ament_prefix_path.sh
[4.029s] -- Installing: /home/pao/mushr2_ws/install/vesc_ackermann/share/vesc_ackermann/environment/ament_prefix_path.dsv
[4.030s] -- Up-to-date: /home/pao/mushr2_ws/install/vesc_ackermann/share/vesc_ackermann/environment/path.sh
[4.030s] -- Installing: /home/pao/mushr2_ws/install/vesc_ackermann/share/vesc_ackermann/environment/path.dsv
[4.030s] -- Up-to-date: /home/pao/mushr2_ws/install/vesc_ackermann/share/vesc_ackermann/local_setup.bash
[4.030s] -- Up-to-date: /home/pao/mushr2_ws/install/vesc_ackermann/share/vesc_ackermann/local_setup.sh
[4.031s] -- Up-to-date: /home/pao/mushr2_ws/install/vesc_ackermann/share/vesc_ackermann/local_setup.zsh
[4.031s] -- Installing: /home/pao/mushr2_ws/install/vesc_ackermann/share/vesc_ackermann/local_setup.dsv
[4.033s] -- Installing: /home/pao/mushr2_ws/install/vesc_ackermann/share/vesc_ackermann/package.dsv
[4.033s] -- Up-to-date: /home/pao/mushr2_ws/install/vesc_ackermann/share/ament_index/resource_index/packages/vesc_ackermann
[4.034s] -- Up-to-date: /home/pao/mushr2_ws/install/vesc_ackermann/share/ament_index/resource_index/rclcpp_components/vesc_ackermann
[4.035s] -- Up-to-date: /home/pao/mushr2_ws/install/vesc_ackermann/share/vesc_ackermann/cmake/ament_cmake_export_dependencies-extras.cmake
[4.035s] -- Up-to-date: /home/pao/mushr2_ws/install/vesc_ackermann/share/vesc_ackermann/cmake/ament_cmake_export_include_directories-extras.cmake
[4.036s] -- Up-to-date: /home/pao/mushr2_ws/install/vesc_ackermann/share/vesc_ackermann/cmake/ament_cmake_export_libraries-extras.cmake
[4.037s] -- Up-to-date: /home/pao/mushr2_ws/install/vesc_ackermann/share/vesc_ackermann/cmake/vesc_ackermannConfig.cmake
[4.038s] -- Up-to-date: /home/pao/mushr2_ws/install/vesc_ackermann/share/vesc_ackermann/cmake/vesc_ackermannConfig-version.cmake
[4.039s] -- Up-to-date: /home/pao/mushr2_ws/install/vesc_ackermann/share/vesc_ackermann/package.xml
[4.070s] Invoked command in '/home/pao/mushr2_ws/build/vesc_ackermann' returned '0': CMAKE_PREFIX_PATH=/home/pao/mushr2_ws/install/vesc_msgs:/home/pao/mushr2_ws/install/vesc:/home/pao/mushr2_ws/install/vesc_driver:/home/pao/mushr2_ws/install/vesc_ackermann:/home/pao/mushr2_ws/install/mushr_joy_teleop:/opt/ros/humble LD_LIBRARY_PATH=/home/pao/mushr2_ws/install/vesc_msgs/lib:/home/pao/mushr2_ws/install/vesc_driver/lib:/home/pao/mushr2_ws/install/vesc_ackermann/lib:/opt/ros/humble/opt/rviz_ogre_vendor/lib:/opt/ros/humble/lib/aarch64-linux-gnu:/opt/ros/humble/lib /usr/bin/cmake --install /home/pao/mushr2_ws/build/vesc_ackermann
