[0.052s] Invoking command in '/home/pao/mushr2_ws/build/vesc_ackermann': CMAKE_PREFIX_PATH=/home/pao/mushr2_ws/install/vesc_msgs:/home/pao/mushr2_ws/install/vesc:/home/pao/mushr2_ws/install/vesc_driver:/home/pao/mushr2_ws/install/vesc_ackermann:/home/pao/mushr2_ws/install/mushr_joy_teleop:/opt/ros/humble LD_LIBRARY_PATH=/home/pao/mushr2_ws/install/vesc_msgs/lib:/home/pao/mushr2_ws/install/vesc_driver/lib:/home/pao/mushr2_ws/install/vesc_ackermann/lib:/opt/ros/humble/opt/rviz_ogre_vendor/lib:/opt/ros/humble/lib/aarch64-linux-gnu:/opt/ros/humble/lib /usr/bin/cmake /home/pao/mushr2_ws/src/vesc/vesc_ackermann -DCMAKE_INSTALL_PREFIX=/home/pao/mushr2_ws/install/vesc_ackermann
[0.349s] -- The C compiler identification is GNU 11.4.0
[0.530s] -- The CXX compiler identification is GNU 11.4.0
[0.550s] -- Detecting C compiler ABI info
[0.739s] -- Detecting C compiler ABI info - done
[0.760s] -- Check for working C compiler: /usr/bin/cc - skipped
[0.760s] -- Detecting C compile features
[0.761s] -- Detecting C compile features - done
[0.768s] -- Detecting CXX compiler ABI info
[0.962s] -- Detecting CXX compiler ABI info - done
[0.979s] -- Check for working CXX compiler: /usr/bin/c++ - skipped
[0.980s] -- Detecting CXX compile features
[0.980s] -- Detecting CXX compile features - done
[0.986s] -- Found ament_cmake_auto: 1.3.12 (/opt/ros/humble/share/ament_cmake_auto/cmake)
[1.373s] -- Found Python3: /usr/bin/python3 (found version "3.10.12") found components: Interpreter 
[1.894s] -- Found rosidl_generator_c: 3.1.7 (/opt/ros/humble/share/rosidl_generator_c/cmake)
[1.905s] -- Found rosidl_adapter: 3.1.7 (/opt/ros/humble/share/rosidl_adapter/cmake)
[1.923s] -- Found rosidl_generator_cpp: 3.1.7 (/opt/ros/humble/share/rosidl_generator_cpp/cmake)
[1.950s] -- Using all available rosidl_typesupport_c: rosidl_typesupport_fastrtps_c;rosidl_typesupport_introspection_c
[1.988s] -- Using all available rosidl_typesupport_cpp: rosidl_typesupport_fastrtps_cpp;rosidl_typesupport_introspection_cpp
[2.267s] -- Found rmw_implementation_cmake: 6.1.2 (/opt/ros/humble/share/rmw_implementation_cmake/cmake)
[2.274s] -- Found rmw_fastrtps_cpp: 6.2.9 (/opt/ros/humble/share/rmw_fastrtps_cpp/cmake)
[2.654s] -- Found OpenSSL: /usr/lib/aarch64-linux-gnu/libcrypto.so (found version "3.0.2")  
[2.743s] -- Found FastRTPS: /opt/ros/humble/include  
[2.854s] -- Using RMW implementation 'rmw_fastrtps_cpp' as default
[2.875s] -- Looking for pthread.h
[3.049s] -- Looking for pthread.h - found
[3.050s] -- Performing Test CMAKE_HAVE_LIBC_PTHREAD
[3.224s] -- Performing Test CMAKE_HAVE_LIBC_PTHREAD - Success
[3.228s] -- Found Threads: TRUE  
[3.737s] -- Found ament_lint_auto: 0.12.14 (/opt/ros/humble/share/ament_lint_auto/cmake)
[3.783s] [0mIn this package, headers install destination is set to `include` by ament_auto_package. It is recommended to install `include/vesc_ackermann` instead and will be the default behavior of ament_auto_package from ROS 2 Kilted Kaiju. On distributions before Kilted, ament_auto_package behaves the same way when you use USE_SCOPED_HEADER_INSTALL_DIR option.[0m
[3.792s] -- Added test 'copyright' to check source files copyright and LICENSE
[3.794s] -- Added test 'cppcheck' to perform static code analysis on C / C++ code
[3.794s] -- Configured cppcheck include dirs: /home/pao/mushr2_ws/src/vesc/vesc_ackermann/include
[3.795s] -- Configured cppcheck exclude dirs and/or files: 
[3.797s] -- Added test 'cpplint' to check C / C++ code against the Google style
[3.797s] -- Configured cpplint exclude dirs and/or files: 
[3.798s] -- Added test 'lint_cmake' to check CMake code style
[3.801s] -- Added test 'uncrustify' to check C / C++ code style
[3.801s] -- Configured uncrustify additional arguments: 
[3.802s] -- Added test 'xmllint' to check XML markup files
[3.808s] -- Configuring done
[3.858s] -- Generating done
[3.878s] -- Build files have been written to: /home/pao/mushr2_ws/build/vesc_ackermann
[3.917s] Invoked command in '/home/pao/mushr2_ws/build/vesc_ackermann' returned '0': CMAKE_PREFIX_PATH=/home/pao/mushr2_ws/install/vesc_msgs:/home/pao/mushr2_ws/install/vesc:/home/pao/mushr2_ws/install/vesc_driver:/home/pao/mushr2_ws/install/vesc_ackermann:/home/pao/mushr2_ws/install/mushr_joy_teleop:/opt/ros/humble LD_LIBRARY_PATH=/home/pao/mushr2_ws/install/vesc_msgs/lib:/home/pao/mushr2_ws/install/vesc_driver/lib:/home/pao/mushr2_ws/install/vesc_ackermann/lib:/opt/ros/humble/opt/rviz_ogre_vendor/lib:/opt/ros/humble/lib/aarch64-linux-gnu:/opt/ros/humble/lib /usr/bin/cmake /home/pao/mushr2_ws/src/vesc/vesc_ackermann -DCMAKE_INSTALL_PREFIX=/home/pao/mushr2_ws/install/vesc_ackermann
[3.920s] Invoking command in '/home/pao/mushr2_ws/build/vesc_ackermann': CMAKE_PREFIX_PATH=/home/pao/mushr2_ws/install/vesc_msgs:/home/pao/mushr2_ws/install/vesc:/home/pao/mushr2_ws/install/vesc_driver:/home/pao/mushr2_ws/install/vesc_ackermann:/home/pao/mushr2_ws/install/mushr_joy_teleop:/opt/ros/humble LD_LIBRARY_PATH=/home/pao/mushr2_ws/install/vesc_msgs/lib:/home/pao/mushr2_ws/install/vesc_driver/lib:/home/pao/mushr2_ws/install/vesc_ackermann/lib:/opt/ros/humble/opt/rviz_ogre_vendor/lib:/opt/ros/humble/lib/aarch64-linux-gnu:/opt/ros/humble/lib /usr/bin/cmake --build /home/pao/mushr2_ws/build/vesc_ackermann -- -j6 -l6
[4.104s] [35m[1mConsolidate compiler generated dependencies of target vesc_to_odom_node[0m
[4.106s] [35m[1mConsolidate compiler generated dependencies of target vesc_ackermann[0m
[4.131s] [35m[1mConsolidate compiler generated dependencies of target ackermann_to_vesc_node[0m
[4.197s] [ 28%] Built target vesc_to_odom_node
[4.237s] [ 57%] Built target ackermann_to_vesc_node
[4.282s] [100%] Built target vesc_ackermann
[4.352s] Invoked command in '/home/pao/mushr2_ws/build/vesc_ackermann' returned '0': CMAKE_PREFIX_PATH=/home/pao/mushr2_ws/install/vesc_msgs:/home/pao/mushr2_ws/install/vesc:/home/pao/mushr2_ws/install/vesc_driver:/home/pao/mushr2_ws/install/vesc_ackermann:/home/pao/mushr2_ws/install/mushr_joy_teleop:/opt/ros/humble LD_LIBRARY_PATH=/home/pao/mushr2_ws/install/vesc_msgs/lib:/home/pao/mushr2_ws/install/vesc_driver/lib:/home/pao/mushr2_ws/install/vesc_ackermann/lib:/opt/ros/humble/opt/rviz_ogre_vendor/lib:/opt/ros/humble/lib/aarch64-linux-gnu:/opt/ros/humble/lib /usr/bin/cmake --build /home/pao/mushr2_ws/build/vesc_ackermann -- -j6 -l6
[4.354s] Invoking command in '/home/pao/mushr2_ws/build/vesc_ackermann': CMAKE_PREFIX_PATH=/home/pao/mushr2_ws/install/vesc_msgs:/home/pao/mushr2_ws/install/vesc:/home/pao/mushr2_ws/install/vesc_driver:/home/pao/mushr2_ws/install/vesc_ackermann:/home/pao/mushr2_ws/install/mushr_joy_teleop:/opt/ros/humble LD_LIBRARY_PATH=/home/pao/mushr2_ws/install/vesc_msgs/lib:/home/pao/mushr2_ws/install/vesc_driver/lib:/home/pao/mushr2_ws/install/vesc_ackermann/lib:/opt/ros/humble/opt/rviz_ogre_vendor/lib:/opt/ros/humble/lib/aarch64-linux-gnu:/opt/ros/humble/lib /usr/bin/cmake --install /home/pao/mushr2_ws/build/vesc_ackermann
[4.370s] -- Install configuration: ""
[4.371s] -- Up-to-date: /home/pao/mushr2_ws/install/vesc_ackermann/lib/vesc_ackermann/ackermann_to_vesc_node
[4.371s] -- Up-to-date: /home/pao/mushr2_ws/install/vesc_ackermann/lib/vesc_ackermann/vesc_to_odom_node
[4.371s] -- Up-to-date: /home/pao/mushr2_ws/install/vesc_ackermann/include
[4.372s] -- Up-to-date: /home/pao/mushr2_ws/install/vesc_ackermann/include/vesc_ackermann
[4.372s] -- Up-to-date: /home/pao/mushr2_ws/install/vesc_ackermann/include/vesc_ackermann/ackermann_to_vesc.hpp
[4.372s] -- Up-to-date: /home/pao/mushr2_ws/install/vesc_ackermann/include/vesc_ackermann/vesc_to_odom.hpp
[4.372s] -- Up-to-date: /home/pao/mushr2_ws/install/vesc_ackermann/share/vesc_ackermann/environment/library_path.sh
[4.373s] -- Installing: /home/pao/mushr2_ws/install/vesc_ackermann/share/vesc_ackermann/environment/library_path.dsv
[4.375s] -- Up-to-date: /home/pao/mushr2_ws/install/vesc_ackermann/lib/libvesc_ackermann.so
[4.375s] -- Up-to-date: /home/pao/mushr2_ws/install/vesc_ackermann/share/vesc_ackermann/launch
[4.376s] -- Up-to-date: /home/pao/mushr2_ws/install/vesc_ackermann/share/vesc_ackermann/launch/ackermann_to_vesc_node.launch.xml
[4.377s] -- Up-to-date: /home/pao/mushr2_ws/install/vesc_ackermann/share/vesc_ackermann/launch/vesc_to_odom_node.launch.xml
[4.377s] -- Up-to-date: /home/pao/mushr2_ws/install/vesc_ackermann/share/ament_index/resource_index/package_run_dependencies/vesc_ackermann
[4.377s] -- Up-to-date: /home/pao/mushr2_ws/install/vesc_ackermann/share/ament_index/resource_index/parent_prefix_path/vesc_ackermann
[4.378s] -- Up-to-date: /home/pao/mushr2_ws/install/vesc_ackermann/share/vesc_ackermann/environment/ament_prefix_path.sh
[4.378s] -- Installing: /home/pao/mushr2_ws/install/vesc_ackermann/share/vesc_ackermann/environment/ament_prefix_path.dsv
[4.378s] -- Up-to-date: /home/pao/mushr2_ws/install/vesc_ackermann/share/vesc_ackermann/environment/path.sh
[4.379s] -- Installing: /home/pao/mushr2_ws/install/vesc_ackermann/share/vesc_ackermann/environment/path.dsv
[4.379s] -- Up-to-date: /home/pao/mushr2_ws/install/vesc_ackermann/share/vesc_ackermann/local_setup.bash
[4.379s] -- Up-to-date: /home/pao/mushr2_ws/install/vesc_ackermann/share/vesc_ackermann/local_setup.sh
[4.379s] -- Up-to-date: /home/pao/mushr2_ws/install/vesc_ackermann/share/vesc_ackermann/local_setup.zsh
[4.379s] -- Installing: /home/pao/mushr2_ws/install/vesc_ackermann/share/vesc_ackermann/local_setup.dsv
[4.380s] -- Installing: /home/pao/mushr2_ws/install/vesc_ackermann/share/vesc_ackermann/package.dsv
[4.380s] -- Up-to-date: /home/pao/mushr2_ws/install/vesc_ackermann/share/ament_index/resource_index/packages/vesc_ackermann
[4.380s] -- Up-to-date: /home/pao/mushr2_ws/install/vesc_ackermann/share/ament_index/resource_index/rclcpp_components/vesc_ackermann
[4.380s] -- Up-to-date: /home/pao/mushr2_ws/install/vesc_ackermann/share/vesc_ackermann/cmake/ament_cmake_export_dependencies-extras.cmake
[4.381s] -- Up-to-date: /home/pao/mushr2_ws/install/vesc_ackermann/share/vesc_ackermann/cmake/ament_cmake_export_include_directories-extras.cmake
[4.381s] -- Up-to-date: /home/pao/mushr2_ws/install/vesc_ackermann/share/vesc_ackermann/cmake/ament_cmake_export_libraries-extras.cmake
[4.381s] -- Up-to-date: /home/pao/mushr2_ws/install/vesc_ackermann/share/vesc_ackermann/cmake/vesc_ackermannConfig.cmake
[4.381s] -- Up-to-date: /home/pao/mushr2_ws/install/vesc_ackermann/share/vesc_ackermann/cmake/vesc_ackermannConfig-version.cmake
[4.382s] -- Up-to-date: /home/pao/mushr2_ws/install/vesc_ackermann/share/vesc_ackermann/package.xml
[4.395s] Invoked command in '/home/pao/mushr2_ws/build/vesc_ackermann' returned '0': CMAKE_PREFIX_PATH=/home/pao/mushr2_ws/install/vesc_msgs:/home/pao/mushr2_ws/install/vesc:/home/pao/mushr2_ws/install/vesc_driver:/home/pao/mushr2_ws/install/vesc_ackermann:/home/pao/mushr2_ws/install/mushr_joy_teleop:/opt/ros/humble LD_LIBRARY_PATH=/home/pao/mushr2_ws/install/vesc_msgs/lib:/home/pao/mushr2_ws/install/vesc_driver/lib:/home/pao/mushr2_ws/install/vesc_ackermann/lib:/opt/ros/humble/opt/rviz_ogre_vendor/lib:/opt/ros/humble/lib/aarch64-linux-gnu:/opt/ros/humble/lib /usr/bin/cmake --install /home/pao/mushr2_ws/build/vesc_ackermann
