[0.053s] Invoking command in '/home/pao/mushr2_ws/build/vesc_msgs': CMAKE_PREFIX_PATH=${CMAKE_PREFIX_PATH}:/home/pao/mushr2_ws/install/mushr_joy_teleop:/opt/ros/humble /usr/bin/cmake /home/pao/mushr2_ws/src/vesc/vesc_msgs -DCMAKE_INSTALL_PREFIX=/home/pao/mushr2_ws/install/vesc_msgs
[0.210s] -- The C compiler identification is GNU 11.4.0
[0.345s] -- The CXX compiler identification is GNU 11.4.0
[0.365s] -- Detecting C compiler ABI info
[0.554s] -- Detecting C compiler ABI info - done
[0.573s] -- Check for working C compiler: /usr/bin/cc - skipped
[0.576s] -- Detecting C compile features
[0.576s] -- Detecting C compile features - done
[0.580s] -- Detecting CXX compiler ABI info
[0.771s] -- Detecting CXX compiler ABI info - done
[0.793s] -- Check for working CXX compiler: /usr/bin/c++ - skipped
[0.794s] -- Detecting CXX compile features
[0.796s] -- Detecting CXX compile features - done
[0.801s] -- Found ament_cmake_auto: 1.3.12 (/opt/ros/humble/share/ament_cmake_auto/cmake)
[1.179s] -- Found Python3: /usr/bin/python3 (found version "3.10.12") found components: Interpreter 
[1.598s] -- Using all available rosidl_typesupport_c: rosidl_typesupport_fastrtps_c;rosidl_typesupport_introspection_c
[1.611s] -- Found rosidl_adapter: 3.1.7 (/opt/ros/humble/share/rosidl_adapter/cmake)
[1.717s] -- Using all available rosidl_typesupport_cpp: rosidl_typesupport_fastrtps_cpp;rosidl_typesupport_introspection_cpp
[2.551s] -- Found ament_cmake_ros: 0.10.0 (/opt/ros/humble/share/ament_cmake_ros/cmake)
[3.205s] -- Using all available rosidl_typesupport_c: rosidl_typesupport_fastrtps_c;rosidl_typesupport_introspection_c
[4.112s] -- Using all available rosidl_typesupport_cpp: rosidl_typesupport_fastrtps_cpp;rosidl_typesupport_introspection_cpp
[4.189s] -- Found PythonInterp: /usr/bin/python3 (found suitable version "3.10.12", minimum required is "3.6") 
[4.195s] -- Found python_cmake_module: 0.10.0 (/opt/ros/humble/share/python_cmake_module/cmake)
[4.285s] -- Found PythonLibs: /usr/lib/aarch64-linux-gnu/libpython3.10.so (found suitable version "3.10.12", minimum required is "3.5") 
[4.285s] -- Using PYTHON_EXECUTABLE: /usr/bin/python3
[4.285s] -- Using PYTHON_INCLUDE_DIRS: /usr/include/python3.10
[4.286s] -- Using PYTHON_LIBRARIES: /usr/lib/aarch64-linux-gnu/libpython3.10.so
[4.341s] -- Found PythonExtra: .so  
[4.495s] -- Found ament_lint_auto: 0.12.14 (/opt/ros/humble/share/ament_lint_auto/cmake)
[4.535s] -- Added test 'copyright' to check source files copyright and LICENSE
[4.538s] -- Added test 'lint_cmake' to check CMake code style
[4.540s] -- Added test 'xmllint' to check XML markup files
[4.547s] -- Configuring done
[4.657s] -- Generating done
[4.692s] -- Build files have been written to: /home/pao/mushr2_ws/build/vesc_msgs
[4.729s] Invoked command in '/home/pao/mushr2_ws/build/vesc_msgs' returned '0': CMAKE_PREFIX_PATH=${CMAKE_PREFIX_PATH}:/home/pao/mushr2_ws/install/mushr_joy_teleop:/opt/ros/humble /usr/bin/cmake /home/pao/mushr2_ws/src/vesc/vesc_msgs -DCMAKE_INSTALL_PREFIX=/home/pao/mushr2_ws/install/vesc_msgs
[4.737s] Invoking command in '/home/pao/mushr2_ws/build/vesc_msgs': CMAKE_PREFIX_PATH=${CMAKE_PREFIX_PATH}:/home/pao/mushr2_ws/install/mushr_joy_teleop:/opt/ros/humble /usr/bin/cmake --build /home/pao/mushr2_ws/build/vesc_msgs -- -j6 -l6
[4.837s] [  1%] [34m[1mGenerating C code for ROS interfaces[0m
[4.861s] [  3%] [34m[1mGenerating C++ code for ROS interfaces[0m
[4.884s] [  3%] Built target ament_cmake_python_copy_vesc_msgs
[5.495s] running egg_info
[5.497s] creating vesc_msgs.egg-info
[5.498s] writing vesc_msgs.egg-info/PKG-INFO
[5.498s] writing dependency_links to vesc_msgs.egg-info/dependency_links.txt
[5.500s] writing top-level names to vesc_msgs.egg-info/top_level.txt
[5.500s] writing manifest file 'vesc_msgs.egg-info/SOURCES.txt'
[5.506s] reading manifest file 'vesc_msgs.egg-info/SOURCES.txt'
[5.507s] writing manifest file 'vesc_msgs.egg-info/SOURCES.txt'
[5.698s] [  3%] Built target ament_cmake_python_build_vesc_msgs_egg
[6.479s] [  3%] Built target vesc_msgs__cpp
[6.500s] [  5%] [34m[1mGenerating C++ type support dispatch for ROS interfaces[0m
[6.506s] [  7%] [34m[1mGenerating C++ type support for eProsima Fast-RTPS[0m
[6.508s] [  9%] [34m[1mGenerating C++ introspection for ROS interfaces[0m
[6.537s] [ 14%] [32mBuilding C object CMakeFiles/vesc_msgs__rosidl_generator_c.dir/rosidl_generator_c/vesc_msgs/msg/detail/vesc_imu__functions.c.o[0m
[6.538s] [ 14%] [32mBuilding C object CMakeFiles/vesc_msgs__rosidl_generator_c.dir/rosidl_generator_c/vesc_msgs/msg/detail/vesc_state__functions.c.o[0m
[6.541s] [ 14%] [32mBuilding C object CMakeFiles/vesc_msgs__rosidl_generator_c.dir/rosidl_generator_c/vesc_msgs/msg/detail/vesc_state_stamped__functions.c.o[0m
[6.816s] [ 16%] [32mBuilding C object CMakeFiles/vesc_msgs__rosidl_generator_c.dir/rosidl_generator_c/vesc_msgs/msg/detail/vesc_imu_stamped__functions.c.o[0m
[7.015s] [ 18%] [32m[1mLinking C shared library libvesc_msgs__rosidl_generator_c.so[0m
[7.204s] [ 18%] Built target vesc_msgs__rosidl_generator_c
[7.232s] [ 20%] [34m[1mGenerating C introspection for ROS interfaces[0m
[7.245s] [ 21%] [34m[1mGenerating C type support dispatch for ROS interfaces[0m
[7.252s] [ 23%] [34m[1mGenerating C type support for eProsima Fast-RTPS[0m
[8.143s] [ 25%] [32mBuilding CXX object CMakeFiles/vesc_msgs__rosidl_typesupport_cpp.dir/rosidl_typesupport_cpp/vesc_msgs/msg/vesc_state__type_support.cpp.o[0m
[8.199s] [ 27%] [32mBuilding CXX object CMakeFiles/vesc_msgs__rosidl_typesupport_introspection_cpp.dir/rosidl_typesupport_introspection_cpp/vesc_msgs/msg/detail/vesc_state__type_support.cpp.o[0m
[8.403s] [ 29%] [32mBuilding CXX object CMakeFiles/vesc_msgs__rosidl_typesupport_fastrtps_cpp.dir/rosidl_typesupport_fastrtps_cpp/vesc_msgs/msg/detail/dds_fastrtps/vesc_state__type_support.cpp.o[0m
[9.326s] [ 30%] [32mBuilding CXX object CMakeFiles/vesc_msgs__rosidl_typesupport_c.dir/rosidl_typesupport_c/vesc_msgs/msg/vesc_state__type_support.cpp.o[0m
[9.454s] [ 32%] [32mBuilding CXX object CMakeFiles/vesc_msgs__rosidl_typesupport_c.dir/rosidl_typesupport_c/vesc_msgs/msg/vesc_state_stamped__type_support.cpp.o[0m
[9.466s] [ 34%] [32mBuilding CXX object CMakeFiles/vesc_msgs__rosidl_typesupport_cpp.dir/rosidl_typesupport_cpp/vesc_msgs/msg/vesc_state_stamped__type_support.cpp.o[0m
[9.481s] [ 36%] [32mBuilding C object CMakeFiles/vesc_msgs__rosidl_typesupport_introspection_c.dir/rosidl_typesupport_introspection_c/vesc_msgs/msg/detail/vesc_state__type_support.c.o[0m
[9.586s] [ 38%] [32mBuilding CXX object CMakeFiles/vesc_msgs__rosidl_typesupport_fastrtps_c.dir/rosidl_typesupport_fastrtps_c/vesc_msgs/msg/detail/vesc_state__type_support_c.cpp.o[0m
[9.605s] [ 40%] [32mBuilding CXX object CMakeFiles/vesc_msgs__rosidl_typesupport_c.dir/rosidl_typesupport_c/vesc_msgs/msg/vesc_imu__type_support.cpp.o[0m
[9.677s] [ 41%] [32mBuilding C object CMakeFiles/vesc_msgs__rosidl_typesupport_introspection_c.dir/rosidl_typesupport_introspection_c/vesc_msgs/msg/detail/vesc_state_stamped__type_support.c.o[0m
[9.686s] [ 43%] [32mBuilding CXX object CMakeFiles/vesc_msgs__rosidl_typesupport_c.dir/rosidl_typesupport_c/vesc_msgs/msg/vesc_imu_stamped__type_support.cpp.o[0m
[9.774s] [ 45%] [32mBuilding C object CMakeFiles/vesc_msgs__rosidl_typesupport_introspection_c.dir/rosidl_typesupport_introspection_c/vesc_msgs/msg/detail/vesc_imu__type_support.c.o[0m
[9.809s] [ 47%] [32m[1mLinking CXX shared library libvesc_msgs__rosidl_typesupport_c.so[0m
[9.849s] [ 49%] [32mBuilding CXX object CMakeFiles/vesc_msgs__rosidl_typesupport_introspection_cpp.dir/rosidl_typesupport_introspection_cpp/vesc_msgs/msg/detail/vesc_state_stamped__type_support.cpp.o[0m
[9.903s] [ 50%] [32mBuilding C object CMakeFiles/vesc_msgs__rosidl_typesupport_introspection_c.dir/rosidl_typesupport_introspection_c/vesc_msgs/msg/detail/vesc_imu_stamped__type_support.c.o[0m
[9.922s] [ 52%] [32mBuilding CXX object CMakeFiles/vesc_msgs__rosidl_typesupport_fastrtps_cpp.dir/rosidl_typesupport_fastrtps_cpp/vesc_msgs/msg/detail/dds_fastrtps/vesc_state_stamped__type_support.cpp.o[0m
[9.931s] [ 52%] Built target vesc_msgs__rosidl_typesupport_c
[9.975s] [ 54%] [32mBuilding CXX object CMakeFiles/vesc_msgs__rosidl_typesupport_introspection_cpp.dir/rosidl_typesupport_introspection_cpp/vesc_msgs/msg/detail/vesc_imu__type_support.cpp.o[0m
[10.000s] [ 56%] [32m[1mLinking C shared library libvesc_msgs__rosidl_typesupport_introspection_c.so[0m
[10.100s] [ 56%] Built target vesc_msgs__rosidl_typesupport_introspection_c
[10.125s] [ 58%] [32mBuilding CXX object CMakeFiles/vesc_msgs__rosidl_typesupport_fastrtps_c.dir/rosidl_typesupport_fastrtps_c/vesc_msgs/msg/detail/vesc_state_stamped__type_support_c.cpp.o[0m
[10.366s] [ 60%] [32mBuilding CXX object CMakeFiles/vesc_msgs__rosidl_typesupport_cpp.dir/rosidl_typesupport_cpp/vesc_msgs/msg/vesc_imu__type_support.cpp.o[0m
[10.733s] [ 61%] [32mBuilding CXX object CMakeFiles/vesc_msgs__rosidl_typesupport_fastrtps_c.dir/rosidl_typesupport_fastrtps_c/vesc_msgs/msg/detail/vesc_imu__type_support_c.cpp.o[0m
[11.018s] [ 63%] [32mBuilding CXX object CMakeFiles/vesc_msgs__rosidl_typesupport_fastrtps_cpp.dir/rosidl_typesupport_fastrtps_cpp/vesc_msgs/msg/detail/dds_fastrtps/vesc_imu__type_support.cpp.o[0m
[11.073s] [ 65%] [32mBuilding CXX object CMakeFiles/vesc_msgs__rosidl_typesupport_introspection_cpp.dir/rosidl_typesupport_introspection_cpp/vesc_msgs/msg/detail/vesc_imu_stamped__type_support.cpp.o[0m
[11.154s] [ 67%] [32mBuilding CXX object CMakeFiles/vesc_msgs__rosidl_typesupport_fastrtps_c.dir/rosidl_typesupport_fastrtps_c/vesc_msgs/msg/detail/vesc_imu_stamped__type_support_c.cpp.o[0m
[11.185s] [ 69%] [32mBuilding CXX object CMakeFiles/vesc_msgs__rosidl_typesupport_cpp.dir/rosidl_typesupport_cpp/vesc_msgs/msg/vesc_imu_stamped__type_support.cpp.o[0m
[11.251s] [ 70%] [32mBuilding CXX object CMakeFiles/vesc_msgs__rosidl_typesupport_fastrtps_cpp.dir/rosidl_typesupport_fastrtps_cpp/vesc_msgs/msg/detail/dds_fastrtps/vesc_imu_stamped__type_support.cpp.o[0m
[12.010s] [ 72%] [32m[1mLinking CXX shared library libvesc_msgs__rosidl_typesupport_cpp.so[0m
[12.140s] [ 74%] [32m[1mLinking CXX shared library libvesc_msgs__rosidl_typesupport_fastrtps_c.so[0m
[12.153s] [ 74%] Built target vesc_msgs__rosidl_typesupport_cpp
[12.169s] [ 76%] [32m[1mLinking CXX shared library libvesc_msgs__rosidl_typesupport_introspection_cpp.so[0m
[12.421s] [ 76%] Built target vesc_msgs__rosidl_typesupport_introspection_cpp
[12.442s] [ 76%] Built target vesc_msgs__rosidl_typesupport_fastrtps_c
[12.624s] [ 78%] [32m[1mLinking CXX shared library libvesc_msgs__rosidl_typesupport_fastrtps_cpp.so[0m
[12.880s] [ 78%] Built target vesc_msgs__rosidl_typesupport_fastrtps_cpp
[12.932s] [ 78%] Built target vesc_msgs
[12.989s] [ 80%] [34m[1mGenerating Python code for ROS interfaces[0m
[15.213s] [ 80%] Built target vesc_msgs__py
[15.261s] [ 87%] [32mBuilding C object CMakeFiles/vesc_msgs__rosidl_generator_py.dir/rosidl_generator_py/vesc_msgs/msg/_vesc_state_s.c.o[0m
[15.262s] [ 87%] [32mBuilding C object CMakeFiles/vesc_msgs__rosidl_generator_py.dir/rosidl_generator_py/vesc_msgs/msg/_vesc_imu_stamped_s.c.o[0m
[15.262s] [ 87%] [32mBuilding C object CMakeFiles/vesc_msgs__rosidl_generator_py.dir/rosidl_generator_py/vesc_msgs/msg/_vesc_state_stamped_s.c.o[0m
[15.262s] [ 87%] [32mBuilding C object CMakeFiles/vesc_msgs__rosidl_generator_py.dir/rosidl_generator_py/vesc_msgs/msg/_vesc_imu_s.c.o[0m
[15.653s] [ 89%] [32m[1mLinking C shared library rosidl_generator_py/vesc_msgs/libvesc_msgs__rosidl_generator_py.so[0m
[15.756s] [ 89%] Built target vesc_msgs__rosidl_generator_py
[15.806s] [ 94%] [32mBuilding C object CMakeFiles/vesc_msgs__rosidl_typesupport_c__pyext.dir/rosidl_generator_py/vesc_msgs/_vesc_msgs_s.ep.rosidl_typesupport_c.c.o[0m
[15.806s] [ 94%] [32mBuilding C object CMakeFiles/vesc_msgs__rosidl_typesupport_fastrtps_c__pyext.dir/rosidl_generator_py/vesc_msgs/_vesc_msgs_s.ep.rosidl_typesupport_fastrtps_c.c.o[0m
[15.806s] [ 94%] [32mBuilding C object CMakeFiles/vesc_msgs__rosidl_typesupport_introspection_c__pyext.dir/rosidl_generator_py/vesc_msgs/_vesc_msgs_s.ep.rosidl_typesupport_introspection_c.c.o[0m
[16.077s] [ 98%] [32m[1mLinking C shared library rosidl_generator_py/vesc_msgs/vesc_msgs_s__rosidl_typesupport_introspection_c.cpython-310-aarch64-linux-gnu.so[0m
[16.077s] [ 98%] [32m[1mLinking C shared library rosidl_generator_py/vesc_msgs/vesc_msgs_s__rosidl_typesupport_c.cpython-310-aarch64-linux-gnu.so[0m
[16.083s] [100%] [32m[1mLinking C shared library rosidl_generator_py/vesc_msgs/vesc_msgs_s__rosidl_typesupport_fastrtps_c.cpython-310-aarch64-linux-gnu.so[0m
[16.178s] [100%] Built target vesc_msgs__rosidl_typesupport_introspection_c__pyext
[16.178s] [100%] Built target vesc_msgs__rosidl_typesupport_c__pyext
[16.197s] [100%] Built target vesc_msgs__rosidl_typesupport_fastrtps_c__pyext
[16.232s] Invoked command in '/home/pao/mushr2_ws/build/vesc_msgs' returned '0': CMAKE_PREFIX_PATH=${CMAKE_PREFIX_PATH}:/home/pao/mushr2_ws/install/mushr_joy_teleop:/opt/ros/humble /usr/bin/cmake --build /home/pao/mushr2_ws/build/vesc_msgs -- -j6 -l6
[16.259s] Invoking command in '/home/pao/mushr2_ws/build/vesc_msgs': CMAKE_PREFIX_PATH=${CMAKE_PREFIX_PATH}:/home/pao/mushr2_ws/install/mushr_joy_teleop:/opt/ros/humble /usr/bin/cmake --install /home/pao/mushr2_ws/build/vesc_msgs
[16.278s] -- Install configuration: ""
[16.279s] -- Installing: /home/pao/mushr2_ws/install/vesc_msgs/share/ament_index/resource_index/rosidl_interfaces/vesc_msgs
[16.279s] -- Installing: /home/pao/mushr2_ws/install/vesc_msgs/include/vesc_msgs/vesc_msgs
[16.279s] -- Installing: /home/pao/mushr2_ws/install/vesc_msgs/include/vesc_msgs/vesc_msgs/msg
[16.280s] -- Installing: /home/pao/mushr2_ws/install/vesc_msgs/include/vesc_msgs/vesc_msgs/msg/rosidl_generator_c__visibility_control.h
[16.280s] -- Installing: /home/pao/mushr2_ws/install/vesc_msgs/include/vesc_msgs/vesc_msgs/msg/vesc_state.h
[16.280s] -- Installing: /home/pao/mushr2_ws/install/vesc_msgs/include/vesc_msgs/vesc_msgs/msg/vesc_imu.h
[16.280s] -- Installing: /home/pao/mushr2_ws/install/vesc_msgs/include/vesc_msgs/vesc_msgs/msg/detail
[16.280s] -- Installing: /home/pao/mushr2_ws/install/vesc_msgs/include/vesc_msgs/vesc_msgs/msg/detail/vesc_state_stamped__functions.c
[16.281s] -- Installing: /home/pao/mushr2_ws/install/vesc_msgs/include/vesc_msgs/vesc_msgs/msg/detail/vesc_state__functions.c
[16.281s] -- Installing: /home/pao/mushr2_ws/install/vesc_msgs/include/vesc_msgs/vesc_msgs/msg/detail/vesc_state_stamped__struct.h
[16.281s] -- Installing: /home/pao/mushr2_ws/install/vesc_msgs/include/vesc_msgs/vesc_msgs/msg/detail/vesc_state_stamped__type_support.h
[16.281s] -- Installing: /home/pao/mushr2_ws/install/vesc_msgs/include/vesc_msgs/vesc_msgs/msg/detail/vesc_state__type_support.h
[16.282s] -- Installing: /home/pao/mushr2_ws/install/vesc_msgs/include/vesc_msgs/vesc_msgs/msg/detail/vesc_imu__type_support.h
[16.282s] -- Installing: /home/pao/mushr2_ws/install/vesc_msgs/include/vesc_msgs/vesc_msgs/msg/detail/vesc_imu_stamped__functions.h
[16.282s] -- Installing: /home/pao/mushr2_ws/install/vesc_msgs/include/vesc_msgs/vesc_msgs/msg/detail/vesc_state__struct.h
[16.282s] -- Installing: /home/pao/mushr2_ws/install/vesc_msgs/include/vesc_msgs/vesc_msgs/msg/detail/vesc_imu_stamped__functions.c
[16.283s] -- Installing: /home/pao/mushr2_ws/install/vesc_msgs/include/vesc_msgs/vesc_msgs/msg/detail/vesc_state_stamped__functions.h
[16.283s] -- Installing: /home/pao/mushr2_ws/install/vesc_msgs/include/vesc_msgs/vesc_msgs/msg/detail/vesc_imu_stamped__type_support.h
[16.283s] -- Installing: /home/pao/mushr2_ws/install/vesc_msgs/include/vesc_msgs/vesc_msgs/msg/detail/vesc_state__functions.h
[16.283s] -- Installing: /home/pao/mushr2_ws/install/vesc_msgs/include/vesc_msgs/vesc_msgs/msg/detail/vesc_imu_stamped__struct.h
[16.283s] -- Installing: /home/pao/mushr2_ws/install/vesc_msgs/include/vesc_msgs/vesc_msgs/msg/detail/vesc_imu__functions.c
[16.284s] -- Installing: /home/pao/mushr2_ws/install/vesc_msgs/include/vesc_msgs/vesc_msgs/msg/detail/vesc_imu__struct.h
[16.284s] -- Installing: /home/pao/mushr2_ws/install/vesc_msgs/include/vesc_msgs/vesc_msgs/msg/detail/vesc_imu__functions.h
[16.284s] -- Installing: /home/pao/mushr2_ws/install/vesc_msgs/include/vesc_msgs/vesc_msgs/msg/vesc_imu_stamped.h
[16.284s] -- Installing: /home/pao/mushr2_ws/install/vesc_msgs/include/vesc_msgs/vesc_msgs/msg/vesc_state_stamped.h
[16.286s] -- Installing: /home/pao/mushr2_ws/install/vesc_msgs/share/vesc_msgs/environment/library_path.sh
[16.286s] -- Installing: /home/pao/mushr2_ws/install/vesc_msgs/share/vesc_msgs/environment/library_path.dsv
[16.286s] -- Installing: /home/pao/mushr2_ws/install/vesc_msgs/lib/libvesc_msgs__rosidl_generator_c.so
[16.287s] -- Set runtime path of "/home/pao/mushr2_ws/install/vesc_msgs/lib/libvesc_msgs__rosidl_generator_c.so" to ""
[16.287s] -- Up-to-date: /home/pao/mushr2_ws/install/vesc_msgs/include/vesc_msgs/vesc_msgs
[16.287s] -- Up-to-date: /home/pao/mushr2_ws/install/vesc_msgs/include/vesc_msgs/vesc_msgs/msg
[16.288s] -- Up-to-date: /home/pao/mushr2_ws/install/vesc_msgs/include/vesc_msgs/vesc_msgs/msg/detail
[16.288s] -- Installing: /home/pao/mushr2_ws/install/vesc_msgs/include/vesc_msgs/vesc_msgs/msg/detail/vesc_state__rosidl_typesupport_fastrtps_c.h
[16.288s] -- Installing: /home/pao/mushr2_ws/install/vesc_msgs/include/vesc_msgs/vesc_msgs/msg/detail/vesc_imu_stamped__rosidl_typesupport_fastrtps_c.h
[16.288s] -- Installing: /home/pao/mushr2_ws/install/vesc_msgs/include/vesc_msgs/vesc_msgs/msg/detail/vesc_state_stamped__rosidl_typesupport_fastrtps_c.h
[16.288s] -- Installing: /home/pao/mushr2_ws/install/vesc_msgs/include/vesc_msgs/vesc_msgs/msg/detail/vesc_imu__rosidl_typesupport_fastrtps_c.h
[16.288s] -- Installing: /home/pao/mushr2_ws/install/vesc_msgs/include/vesc_msgs/vesc_msgs/msg/rosidl_typesupport_fastrtps_c__visibility_control.h
[16.289s] -- Installing: /home/pao/mushr2_ws/install/vesc_msgs/lib/libvesc_msgs__rosidl_typesupport_fastrtps_c.so
[16.289s] -- Set runtime path of "/home/pao/mushr2_ws/install/vesc_msgs/lib/libvesc_msgs__rosidl_typesupport_fastrtps_c.so" to ""
[16.290s] -- Up-to-date: /home/pao/mushr2_ws/install/vesc_msgs/include/vesc_msgs/vesc_msgs
[16.290s] -- Up-to-date: /home/pao/mushr2_ws/install/vesc_msgs/include/vesc_msgs/vesc_msgs/msg
[16.290s] -- Up-to-date: /home/pao/mushr2_ws/install/vesc_msgs/include/vesc_msgs/vesc_msgs/msg/detail
[16.290s] -- Installing: /home/pao/mushr2_ws/install/vesc_msgs/include/vesc_msgs/vesc_msgs/msg/detail/vesc_imu__type_support.c
[16.290s] -- Installing: /home/pao/mushr2_ws/install/vesc_msgs/include/vesc_msgs/vesc_msgs/msg/detail/vesc_imu_stamped__rosidl_typesupport_introspection_c.h
[16.290s] -- Installing: /home/pao/mushr2_ws/install/vesc_msgs/include/vesc_msgs/vesc_msgs/msg/detail/vesc_state_stamped__type_support.c
[16.291s] -- Installing: /home/pao/mushr2_ws/install/vesc_msgs/include/vesc_msgs/vesc_msgs/msg/detail/vesc_imu_stamped__type_support.c
[16.291s] -- Installing: /home/pao/mushr2_ws/install/vesc_msgs/include/vesc_msgs/vesc_msgs/msg/detail/vesc_state__type_support.c
[16.291s] -- Installing: /home/pao/mushr2_ws/install/vesc_msgs/include/vesc_msgs/vesc_msgs/msg/detail/vesc_state__rosidl_typesupport_introspection_c.h
[16.291s] -- Installing: /home/pao/mushr2_ws/install/vesc_msgs/include/vesc_msgs/vesc_msgs/msg/detail/vesc_imu__rosidl_typesupport_introspection_c.h
[16.292s] -- Installing: /home/pao/mushr2_ws/install/vesc_msgs/include/vesc_msgs/vesc_msgs/msg/detail/vesc_state_stamped__rosidl_typesupport_introspection_c.h
[16.292s] -- Installing: /home/pao/mushr2_ws/install/vesc_msgs/include/vesc_msgs/vesc_msgs/msg/rosidl_typesupport_introspection_c__visibility_control.h
[16.292s] -- Installing: /home/pao/mushr2_ws/install/vesc_msgs/lib/libvesc_msgs__rosidl_typesupport_introspection_c.so
[16.293s] -- Set runtime path of "/home/pao/mushr2_ws/install/vesc_msgs/lib/libvesc_msgs__rosidl_typesupport_introspection_c.so" to ""
[16.293s] -- Installing: /home/pao/mushr2_ws/install/vesc_msgs/lib/libvesc_msgs__rosidl_typesupport_c.so
[16.293s] -- Set runtime path of "/home/pao/mushr2_ws/install/vesc_msgs/lib/libvesc_msgs__rosidl_typesupport_c.so" to ""
[16.294s] -- Up-to-date: /home/pao/mushr2_ws/install/vesc_msgs/include/vesc_msgs/vesc_msgs
[16.294s] -- Up-to-date: /home/pao/mushr2_ws/install/vesc_msgs/include/vesc_msgs/vesc_msgs/msg
[16.294s] -- Installing: /home/pao/mushr2_ws/install/vesc_msgs/include/vesc_msgs/vesc_msgs/msg/vesc_state_stamped.hpp
[16.294s] -- Installing: /home/pao/mushr2_ws/install/vesc_msgs/include/vesc_msgs/vesc_msgs/msg/rosidl_generator_cpp__visibility_control.hpp
[16.294s] -- Up-to-date: /home/pao/mushr2_ws/install/vesc_msgs/include/vesc_msgs/vesc_msgs/msg/detail
[16.294s] -- Installing: /home/pao/mushr2_ws/install/vesc_msgs/include/vesc_msgs/vesc_msgs/msg/detail/vesc_state__traits.hpp
[16.295s] -- Installing: /home/pao/mushr2_ws/install/vesc_msgs/include/vesc_msgs/vesc_msgs/msg/detail/vesc_imu__builder.hpp
[16.295s] -- Installing: /home/pao/mushr2_ws/install/vesc_msgs/include/vesc_msgs/vesc_msgs/msg/detail/vesc_state__type_support.hpp
[16.295s] -- Installing: /home/pao/mushr2_ws/install/vesc_msgs/include/vesc_msgs/vesc_msgs/msg/detail/vesc_state_stamped__traits.hpp
[16.295s] -- Installing: /home/pao/mushr2_ws/install/vesc_msgs/include/vesc_msgs/vesc_msgs/msg/detail/vesc_state_stamped__builder.hpp
[16.295s] -- Installing: /home/pao/mushr2_ws/install/vesc_msgs/include/vesc_msgs/vesc_msgs/msg/detail/vesc_imu__struct.hpp
[16.296s] -- Installing: /home/pao/mushr2_ws/install/vesc_msgs/include/vesc_msgs/vesc_msgs/msg/detail/vesc_state_stamped__type_support.hpp
[16.296s] -- Installing: /home/pao/mushr2_ws/install/vesc_msgs/include/vesc_msgs/vesc_msgs/msg/detail/vesc_imu_stamped__type_support.hpp
[16.296s] -- Installing: /home/pao/mushr2_ws/install/vesc_msgs/include/vesc_msgs/vesc_msgs/msg/detail/vesc_imu_stamped__builder.hpp
[16.296s] -- Installing: /home/pao/mushr2_ws/install/vesc_msgs/include/vesc_msgs/vesc_msgs/msg/detail/vesc_imu_stamped__struct.hpp
[16.297s] -- Installing: /home/pao/mushr2_ws/install/vesc_msgs/include/vesc_msgs/vesc_msgs/msg/detail/vesc_state__struct.hpp
[16.297s] -- Installing: /home/pao/mushr2_ws/install/vesc_msgs/include/vesc_msgs/vesc_msgs/msg/detail/vesc_state__builder.hpp
[16.297s] -- Installing: /home/pao/mushr2_ws/install/vesc_msgs/include/vesc_msgs/vesc_msgs/msg/detail/vesc_imu__traits.hpp
[16.297s] -- Installing: /home/pao/mushr2_ws/install/vesc_msgs/include/vesc_msgs/vesc_msgs/msg/detail/vesc_state_stamped__struct.hpp
[16.298s] -- Installing: /home/pao/mushr2_ws/install/vesc_msgs/include/vesc_msgs/vesc_msgs/msg/detail/vesc_imu_stamped__traits.hpp
[16.298s] -- Installing: /home/pao/mushr2_ws/install/vesc_msgs/include/vesc_msgs/vesc_msgs/msg/detail/vesc_imu__type_support.hpp
[16.298s] -- Installing: /home/pao/mushr2_ws/install/vesc_msgs/include/vesc_msgs/vesc_msgs/msg/vesc_imu.hpp
[16.298s] -- Installing: /home/pao/mushr2_ws/install/vesc_msgs/include/vesc_msgs/vesc_msgs/msg/vesc_imu_stamped.hpp
[16.299s] -- Installing: /home/pao/mushr2_ws/install/vesc_msgs/include/vesc_msgs/vesc_msgs/msg/vesc_state.hpp
[16.299s] -- Up-to-date: /home/pao/mushr2_ws/install/vesc_msgs/include/vesc_msgs/vesc_msgs
[16.299s] -- Up-to-date: /home/pao/mushr2_ws/install/vesc_msgs/include/vesc_msgs/vesc_msgs/msg
[16.299s] -- Up-to-date: /home/pao/mushr2_ws/install/vesc_msgs/include/vesc_msgs/vesc_msgs/msg/detail
[16.299s] -- Installing: /home/pao/mushr2_ws/install/vesc_msgs/include/vesc_msgs/vesc_msgs/msg/detail/dds_fastrtps
[16.300s] -- Installing: /home/pao/mushr2_ws/install/vesc_msgs/include/vesc_msgs/vesc_msgs/msg/detail/vesc_imu__rosidl_typesupport_fastrtps_cpp.hpp
[16.300s] -- Installing: /home/pao/mushr2_ws/install/vesc_msgs/include/vesc_msgs/vesc_msgs/msg/detail/vesc_state_stamped__rosidl_typesupport_fastrtps_cpp.hpp
[16.301s] -- Installing: /home/pao/mushr2_ws/install/vesc_msgs/include/vesc_msgs/vesc_msgs/msg/detail/vesc_imu_stamped__rosidl_typesupport_fastrtps_cpp.hpp
[16.301s] -- Installing: /home/pao/mushr2_ws/install/vesc_msgs/include/vesc_msgs/vesc_msgs/msg/detail/vesc_state__rosidl_typesupport_fastrtps_cpp.hpp
[16.301s] -- Installing: /home/pao/mushr2_ws/install/vesc_msgs/include/vesc_msgs/vesc_msgs/msg/rosidl_typesupport_fastrtps_cpp__visibility_control.h
[16.302s] -- Installing: /home/pao/mushr2_ws/install/vesc_msgs/lib/libvesc_msgs__rosidl_typesupport_fastrtps_cpp.so
[16.302s] -- Set runtime path of "/home/pao/mushr2_ws/install/vesc_msgs/lib/libvesc_msgs__rosidl_typesupport_fastrtps_cpp.so" to ""
[16.302s] -- Up-to-date: /home/pao/mushr2_ws/install/vesc_msgs/include/vesc_msgs/vesc_msgs
[16.303s] -- Up-to-date: /home/pao/mushr2_ws/install/vesc_msgs/include/vesc_msgs/vesc_msgs/msg
[16.303s] -- Up-to-date: /home/pao/mushr2_ws/install/vesc_msgs/include/vesc_msgs/vesc_msgs/msg/detail
[16.303s] -- Installing: /home/pao/mushr2_ws/install/vesc_msgs/include/vesc_msgs/vesc_msgs/msg/detail/vesc_state__rosidl_typesupport_introspection_cpp.hpp
[16.304s] -- Installing: /home/pao/mushr2_ws/install/vesc_msgs/include/vesc_msgs/vesc_msgs/msg/detail/vesc_state_stamped__rosidl_typesupport_introspection_cpp.hpp
[16.304s] -- Installing: /home/pao/mushr2_ws/install/vesc_msgs/include/vesc_msgs/vesc_msgs/msg/detail/vesc_imu_stamped__rosidl_typesupport_introspection_cpp.hpp
[16.304s] -- Installing: /home/pao/mushr2_ws/install/vesc_msgs/include/vesc_msgs/vesc_msgs/msg/detail/vesc_state__type_support.cpp
[16.304s] -- Installing: /home/pao/mushr2_ws/install/vesc_msgs/include/vesc_msgs/vesc_msgs/msg/detail/vesc_state_stamped__type_support.cpp
[16.305s] -- Installing: /home/pao/mushr2_ws/install/vesc_msgs/include/vesc_msgs/vesc_msgs/msg/detail/vesc_imu__rosidl_typesupport_introspection_cpp.hpp
[16.305s] -- Installing: /home/pao/mushr2_ws/install/vesc_msgs/include/vesc_msgs/vesc_msgs/msg/detail/vesc_imu_stamped__type_support.cpp
[16.305s] -- Installing: /home/pao/mushr2_ws/install/vesc_msgs/include/vesc_msgs/vesc_msgs/msg/detail/vesc_imu__type_support.cpp
[16.306s] -- Installing: /home/pao/mushr2_ws/install/vesc_msgs/lib/libvesc_msgs__rosidl_typesupport_introspection_cpp.so
[16.306s] -- Set runtime path of "/home/pao/mushr2_ws/install/vesc_msgs/lib/libvesc_msgs__rosidl_typesupport_introspection_cpp.so" to ""
[16.306s] -- Installing: /home/pao/mushr2_ws/install/vesc_msgs/lib/libvesc_msgs__rosidl_typesupport_cpp.so
[16.306s] -- Set runtime path of "/home/pao/mushr2_ws/install/vesc_msgs/lib/libvesc_msgs__rosidl_typesupport_cpp.so" to ""
[16.307s] -- Installing: /home/pao/mushr2_ws/install/vesc_msgs/share/vesc_msgs/environment/pythonpath.sh
[16.307s] -- Installing: /home/pao/mushr2_ws/install/vesc_msgs/share/vesc_msgs/environment/pythonpath.dsv
[16.307s] -- Installing: /home/pao/mushr2_ws/install/vesc_msgs/local/lib/python3.10/dist-packages/vesc_msgs-1.1.0-py3.10.egg-info
[16.308s] -- Installing: /home/pao/mushr2_ws/install/vesc_msgs/local/lib/python3.10/dist-packages/vesc_msgs-1.1.0-py3.10.egg-info/top_level.txt
[16.308s] -- Installing: /home/pao/mushr2_ws/install/vesc_msgs/local/lib/python3.10/dist-packages/vesc_msgs-1.1.0-py3.10.egg-info/SOURCES.txt
[16.308s] -- Installing: /home/pao/mushr2_ws/install/vesc_msgs/local/lib/python3.10/dist-packages/vesc_msgs-1.1.0-py3.10.egg-info/PKG-INFO
[16.308s] -- Installing: /home/pao/mushr2_ws/install/vesc_msgs/local/lib/python3.10/dist-packages/vesc_msgs-1.1.0-py3.10.egg-info/dependency_links.txt
[16.309s] -- Installing: /home/pao/mushr2_ws/install/vesc_msgs/local/lib/python3.10/dist-packages/vesc_msgs
[16.309s] -- Installing: /home/pao/mushr2_ws/install/vesc_msgs/local/lib/python3.10/dist-packages/vesc_msgs/vesc_msgs_s__rosidl_typesupport_introspection_c.cpython-310-aarch64-linux-gnu.so
[16.309s] -- Installing: /home/pao/mushr2_ws/install/vesc_msgs/local/lib/python3.10/dist-packages/vesc_msgs/vesc_msgs_s__rosidl_typesupport_c.cpython-310-aarch64-linux-gnu.so
[16.310s] -- Installing: /home/pao/mushr2_ws/install/vesc_msgs/local/lib/python3.10/dist-packages/vesc_msgs/vesc_msgs_s__rosidl_typesupport_fastrtps_c.cpython-310-aarch64-linux-gnu.so
[16.310s] -- Installing: /home/pao/mushr2_ws/install/vesc_msgs/local/lib/python3.10/dist-packages/vesc_msgs/_vesc_msgs_s.ep.rosidl_typesupport_fastrtps_c.c
[16.310s] -- Installing: /home/pao/mushr2_ws/install/vesc_msgs/local/lib/python3.10/dist-packages/vesc_msgs/_vesc_msgs_s.ep.rosidl_typesupport_introspection_c.c
[16.311s] -- Installing: /home/pao/mushr2_ws/install/vesc_msgs/local/lib/python3.10/dist-packages/vesc_msgs/msg
[16.311s] -- Installing: /home/pao/mushr2_ws/install/vesc_msgs/local/lib/python3.10/dist-packages/vesc_msgs/msg/_vesc_state_s.c
[16.311s] -- Installing: /home/pao/mushr2_ws/install/vesc_msgs/local/lib/python3.10/dist-packages/vesc_msgs/msg/_vesc_state.py
[16.311s] -- Installing: /home/pao/mushr2_ws/install/vesc_msgs/local/lib/python3.10/dist-packages/vesc_msgs/msg/_vesc_imu_stamped.py
[16.312s] -- Installing: /home/pao/mushr2_ws/install/vesc_msgs/local/lib/python3.10/dist-packages/vesc_msgs/msg/_vesc_state_stamped.py
[16.312s] -- Installing: /home/pao/mushr2_ws/install/vesc_msgs/local/lib/python3.10/dist-packages/vesc_msgs/msg/_vesc_imu_stamped_s.c
[16.312s] -- Installing: /home/pao/mushr2_ws/install/vesc_msgs/local/lib/python3.10/dist-packages/vesc_msgs/msg/_vesc_imu_s.c
[16.313s] -- Installing: /home/pao/mushr2_ws/install/vesc_msgs/local/lib/python3.10/dist-packages/vesc_msgs/msg/__init__.py
[16.313s] -- Installing: /home/pao/mushr2_ws/install/vesc_msgs/local/lib/python3.10/dist-packages/vesc_msgs/msg/_vesc_imu.py
[16.313s] -- Installing: /home/pao/mushr2_ws/install/vesc_msgs/local/lib/python3.10/dist-packages/vesc_msgs/msg/_vesc_state_stamped_s.c
[16.313s] -- Installing: /home/pao/mushr2_ws/install/vesc_msgs/local/lib/python3.10/dist-packages/vesc_msgs/_vesc_msgs_s.ep.rosidl_typesupport_c.c
[16.313s] -- Installing: /home/pao/mushr2_ws/install/vesc_msgs/local/lib/python3.10/dist-packages/vesc_msgs/__init__.py
[16.314s] -- Installing: /home/pao/mushr2_ws/install/vesc_msgs/local/lib/python3.10/dist-packages/vesc_msgs/libvesc_msgs__rosidl_generator_py.so
[16.412s] Listing '/home/pao/mushr2_ws/install/vesc_msgs/local/lib/python3.10/dist-packages/vesc_msgs'...
[16.412s] Compiling '/home/pao/mushr2_ws/install/vesc_msgs/local/lib/python3.10/dist-packages/vesc_msgs/__init__.py'...
[16.413s] Listing '/home/pao/mushr2_ws/install/vesc_msgs/local/lib/python3.10/dist-packages/vesc_msgs/msg'...
[16.413s] Compiling '/home/pao/mushr2_ws/install/vesc_msgs/local/lib/python3.10/dist-packages/vesc_msgs/msg/__init__.py'...
[16.413s] Compiling '/home/pao/mushr2_ws/install/vesc_msgs/local/lib/python3.10/dist-packages/vesc_msgs/msg/_vesc_imu.py'...
[16.413s] Compiling '/home/pao/mushr2_ws/install/vesc_msgs/local/lib/python3.10/dist-packages/vesc_msgs/msg/_vesc_imu_stamped.py'...
[16.414s] Compiling '/home/pao/mushr2_ws/install/vesc_msgs/local/lib/python3.10/dist-packages/vesc_msgs/msg/_vesc_state.py'...
[16.414s] Compiling '/home/pao/mushr2_ws/install/vesc_msgs/local/lib/python3.10/dist-packages/vesc_msgs/msg/_vesc_state_stamped.py'...
[16.429s] -- Installing: /home/pao/mushr2_ws/install/vesc_msgs/local/lib/python3.10/dist-packages/vesc_msgs/vesc_msgs_s__rosidl_typesupport_fastrtps_c.cpython-310-aarch64-linux-gnu.so
[16.431s] -- Set runtime path of "/home/pao/mushr2_ws/install/vesc_msgs/local/lib/python3.10/dist-packages/vesc_msgs/vesc_msgs_s__rosidl_typesupport_fastrtps_c.cpython-310-aarch64-linux-gnu.so" to ""
[16.431s] -- Installing: /home/pao/mushr2_ws/install/vesc_msgs/local/lib/python3.10/dist-packages/vesc_msgs/vesc_msgs_s__rosidl_typesupport_introspection_c.cpython-310-aarch64-linux-gnu.so
[16.431s] -- Set runtime path of "/home/pao/mushr2_ws/install/vesc_msgs/local/lib/python3.10/dist-packages/vesc_msgs/vesc_msgs_s__rosidl_typesupport_introspection_c.cpython-310-aarch64-linux-gnu.so" to ""
[16.432s] -- Installing: /home/pao/mushr2_ws/install/vesc_msgs/local/lib/python3.10/dist-packages/vesc_msgs/vesc_msgs_s__rosidl_typesupport_c.cpython-310-aarch64-linux-gnu.so
[16.432s] -- Set runtime path of "/home/pao/mushr2_ws/install/vesc_msgs/local/lib/python3.10/dist-packages/vesc_msgs/vesc_msgs_s__rosidl_typesupport_c.cpython-310-aarch64-linux-gnu.so" to ""
[16.432s] -- Installing: /home/pao/mushr2_ws/install/vesc_msgs/lib/libvesc_msgs__rosidl_generator_py.so
[16.433s] -- Set runtime path of "/home/pao/mushr2_ws/install/vesc_msgs/lib/libvesc_msgs__rosidl_generator_py.so" to ""
[16.434s] -- Installing: /home/pao/mushr2_ws/install/vesc_msgs/share/vesc_msgs/msg/VescState.idl
[16.434s] -- Installing: /home/pao/mushr2_ws/install/vesc_msgs/share/vesc_msgs/msg/VescStateStamped.idl
[16.434s] -- Installing: /home/pao/mushr2_ws/install/vesc_msgs/share/vesc_msgs/msg/VescImu.idl
[16.435s] -- Installing: /home/pao/mushr2_ws/install/vesc_msgs/share/vesc_msgs/msg/VescImuStamped.idl
[16.435s] -- Installing: /home/pao/mushr2_ws/install/vesc_msgs/share/vesc_msgs/msg/VescState.msg
[16.435s] -- Installing: /home/pao/mushr2_ws/install/vesc_msgs/share/vesc_msgs/msg/VescStateStamped.msg
[16.435s] -- Installing: /home/pao/mushr2_ws/install/vesc_msgs/share/vesc_msgs/msg/VescImu.msg
[16.436s] -- Installing: /home/pao/mushr2_ws/install/vesc_msgs/share/vesc_msgs/msg/VescImuStamped.msg
[16.436s] -- Installing: /home/pao/mushr2_ws/install/vesc_msgs/share/ament_index/resource_index/package_run_dependencies/vesc_msgs
[16.436s] -- Installing: /home/pao/mushr2_ws/install/vesc_msgs/share/ament_index/resource_index/parent_prefix_path/vesc_msgs
[16.437s] -- Installing: /home/pao/mushr2_ws/install/vesc_msgs/share/vesc_msgs/environment/ament_prefix_path.sh
[16.437s] -- Installing: /home/pao/mushr2_ws/install/vesc_msgs/share/vesc_msgs/environment/ament_prefix_path.dsv
[16.437s] -- Installing: /home/pao/mushr2_ws/install/vesc_msgs/share/vesc_msgs/environment/path.sh
[16.437s] -- Installing: /home/pao/mushr2_ws/install/vesc_msgs/share/vesc_msgs/environment/path.dsv
[16.438s] -- Installing: /home/pao/mushr2_ws/install/vesc_msgs/share/vesc_msgs/local_setup.bash
[16.438s] -- Installing: /home/pao/mushr2_ws/install/vesc_msgs/share/vesc_msgs/local_setup.sh
[16.438s] -- Installing: /home/pao/mushr2_ws/install/vesc_msgs/share/vesc_msgs/local_setup.zsh
[16.439s] -- Installing: /home/pao/mushr2_ws/install/vesc_msgs/share/vesc_msgs/local_setup.dsv
[16.439s] -- Installing: /home/pao/mushr2_ws/install/vesc_msgs/share/vesc_msgs/package.dsv
[16.439s] -- Installing: /home/pao/mushr2_ws/install/vesc_msgs/share/ament_index/resource_index/packages/vesc_msgs
[16.439s] -- Installing: /home/pao/mushr2_ws/install/vesc_msgs/share/vesc_msgs/cmake/export_vesc_msgs__rosidl_generator_cExport.cmake
[16.440s] -- Installing: /home/pao/mushr2_ws/install/vesc_msgs/share/vesc_msgs/cmake/export_vesc_msgs__rosidl_generator_cExport-noconfig.cmake
[16.440s] -- Installing: /home/pao/mushr2_ws/install/vesc_msgs/share/vesc_msgs/cmake/export_vesc_msgs__rosidl_typesupport_fastrtps_cExport.cmake
[16.440s] -- Installing: /home/pao/mushr2_ws/install/vesc_msgs/share/vesc_msgs/cmake/export_vesc_msgs__rosidl_typesupport_fastrtps_cExport-noconfig.cmake
[16.441s] -- Installing: /home/pao/mushr2_ws/install/vesc_msgs/share/vesc_msgs/cmake/vesc_msgs__rosidl_typesupport_introspection_cExport.cmake
[16.441s] -- Installing: /home/pao/mushr2_ws/install/vesc_msgs/share/vesc_msgs/cmake/vesc_msgs__rosidl_typesupport_introspection_cExport-noconfig.cmake
[16.441s] -- Installing: /home/pao/mushr2_ws/install/vesc_msgs/share/vesc_msgs/cmake/vesc_msgs__rosidl_typesupport_cExport.cmake
[16.441s] -- Installing: /home/pao/mushr2_ws/install/vesc_msgs/share/vesc_msgs/cmake/vesc_msgs__rosidl_typesupport_cExport-noconfig.cmake
[16.442s] -- Installing: /home/pao/mushr2_ws/install/vesc_msgs/share/vesc_msgs/cmake/export_vesc_msgs__rosidl_generator_cppExport.cmake
[16.442s] -- Installing: /home/pao/mushr2_ws/install/vesc_msgs/share/vesc_msgs/cmake/export_vesc_msgs__rosidl_typesupport_fastrtps_cppExport.cmake
[16.442s] -- Installing: /home/pao/mushr2_ws/install/vesc_msgs/share/vesc_msgs/cmake/export_vesc_msgs__rosidl_typesupport_fastrtps_cppExport-noconfig.cmake
[16.443s] -- Installing: /home/pao/mushr2_ws/install/vesc_msgs/share/vesc_msgs/cmake/vesc_msgs__rosidl_typesupport_introspection_cppExport.cmake
[16.443s] -- Installing: /home/pao/mushr2_ws/install/vesc_msgs/share/vesc_msgs/cmake/vesc_msgs__rosidl_typesupport_introspection_cppExport-noconfig.cmake
[16.443s] -- Installing: /home/pao/mushr2_ws/install/vesc_msgs/share/vesc_msgs/cmake/vesc_msgs__rosidl_typesupport_cppExport.cmake
[16.444s] -- Installing: /home/pao/mushr2_ws/install/vesc_msgs/share/vesc_msgs/cmake/vesc_msgs__rosidl_typesupport_cppExport-noconfig.cmake
[16.444s] -- Installing: /home/pao/mushr2_ws/install/vesc_msgs/share/vesc_msgs/cmake/export_vesc_msgs__rosidl_generator_pyExport.cmake
[16.444s] -- Installing: /home/pao/mushr2_ws/install/vesc_msgs/share/vesc_msgs/cmake/export_vesc_msgs__rosidl_generator_pyExport-noconfig.cmake
[16.445s] -- Installing: /home/pao/mushr2_ws/install/vesc_msgs/share/vesc_msgs/cmake/rosidl_cmake-extras.cmake
[16.445s] -- Installing: /home/pao/mushr2_ws/install/vesc_msgs/share/vesc_msgs/cmake/ament_cmake_export_dependencies-extras.cmake
[16.445s] -- Installing: /home/pao/mushr2_ws/install/vesc_msgs/share/vesc_msgs/cmake/ament_cmake_export_include_directories-extras.cmake
[16.445s] -- Installing: /home/pao/mushr2_ws/install/vesc_msgs/share/vesc_msgs/cmake/ament_cmake_export_libraries-extras.cmake
[16.446s] -- Installing: /home/pao/mushr2_ws/install/vesc_msgs/share/vesc_msgs/cmake/ament_cmake_export_targets-extras.cmake
[16.446s] -- Installing: /home/pao/mushr2_ws/install/vesc_msgs/share/vesc_msgs/cmake/rosidl_cmake_export_typesupport_targets-extras.cmake
[16.446s] -- Installing: /home/pao/mushr2_ws/install/vesc_msgs/share/vesc_msgs/cmake/rosidl_cmake_export_typesupport_libraries-extras.cmake
[16.447s] -- Installing: /home/pao/mushr2_ws/install/vesc_msgs/share/vesc_msgs/cmake/vesc_msgsConfig.cmake
[16.447s] -- Installing: /home/pao/mushr2_ws/install/vesc_msgs/share/vesc_msgs/cmake/vesc_msgsConfig-version.cmake
[16.447s] -- Installing: /home/pao/mushr2_ws/install/vesc_msgs/share/vesc_msgs/package.xml
[16.457s] Invoked command in '/home/pao/mushr2_ws/build/vesc_msgs' returned '0': CMAKE_PREFIX_PATH=${CMAKE_PREFIX_PATH}:/home/pao/mushr2_ws/install/mushr_joy_teleop:/opt/ros/humble /usr/bin/cmake --install /home/pao/mushr2_ws/build/vesc_msgs
