running egg_info
creating ../../build/mushr_joy_teleop/mushr_joy_teleop.egg-info
writing ../../build/mushr_joy_teleop/mushr_joy_teleop.egg-info/PKG-INFO
writing dependency_links to ../../build/mushr_joy_teleop/mushr_joy_teleop.egg-info/dependency_links.txt
writing entry points to ../../build/mushr_joy_teleop/mushr_joy_teleop.egg-info/entry_points.txt
writing requirements to ../../build/mushr_joy_teleop/mushr_joy_teleop.egg-info/requires.txt
writing top-level names to ../../build/mushr_joy_teleop/mushr_joy_teleop.egg-info/top_level.txt
writing manifest file '../../build/mushr_joy_teleop/mushr_joy_teleop.egg-info/SOURCES.txt'
reading manifest file '../../build/mushr_joy_teleop/mushr_joy_teleop.egg-info/SOURCES.txt'
writing manifest file '../../build/mushr_joy_teleop/mushr_joy_teleop.egg-info/SOURCES.txt'
running build
running build_py
creating /home/pao/mushr2_ws/build/mushr_joy_teleop/build
creating /home/pao/mushr2_ws/build/mushr_joy_teleop/build/lib
creating /home/pao/mushr2_ws/build/mushr_joy_teleop/build/lib/mushr_joy_teleop
copying mushr_joy_teleop/joy_teleop_node.py -> /home/pao/mushr2_ws/build/mushr_joy_teleop/build/lib/mushr_joy_teleop
copying mushr_joy_teleop/__init__.py -> /home/pao/mushr2_ws/build/mushr_joy_teleop/build/lib/mushr_joy_teleop
running install
running install_lib
creating /home/pao/mushr2_ws/install/mushr_joy_teleop/lib/python3.10/site-packages/mushr_joy_teleop
copying /home/pao/mushr2_ws/build/mushr_joy_teleop/build/lib/mushr_joy_teleop/joy_teleop_node.py -> /home/pao/mushr2_ws/install/mushr_joy_teleop/lib/python3.10/site-packages/mushr_joy_teleop
copying /home/pao/mushr2_ws/build/mushr_joy_teleop/build/lib/mushr_joy_teleop/__init__.py -> /home/pao/mushr2_ws/install/mushr_joy_teleop/lib/python3.10/site-packages/mushr_joy_teleop
byte-compiling /home/pao/mushr2_ws/install/mushr_joy_teleop/lib/python3.10/site-packages/mushr_joy_teleop/joy_teleop_node.py to joy_teleop_node.cpython-310.pyc
byte-compiling /home/pao/mushr2_ws/install/mushr_joy_teleop/lib/python3.10/site-packages/mushr_joy_teleop/__init__.py to __init__.cpython-310.pyc
running install_data
creating /home/pao/mushr2_ws/install/mushr_joy_teleop/share/ament_index
creating /home/pao/mushr2_ws/install/mushr_joy_teleop/share/ament_index/resource_index
creating /home/pao/mushr2_ws/install/mushr_joy_teleop/share/ament_index/resource_index/packages
copying resource/mushr_joy_teleop -> /home/pao/mushr2_ws/install/mushr_joy_teleop/share/ament_index/resource_index/packages
copying package.xml -> /home/pao/mushr2_ws/install/mushr_joy_teleop/share/mushr_joy_teleop
running install_egg_info
Copying ../../build/mushr_joy_teleop/mushr_joy_teleop.egg-info to /home/pao/mushr2_ws/install/mushr_joy_teleop/lib/python3.10/site-packages/mushr_joy_teleop-0.0.0-py3.10.egg-info
running install_scripts
Installing joy_teleop script to /home/pao/mushr2_ws/install/mushr_joy_teleop/lib/mushr_joy_teleop
writing list of installed files to '/home/pao/mushr2_ws/build/mushr_joy_teleop/install.log'
