[1.875s] Invoking command in '/home/pao/mushr2_ws/build/mushr_joy_teleop': PYTHONPATH=/home/pao/mushr2_ws/build/mushr_joy_teleop/prefix_override:/usr/lib/python3/dist-packages/colcon_core/task/python/colcon_distutils_commands:/home/pao/mushr2_ws/install/mushr_joy_teleop/lib/python3.10/site-packages:${PYTHONPATH} /usr/bin/python3 -W ignore:setup.py install is deprecated -W ignore:easy_install command is deprecated setup.py develop --editable --build-directory /home/pao/mushr2_ws/build/mushr_joy_teleop/build --no-deps symlink_data --force
[2.586s] running develop
[2.982s] running egg_info
[2.983s] writing mushr_joy_teleop.egg-info/PKG-INFO
[2.984s] writing dependency_links to mushr_joy_teleop.egg-info/dependency_links.txt
[2.985s] writing entry points to mushr_joy_teleop.egg-info/entry_points.txt
[2.988s] writing requirements to mushr_joy_teleop.egg-info/requires.txt
[2.988s] writing top-level names to mushr_joy_teleop.egg-info/top_level.txt
[2.991s] reading manifest file 'mushr_joy_teleop.egg-info/SOURCES.txt'
[2.993s] writing manifest file 'mushr_joy_teleop.egg-info/SOURCES.txt'
[2.998s] running build_ext
[2.998s] Creating /home/pao/mushr2_ws/install/mushr_joy_teleop/lib/python3.10/site-packages/mushr-joy-teleop.egg-link (link to .)
[3.001s] Installing joy_teleop script to /home/pao/mushr2_ws/install/mushr_joy_teleop/lib/mushr_joy_teleop
[3.002s] Installing joy_to_speed_direct script to /home/pao/mushr2_ws/install/mushr_joy_teleop/lib/mushr_joy_teleop
[3.002s] 
[3.002s] Installed /home/pao/mushr2_ws/build/mushr_joy_teleop
[3.003s] running symlink_data
[3.003s] symbolically linking /home/pao/mushr2_ws/build/mushr_joy_teleop/resource/mushr_joy_teleop -> /home/pao/mushr2_ws/install/mushr_joy_teleop/share/ament_index/resource_index/packages
[3.003s] symbolically linking /home/pao/mushr2_ws/build/mushr_joy_teleop/package.xml -> /home/pao/mushr2_ws/install/mushr_joy_teleop/share/mushr_joy_teleop
[3.133s] Invoked command in '/home/pao/mushr2_ws/build/mushr_joy_teleop' returned '0': PYTHONPATH=/home/pao/mushr2_ws/build/mushr_joy_teleop/prefix_override:/usr/lib/python3/dist-packages/colcon_core/task/python/colcon_distutils_commands:/home/pao/mushr2_ws/install/mushr_joy_teleop/lib/python3.10/site-packages:${PYTHONPATH} /usr/bin/python3 -W ignore:setup.py install is deprecated -W ignore:easy_install command is deprecated setup.py develop --editable --build-directory /home/pao/mushr2_ws/build/mushr_joy_teleop/build --no-deps symlink_data --force
