[1.511s] Invoking command in '/home/pao/mushr2_ws/src/mushr_joy_teleop': PYTHONPATH=/home/pao/mushr2_ws/build/mushr_joy_teleop/prefix_override:/usr/lib/python3/dist-packages/colcon_core/task/python/colcon_distutils_commands:/home/pao/mushr2_ws/install/mushr_joy_teleop/lib/python3.10/site-packages:${PYTHONPATH} /usr/bin/python3 -W ignore:setup.py install is deprecated -W ignore:easy_install command is deprecated setup.py egg_info --egg-base ../../build/mushr_joy_teleop build --build-base /home/pao/mushr2_ws/build/mushr_joy_teleop/build install --record /home/pao/mushr2_ws/build/mushr_joy_teleop/install.log --single-version-externally-managed install_data
[2.073s] running egg_info
[2.075s] writing ../../build/mushr_joy_teleop/mushr_joy_teleop.egg-info/PKG-INFO
[2.076s] writing dependency_links to ../../build/mushr_joy_teleop/mushr_joy_teleop.egg-info/dependency_links.txt
[2.076s] writing entry points to ../../build/mushr_joy_teleop/mushr_joy_teleop.egg-info/entry_points.txt
[2.076s] writing requirements to ../../build/mushr_joy_teleop/mushr_joy_teleop.egg-info/requires.txt
[2.077s] writing top-level names to ../../build/mushr_joy_teleop/mushr_joy_teleop.egg-info/top_level.txt
[2.082s] reading manifest file '../../build/mushr_joy_teleop/mushr_joy_teleop.egg-info/SOURCES.txt'
[2.085s] writing manifest file '../../build/mushr_joy_teleop/mushr_joy_teleop.egg-info/SOURCES.txt'
[2.091s] running build
[2.091s] running build_py
[2.092s] copying mushr_joy_teleop/joy_to_speed.py -> /home/pao/mushr2_ws/build/mushr_joy_teleop/build/lib/mushr_joy_teleop
[2.093s] running install
[2.094s] running install_lib
[2.094s] copying /home/pao/mushr2_ws/build/mushr_joy_teleop/build/lib/mushr_joy_teleop/joy_to_speed.py -> /home/pao/mushr2_ws/install/mushr_joy_teleop/lib/python3.10/site-packages/mushr_joy_teleop
[2.094s] byte-compiling /home/pao/mushr2_ws/install/mushr_joy_teleop/lib/python3.10/site-packages/mushr_joy_teleop/joy_to_speed.py to joy_to_speed.cpython-310.pyc
[2.095s] running install_data
[2.095s] running install_egg_info
[2.098s] removing '/home/pao/mushr2_ws/install/mushr_joy_teleop/lib/python3.10/site-packages/mushr_joy_teleop-0.0.0-py3.10.egg-info' (and everything under it)
[2.099s] Copying ../../build/mushr_joy_teleop/mushr_joy_teleop.egg-info to /home/pao/mushr2_ws/install/mushr_joy_teleop/lib/python3.10/site-packages/mushr_joy_teleop-0.0.0-py3.10.egg-info
[2.101s] running install_scripts
[2.153s] Installing joy_teleop script to /home/pao/mushr2_ws/install/mushr_joy_teleop/lib/mushr_joy_teleop
[2.154s] Installing joy_to_speed script to /home/pao/mushr2_ws/install/mushr_joy_teleop/lib/mushr_joy_teleop
[2.155s] writing list of installed files to '/home/pao/mushr2_ws/build/mushr_joy_teleop/install.log'
[2.245s] Invoked command in '/home/pao/mushr2_ws/src/mushr_joy_teleop' returned '0': PYTHONPATH=/home/pao/mushr2_ws/build/mushr_joy_teleop/prefix_override:/usr/lib/python3/dist-packages/colcon_core/task/python/colcon_distutils_commands:/home/pao/mushr2_ws/install/mushr_joy_teleop/lib/python3.10/site-packages:${PYTHONPATH} /usr/bin/python3 -W ignore:setup.py install is deprecated -W ignore:easy_install command is deprecated setup.py egg_info --egg-base ../../build/mushr_joy_teleop build --build-base /home/pao/mushr2_ws/build/mushr_joy_teleop/build install --record /home/pao/mushr2_ws/build/mushr_joy_teleop/install.log --single-version-externally-managed install_data
