[0.034s] Invoking command in '/home/pao/mushr2_ws/build/vesc_msgs': CMAKE_PREFIX_PATH=${CMAKE_PREFIX_PATH}:/home/pao/mushr2_ws/install/mushr_joy_teleop:/opt/ros/humble /usr/bin/cmake /home/pao/mushr2_ws/src/vesc/vesc_msgs -DCMAKE_INSTALL_PREFIX=/home/pao/mushr2_ws/install/vesc_msgs
[0.187s] -- The C compiler identification is GNU 11.4.0
[0.316s] -- The CXX compiler identification is GNU 11.4.0
[0.332s] -- Detecting C compiler ABI info
[0.505s] -- Detecting C compiler ABI info - done
[0.520s] -- Check for working C compiler: /usr/bin/cc - skipped
[0.520s] -- Detecting C compile features
[0.521s] -- Detecting C compile features - done
[0.530s] -- Detecting CXX compiler ABI info
[0.713s] -- Detecting CXX compiler ABI info - done
[0.727s] -- Check for working CXX compiler: /usr/bin/c++ - skipped
[0.728s] -- Detecting CXX compile features
[0.729s] -- Detecting CXX compile features - done
[0.735s] -- Found ament_cmake_auto: 1.3.12 (/opt/ros/humble/share/ament_cmake_auto/cmake)
[1.117s] -- Found Python3: /usr/bin/python3 (found version "3.10.12") found components: Interpreter 
[1.547s] -- Using all available rosidl_typesupport_c: rosidl_typesupport_fastrtps_c;rosidl_typesupport_introspection_c
[1.563s] -- Found rosidl_adapter: 3.1.7 (/opt/ros/humble/share/rosidl_adapter/cmake)
[1.666s] -- Using all available rosidl_typesupport_cpp: rosidl_typesupport_fastrtps_cpp;rosidl_typesupport_introspection_cpp
[2.579s] -- Found ament_cmake_ros: 0.10.0 (/opt/ros/humble/share/ament_cmake_ros/cmake)
[3.216s] -- Using all available rosidl_typesupport_c: rosidl_typesupport_fastrtps_c;rosidl_typesupport_introspection_c
[4.131s] -- Using all available rosidl_typesupport_cpp: rosidl_typesupport_fastrtps_cpp;rosidl_typesupport_introspection_cpp
[4.194s] -- Found PythonInterp: /usr/bin/python3 (found suitable version "3.10.12", minimum required is "3.6") 
[4.203s] -- Found python_cmake_module: 0.10.0 (/opt/ros/humble/share/python_cmake_module/cmake)
[4.275s] -- Found PythonLibs: /usr/lib/aarch64-linux-gnu/libpython3.10.so (found suitable version "3.10.12", minimum required is "3.5") 
[4.276s] -- Using PYTHON_EXECUTABLE: /usr/bin/python3
[4.276s] -- Using PYTHON_INCLUDE_DIRS: /usr/include/python3.10
[4.276s] -- Using PYTHON_LIBRARIES: /usr/lib/aarch64-linux-gnu/libpython3.10.so
[4.330s] -- Found PythonExtra: .so  
[4.476s] -- Found ament_lint_auto: 0.12.14 (/opt/ros/humble/share/ament_lint_auto/cmake)
[4.525s] -- Added test 'copyright' to check source files copyright and LICENSE
[4.528s] -- Added test 'lint_cmake' to check CMake code style
[4.531s] -- Added test 'xmllint' to check XML markup files
[4.535s] -- Configuring done
[4.632s] -- Generating done
[4.664s] -- Build files have been written to: /home/pao/mushr2_ws/build/vesc_msgs
[4.695s] Invoked command in '/home/pao/mushr2_ws/build/vesc_msgs' returned '0': CMAKE_PREFIX_PATH=${CMAKE_PREFIX_PATH}:/home/pao/mushr2_ws/install/mushr_joy_teleop:/opt/ros/humble /usr/bin/cmake /home/pao/mushr2_ws/src/vesc/vesc_msgs -DCMAKE_INSTALL_PREFIX=/home/pao/mushr2_ws/install/vesc_msgs
[4.701s] Invoking command in '/home/pao/mushr2_ws/build/vesc_msgs': CMAKE_PREFIX_PATH=${CMAKE_PREFIX_PATH}:/home/pao/mushr2_ws/install/mushr_joy_teleop:/opt/ros/humble /usr/bin/cmake --build /home/pao/mushr2_ws/build/vesc_msgs -- -j6 -l6
[4.796s] [35m[1mConsolidate compiler generated dependencies of target vesc_msgs__rosidl_generator_c[0m
[4.818s] [  1%] Built target vesc_msgs__cpp
[4.830s] [ 12%] Built target vesc_msgs__rosidl_generator_c
[4.845s] [ 12%] Built target ament_cmake_python_copy_vesc_msgs
[4.846s] [35m[1mConsolidate compiler generated dependencies of target vesc_msgs__rosidl_typesupport_fastrtps_cpp[0m
[4.847s] [35m[1mConsolidate compiler generated dependencies of target vesc_msgs__rosidl_typesupport_introspection_cpp[0m
[4.869s] [35m[1mConsolidate compiler generated dependencies of target vesc_msgs__rosidl_typesupport_fastrtps_c[0m
[4.870s] [35m[1mConsolidate compiler generated dependencies of target vesc_msgs__rosidl_typesupport_cpp[0m
[4.880s] [35m[1mConsolidate compiler generated dependencies of target vesc_msgs__rosidl_typesupport_introspection_c[0m
[4.888s] [ 23%] Built target vesc_msgs__rosidl_typesupport_fastrtps_cpp
[4.894s] [35m[1mConsolidate compiler generated dependencies of target vesc_msgs__rosidl_typesupport_c[0m
[4.900s] [ 34%] Built target vesc_msgs__rosidl_typesupport_introspection_cpp
[4.923s] [ 45%] Built target vesc_msgs__rosidl_typesupport_introspection_c
[4.924s] [ 56%] Built target vesc_msgs__rosidl_typesupport_cpp
[4.928s] [ 67%] Built target vesc_msgs__rosidl_typesupport_c
[4.937s] [ 78%] Built target vesc_msgs__rosidl_typesupport_fastrtps_c
[4.994s] [ 78%] Built target vesc_msgs
[5.053s] [ 80%] Built target vesc_msgs__py
[5.082s] [35m[1mConsolidate compiler generated dependencies of target vesc_msgs__rosidl_generator_py[0m
[5.118s] [ 89%] Built target vesc_msgs__rosidl_generator_py
[5.142s] [35m[1mConsolidate compiler generated dependencies of target vesc_msgs__rosidl_typesupport_fastrtps_c__pyext[0m
[5.143s] [35m[1mConsolidate compiler generated dependencies of target vesc_msgs__rosidl_typesupport_introspection_c__pyext[0m
[5.147s] [35m[1mConsolidate compiler generated dependencies of target vesc_msgs__rosidl_typesupport_c__pyext[0m
[5.176s] [ 92%] Built target vesc_msgs__rosidl_typesupport_fastrtps_c__pyext
[5.178s] [ 96%] Built target vesc_msgs__rosidl_typesupport_introspection_c__pyext
[5.182s] [100%] Built target vesc_msgs__rosidl_typesupport_c__pyext
[5.471s] running egg_info
[5.472s] writing vesc_msgs.egg-info/PKG-INFO
[5.473s] writing dependency_links to vesc_msgs.egg-info/dependency_links.txt
[5.474s] writing top-level names to vesc_msgs.egg-info/top_level.txt
[5.479s] reading manifest file 'vesc_msgs.egg-info/SOURCES.txt'
[5.480s] writing manifest file 'vesc_msgs.egg-info/SOURCES.txt'
[5.562s] [100%] Built target ament_cmake_python_build_vesc_msgs_egg
[5.591s] Invoked command in '/home/pao/mushr2_ws/build/vesc_msgs' returned '0': CMAKE_PREFIX_PATH=${CMAKE_PREFIX_PATH}:/home/pao/mushr2_ws/install/mushr_joy_teleop:/opt/ros/humble /usr/bin/cmake --build /home/pao/mushr2_ws/build/vesc_msgs -- -j6 -l6
[5.617s] Invoking command in '/home/pao/mushr2_ws/build/vesc_msgs': CMAKE_PREFIX_PATH=${CMAKE_PREFIX_PATH}:/home/pao/mushr2_ws/install/mushr_joy_teleop:/opt/ros/humble /usr/bin/cmake --install /home/pao/mushr2_ws/build/vesc_msgs
[5.637s] -- Install configuration: ""
[5.637s] -- Up-to-date: /home/pao/mushr2_ws/install/vesc_msgs/share/ament_index/resource_index/rosidl_interfaces/vesc_msgs
[5.638s] -- Up-to-date: /home/pao/mushr2_ws/install/vesc_msgs/include/vesc_msgs/vesc_msgs
[5.638s] -- Up-to-date: /home/pao/mushr2_ws/install/vesc_msgs/include/vesc_msgs/vesc_msgs/msg
[5.638s] -- Up-to-date: /home/pao/mushr2_ws/install/vesc_msgs/include/vesc_msgs/vesc_msgs/msg/rosidl_generator_c__visibility_control.h
[5.638s] -- Up-to-date: /home/pao/mushr2_ws/install/vesc_msgs/include/vesc_msgs/vesc_msgs/msg/vesc_state.h
[5.638s] -- Up-to-date: /home/pao/mushr2_ws/install/vesc_msgs/include/vesc_msgs/vesc_msgs/msg/vesc_imu.h
[5.639s] -- Up-to-date: /home/pao/mushr2_ws/install/vesc_msgs/include/vesc_msgs/vesc_msgs/msg/detail
[5.639s] -- Up-to-date: /home/pao/mushr2_ws/install/vesc_msgs/include/vesc_msgs/vesc_msgs/msg/detail/vesc_state_stamped__functions.c
[5.639s] -- Up-to-date: /home/pao/mushr2_ws/install/vesc_msgs/include/vesc_msgs/vesc_msgs/msg/detail/vesc_state__functions.c
[5.639s] -- Up-to-date: /home/pao/mushr2_ws/install/vesc_msgs/include/vesc_msgs/vesc_msgs/msg/detail/vesc_state_stamped__struct.h
[5.639s] -- Up-to-date: /home/pao/mushr2_ws/install/vesc_msgs/include/vesc_msgs/vesc_msgs/msg/detail/vesc_state_stamped__type_support.h
[5.640s] -- Up-to-date: /home/pao/mushr2_ws/install/vesc_msgs/include/vesc_msgs/vesc_msgs/msg/detail/vesc_state__type_support.h
[5.640s] -- Up-to-date: /home/pao/mushr2_ws/install/vesc_msgs/include/vesc_msgs/vesc_msgs/msg/detail/vesc_imu__type_support.h
[5.640s] -- Up-to-date: /home/pao/mushr2_ws/install/vesc_msgs/include/vesc_msgs/vesc_msgs/msg/detail/vesc_imu_stamped__functions.h
[5.640s] -- Up-to-date: /home/pao/mushr2_ws/install/vesc_msgs/include/vesc_msgs/vesc_msgs/msg/detail/vesc_state__struct.h
[5.640s] -- Up-to-date: /home/pao/mushr2_ws/install/vesc_msgs/include/vesc_msgs/vesc_msgs/msg/detail/vesc_imu_stamped__functions.c
[5.641s] -- Up-to-date: /home/pao/mushr2_ws/install/vesc_msgs/include/vesc_msgs/vesc_msgs/msg/detail/vesc_state_stamped__functions.h
[5.641s] -- Up-to-date: /home/pao/mushr2_ws/install/vesc_msgs/include/vesc_msgs/vesc_msgs/msg/detail/vesc_imu_stamped__type_support.h
[5.641s] -- Up-to-date: /home/pao/mushr2_ws/install/vesc_msgs/include/vesc_msgs/vesc_msgs/msg/detail/vesc_state__functions.h
[5.641s] -- Up-to-date: /home/pao/mushr2_ws/install/vesc_msgs/include/vesc_msgs/vesc_msgs/msg/detail/vesc_imu_stamped__struct.h
[5.641s] -- Up-to-date: /home/pao/mushr2_ws/install/vesc_msgs/include/vesc_msgs/vesc_msgs/msg/detail/vesc_imu__functions.c
[5.642s] -- Up-to-date: /home/pao/mushr2_ws/install/vesc_msgs/include/vesc_msgs/vesc_msgs/msg/detail/vesc_imu__struct.h
[5.642s] -- Up-to-date: /home/pao/mushr2_ws/install/vesc_msgs/include/vesc_msgs/vesc_msgs/msg/detail/vesc_imu__functions.h
[5.642s] -- Up-to-date: /home/pao/mushr2_ws/install/vesc_msgs/include/vesc_msgs/vesc_msgs/msg/vesc_imu_stamped.h
[5.642s] -- Up-to-date: /home/pao/mushr2_ws/install/vesc_msgs/include/vesc_msgs/vesc_msgs/msg/vesc_state_stamped.h
[5.643s] -- Up-to-date: /home/pao/mushr2_ws/install/vesc_msgs/share/vesc_msgs/environment/library_path.sh
[5.643s] -- Installing: /home/pao/mushr2_ws/install/vesc_msgs/share/vesc_msgs/environment/library_path.dsv
[5.643s] -- Up-to-date: /home/pao/mushr2_ws/install/vesc_msgs/lib/libvesc_msgs__rosidl_generator_c.so
[5.643s] -- Up-to-date: /home/pao/mushr2_ws/install/vesc_msgs/include/vesc_msgs/vesc_msgs
[5.643s] -- Up-to-date: /home/pao/mushr2_ws/install/vesc_msgs/include/vesc_msgs/vesc_msgs/msg
[5.644s] -- Up-to-date: /home/pao/mushr2_ws/install/vesc_msgs/include/vesc_msgs/vesc_msgs/msg/detail
[5.644s] -- Up-to-date: /home/pao/mushr2_ws/install/vesc_msgs/include/vesc_msgs/vesc_msgs/msg/detail/vesc_state__rosidl_typesupport_fastrtps_c.h
[5.644s] -- Up-to-date: /home/pao/mushr2_ws/install/vesc_msgs/include/vesc_msgs/vesc_msgs/msg/detail/vesc_imu_stamped__rosidl_typesupport_fastrtps_c.h
[5.644s] -- Up-to-date: /home/pao/mushr2_ws/install/vesc_msgs/include/vesc_msgs/vesc_msgs/msg/detail/vesc_state_stamped__rosidl_typesupport_fastrtps_c.h
[5.644s] -- Up-to-date: /home/pao/mushr2_ws/install/vesc_msgs/include/vesc_msgs/vesc_msgs/msg/detail/vesc_imu__rosidl_typesupport_fastrtps_c.h
[5.645s] -- Up-to-date: /home/pao/mushr2_ws/install/vesc_msgs/include/vesc_msgs/vesc_msgs/msg/rosidl_typesupport_fastrtps_c__visibility_control.h
[5.645s] -- Up-to-date: /home/pao/mushr2_ws/install/vesc_msgs/lib/libvesc_msgs__rosidl_typesupport_fastrtps_c.so
[5.645s] -- Up-to-date: /home/pao/mushr2_ws/install/vesc_msgs/include/vesc_msgs/vesc_msgs
[5.645s] -- Up-to-date: /home/pao/mushr2_ws/install/vesc_msgs/include/vesc_msgs/vesc_msgs/msg
[5.645s] -- Up-to-date: /home/pao/mushr2_ws/install/vesc_msgs/include/vesc_msgs/vesc_msgs/msg/detail
[5.645s] -- Up-to-date: /home/pao/mushr2_ws/install/vesc_msgs/include/vesc_msgs/vesc_msgs/msg/detail/vesc_imu__type_support.c
[5.646s] -- Up-to-date: /home/pao/mushr2_ws/install/vesc_msgs/include/vesc_msgs/vesc_msgs/msg/detail/vesc_imu_stamped__rosidl_typesupport_introspection_c.h
[5.646s] -- Up-to-date: /home/pao/mushr2_ws/install/vesc_msgs/include/vesc_msgs/vesc_msgs/msg/detail/vesc_state_stamped__type_support.c
[5.646s] -- Up-to-date: /home/pao/mushr2_ws/install/vesc_msgs/include/vesc_msgs/vesc_msgs/msg/detail/vesc_imu_stamped__type_support.c
[5.646s] -- Up-to-date: /home/pao/mushr2_ws/install/vesc_msgs/include/vesc_msgs/vesc_msgs/msg/detail/vesc_state__type_support.c
[5.647s] -- Up-to-date: /home/pao/mushr2_ws/install/vesc_msgs/include/vesc_msgs/vesc_msgs/msg/detail/vesc_state__rosidl_typesupport_introspection_c.h
[5.647s] -- Up-to-date: /home/pao/mushr2_ws/install/vesc_msgs/include/vesc_msgs/vesc_msgs/msg/detail/vesc_imu__rosidl_typesupport_introspection_c.h
[5.647s] -- Up-to-date: /home/pao/mushr2_ws/install/vesc_msgs/include/vesc_msgs/vesc_msgs/msg/detail/vesc_state_stamped__rosidl_typesupport_introspection_c.h
[5.648s] -- Up-to-date: /home/pao/mushr2_ws/install/vesc_msgs/include/vesc_msgs/vesc_msgs/msg/rosidl_typesupport_introspection_c__visibility_control.h
[5.648s] -- Up-to-date: /home/pao/mushr2_ws/install/vesc_msgs/lib/libvesc_msgs__rosidl_typesupport_introspection_c.so
[5.648s] -- Up-to-date: /home/pao/mushr2_ws/install/vesc_msgs/lib/libvesc_msgs__rosidl_typesupport_c.so
[5.648s] -- Up-to-date: /home/pao/mushr2_ws/install/vesc_msgs/include/vesc_msgs/vesc_msgs
[5.648s] -- Up-to-date: /home/pao/mushr2_ws/install/vesc_msgs/include/vesc_msgs/vesc_msgs/msg
[5.649s] -- Up-to-date: /home/pao/mushr2_ws/install/vesc_msgs/include/vesc_msgs/vesc_msgs/msg/vesc_state_stamped.hpp
[5.649s] -- Up-to-date: /home/pao/mushr2_ws/install/vesc_msgs/include/vesc_msgs/vesc_msgs/msg/rosidl_generator_cpp__visibility_control.hpp
[5.649s] -- Up-to-date: /home/pao/mushr2_ws/install/vesc_msgs/include/vesc_msgs/vesc_msgs/msg/detail
[5.649s] -- Up-to-date: /home/pao/mushr2_ws/install/vesc_msgs/include/vesc_msgs/vesc_msgs/msg/detail/vesc_state__traits.hpp
[5.649s] -- Up-to-date: /home/pao/mushr2_ws/install/vesc_msgs/include/vesc_msgs/vesc_msgs/msg/detail/vesc_imu__builder.hpp
[5.649s] -- Up-to-date: /home/pao/mushr2_ws/install/vesc_msgs/include/vesc_msgs/vesc_msgs/msg/detail/vesc_state__type_support.hpp
[5.649s] -- Up-to-date: /home/pao/mushr2_ws/install/vesc_msgs/include/vesc_msgs/vesc_msgs/msg/detail/vesc_state_stamped__traits.hpp
[5.649s] -- Up-to-date: /home/pao/mushr2_ws/install/vesc_msgs/include/vesc_msgs/vesc_msgs/msg/detail/vesc_state_stamped__builder.hpp
[5.650s] -- Up-to-date: /home/pao/mushr2_ws/install/vesc_msgs/include/vesc_msgs/vesc_msgs/msg/detail/vesc_imu__struct.hpp
[5.650s] -- Up-to-date: /home/pao/mushr2_ws/install/vesc_msgs/include/vesc_msgs/vesc_msgs/msg/detail/vesc_state_stamped__type_support.hpp
[5.650s] -- Up-to-date: /home/pao/mushr2_ws/install/vesc_msgs/include/vesc_msgs/vesc_msgs/msg/detail/vesc_imu_stamped__type_support.hpp
[5.650s] -- Up-to-date: /home/pao/mushr2_ws/install/vesc_msgs/include/vesc_msgs/vesc_msgs/msg/detail/vesc_imu_stamped__builder.hpp
[5.650s] -- Up-to-date: /home/pao/mushr2_ws/install/vesc_msgs/include/vesc_msgs/vesc_msgs/msg/detail/vesc_imu_stamped__struct.hpp
[5.650s] -- Up-to-date: /home/pao/mushr2_ws/install/vesc_msgs/include/vesc_msgs/vesc_msgs/msg/detail/vesc_state__struct.hpp
[5.650s] -- Up-to-date: /home/pao/mushr2_ws/install/vesc_msgs/include/vesc_msgs/vesc_msgs/msg/detail/vesc_state__builder.hpp
[5.651s] -- Up-to-date: /home/pao/mushr2_ws/install/vesc_msgs/include/vesc_msgs/vesc_msgs/msg/detail/vesc_imu__traits.hpp
[5.651s] -- Up-to-date: /home/pao/mushr2_ws/install/vesc_msgs/include/vesc_msgs/vesc_msgs/msg/detail/vesc_state_stamped__struct.hpp
[5.651s] -- Up-to-date: /home/pao/mushr2_ws/install/vesc_msgs/include/vesc_msgs/vesc_msgs/msg/detail/vesc_imu_stamped__traits.hpp
[5.651s] -- Up-to-date: /home/pao/mushr2_ws/install/vesc_msgs/include/vesc_msgs/vesc_msgs/msg/detail/vesc_imu__type_support.hpp
[5.651s] -- Up-to-date: /home/pao/mushr2_ws/install/vesc_msgs/include/vesc_msgs/vesc_msgs/msg/vesc_imu.hpp
[5.651s] -- Up-to-date: /home/pao/mushr2_ws/install/vesc_msgs/include/vesc_msgs/vesc_msgs/msg/vesc_imu_stamped.hpp
[5.651s] -- Up-to-date: /home/pao/mushr2_ws/install/vesc_msgs/include/vesc_msgs/vesc_msgs/msg/vesc_state.hpp
[5.651s] -- Up-to-date: /home/pao/mushr2_ws/install/vesc_msgs/include/vesc_msgs/vesc_msgs
[5.652s] -- Up-to-date: /home/pao/mushr2_ws/install/vesc_msgs/include/vesc_msgs/vesc_msgs/msg
[5.652s] -- Up-to-date: /home/pao/mushr2_ws/install/vesc_msgs/include/vesc_msgs/vesc_msgs/msg/detail
[5.652s] -- Up-to-date: /home/pao/mushr2_ws/install/vesc_msgs/include/vesc_msgs/vesc_msgs/msg/detail/dds_fastrtps
[5.652s] -- Up-to-date: /home/pao/mushr2_ws/install/vesc_msgs/include/vesc_msgs/vesc_msgs/msg/detail/vesc_imu__rosidl_typesupport_fastrtps_cpp.hpp
[5.652s] -- Up-to-date: /home/pao/mushr2_ws/install/vesc_msgs/include/vesc_msgs/vesc_msgs/msg/detail/vesc_state_stamped__rosidl_typesupport_fastrtps_cpp.hpp
[5.652s] -- Up-to-date: /home/pao/mushr2_ws/install/vesc_msgs/include/vesc_msgs/vesc_msgs/msg/detail/vesc_imu_stamped__rosidl_typesupport_fastrtps_cpp.hpp
[5.652s] -- Up-to-date: /home/pao/mushr2_ws/install/vesc_msgs/include/vesc_msgs/vesc_msgs/msg/detail/vesc_state__rosidl_typesupport_fastrtps_cpp.hpp
[5.653s] -- Up-to-date: /home/pao/mushr2_ws/install/vesc_msgs/include/vesc_msgs/vesc_msgs/msg/rosidl_typesupport_fastrtps_cpp__visibility_control.h
[5.653s] -- Up-to-date: /home/pao/mushr2_ws/install/vesc_msgs/lib/libvesc_msgs__rosidl_typesupport_fastrtps_cpp.so
[5.653s] -- Up-to-date: /home/pao/mushr2_ws/install/vesc_msgs/include/vesc_msgs/vesc_msgs
[5.653s] -- Up-to-date: /home/pao/mushr2_ws/install/vesc_msgs/include/vesc_msgs/vesc_msgs/msg
[5.653s] -- Up-to-date: /home/pao/mushr2_ws/install/vesc_msgs/include/vesc_msgs/vesc_msgs/msg/detail
[5.653s] -- Up-to-date: /home/pao/mushr2_ws/install/vesc_msgs/include/vesc_msgs/vesc_msgs/msg/detail/vesc_state__rosidl_typesupport_introspection_cpp.hpp
[5.653s] -- Up-to-date: /home/pao/mushr2_ws/install/vesc_msgs/include/vesc_msgs/vesc_msgs/msg/detail/vesc_state_stamped__rosidl_typesupport_introspection_cpp.hpp
[5.654s] -- Up-to-date: /home/pao/mushr2_ws/install/vesc_msgs/include/vesc_msgs/vesc_msgs/msg/detail/vesc_imu_stamped__rosidl_typesupport_introspection_cpp.hpp
[5.654s] -- Up-to-date: /home/pao/mushr2_ws/install/vesc_msgs/include/vesc_msgs/vesc_msgs/msg/detail/vesc_state__type_support.cpp
[5.654s] -- Up-to-date: /home/pao/mushr2_ws/install/vesc_msgs/include/vesc_msgs/vesc_msgs/msg/detail/vesc_state_stamped__type_support.cpp
[5.654s] -- Up-to-date: /home/pao/mushr2_ws/install/vesc_msgs/include/vesc_msgs/vesc_msgs/msg/detail/vesc_imu__rosidl_typesupport_introspection_cpp.hpp
[5.654s] -- Up-to-date: /home/pao/mushr2_ws/install/vesc_msgs/include/vesc_msgs/vesc_msgs/msg/detail/vesc_imu_stamped__type_support.cpp
[5.654s] -- Up-to-date: /home/pao/mushr2_ws/install/vesc_msgs/include/vesc_msgs/vesc_msgs/msg/detail/vesc_imu__type_support.cpp
[5.654s] -- Up-to-date: /home/pao/mushr2_ws/install/vesc_msgs/lib/libvesc_msgs__rosidl_typesupport_introspection_cpp.so
[5.654s] -- Up-to-date: /home/pao/mushr2_ws/install/vesc_msgs/lib/libvesc_msgs__rosidl_typesupport_cpp.so
[5.655s] -- Up-to-date: /home/pao/mushr2_ws/install/vesc_msgs/share/vesc_msgs/environment/pythonpath.sh
[5.655s] -- Installing: /home/pao/mushr2_ws/install/vesc_msgs/share/vesc_msgs/environment/pythonpath.dsv
[5.655s] -- Up-to-date: /home/pao/mushr2_ws/install/vesc_msgs/local/lib/python3.10/dist-packages/vesc_msgs-1.1.0-py3.10.egg-info
[5.655s] -- Installing: /home/pao/mushr2_ws/install/vesc_msgs/local/lib/python3.10/dist-packages/vesc_msgs-1.1.0-py3.10.egg-info/top_level.txt
[5.655s] -- Installing: /home/pao/mushr2_ws/install/vesc_msgs/local/lib/python3.10/dist-packages/vesc_msgs-1.1.0-py3.10.egg-info/SOURCES.txt
[5.655s] -- Installing: /home/pao/mushr2_ws/install/vesc_msgs/local/lib/python3.10/dist-packages/vesc_msgs-1.1.0-py3.10.egg-info/PKG-INFO
[5.655s] -- Installing: /home/pao/mushr2_ws/install/vesc_msgs/local/lib/python3.10/dist-packages/vesc_msgs-1.1.0-py3.10.egg-info/dependency_links.txt
[5.655s] -- Up-to-date: /home/pao/mushr2_ws/install/vesc_msgs/local/lib/python3.10/dist-packages/vesc_msgs
[5.656s] -- Up-to-date: /home/pao/mushr2_ws/install/vesc_msgs/local/lib/python3.10/dist-packages/vesc_msgs/vesc_msgs_s__rosidl_typesupport_introspection_c.cpython-310-aarch64-linux-gnu.so
[5.656s] -- Up-to-date: /home/pao/mushr2_ws/install/vesc_msgs/local/lib/python3.10/dist-packages/vesc_msgs/vesc_msgs_s__rosidl_typesupport_c.cpython-310-aarch64-linux-gnu.so
[5.656s] -- Up-to-date: /home/pao/mushr2_ws/install/vesc_msgs/local/lib/python3.10/dist-packages/vesc_msgs/vesc_msgs_s__rosidl_typesupport_fastrtps_c.cpython-310-aarch64-linux-gnu.so
[5.656s] -- Up-to-date: /home/pao/mushr2_ws/install/vesc_msgs/local/lib/python3.10/dist-packages/vesc_msgs/_vesc_msgs_s.ep.rosidl_typesupport_fastrtps_c.c
[5.656s] -- Up-to-date: /home/pao/mushr2_ws/install/vesc_msgs/local/lib/python3.10/dist-packages/vesc_msgs/_vesc_msgs_s.ep.rosidl_typesupport_introspection_c.c
[5.656s] -- Up-to-date: /home/pao/mushr2_ws/install/vesc_msgs/local/lib/python3.10/dist-packages/vesc_msgs/msg
[5.656s] -- Up-to-date: /home/pao/mushr2_ws/install/vesc_msgs/local/lib/python3.10/dist-packages/vesc_msgs/msg/_vesc_state_s.c
[5.657s] -- Up-to-date: /home/pao/mushr2_ws/install/vesc_msgs/local/lib/python3.10/dist-packages/vesc_msgs/msg/_vesc_state.py
[5.657s] -- Up-to-date: /home/pao/mushr2_ws/install/vesc_msgs/local/lib/python3.10/dist-packages/vesc_msgs/msg/_vesc_imu_stamped.py
[5.657s] -- Up-to-date: /home/pao/mushr2_ws/install/vesc_msgs/local/lib/python3.10/dist-packages/vesc_msgs/msg/_vesc_state_stamped.py
[5.657s] -- Up-to-date: /home/pao/mushr2_ws/install/vesc_msgs/local/lib/python3.10/dist-packages/vesc_msgs/msg/_vesc_imu_stamped_s.c
[5.657s] -- Up-to-date: /home/pao/mushr2_ws/install/vesc_msgs/local/lib/python3.10/dist-packages/vesc_msgs/msg/_vesc_imu_s.c
[5.657s] -- Up-to-date: /home/pao/mushr2_ws/install/vesc_msgs/local/lib/python3.10/dist-packages/vesc_msgs/msg/__init__.py
[5.657s] -- Up-to-date: /home/pao/mushr2_ws/install/vesc_msgs/local/lib/python3.10/dist-packages/vesc_msgs/msg/_vesc_imu.py
[5.657s] -- Up-to-date: /home/pao/mushr2_ws/install/vesc_msgs/local/lib/python3.10/dist-packages/vesc_msgs/msg/_vesc_state_stamped_s.c
[5.658s] -- Up-to-date: /home/pao/mushr2_ws/install/vesc_msgs/local/lib/python3.10/dist-packages/vesc_msgs/_vesc_msgs_s.ep.rosidl_typesupport_c.c
[5.658s] -- Installing: /home/pao/mushr2_ws/install/vesc_msgs/local/lib/python3.10/dist-packages/vesc_msgs/__init__.py
[5.658s] -- Up-to-date: /home/pao/mushr2_ws/install/vesc_msgs/local/lib/python3.10/dist-packages/vesc_msgs/libvesc_msgs__rosidl_generator_py.so
[5.729s] Listing '/home/pao/mushr2_ws/install/vesc_msgs/local/lib/python3.10/dist-packages/vesc_msgs'...
[5.729s] Compiling '/home/pao/mushr2_ws/install/vesc_msgs/local/lib/python3.10/dist-packages/vesc_msgs/__init__.py'...
[5.730s] Listing '/home/pao/mushr2_ws/install/vesc_msgs/local/lib/python3.10/dist-packages/vesc_msgs/msg'...
[5.744s] -- Up-to-date: /home/pao/mushr2_ws/install/vesc_msgs/local/lib/python3.10/dist-packages/vesc_msgs/vesc_msgs_s__rosidl_typesupport_fastrtps_c.cpython-310-aarch64-linux-gnu.so
[5.744s] -- Up-to-date: /home/pao/mushr2_ws/install/vesc_msgs/local/lib/python3.10/dist-packages/vesc_msgs/vesc_msgs_s__rosidl_typesupport_introspection_c.cpython-310-aarch64-linux-gnu.so
[5.745s] -- Up-to-date: /home/pao/mushr2_ws/install/vesc_msgs/local/lib/python3.10/dist-packages/vesc_msgs/vesc_msgs_s__rosidl_typesupport_c.cpython-310-aarch64-linux-gnu.so
[5.745s] -- Up-to-date: /home/pao/mushr2_ws/install/vesc_msgs/lib/libvesc_msgs__rosidl_generator_py.so
[5.746s] -- Up-to-date: /home/pao/mushr2_ws/install/vesc_msgs/share/vesc_msgs/msg/VescState.idl
[5.746s] -- Up-to-date: /home/pao/mushr2_ws/install/vesc_msgs/share/vesc_msgs/msg/VescStateStamped.idl
[5.747s] -- Up-to-date: /home/pao/mushr2_ws/install/vesc_msgs/share/vesc_msgs/msg/VescImu.idl
[5.747s] -- Up-to-date: /home/pao/mushr2_ws/install/vesc_msgs/share/vesc_msgs/msg/VescImuStamped.idl
[5.748s] -- Up-to-date: /home/pao/mushr2_ws/install/vesc_msgs/share/vesc_msgs/msg/VescState.msg
[5.748s] -- Up-to-date: /home/pao/mushr2_ws/install/vesc_msgs/share/vesc_msgs/msg/VescStateStamped.msg
[5.748s] -- Up-to-date: /home/pao/mushr2_ws/install/vesc_msgs/share/vesc_msgs/msg/VescImu.msg
[5.749s] -- Up-to-date: /home/pao/mushr2_ws/install/vesc_msgs/share/vesc_msgs/msg/VescImuStamped.msg
[5.749s] -- Up-to-date: /home/pao/mushr2_ws/install/vesc_msgs/share/ament_index/resource_index/package_run_dependencies/vesc_msgs
[5.749s] -- Up-to-date: /home/pao/mushr2_ws/install/vesc_msgs/share/ament_index/resource_index/parent_prefix_path/vesc_msgs
[5.749s] -- Up-to-date: /home/pao/mushr2_ws/install/vesc_msgs/share/vesc_msgs/environment/ament_prefix_path.sh
[5.750s] -- Installing: /home/pao/mushr2_ws/install/vesc_msgs/share/vesc_msgs/environment/ament_prefix_path.dsv
[5.750s] -- Up-to-date: /home/pao/mushr2_ws/install/vesc_msgs/share/vesc_msgs/environment/path.sh
[5.750s] -- Installing: /home/pao/mushr2_ws/install/vesc_msgs/share/vesc_msgs/environment/path.dsv
[5.751s] -- Up-to-date: /home/pao/mushr2_ws/install/vesc_msgs/share/vesc_msgs/local_setup.bash
[5.751s] -- Up-to-date: /home/pao/mushr2_ws/install/vesc_msgs/share/vesc_msgs/local_setup.sh
[5.751s] -- Up-to-date: /home/pao/mushr2_ws/install/vesc_msgs/share/vesc_msgs/local_setup.zsh
[5.753s] -- Installing: /home/pao/mushr2_ws/install/vesc_msgs/share/vesc_msgs/local_setup.dsv
[5.754s] -- Installing: /home/pao/mushr2_ws/install/vesc_msgs/share/vesc_msgs/package.dsv
[5.754s] -- Up-to-date: /home/pao/mushr2_ws/install/vesc_msgs/share/ament_index/resource_index/packages/vesc_msgs
[5.755s] -- Up-to-date: /home/pao/mushr2_ws/install/vesc_msgs/share/vesc_msgs/cmake/export_vesc_msgs__rosidl_generator_cExport.cmake
[5.755s] -- Up-to-date: /home/pao/mushr2_ws/install/vesc_msgs/share/vesc_msgs/cmake/export_vesc_msgs__rosidl_generator_cExport-noconfig.cmake
[5.755s] -- Up-to-date: /home/pao/mushr2_ws/install/vesc_msgs/share/vesc_msgs/cmake/export_vesc_msgs__rosidl_typesupport_fastrtps_cExport.cmake
[5.755s] -- Up-to-date: /home/pao/mushr2_ws/install/vesc_msgs/share/vesc_msgs/cmake/export_vesc_msgs__rosidl_typesupport_fastrtps_cExport-noconfig.cmake
[5.755s] -- Up-to-date: /home/pao/mushr2_ws/install/vesc_msgs/share/vesc_msgs/cmake/vesc_msgs__rosidl_typesupport_introspection_cExport.cmake
[5.756s] -- Up-to-date: /home/pao/mushr2_ws/install/vesc_msgs/share/vesc_msgs/cmake/vesc_msgs__rosidl_typesupport_introspection_cExport-noconfig.cmake
[5.756s] -- Up-to-date: /home/pao/mushr2_ws/install/vesc_msgs/share/vesc_msgs/cmake/vesc_msgs__rosidl_typesupport_cExport.cmake
[5.756s] -- Up-to-date: /home/pao/mushr2_ws/install/vesc_msgs/share/vesc_msgs/cmake/vesc_msgs__rosidl_typesupport_cExport-noconfig.cmake
[5.756s] -- Up-to-date: /home/pao/mushr2_ws/install/vesc_msgs/share/vesc_msgs/cmake/export_vesc_msgs__rosidl_generator_cppExport.cmake
[5.756s] -- Up-to-date: /home/pao/mushr2_ws/install/vesc_msgs/share/vesc_msgs/cmake/export_vesc_msgs__rosidl_typesupport_fastrtps_cppExport.cmake
[5.757s] -- Up-to-date: /home/pao/mushr2_ws/install/vesc_msgs/share/vesc_msgs/cmake/export_vesc_msgs__rosidl_typesupport_fastrtps_cppExport-noconfig.cmake
[5.757s] -- Up-to-date: /home/pao/mushr2_ws/install/vesc_msgs/share/vesc_msgs/cmake/vesc_msgs__rosidl_typesupport_introspection_cppExport.cmake
[5.757s] -- Up-to-date: /home/pao/mushr2_ws/install/vesc_msgs/share/vesc_msgs/cmake/vesc_msgs__rosidl_typesupport_introspection_cppExport-noconfig.cmake
[5.757s] -- Up-to-date: /home/pao/mushr2_ws/install/vesc_msgs/share/vesc_msgs/cmake/vesc_msgs__rosidl_typesupport_cppExport.cmake
[5.757s] -- Up-to-date: /home/pao/mushr2_ws/install/vesc_msgs/share/vesc_msgs/cmake/vesc_msgs__rosidl_typesupport_cppExport-noconfig.cmake
[5.757s] -- Up-to-date: /home/pao/mushr2_ws/install/vesc_msgs/share/vesc_msgs/cmake/export_vesc_msgs__rosidl_generator_pyExport.cmake
[5.757s] -- Up-to-date: /home/pao/mushr2_ws/install/vesc_msgs/share/vesc_msgs/cmake/export_vesc_msgs__rosidl_generator_pyExport-noconfig.cmake
[5.758s] -- Up-to-date: /home/pao/mushr2_ws/install/vesc_msgs/share/vesc_msgs/cmake/rosidl_cmake-extras.cmake
[5.758s] -- Up-to-date: /home/pao/mushr2_ws/install/vesc_msgs/share/vesc_msgs/cmake/ament_cmake_export_dependencies-extras.cmake
[5.758s] -- Up-to-date: /home/pao/mushr2_ws/install/vesc_msgs/share/vesc_msgs/cmake/ament_cmake_export_include_directories-extras.cmake
[5.758s] -- Up-to-date: /home/pao/mushr2_ws/install/vesc_msgs/share/vesc_msgs/cmake/ament_cmake_export_libraries-extras.cmake
[5.758s] -- Up-to-date: /home/pao/mushr2_ws/install/vesc_msgs/share/vesc_msgs/cmake/ament_cmake_export_targets-extras.cmake
[5.758s] -- Up-to-date: /home/pao/mushr2_ws/install/vesc_msgs/share/vesc_msgs/cmake/rosidl_cmake_export_typesupport_targets-extras.cmake
[5.759s] -- Up-to-date: /home/pao/mushr2_ws/install/vesc_msgs/share/vesc_msgs/cmake/rosidl_cmake_export_typesupport_libraries-extras.cmake
[5.759s] -- Up-to-date: /home/pao/mushr2_ws/install/vesc_msgs/share/vesc_msgs/cmake/vesc_msgsConfig.cmake
[5.759s] -- Up-to-date: /home/pao/mushr2_ws/install/vesc_msgs/share/vesc_msgs/cmake/vesc_msgsConfig-version.cmake
[5.759s] -- Up-to-date: /home/pao/mushr2_ws/install/vesc_msgs/share/vesc_msgs/package.xml
[5.763s] Invoked command in '/home/pao/mushr2_ws/build/vesc_msgs' returned '0': CMAKE_PREFIX_PATH=${CMAKE_PREFIX_PATH}:/home/pao/mushr2_ws/install/mushr_joy_teleop:/opt/ros/humble /usr/bin/cmake --install /home/pao/mushr2_ws/build/vesc_msgs
