[0.033s] Invoking command in '/home/pao/mushr2_ws/build/vesc_msgs': CMAKE_PREFIX_PATH=${CMAKE_PREFIX_PATH}:/home/pao/mushr2_ws/install/mushr_joy_teleop:/opt/ros/humble /usr/bin/cmake /home/pao/mushr2_ws/src/vesc/vesc_msgs -DCMAKE_INSTALL_PREFIX=/home/pao/mushr2_ws/install/vesc_msgs
[0.193s] -- The C compiler identification is GNU 11.4.0
[0.337s] -- The CXX compiler identification is GNU 11.4.0
[0.357s] -- Detecting C compiler ABI info
[0.522s] -- Detecting C compiler ABI info - done
[0.542s] -- Check for working C compiler: /usr/bin/cc - skipped
[0.543s] -- Detecting C compile features
[0.544s] -- Detecting C compile features - done
[0.554s] -- Detecting CXX compiler ABI info
[0.757s] -- Detecting CXX compiler ABI info - done
[0.775s] -- Check for working CXX compiler: /usr/bin/c++ - skipped
[0.776s] -- Detecting CXX compile features
[0.777s] -- Detecting CXX compile features - done
[0.784s] -- Found ament_cmake_auto: 1.3.12 (/opt/ros/humble/share/ament_cmake_auto/cmake)
[1.218s] -- Found Python3: /usr/bin/python3 (found version "3.10.12") found components: Interpreter 
[1.662s] -- Using all available rosidl_typesupport_c: rosidl_typesupport_fastrtps_c;rosidl_typesupport_introspection_c
[1.681s] -- Found rosidl_adapter: 3.1.7 (/opt/ros/humble/share/rosidl_adapter/cmake)
[1.784s] -- Using all available rosidl_typesupport_cpp: rosidl_typesupport_fastrtps_cpp;rosidl_typesupport_introspection_cpp
[2.586s] -- Found ament_cmake_ros: 0.10.0 (/opt/ros/humble/share/ament_cmake_ros/cmake)
[3.255s] -- Using all available rosidl_typesupport_c: rosidl_typesupport_fastrtps_c;rosidl_typesupport_introspection_c
[4.091s] -- Using all available rosidl_typesupport_cpp: rosidl_typesupport_fastrtps_cpp;rosidl_typesupport_introspection_cpp
[4.149s] -- Found PythonInterp: /usr/bin/python3 (found suitable version "3.10.12", minimum required is "3.6") 
[4.154s] -- Found python_cmake_module: 0.10.0 (/opt/ros/humble/share/python_cmake_module/cmake)
[4.222s] -- Found PythonLibs: /usr/lib/aarch64-linux-gnu/libpython3.10.so (found suitable version "3.10.12", minimum required is "3.5") 
[4.224s] -- Using PYTHON_EXECUTABLE: /usr/bin/python3
[4.224s] -- Using PYTHON_INCLUDE_DIRS: /usr/include/python3.10
[4.224s] -- Using PYTHON_LIBRARIES: /usr/lib/aarch64-linux-gnu/libpython3.10.so
[4.276s] -- Found PythonExtra: .so  
[4.424s] -- Found ament_lint_auto: 0.12.14 (/opt/ros/humble/share/ament_lint_auto/cmake)
[4.474s] -- Added test 'copyright' to check source files copyright and LICENSE
[4.478s] -- Added test 'lint_cmake' to check CMake code style
[4.480s] -- Added test 'xmllint' to check XML markup files
[4.485s] -- Configuring done
[4.582s] -- Generating done
[4.613s] -- Build files have been written to: /home/pao/mushr2_ws/build/vesc_msgs
[4.646s] Invoked command in '/home/pao/mushr2_ws/build/vesc_msgs' returned '0': CMAKE_PREFIX_PATH=${CMAKE_PREFIX_PATH}:/home/pao/mushr2_ws/install/mushr_joy_teleop:/opt/ros/humble /usr/bin/cmake /home/pao/mushr2_ws/src/vesc/vesc_msgs -DCMAKE_INSTALL_PREFIX=/home/pao/mushr2_ws/install/vesc_msgs
[4.651s] Invoking command in '/home/pao/mushr2_ws/build/vesc_msgs': CMAKE_PREFIX_PATH=${CMAKE_PREFIX_PATH}:/home/pao/mushr2_ws/install/mushr_joy_teleop:/opt/ros/humble /usr/bin/cmake --build /home/pao/mushr2_ws/build/vesc_msgs -- -j6 -l6
[4.745s] [35m[1mConsolidate compiler generated dependencies of target vesc_msgs__rosidl_generator_c[0m
[4.775s] [  1%] Built target vesc_msgs__cpp
[4.779s] [ 12%] Built target vesc_msgs__rosidl_generator_c
[4.790s] [ 12%] Built target ament_cmake_python_copy_vesc_msgs
[4.803s] [35m[1mConsolidate compiler generated dependencies of target vesc_msgs__rosidl_typesupport_cpp[0m
[4.803s] [35m[1mConsolidate compiler generated dependencies of target vesc_msgs__rosidl_typesupport_fastrtps_c[0m
[4.810s] [35m[1mConsolidate compiler generated dependencies of target vesc_msgs__rosidl_typesupport_fastrtps_cpp[0m
[4.821s] [35m[1mConsolidate compiler generated dependencies of target vesc_msgs__rosidl_typesupport_introspection_c[0m
[4.828s] [35m[1mConsolidate compiler generated dependencies of target vesc_msgs__rosidl_typesupport_c[0m
[4.852s] [ 23%] Built target vesc_msgs__rosidl_typesupport_fastrtps_c
[4.854s] [ 34%] Built target vesc_msgs__rosidl_typesupport_introspection_c
[4.857s] [35m[1mConsolidate compiler generated dependencies of target vesc_msgs__rosidl_typesupport_introspection_cpp[0m
[4.860s] [ 45%] Built target vesc_msgs__rosidl_typesupport_fastrtps_cpp
[4.861s] [ 56%] Built target vesc_msgs__rosidl_typesupport_cpp
[4.880s] [ 67%] Built target vesc_msgs__rosidl_typesupport_c
[4.897s] [ 78%] Built target vesc_msgs__rosidl_typesupport_introspection_cpp
[4.952s] [ 78%] Built target vesc_msgs
[5.003s] [ 80%] Built target vesc_msgs__py
[5.030s] [35m[1mConsolidate compiler generated dependencies of target vesc_msgs__rosidl_generator_py[0m
[5.069s] [ 89%] Built target vesc_msgs__rosidl_generator_py
[5.100s] [35m[1mConsolidate compiler generated dependencies of target vesc_msgs__rosidl_typesupport_c__pyext[0m
[5.101s] [35m[1mConsolidate compiler generated dependencies of target vesc_msgs__rosidl_typesupport_introspection_c__pyext[0m
[5.120s] [35m[1mConsolidate compiler generated dependencies of target vesc_msgs__rosidl_typesupport_fastrtps_c__pyext[0m
[5.132s] [ 92%] Built target vesc_msgs__rosidl_typesupport_introspection_c__pyext
[5.135s] [ 96%] Built target vesc_msgs__rosidl_typesupport_c__pyext
[5.157s] [100%] Built target vesc_msgs__rosidl_typesupport_fastrtps_c__pyext
[5.434s] running egg_info
[5.436s] writing vesc_msgs.egg-info/PKG-INFO
[5.437s] writing dependency_links to vesc_msgs.egg-info/dependency_links.txt
[5.437s] writing top-level names to vesc_msgs.egg-info/top_level.txt
[5.443s] reading manifest file 'vesc_msgs.egg-info/SOURCES.txt'
[5.445s] writing manifest file 'vesc_msgs.egg-info/SOURCES.txt'
[5.531s] [100%] Built target ament_cmake_python_build_vesc_msgs_egg
[5.560s] Invoked command in '/home/pao/mushr2_ws/build/vesc_msgs' returned '0': CMAKE_PREFIX_PATH=${CMAKE_PREFIX_PATH}:/home/pao/mushr2_ws/install/mushr_joy_teleop:/opt/ros/humble /usr/bin/cmake --build /home/pao/mushr2_ws/build/vesc_msgs -- -j6 -l6
[5.591s] Invoking command in '/home/pao/mushr2_ws/build/vesc_msgs': CMAKE_PREFIX_PATH=${CMAKE_PREFIX_PATH}:/home/pao/mushr2_ws/install/mushr_joy_teleop:/opt/ros/humble /usr/bin/cmake --install /home/pao/mushr2_ws/build/vesc_msgs
[5.610s] -- Install configuration: ""
[5.611s] -- Up-to-date: /home/pao/mushr2_ws/install/vesc_msgs/share/ament_index/resource_index/rosidl_interfaces/vesc_msgs
[5.611s] -- Up-to-date: /home/pao/mushr2_ws/install/vesc_msgs/include/vesc_msgs/vesc_msgs
[5.611s] -- Up-to-date: /home/pao/mushr2_ws/install/vesc_msgs/include/vesc_msgs/vesc_msgs/msg
[5.612s] -- Up-to-date: /home/pao/mushr2_ws/install/vesc_msgs/include/vesc_msgs/vesc_msgs/msg/rosidl_generator_c__visibility_control.h
[5.612s] -- Up-to-date: /home/pao/mushr2_ws/install/vesc_msgs/include/vesc_msgs/vesc_msgs/msg/vesc_state.h
[5.612s] -- Up-to-date: /home/pao/mushr2_ws/install/vesc_msgs/include/vesc_msgs/vesc_msgs/msg/vesc_imu.h
[5.612s] -- Up-to-date: /home/pao/mushr2_ws/install/vesc_msgs/include/vesc_msgs/vesc_msgs/msg/detail
[5.612s] -- Up-to-date: /home/pao/mushr2_ws/install/vesc_msgs/include/vesc_msgs/vesc_msgs/msg/detail/vesc_state_stamped__functions.c
[5.612s] -- Up-to-date: /home/pao/mushr2_ws/install/vesc_msgs/include/vesc_msgs/vesc_msgs/msg/detail/vesc_state__functions.c
[5.613s] -- Up-to-date: /home/pao/mushr2_ws/install/vesc_msgs/include/vesc_msgs/vesc_msgs/msg/detail/vesc_state_stamped__struct.h
[5.613s] -- Up-to-date: /home/pao/mushr2_ws/install/vesc_msgs/include/vesc_msgs/vesc_msgs/msg/detail/vesc_state_stamped__type_support.h
[5.613s] -- Up-to-date: /home/pao/mushr2_ws/install/vesc_msgs/include/vesc_msgs/vesc_msgs/msg/detail/vesc_state__type_support.h
[5.613s] -- Up-to-date: /home/pao/mushr2_ws/install/vesc_msgs/include/vesc_msgs/vesc_msgs/msg/detail/vesc_imu__type_support.h
[5.614s] -- Up-to-date: /home/pao/mushr2_ws/install/vesc_msgs/include/vesc_msgs/vesc_msgs/msg/detail/vesc_imu_stamped__functions.h
[5.614s] -- Up-to-date: /home/pao/mushr2_ws/install/vesc_msgs/include/vesc_msgs/vesc_msgs/msg/detail/vesc_state__struct.h
[5.614s] -- Up-to-date: /home/pao/mushr2_ws/install/vesc_msgs/include/vesc_msgs/vesc_msgs/msg/detail/vesc_imu_stamped__functions.c
[5.615s] -- Up-to-date: /home/pao/mushr2_ws/install/vesc_msgs/include/vesc_msgs/vesc_msgs/msg/detail/vesc_state_stamped__functions.h
[5.615s] -- Up-to-date: /home/pao/mushr2_ws/install/vesc_msgs/include/vesc_msgs/vesc_msgs/msg/detail/vesc_imu_stamped__type_support.h
[5.615s] -- Up-to-date: /home/pao/mushr2_ws/install/vesc_msgs/include/vesc_msgs/vesc_msgs/msg/detail/vesc_state__functions.h
[5.615s] -- Up-to-date: /home/pao/mushr2_ws/install/vesc_msgs/include/vesc_msgs/vesc_msgs/msg/detail/vesc_imu_stamped__struct.h
[5.615s] -- Up-to-date: /home/pao/mushr2_ws/install/vesc_msgs/include/vesc_msgs/vesc_msgs/msg/detail/vesc_imu__functions.c
[5.616s] -- Up-to-date: /home/pao/mushr2_ws/install/vesc_msgs/include/vesc_msgs/vesc_msgs/msg/detail/vesc_imu__struct.h
[5.616s] -- Up-to-date: /home/pao/mushr2_ws/install/vesc_msgs/include/vesc_msgs/vesc_msgs/msg/detail/vesc_imu__functions.h
[5.616s] -- Up-to-date: /home/pao/mushr2_ws/install/vesc_msgs/include/vesc_msgs/vesc_msgs/msg/vesc_imu_stamped.h
[5.616s] -- Up-to-date: /home/pao/mushr2_ws/install/vesc_msgs/include/vesc_msgs/vesc_msgs/msg/vesc_state_stamped.h
[5.617s] -- Up-to-date: /home/pao/mushr2_ws/install/vesc_msgs/share/vesc_msgs/environment/library_path.sh
[5.617s] -- Installing: /home/pao/mushr2_ws/install/vesc_msgs/share/vesc_msgs/environment/library_path.dsv
[5.617s] -- Up-to-date: /home/pao/mushr2_ws/install/vesc_msgs/lib/libvesc_msgs__rosidl_generator_c.so
[5.617s] -- Up-to-date: /home/pao/mushr2_ws/install/vesc_msgs/include/vesc_msgs/vesc_msgs
[5.617s] -- Up-to-date: /home/pao/mushr2_ws/install/vesc_msgs/include/vesc_msgs/vesc_msgs/msg
[5.617s] -- Up-to-date: /home/pao/mushr2_ws/install/vesc_msgs/include/vesc_msgs/vesc_msgs/msg/detail
[5.618s] -- Up-to-date: /home/pao/mushr2_ws/install/vesc_msgs/include/vesc_msgs/vesc_msgs/msg/detail/vesc_state__rosidl_typesupport_fastrtps_c.h
[5.618s] -- Up-to-date: /home/pao/mushr2_ws/install/vesc_msgs/include/vesc_msgs/vesc_msgs/msg/detail/vesc_imu_stamped__rosidl_typesupport_fastrtps_c.h
[5.618s] -- Up-to-date: /home/pao/mushr2_ws/install/vesc_msgs/include/vesc_msgs/vesc_msgs/msg/detail/vesc_state_stamped__rosidl_typesupport_fastrtps_c.h
[5.619s] -- Up-to-date: /home/pao/mushr2_ws/install/vesc_msgs/include/vesc_msgs/vesc_msgs/msg/detail/vesc_imu__rosidl_typesupport_fastrtps_c.h
[5.619s] -- Up-to-date: /home/pao/mushr2_ws/install/vesc_msgs/include/vesc_msgs/vesc_msgs/msg/rosidl_typesupport_fastrtps_c__visibility_control.h
[5.619s] -- Up-to-date: /home/pao/mushr2_ws/install/vesc_msgs/lib/libvesc_msgs__rosidl_typesupport_fastrtps_c.so
[5.619s] -- Up-to-date: /home/pao/mushr2_ws/install/vesc_msgs/include/vesc_msgs/vesc_msgs
[5.619s] -- Up-to-date: /home/pao/mushr2_ws/install/vesc_msgs/include/vesc_msgs/vesc_msgs/msg
[5.619s] -- Up-to-date: /home/pao/mushr2_ws/install/vesc_msgs/include/vesc_msgs/vesc_msgs/msg/detail
[5.619s] -- Up-to-date: /home/pao/mushr2_ws/install/vesc_msgs/include/vesc_msgs/vesc_msgs/msg/detail/vesc_imu__type_support.c
[5.620s] -- Up-to-date: /home/pao/mushr2_ws/install/vesc_msgs/include/vesc_msgs/vesc_msgs/msg/detail/vesc_imu_stamped__rosidl_typesupport_introspection_c.h
[5.620s] -- Up-to-date: /home/pao/mushr2_ws/install/vesc_msgs/include/vesc_msgs/vesc_msgs/msg/detail/vesc_state_stamped__type_support.c
[5.620s] -- Up-to-date: /home/pao/mushr2_ws/install/vesc_msgs/include/vesc_msgs/vesc_msgs/msg/detail/vesc_imu_stamped__type_support.c
[5.620s] -- Up-to-date: /home/pao/mushr2_ws/install/vesc_msgs/include/vesc_msgs/vesc_msgs/msg/detail/vesc_state__type_support.c
[5.620s] -- Up-to-date: /home/pao/mushr2_ws/install/vesc_msgs/include/vesc_msgs/vesc_msgs/msg/detail/vesc_state__rosidl_typesupport_introspection_c.h
[5.621s] -- Up-to-date: /home/pao/mushr2_ws/install/vesc_msgs/include/vesc_msgs/vesc_msgs/msg/detail/vesc_imu__rosidl_typesupport_introspection_c.h
[5.621s] -- Up-to-date: /home/pao/mushr2_ws/install/vesc_msgs/include/vesc_msgs/vesc_msgs/msg/detail/vesc_state_stamped__rosidl_typesupport_introspection_c.h
[5.621s] -- Up-to-date: /home/pao/mushr2_ws/install/vesc_msgs/include/vesc_msgs/vesc_msgs/msg/rosidl_typesupport_introspection_c__visibility_control.h
[5.622s] -- Up-to-date: /home/pao/mushr2_ws/install/vesc_msgs/lib/libvesc_msgs__rosidl_typesupport_introspection_c.so
[5.622s] -- Up-to-date: /home/pao/mushr2_ws/install/vesc_msgs/lib/libvesc_msgs__rosidl_typesupport_c.so
[5.622s] -- Up-to-date: /home/pao/mushr2_ws/install/vesc_msgs/include/vesc_msgs/vesc_msgs
[5.622s] -- Up-to-date: /home/pao/mushr2_ws/install/vesc_msgs/include/vesc_msgs/vesc_msgs/msg
[5.622s] -- Up-to-date: /home/pao/mushr2_ws/install/vesc_msgs/include/vesc_msgs/vesc_msgs/msg/vesc_state_stamped.hpp
[5.622s] -- Up-to-date: /home/pao/mushr2_ws/install/vesc_msgs/include/vesc_msgs/vesc_msgs/msg/rosidl_generator_cpp__visibility_control.hpp
[5.623s] -- Up-to-date: /home/pao/mushr2_ws/install/vesc_msgs/include/vesc_msgs/vesc_msgs/msg/detail
[5.623s] -- Up-to-date: /home/pao/mushr2_ws/install/vesc_msgs/include/vesc_msgs/vesc_msgs/msg/detail/vesc_state__traits.hpp
[5.623s] -- Up-to-date: /home/pao/mushr2_ws/install/vesc_msgs/include/vesc_msgs/vesc_msgs/msg/detail/vesc_imu__builder.hpp
[5.623s] -- Up-to-date: /home/pao/mushr2_ws/install/vesc_msgs/include/vesc_msgs/vesc_msgs/msg/detail/vesc_state__type_support.hpp
[5.623s] -- Up-to-date: /home/pao/mushr2_ws/install/vesc_msgs/include/vesc_msgs/vesc_msgs/msg/detail/vesc_state_stamped__traits.hpp
[5.623s] -- Up-to-date: /home/pao/mushr2_ws/install/vesc_msgs/include/vesc_msgs/vesc_msgs/msg/detail/vesc_state_stamped__builder.hpp
[5.623s] -- Up-to-date: /home/pao/mushr2_ws/install/vesc_msgs/include/vesc_msgs/vesc_msgs/msg/detail/vesc_imu__struct.hpp
[5.624s] -- Up-to-date: /home/pao/mushr2_ws/install/vesc_msgs/include/vesc_msgs/vesc_msgs/msg/detail/vesc_state_stamped__type_support.hpp
[5.624s] -- Up-to-date: /home/pao/mushr2_ws/install/vesc_msgs/include/vesc_msgs/vesc_msgs/msg/detail/vesc_imu_stamped__type_support.hpp
[5.624s] -- Up-to-date: /home/pao/mushr2_ws/install/vesc_msgs/include/vesc_msgs/vesc_msgs/msg/detail/vesc_imu_stamped__builder.hpp
[5.624s] -- Up-to-date: /home/pao/mushr2_ws/install/vesc_msgs/include/vesc_msgs/vesc_msgs/msg/detail/vesc_imu_stamped__struct.hpp
[5.624s] -- Up-to-date: /home/pao/mushr2_ws/install/vesc_msgs/include/vesc_msgs/vesc_msgs/msg/detail/vesc_state__struct.hpp
[5.624s] -- Up-to-date: /home/pao/mushr2_ws/install/vesc_msgs/include/vesc_msgs/vesc_msgs/msg/detail/vesc_state__builder.hpp
[5.624s] -- Up-to-date: /home/pao/mushr2_ws/install/vesc_msgs/include/vesc_msgs/vesc_msgs/msg/detail/vesc_imu__traits.hpp
[5.624s] -- Up-to-date: /home/pao/mushr2_ws/install/vesc_msgs/include/vesc_msgs/vesc_msgs/msg/detail/vesc_state_stamped__struct.hpp
[5.625s] -- Up-to-date: /home/pao/mushr2_ws/install/vesc_msgs/include/vesc_msgs/vesc_msgs/msg/detail/vesc_imu_stamped__traits.hpp
[5.625s] -- Up-to-date: /home/pao/mushr2_ws/install/vesc_msgs/include/vesc_msgs/vesc_msgs/msg/detail/vesc_imu__type_support.hpp
[5.625s] -- Up-to-date: /home/pao/mushr2_ws/install/vesc_msgs/include/vesc_msgs/vesc_msgs/msg/vesc_imu.hpp
[5.625s] -- Up-to-date: /home/pao/mushr2_ws/install/vesc_msgs/include/vesc_msgs/vesc_msgs/msg/vesc_imu_stamped.hpp
[5.625s] -- Up-to-date: /home/pao/mushr2_ws/install/vesc_msgs/include/vesc_msgs/vesc_msgs/msg/vesc_state.hpp
[5.625s] -- Up-to-date: /home/pao/mushr2_ws/install/vesc_msgs/include/vesc_msgs/vesc_msgs
[5.625s] -- Up-to-date: /home/pao/mushr2_ws/install/vesc_msgs/include/vesc_msgs/vesc_msgs/msg
[5.629s] -- Up-to-date: /home/pao/mushr2_ws/install/vesc_msgs/include/vesc_msgs/vesc_msgs/msg/detail
[5.630s] -- Up-to-date: /home/pao/mushr2_ws/install/vesc_msgs/include/vesc_msgs/vesc_msgs/msg/detail/dds_fastrtps
[5.630s] -- Up-to-date: /home/pao/mushr2_ws/install/vesc_msgs/include/vesc_msgs/vesc_msgs/msg/detail/vesc_imu__rosidl_typesupport_fastrtps_cpp.hpp
[5.630s] -- Up-to-date: /home/pao/mushr2_ws/install/vesc_msgs/include/vesc_msgs/vesc_msgs/msg/detail/vesc_state_stamped__rosidl_typesupport_fastrtps_cpp.hpp
[5.630s] -- Up-to-date: /home/pao/mushr2_ws/install/vesc_msgs/include/vesc_msgs/vesc_msgs/msg/detail/vesc_imu_stamped__rosidl_typesupport_fastrtps_cpp.hpp
[5.631s] -- Up-to-date: /home/pao/mushr2_ws/install/vesc_msgs/include/vesc_msgs/vesc_msgs/msg/detail/vesc_state__rosidl_typesupport_fastrtps_cpp.hpp
[5.631s] -- Up-to-date: /home/pao/mushr2_ws/install/vesc_msgs/include/vesc_msgs/vesc_msgs/msg/rosidl_typesupport_fastrtps_cpp__visibility_control.h
[5.631s] -- Up-to-date: /home/pao/mushr2_ws/install/vesc_msgs/lib/libvesc_msgs__rosidl_typesupport_fastrtps_cpp.so
[5.631s] -- Up-to-date: /home/pao/mushr2_ws/install/vesc_msgs/include/vesc_msgs/vesc_msgs
[5.631s] -- Up-to-date: /home/pao/mushr2_ws/install/vesc_msgs/include/vesc_msgs/vesc_msgs/msg
[5.631s] -- Up-to-date: /home/pao/mushr2_ws/install/vesc_msgs/include/vesc_msgs/vesc_msgs/msg/detail
[5.631s] -- Up-to-date: /home/pao/mushr2_ws/install/vesc_msgs/include/vesc_msgs/vesc_msgs/msg/detail/vesc_state__rosidl_typesupport_introspection_cpp.hpp
[5.632s] -- Up-to-date: /home/pao/mushr2_ws/install/vesc_msgs/include/vesc_msgs/vesc_msgs/msg/detail/vesc_state_stamped__rosidl_typesupport_introspection_cpp.hpp
[5.632s] -- Up-to-date: /home/pao/mushr2_ws/install/vesc_msgs/include/vesc_msgs/vesc_msgs/msg/detail/vesc_imu_stamped__rosidl_typesupport_introspection_cpp.hpp
[5.632s] -- Up-to-date: /home/pao/mushr2_ws/install/vesc_msgs/include/vesc_msgs/vesc_msgs/msg/detail/vesc_state__type_support.cpp
[5.632s] -- Up-to-date: /home/pao/mushr2_ws/install/vesc_msgs/include/vesc_msgs/vesc_msgs/msg/detail/vesc_state_stamped__type_support.cpp
[5.632s] -- Up-to-date: /home/pao/mushr2_ws/install/vesc_msgs/include/vesc_msgs/vesc_msgs/msg/detail/vesc_imu__rosidl_typesupport_introspection_cpp.hpp
[5.632s] -- Up-to-date: /home/pao/mushr2_ws/install/vesc_msgs/include/vesc_msgs/vesc_msgs/msg/detail/vesc_imu_stamped__type_support.cpp
[5.632s] -- Up-to-date: /home/pao/mushr2_ws/install/vesc_msgs/include/vesc_msgs/vesc_msgs/msg/detail/vesc_imu__type_support.cpp
[5.632s] -- Up-to-date: /home/pao/mushr2_ws/install/vesc_msgs/lib/libvesc_msgs__rosidl_typesupport_introspection_cpp.so
[5.633s] -- Up-to-date: /home/pao/mushr2_ws/install/vesc_msgs/lib/libvesc_msgs__rosidl_typesupport_cpp.so
[5.633s] -- Up-to-date: /home/pao/mushr2_ws/install/vesc_msgs/share/vesc_msgs/environment/pythonpath.sh
[5.633s] -- Installing: /home/pao/mushr2_ws/install/vesc_msgs/share/vesc_msgs/environment/pythonpath.dsv
[5.633s] -- Up-to-date: /home/pao/mushr2_ws/install/vesc_msgs/local/lib/python3.10/dist-packages/vesc_msgs-1.1.0-py3.10.egg-info
[5.633s] -- Installing: /home/pao/mushr2_ws/install/vesc_msgs/local/lib/python3.10/dist-packages/vesc_msgs-1.1.0-py3.10.egg-info/top_level.txt
[5.633s] -- Installing: /home/pao/mushr2_ws/install/vesc_msgs/local/lib/python3.10/dist-packages/vesc_msgs-1.1.0-py3.10.egg-info/SOURCES.txt
[5.633s] -- Installing: /home/pao/mushr2_ws/install/vesc_msgs/local/lib/python3.10/dist-packages/vesc_msgs-1.1.0-py3.10.egg-info/PKG-INFO
[5.634s] -- Installing: /home/pao/mushr2_ws/install/vesc_msgs/local/lib/python3.10/dist-packages/vesc_msgs-1.1.0-py3.10.egg-info/dependency_links.txt
[5.634s] -- Up-to-date: /home/pao/mushr2_ws/install/vesc_msgs/local/lib/python3.10/dist-packages/vesc_msgs
[5.634s] -- Up-to-date: /home/pao/mushr2_ws/install/vesc_msgs/local/lib/python3.10/dist-packages/vesc_msgs/vesc_msgs_s__rosidl_typesupport_introspection_c.cpython-310-aarch64-linux-gnu.so
[5.634s] -- Up-to-date: /home/pao/mushr2_ws/install/vesc_msgs/local/lib/python3.10/dist-packages/vesc_msgs/vesc_msgs_s__rosidl_typesupport_c.cpython-310-aarch64-linux-gnu.so
[5.634s] -- Up-to-date: /home/pao/mushr2_ws/install/vesc_msgs/local/lib/python3.10/dist-packages/vesc_msgs/vesc_msgs_s__rosidl_typesupport_fastrtps_c.cpython-310-aarch64-linux-gnu.so
[5.634s] -- Up-to-date: /home/pao/mushr2_ws/install/vesc_msgs/local/lib/python3.10/dist-packages/vesc_msgs/_vesc_msgs_s.ep.rosidl_typesupport_fastrtps_c.c
[5.634s] -- Up-to-date: /home/pao/mushr2_ws/install/vesc_msgs/local/lib/python3.10/dist-packages/vesc_msgs/_vesc_msgs_s.ep.rosidl_typesupport_introspection_c.c
[5.634s] -- Up-to-date: /home/pao/mushr2_ws/install/vesc_msgs/local/lib/python3.10/dist-packages/vesc_msgs/msg
[5.635s] -- Up-to-date: /home/pao/mushr2_ws/install/vesc_msgs/local/lib/python3.10/dist-packages/vesc_msgs/msg/_vesc_state_s.c
[5.635s] -- Up-to-date: /home/pao/mushr2_ws/install/vesc_msgs/local/lib/python3.10/dist-packages/vesc_msgs/msg/_vesc_state.py
[5.635s] -- Up-to-date: /home/pao/mushr2_ws/install/vesc_msgs/local/lib/python3.10/dist-packages/vesc_msgs/msg/_vesc_imu_stamped.py
[5.635s] -- Up-to-date: /home/pao/mushr2_ws/install/vesc_msgs/local/lib/python3.10/dist-packages/vesc_msgs/msg/_vesc_state_stamped.py
[5.635s] -- Up-to-date: /home/pao/mushr2_ws/install/vesc_msgs/local/lib/python3.10/dist-packages/vesc_msgs/msg/_vesc_imu_stamped_s.c
[5.635s] -- Up-to-date: /home/pao/mushr2_ws/install/vesc_msgs/local/lib/python3.10/dist-packages/vesc_msgs/msg/_vesc_imu_s.c
[5.635s] -- Up-to-date: /home/pao/mushr2_ws/install/vesc_msgs/local/lib/python3.10/dist-packages/vesc_msgs/msg/__init__.py
[5.636s] -- Up-to-date: /home/pao/mushr2_ws/install/vesc_msgs/local/lib/python3.10/dist-packages/vesc_msgs/msg/_vesc_imu.py
[5.636s] -- Up-to-date: /home/pao/mushr2_ws/install/vesc_msgs/local/lib/python3.10/dist-packages/vesc_msgs/msg/_vesc_state_stamped_s.c
[5.636s] -- Up-to-date: /home/pao/mushr2_ws/install/vesc_msgs/local/lib/python3.10/dist-packages/vesc_msgs/_vesc_msgs_s.ep.rosidl_typesupport_c.c
[5.636s] -- Installing: /home/pao/mushr2_ws/install/vesc_msgs/local/lib/python3.10/dist-packages/vesc_msgs/__init__.py
[5.636s] -- Up-to-date: /home/pao/mushr2_ws/install/vesc_msgs/local/lib/python3.10/dist-packages/vesc_msgs/libvesc_msgs__rosidl_generator_py.so
[5.706s] Listing '/home/pao/mushr2_ws/install/vesc_msgs/local/lib/python3.10/dist-packages/vesc_msgs'...
[5.706s] Compiling '/home/pao/mushr2_ws/install/vesc_msgs/local/lib/python3.10/dist-packages/vesc_msgs/__init__.py'...
[5.706s] Listing '/home/pao/mushr2_ws/install/vesc_msgs/local/lib/python3.10/dist-packages/vesc_msgs/msg'...
[5.721s] -- Up-to-date: /home/pao/mushr2_ws/install/vesc_msgs/local/lib/python3.10/dist-packages/vesc_msgs/vesc_msgs_s__rosidl_typesupport_fastrtps_c.cpython-310-aarch64-linux-gnu.so
[5.722s] -- Up-to-date: /home/pao/mushr2_ws/install/vesc_msgs/local/lib/python3.10/dist-packages/vesc_msgs/vesc_msgs_s__rosidl_typesupport_introspection_c.cpython-310-aarch64-linux-gnu.so
[5.722s] -- Up-to-date: /home/pao/mushr2_ws/install/vesc_msgs/local/lib/python3.10/dist-packages/vesc_msgs/vesc_msgs_s__rosidl_typesupport_c.cpython-310-aarch64-linux-gnu.so
[5.723s] -- Up-to-date: /home/pao/mushr2_ws/install/vesc_msgs/lib/libvesc_msgs__rosidl_generator_py.so
[5.723s] -- Up-to-date: /home/pao/mushr2_ws/install/vesc_msgs/share/vesc_msgs/msg/VescState.idl
[5.723s] -- Up-to-date: /home/pao/mushr2_ws/install/vesc_msgs/share/vesc_msgs/msg/VescStateStamped.idl
[5.723s] -- Up-to-date: /home/pao/mushr2_ws/install/vesc_msgs/share/vesc_msgs/msg/VescImu.idl
[5.724s] -- Up-to-date: /home/pao/mushr2_ws/install/vesc_msgs/share/vesc_msgs/msg/VescImuStamped.idl
[5.724s] -- Up-to-date: /home/pao/mushr2_ws/install/vesc_msgs/share/vesc_msgs/msg/VescState.msg
[5.724s] -- Up-to-date: /home/pao/mushr2_ws/install/vesc_msgs/share/vesc_msgs/msg/VescStateStamped.msg
[5.724s] -- Up-to-date: /home/pao/mushr2_ws/install/vesc_msgs/share/vesc_msgs/msg/VescImu.msg
[5.725s] -- Up-to-date: /home/pao/mushr2_ws/install/vesc_msgs/share/vesc_msgs/msg/VescImuStamped.msg
[5.725s] -- Up-to-date: /home/pao/mushr2_ws/install/vesc_msgs/share/ament_index/resource_index/package_run_dependencies/vesc_msgs
[5.725s] -- Up-to-date: /home/pao/mushr2_ws/install/vesc_msgs/share/ament_index/resource_index/parent_prefix_path/vesc_msgs
[5.730s] -- Up-to-date: /home/pao/mushr2_ws/install/vesc_msgs/share/vesc_msgs/environment/ament_prefix_path.sh
[5.730s] -- Installing: /home/pao/mushr2_ws/install/vesc_msgs/share/vesc_msgs/environment/ament_prefix_path.dsv
[5.731s] -- Up-to-date: /home/pao/mushr2_ws/install/vesc_msgs/share/vesc_msgs/environment/path.sh
[5.731s] -- Installing: /home/pao/mushr2_ws/install/vesc_msgs/share/vesc_msgs/environment/path.dsv
[5.731s] -- Up-to-date: /home/pao/mushr2_ws/install/vesc_msgs/share/vesc_msgs/local_setup.bash
[5.731s] -- Up-to-date: /home/pao/mushr2_ws/install/vesc_msgs/share/vesc_msgs/local_setup.sh
[5.732s] -- Up-to-date: /home/pao/mushr2_ws/install/vesc_msgs/share/vesc_msgs/local_setup.zsh
[5.732s] -- Installing: /home/pao/mushr2_ws/install/vesc_msgs/share/vesc_msgs/local_setup.dsv
[5.732s] -- Installing: /home/pao/mushr2_ws/install/vesc_msgs/share/vesc_msgs/package.dsv
[5.732s] -- Up-to-date: /home/pao/mushr2_ws/install/vesc_msgs/share/ament_index/resource_index/packages/vesc_msgs
[5.732s] -- Up-to-date: /home/pao/mushr2_ws/install/vesc_msgs/share/vesc_msgs/cmake/export_vesc_msgs__rosidl_generator_cExport.cmake
[5.732s] -- Up-to-date: /home/pao/mushr2_ws/install/vesc_msgs/share/vesc_msgs/cmake/export_vesc_msgs__rosidl_generator_cExport-noconfig.cmake
[5.732s] -- Up-to-date: /home/pao/mushr2_ws/install/vesc_msgs/share/vesc_msgs/cmake/export_vesc_msgs__rosidl_typesupport_fastrtps_cExport.cmake
[5.732s] -- Up-to-date: /home/pao/mushr2_ws/install/vesc_msgs/share/vesc_msgs/cmake/export_vesc_msgs__rosidl_typesupport_fastrtps_cExport-noconfig.cmake
[5.733s] -- Up-to-date: /home/pao/mushr2_ws/install/vesc_msgs/share/vesc_msgs/cmake/vesc_msgs__rosidl_typesupport_introspection_cExport.cmake
[5.733s] -- Up-to-date: /home/pao/mushr2_ws/install/vesc_msgs/share/vesc_msgs/cmake/vesc_msgs__rosidl_typesupport_introspection_cExport-noconfig.cmake
[5.733s] -- Up-to-date: /home/pao/mushr2_ws/install/vesc_msgs/share/vesc_msgs/cmake/vesc_msgs__rosidl_typesupport_cExport.cmake
[5.733s] -- Up-to-date: /home/pao/mushr2_ws/install/vesc_msgs/share/vesc_msgs/cmake/vesc_msgs__rosidl_typesupport_cExport-noconfig.cmake
[5.733s] -- Up-to-date: /home/pao/mushr2_ws/install/vesc_msgs/share/vesc_msgs/cmake/export_vesc_msgs__rosidl_generator_cppExport.cmake
[5.733s] -- Up-to-date: /home/pao/mushr2_ws/install/vesc_msgs/share/vesc_msgs/cmake/export_vesc_msgs__rosidl_typesupport_fastrtps_cppExport.cmake
[5.733s] -- Up-to-date: /home/pao/mushr2_ws/install/vesc_msgs/share/vesc_msgs/cmake/export_vesc_msgs__rosidl_typesupport_fastrtps_cppExport-noconfig.cmake
[5.734s] -- Up-to-date: /home/pao/mushr2_ws/install/vesc_msgs/share/vesc_msgs/cmake/vesc_msgs__rosidl_typesupport_introspection_cppExport.cmake
[5.734s] -- Up-to-date: /home/pao/mushr2_ws/install/vesc_msgs/share/vesc_msgs/cmake/vesc_msgs__rosidl_typesupport_introspection_cppExport-noconfig.cmake
[5.734s] -- Up-to-date: /home/pao/mushr2_ws/install/vesc_msgs/share/vesc_msgs/cmake/vesc_msgs__rosidl_typesupport_cppExport.cmake
[5.734s] -- Up-to-date: /home/pao/mushr2_ws/install/vesc_msgs/share/vesc_msgs/cmake/vesc_msgs__rosidl_typesupport_cppExport-noconfig.cmake
[5.734s] -- Up-to-date: /home/pao/mushr2_ws/install/vesc_msgs/share/vesc_msgs/cmake/export_vesc_msgs__rosidl_generator_pyExport.cmake
[5.734s] -- Up-to-date: /home/pao/mushr2_ws/install/vesc_msgs/share/vesc_msgs/cmake/export_vesc_msgs__rosidl_generator_pyExport-noconfig.cmake
[5.734s] -- Up-to-date: /home/pao/mushr2_ws/install/vesc_msgs/share/vesc_msgs/cmake/rosidl_cmake-extras.cmake
[5.734s] -- Up-to-date: /home/pao/mushr2_ws/install/vesc_msgs/share/vesc_msgs/cmake/ament_cmake_export_dependencies-extras.cmake
[5.735s] -- Up-to-date: /home/pao/mushr2_ws/install/vesc_msgs/share/vesc_msgs/cmake/ament_cmake_export_include_directories-extras.cmake
[5.735s] -- Up-to-date: /home/pao/mushr2_ws/install/vesc_msgs/share/vesc_msgs/cmake/ament_cmake_export_libraries-extras.cmake
[5.735s] -- Up-to-date: /home/pao/mushr2_ws/install/vesc_msgs/share/vesc_msgs/cmake/ament_cmake_export_targets-extras.cmake
[5.735s] -- Up-to-date: /home/pao/mushr2_ws/install/vesc_msgs/share/vesc_msgs/cmake/rosidl_cmake_export_typesupport_targets-extras.cmake
[5.735s] -- Up-to-date: /home/pao/mushr2_ws/install/vesc_msgs/share/vesc_msgs/cmake/rosidl_cmake_export_typesupport_libraries-extras.cmake
[5.735s] -- Up-to-date: /home/pao/mushr2_ws/install/vesc_msgs/share/vesc_msgs/cmake/vesc_msgsConfig.cmake
[5.735s] -- Up-to-date: /home/pao/mushr2_ws/install/vesc_msgs/share/vesc_msgs/cmake/vesc_msgsConfig-version.cmake
[5.736s] -- Up-to-date: /home/pao/mushr2_ws/install/vesc_msgs/share/vesc_msgs/package.xml
[5.741s] Invoked command in '/home/pao/mushr2_ws/build/vesc_msgs' returned '0': CMAKE_PREFIX_PATH=${CMAKE_PREFIX_PATH}:/home/pao/mushr2_ws/install/mushr_joy_teleop:/opt/ros/humble /usr/bin/cmake --install /home/pao/mushr2_ws/build/vesc_msgs
