[1.937s] Invoking command in '/home/pao/mushr2_ws/build/mushr_joy_teleop': PYTHONPATH=/home/pao/mushr2_ws/build/mushr_joy_teleop/prefix_override:/usr/lib/python3/dist-packages/colcon_core/task/python/colcon_distutils_commands:/home/pao/mushr2_ws/install/mushr_joy_teleop/lib/python3.10/site-packages:${PYTHONPATH} /usr/bin/python3 -W ignore:setup.py install is deprecated -W ignore:easy_install command is deprecated setup.py develop --editable --build-directory /home/pao/mushr2_ws/build/mushr_joy_teleop/build --no-deps symlink_data --force
[2.678s] running develop
[3.071s] running egg_info
[3.071s] writing mushr_joy_teleop.egg-info/PKG-INFO
[3.072s] writing dependency_links to mushr_joy_teleop.egg-info/dependency_links.txt
[3.072s] writing entry points to mushr_joy_teleop.egg-info/entry_points.txt
[3.073s] writing requirements to mushr_joy_teleop.egg-info/requires.txt
[3.073s] writing top-level names to mushr_joy_teleop.egg-info/top_level.txt
[3.079s] reading manifest file 'mushr_joy_teleop.egg-info/SOURCES.txt'
[3.082s] writing manifest file 'mushr_joy_teleop.egg-info/SOURCES.txt'
[3.087s] running build_ext
[3.087s] Creating /home/pao/mushr2_ws/install/mushr_joy_teleop/lib/python3.10/site-packages/mushr-joy-teleop.egg-link (link to .)
[3.090s] Installing joy_teleop script to /home/pao/mushr2_ws/install/mushr_joy_teleop/lib/mushr_joy_teleop
[3.091s] Installing joy_to_speed script to /home/pao/mushr2_ws/install/mushr_joy_teleop/lib/mushr_joy_teleop
[3.091s] 
[3.092s] Installed /home/pao/mushr2_ws/build/mushr_joy_teleop
[3.092s] running symlink_data
[3.092s] symbolically linking /home/pao/mushr2_ws/build/mushr_joy_teleop/resource/mushr_joy_teleop -> /home/pao/mushr2_ws/install/mushr_joy_teleop/share/ament_index/resource_index/packages
[3.092s] symbolically linking /home/pao/mushr2_ws/build/mushr_joy_teleop/package.xml -> /home/pao/mushr2_ws/install/mushr_joy_teleop/share/mushr_joy_teleop
[3.279s] Invoked command in '/home/pao/mushr2_ws/build/mushr_joy_teleop' returned '0': PYTHONPATH=/home/pao/mushr2_ws/build/mushr_joy_teleop/prefix_override:/usr/lib/python3/dist-packages/colcon_core/task/python/colcon_distutils_commands:/home/pao/mushr2_ws/install/mushr_joy_teleop/lib/python3.10/site-packages:${PYTHONPATH} /usr/bin/python3 -W ignore:setup.py install is deprecated -W ignore:easy_install command is deprecated setup.py develop --editable --build-directory /home/pao/mushr2_ws/build/mushr_joy_teleop/build --no-deps symlink_data --force
