[0.043s] Invoking command in '/home/pao/mushr2_ws/build/vesc': CMAKE_PREFIX_PATH=/home/pao/mushr2_ws/install/vesc_driver:/home/pao/mushr2_ws/install/vesc_ackermann:/home/pao/mushr2_ws/install/vesc_msgs:/home/pao/mushr2_ws/install/vesc:/home/pao/mushr2_ws/install/mushr_joy_teleop:/opt/ros/humble /usr/bin/cmake /home/pao/mushr2_ws/src/vesc/vesc -DCMAKE_INSTALL_PREFIX=/home/pao/mushr2_ws/install/vesc
[0.194s] -- The C compiler identification is GNU 11.4.0
[0.361s] -- The CXX compiler identification is GNU 11.4.0
[0.378s] -- Detecting C compiler ABI info
[0.534s] -- Detecting C compiler ABI info - done
[0.558s] -- Check for working C compiler: /usr/bin/cc - skipped
[0.558s] -- Detecting C compile features
[0.560s] -- Detecting C compile features - done
[0.571s] -- Detecting CXX compiler ABI info
[0.746s] -- Detecting CXX compiler ABI info - done
[0.767s] -- Check for working CXX compiler: /usr/bin/c++ - skipped
[0.768s] -- Detecting CXX compile features
[0.769s] -- Detecting CXX compile features - done
[0.776s] -- Found ament_cmake_auto: 1.3.12 (/opt/ros/humble/share/ament_cmake_auto/cmake)
[1.198s] -- Found Python3: /usr/bin/python3 (found version "3.10.12") found components: Interpreter 
[1.653s] -- Configuring done
[1.667s] -- Generating done
[1.676s] -- Build files have been written to: /home/pao/mushr2_ws/build/vesc
[1.692s] Invoked command in '/home/pao/mushr2_ws/build/vesc' returned '0': CMAKE_PREFIX_PATH=/home/pao/mushr2_ws/install/vesc_driver:/home/pao/mushr2_ws/install/vesc_ackermann:/home/pao/mushr2_ws/install/vesc_msgs:/home/pao/mushr2_ws/install/vesc:/home/pao/mushr2_ws/install/mushr_joy_teleop:/opt/ros/humble /usr/bin/cmake /home/pao/mushr2_ws/src/vesc/vesc -DCMAKE_INSTALL_PREFIX=/home/pao/mushr2_ws/install/vesc
[1.696s] Invoking command in '/home/pao/mushr2_ws/build/vesc': CMAKE_PREFIX_PATH=/home/pao/mushr2_ws/install/vesc_driver:/home/pao/mushr2_ws/install/vesc_ackermann:/home/pao/mushr2_ws/install/vesc_msgs:/home/pao/mushr2_ws/install/vesc:/home/pao/mushr2_ws/install/mushr_joy_teleop:/opt/ros/humble /usr/bin/cmake --build /home/pao/mushr2_ws/build/vesc -- -j6 -l6
[1.791s] Invoked command in '/home/pao/mushr2_ws/build/vesc' returned '0': CMAKE_PREFIX_PATH=/home/pao/mushr2_ws/install/vesc_driver:/home/pao/mushr2_ws/install/vesc_ackermann:/home/pao/mushr2_ws/install/vesc_msgs:/home/pao/mushr2_ws/install/vesc:/home/pao/mushr2_ws/install/mushr_joy_teleop:/opt/ros/humble /usr/bin/cmake --build /home/pao/mushr2_ws/build/vesc -- -j6 -l6
[1.796s] Invoking command in '/home/pao/mushr2_ws/build/vesc': CMAKE_PREFIX_PATH=/home/pao/mushr2_ws/install/vesc_driver:/home/pao/mushr2_ws/install/vesc_ackermann:/home/pao/mushr2_ws/install/vesc_msgs:/home/pao/mushr2_ws/install/vesc:/home/pao/mushr2_ws/install/mushr_joy_teleop:/opt/ros/humble /usr/bin/cmake --install /home/pao/mushr2_ws/build/vesc
[1.813s] -- Install configuration: ""
[1.814s] -- Up-to-date: /home/pao/mushr2_ws/install/vesc/share/ament_index/resource_index/package_run_dependencies/vesc
[1.814s] -- Up-to-date: /home/pao/mushr2_ws/install/vesc/share/ament_index/resource_index/parent_prefix_path/vesc
[1.816s] -- Up-to-date: /home/pao/mushr2_ws/install/vesc/share/vesc/environment/ament_prefix_path.sh
[1.817s] -- Installing: /home/pao/mushr2_ws/install/vesc/share/vesc/environment/ament_prefix_path.dsv
[1.817s] -- Up-to-date: /home/pao/mushr2_ws/install/vesc/share/vesc/environment/path.sh
[1.817s] -- Installing: /home/pao/mushr2_ws/install/vesc/share/vesc/environment/path.dsv
[1.818s] -- Up-to-date: /home/pao/mushr2_ws/install/vesc/share/vesc/local_setup.bash
[1.818s] -- Up-to-date: /home/pao/mushr2_ws/install/vesc/share/vesc/local_setup.sh
[1.818s] -- Up-to-date: /home/pao/mushr2_ws/install/vesc/share/vesc/local_setup.zsh
[1.818s] -- Installing: /home/pao/mushr2_ws/install/vesc/share/vesc/local_setup.dsv
[1.819s] -- Installing: /home/pao/mushr2_ws/install/vesc/share/vesc/package.dsv
[1.819s] -- Up-to-date: /home/pao/mushr2_ws/install/vesc/share/ament_index/resource_index/packages/vesc
[1.819s] -- Up-to-date: /home/pao/mushr2_ws/install/vesc/share/vesc/cmake/vescConfig.cmake
[1.820s] -- Up-to-date: /home/pao/mushr2_ws/install/vesc/share/vesc/cmake/vescConfig-version.cmake
[1.823s] -- Up-to-date: /home/pao/mushr2_ws/install/vesc/share/vesc/package.xml
[1.824s] Invoked command in '/home/pao/mushr2_ws/build/vesc' returned '0': CMAKE_PREFIX_PATH=/home/pao/mushr2_ws/install/vesc_driver:/home/pao/mushr2_ws/install/vesc_ackermann:/home/pao/mushr2_ws/install/vesc_msgs:/home/pao/mushr2_ws/install/vesc:/home/pao/mushr2_ws/install/mushr_joy_teleop:/opt/ros/humble /usr/bin/cmake --install /home/pao/mushr2_ws/build/vesc
