[0.305s] DEBUG:colcon:Command line arguments: ['/usr/bin/colcon', 'build', '--cmake-clean-cache']
[0.305s] DEBUG:colcon:Parsed command line arguments: Namespace(log_base=None, log_level=None, verb_name='build', build_base='build', install_base='install', merge_install=False, symlink_install=False, test_result_base=None, continue_on_error=False, executor='parallel', parallel_workers=6, event_handlers=None, ignore_user_meta=False, metas=['./colcon.meta'], base_paths=['.'], packages_ignore=None, packages_ignore_regex=None, paths=None, packages_up_to=None, packages_up_to_regex=None, packages_above=None, packages_above_and_dependencies=None, packages_above_depth=None, packages_select_by_dep=None, packages_skip_by_dep=None, packages_skip_up_to=None, packages_select_build_failed=False, packages_skip_build_finished=False, packages_select_test_failures=False, packages_skip_test_passed=False, packages_select=None, packages_skip=None, packages_select_regex=None, packages_skip_regex=None, packages_start=None, packages_end=None, allow_overriding=[], cmake_args=None, cmake_target=None, cmake_target_skip_unavailable=False, cmake_clean_cache=True, cmake_clean_first=False, cmake_force_configure=False, ament_cmake_args=None, catkin_cmake_args=None, catkin_skip_building_tests=False, verb_parser=<colcon_defaults.argument_parser.defaults.DefaultArgumentsDecorator object at 0xffffa7553ca0>, verb_extension=<colcon_core.verb.build.BuildVerb object at 0xffffa773d150>, main=<bound method BuildVerb.main of <colcon_core.verb.build.BuildVerb object at 0xffffa773d150>>)
[0.742s] Level 1:colcon.colcon_core.package_discovery:discover_packages(colcon_meta) check parameters
[0.743s] Level 1:colcon.colcon_core.package_discovery:discover_packages(recursive) check parameters
[0.743s] Level 1:colcon.colcon_core.package_discovery:discover_packages(ignore) check parameters
[0.743s] Level 1:colcon.colcon_core.package_discovery:discover_packages(path) check parameters
[0.743s] Level 1:colcon.colcon_core.package_discovery:discover_packages(colcon_meta) discover
[0.743s] Level 1:colcon.colcon_core.package_discovery:discover_packages(recursive) discover
[0.744s] INFO:colcon.colcon_core.package_discovery:Crawling recursively for packages in '/home/pao/mushr2_ws'
[0.745s] Level 1:colcon.colcon_core.package_identification:_identify(.) by extensions ['ignore', 'ignore_ament_install']
[0.745s] Level 1:colcon.colcon_core.package_identification:_identify(.) by extension 'ignore'
[0.745s] Level 1:colcon.colcon_core.package_identification:_identify(.) by extension 'ignore_ament_install'
[0.745s] Level 1:colcon.colcon_core.package_identification:_identify(.) by extensions ['colcon_pkg']
[0.745s] Level 1:colcon.colcon_core.package_identification:_identify(.) by extension 'colcon_pkg'
[0.745s] Level 1:colcon.colcon_core.package_identification:_identify(.) by extensions ['colcon_meta']
[0.746s] Level 1:colcon.colcon_core.package_identification:_identify(.) by extension 'colcon_meta'
[0.746s] Level 1:colcon.colcon_core.package_identification:_identify(.) by extensions ['ros']
[0.746s] Level 1:colcon.colcon_core.package_identification:_identify(.) by extension 'ros'
[0.780s] Level 1:colcon.colcon_core.package_identification:_identify(.) by extensions ['cmake', 'python']
[0.781s] Level 1:colcon.colcon_core.package_identification:_identify(.) by extension 'cmake'
[0.781s] Level 1:colcon.colcon_core.package_identification:_identify(.) by extension 'python'
[0.781s] Level 1:colcon.colcon_core.package_identification:_identify(.) by extensions ['python_setup_py']
[0.781s] Level 1:colcon.colcon_core.package_identification:_identify(.) by extension 'python_setup_py'
[0.782s] Level 1:colcon.colcon_core.package_identification:_identify(build) by extensions ['ignore', 'ignore_ament_install']
[0.782s] Level 1:colcon.colcon_core.package_identification:_identify(build) by extension 'ignore'
[0.782s] Level 1:colcon.colcon_core.package_identification:_identify(build) ignored
[0.783s] Level 1:colcon.colcon_core.package_identification:_identify(install) by extensions ['ignore', 'ignore_ament_install']
[0.783s] Level 1:colcon.colcon_core.package_identification:_identify(install) by extension 'ignore'
[0.783s] Level 1:colcon.colcon_core.package_identification:_identify(install) ignored
[0.783s] Level 1:colcon.colcon_core.package_identification:_identify(log) by extensions ['ignore', 'ignore_ament_install']
[0.783s] Level 1:colcon.colcon_core.package_identification:_identify(log) by extension 'ignore'
[0.784s] Level 1:colcon.colcon_core.package_identification:_identify(log) ignored
[0.784s] Level 1:colcon.colcon_core.package_identification:_identify(src) by extensions ['ignore', 'ignore_ament_install']
[0.784s] Level 1:colcon.colcon_core.package_identification:_identify(src) by extension 'ignore'
[0.784s] Level 1:colcon.colcon_core.package_identification:_identify(src) by extension 'ignore_ament_install'
[0.784s] Level 1:colcon.colcon_core.package_identification:_identify(src) by extensions ['colcon_pkg']
[0.784s] Level 1:colcon.colcon_core.package_identification:_identify(src) by extension 'colcon_pkg'
[0.784s] Level 1:colcon.colcon_core.package_identification:_identify(src) by extensions ['colcon_meta']
[0.785s] Level 1:colcon.colcon_core.package_identification:_identify(src) by extension 'colcon_meta'
[0.785s] Level 1:colcon.colcon_core.package_identification:_identify(src) by extensions ['ros']
[0.785s] Level 1:colcon.colcon_core.package_identification:_identify(src) by extension 'ros'
[0.785s] Level 1:colcon.colcon_core.package_identification:_identify(src) by extensions ['cmake', 'python']
[0.785s] Level 1:colcon.colcon_core.package_identification:_identify(src) by extension 'cmake'
[0.785s] Level 1:colcon.colcon_core.package_identification:_identify(src) by extension 'python'
[0.785s] Level 1:colcon.colcon_core.package_identification:_identify(src) by extensions ['python_setup_py']
[0.785s] Level 1:colcon.colcon_core.package_identification:_identify(src) by extension 'python_setup_py'
[0.786s] Level 1:colcon.colcon_core.package_identification:_identify(src/mushr_joy_teleop) by extensions ['ignore', 'ignore_ament_install']
[0.786s] Level 1:colcon.colcon_core.package_identification:_identify(src/mushr_joy_teleop) by extension 'ignore'
[0.786s] Level 1:colcon.colcon_core.package_identification:_identify(src/mushr_joy_teleop) by extension 'ignore_ament_install'
[0.786s] Level 1:colcon.colcon_core.package_identification:_identify(src/mushr_joy_teleop) by extensions ['colcon_pkg']
[0.786s] Level 1:colcon.colcon_core.package_identification:_identify(src/mushr_joy_teleop) by extension 'colcon_pkg'
[0.786s] Level 1:colcon.colcon_core.package_identification:_identify(src/mushr_joy_teleop) by extensions ['colcon_meta']
[0.786s] Level 1:colcon.colcon_core.package_identification:_identify(src/mushr_joy_teleop) by extension 'colcon_meta'
[0.786s] Level 1:colcon.colcon_core.package_identification:_identify(src/mushr_joy_teleop) by extensions ['ros']
[0.787s] Level 1:colcon.colcon_core.package_identification:_identify(src/mushr_joy_teleop) by extension 'ros'
[0.795s] DEBUG:colcon.colcon_core.package_identification:Package 'src/mushr_joy_teleop' with type 'ros.ament_python' and name 'mushr_joy_teleop'
[0.796s] Level 1:colcon.colcon_core.package_identification:_identify(src/vesc) by extensions ['ignore', 'ignore_ament_install']
[0.796s] Level 1:colcon.colcon_core.package_identification:_identify(src/vesc) by extension 'ignore'
[0.796s] Level 1:colcon.colcon_core.package_identification:_identify(src/vesc) by extension 'ignore_ament_install'
[0.796s] Level 1:colcon.colcon_core.package_identification:_identify(src/vesc) by extensions ['colcon_pkg']
[0.796s] Level 1:colcon.colcon_core.package_identification:_identify(src/vesc) by extension 'colcon_pkg'
[0.797s] Level 1:colcon.colcon_core.package_identification:_identify(src/vesc) by extensions ['colcon_meta']
[0.797s] Level 1:colcon.colcon_core.package_identification:_identify(src/vesc) by extension 'colcon_meta'
[0.797s] Level 1:colcon.colcon_core.package_identification:_identify(src/vesc) by extensions ['ros']
[0.797s] Level 1:colcon.colcon_core.package_identification:_identify(src/vesc) by extension 'ros'
[0.797s] Level 1:colcon.colcon_core.package_identification:_identify(src/vesc) by extensions ['cmake', 'python']
[0.797s] Level 1:colcon.colcon_core.package_identification:_identify(src/vesc) by extension 'cmake'
[0.797s] Level 1:colcon.colcon_core.package_identification:_identify(src/vesc) by extension 'python'
[0.797s] Level 1:colcon.colcon_core.package_identification:_identify(src/vesc) by extensions ['python_setup_py']
[0.798s] Level 1:colcon.colcon_core.package_identification:_identify(src/vesc) by extension 'python_setup_py'
[0.798s] Level 1:colcon.colcon_core.package_identification:_identify(src/vesc/vesc) by extensions ['ignore', 'ignore_ament_install']
[0.798s] Level 1:colcon.colcon_core.package_identification:_identify(src/vesc/vesc) by extension 'ignore'
[0.798s] Level 1:colcon.colcon_core.package_identification:_identify(src/vesc/vesc) by extension 'ignore_ament_install'
[0.798s] Level 1:colcon.colcon_core.package_identification:_identify(src/vesc/vesc) by extensions ['colcon_pkg']
[0.799s] Level 1:colcon.colcon_core.package_identification:_identify(src/vesc/vesc) by extension 'colcon_pkg'
[0.799s] Level 1:colcon.colcon_core.package_identification:_identify(src/vesc/vesc) by extensions ['colcon_meta']
[0.799s] Level 1:colcon.colcon_core.package_identification:_identify(src/vesc/vesc) by extension 'colcon_meta'
[0.799s] Level 1:colcon.colcon_core.package_identification:_identify(src/vesc/vesc) by extensions ['ros']
[0.799s] Level 1:colcon.colcon_core.package_identification:_identify(src/vesc/vesc) by extension 'ros'
[0.802s] DEBUG:colcon.colcon_core.package_identification:Package 'src/vesc/vesc' with type 'ros.ament_cmake' and name 'vesc'
[0.802s] Level 1:colcon.colcon_core.package_identification:_identify(src/vesc/vesc_ackermann) by extensions ['ignore', 'ignore_ament_install']
[0.802s] Level 1:colcon.colcon_core.package_identification:_identify(src/vesc/vesc_ackermann) by extension 'ignore'
[0.802s] Level 1:colcon.colcon_core.package_identification:_identify(src/vesc/vesc_ackermann) by extension 'ignore_ament_install'
[0.803s] Level 1:colcon.colcon_core.package_identification:_identify(src/vesc/vesc_ackermann) by extensions ['colcon_pkg']
[0.803s] Level 1:colcon.colcon_core.package_identification:_identify(src/vesc/vesc_ackermann) by extension 'colcon_pkg'
[0.803s] Level 1:colcon.colcon_core.package_identification:_identify(src/vesc/vesc_ackermann) by extensions ['colcon_meta']
[0.803s] Level 1:colcon.colcon_core.package_identification:_identify(src/vesc/vesc_ackermann) by extension 'colcon_meta'
[0.803s] Level 1:colcon.colcon_core.package_identification:_identify(src/vesc/vesc_ackermann) by extensions ['ros']
[0.803s] Level 1:colcon.colcon_core.package_identification:_identify(src/vesc/vesc_ackermann) by extension 'ros'
[0.806s] DEBUG:colcon.colcon_core.package_identification:Package 'src/vesc/vesc_ackermann' with type 'ros.ament_cmake' and name 'vesc_ackermann'
[0.807s] Level 1:colcon.colcon_core.package_identification:_identify(src/vesc/vesc_driver) by extensions ['ignore', 'ignore_ament_install']
[0.807s] Level 1:colcon.colcon_core.package_identification:_identify(src/vesc/vesc_driver) by extension 'ignore'
[0.807s] Level 1:colcon.colcon_core.package_identification:_identify(src/vesc/vesc_driver) by extension 'ignore_ament_install'
[0.807s] Level 1:colcon.colcon_core.package_identification:_identify(src/vesc/vesc_driver) by extensions ['colcon_pkg']
[0.808s] Level 1:colcon.colcon_core.package_identification:_identify(src/vesc/vesc_driver) by extension 'colcon_pkg'
[0.808s] Level 1:colcon.colcon_core.package_identification:_identify(src/vesc/vesc_driver) by extensions ['colcon_meta']
[0.808s] Level 1:colcon.colcon_core.package_identification:_identify(src/vesc/vesc_driver) by extension 'colcon_meta'
[0.808s] Level 1:colcon.colcon_core.package_identification:_identify(src/vesc/vesc_driver) by extensions ['ros']
[0.808s] Level 1:colcon.colcon_core.package_identification:_identify(src/vesc/vesc_driver) by extension 'ros'
[0.811s] DEBUG:colcon.colcon_core.package_identification:Package 'src/vesc/vesc_driver' with type 'ros.ament_cmake' and name 'vesc_driver'
[0.812s] Level 1:colcon.colcon_core.package_identification:_identify(src/vesc/vesc_msgs) by extensions ['ignore', 'ignore_ament_install']
[0.812s] Level 1:colcon.colcon_core.package_identification:_identify(src/vesc/vesc_msgs) by extension 'ignore'
[0.812s] Level 1:colcon.colcon_core.package_identification:_identify(src/vesc/vesc_msgs) by extension 'ignore_ament_install'
[0.812s] Level 1:colcon.colcon_core.package_identification:_identify(src/vesc/vesc_msgs) by extensions ['colcon_pkg']
[0.812s] Level 1:colcon.colcon_core.package_identification:_identify(src/vesc/vesc_msgs) by extension 'colcon_pkg'
[0.812s] Level 1:colcon.colcon_core.package_identification:_identify(src/vesc/vesc_msgs) by extensions ['colcon_meta']
[0.812s] Level 1:colcon.colcon_core.package_identification:_identify(src/vesc/vesc_msgs) by extension 'colcon_meta'
[0.813s] Level 1:colcon.colcon_core.package_identification:_identify(src/vesc/vesc_msgs) by extensions ['ros']
[0.813s] Level 1:colcon.colcon_core.package_identification:_identify(src/vesc/vesc_msgs) by extension 'ros'
[0.815s] DEBUG:colcon.colcon_core.package_identification:Package 'src/vesc/vesc_msgs' with type 'ros.ament_cmake' and name 'vesc_msgs'
[0.815s] Level 1:colcon.colcon_core.package_discovery:discover_packages(recursive) using defaults
[0.815s] Level 1:colcon.colcon_core.package_discovery:discover_packages(ignore) discover
[0.815s] Level 1:colcon.colcon_core.package_discovery:discover_packages(ignore) using defaults
[0.815s] Level 1:colcon.colcon_core.package_discovery:discover_packages(path) discover
[0.816s] Level 1:colcon.colcon_core.package_discovery:discover_packages(path) using defaults
[0.883s] Level 1:colcon.colcon_core.package_discovery:discover_packages(prefix_path) check parameters
[0.883s] Level 1:colcon.colcon_core.package_discovery:discover_packages(prefix_path) discover
[0.890s] DEBUG:colcon.colcon_installed_package_information.package_discovery:Found 5 installed packages in /home/pao/mushr2_ws/install
[0.893s] DEBUG:colcon.colcon_installed_package_information.package_discovery:Found 278 installed packages in /opt/ros/humble
[0.962s] Level 1:colcon.colcon_core.package_discovery:discover_packages(prefix_path) using defaults
[1.061s] Level 5:colcon.colcon_core.verb:set package 'mushr_joy_teleop' build argument 'cmake_args' from command line to 'None'
[1.062s] Level 5:colcon.colcon_core.verb:set package 'mushr_joy_teleop' build argument 'cmake_target' from command line to 'None'
[1.062s] Level 5:colcon.colcon_core.verb:set package 'mushr_joy_teleop' build argument 'cmake_target_skip_unavailable' from command line to 'False'
[1.062s] Level 5:colcon.colcon_core.verb:set package 'mushr_joy_teleop' build argument 'cmake_clean_cache' from command line to 'True'
[1.062s] Level 5:colcon.colcon_core.verb:set package 'mushr_joy_teleop' build argument 'cmake_clean_first' from command line to 'False'
[1.062s] Level 5:colcon.colcon_core.verb:set package 'mushr_joy_teleop' build argument 'cmake_force_configure' from command line to 'False'
[1.062s] Level 5:colcon.colcon_core.verb:set package 'mushr_joy_teleop' build argument 'ament_cmake_args' from command line to 'None'
[1.062s] Level 5:colcon.colcon_core.verb:set package 'mushr_joy_teleop' build argument 'catkin_cmake_args' from command line to 'None'
[1.063s] Level 5:colcon.colcon_core.verb:set package 'mushr_joy_teleop' build argument 'catkin_skip_building_tests' from command line to 'False'
[1.063s] DEBUG:colcon.colcon_core.verb:Building package 'mushr_joy_teleop' with the following arguments: {'ament_cmake_args': None, 'build_base': '/home/pao/mushr2_ws/build/mushr_joy_teleop', 'catkin_cmake_args': None, 'catkin_skip_building_tests': False, 'cmake_args': None, 'cmake_clean_cache': True, 'cmake_clean_first': False, 'cmake_force_configure': False, 'cmake_target': None, 'cmake_target_skip_unavailable': False, 'install_base': '/home/pao/mushr2_ws/install/mushr_joy_teleop', 'merge_install': False, 'path': '/home/pao/mushr2_ws/src/mushr_joy_teleop', 'symlink_install': False, 'test_result_base': None}
[1.064s] Level 5:colcon.colcon_core.verb:set package 'vesc_msgs' build argument 'cmake_args' from command line to 'None'
[1.064s] Level 5:colcon.colcon_core.verb:set package 'vesc_msgs' build argument 'cmake_target' from command line to 'None'
[1.064s] Level 5:colcon.colcon_core.verb:set package 'vesc_msgs' build argument 'cmake_target_skip_unavailable' from command line to 'False'
[1.064s] Level 5:colcon.colcon_core.verb:set package 'vesc_msgs' build argument 'cmake_clean_cache' from command line to 'True'
[1.064s] Level 5:colcon.colcon_core.verb:set package 'vesc_msgs' build argument 'cmake_clean_first' from command line to 'False'
[1.064s] Level 5:colcon.colcon_core.verb:set package 'vesc_msgs' build argument 'cmake_force_configure' from command line to 'False'
[1.064s] Level 5:colcon.colcon_core.verb:set package 'vesc_msgs' build argument 'ament_cmake_args' from command line to 'None'
[1.064s] Level 5:colcon.colcon_core.verb:set package 'vesc_msgs' build argument 'catkin_cmake_args' from command line to 'None'
[1.064s] Level 5:colcon.colcon_core.verb:set package 'vesc_msgs' build argument 'catkin_skip_building_tests' from command line to 'False'
[1.064s] DEBUG:colcon.colcon_core.verb:Building package 'vesc_msgs' with the following arguments: {'ament_cmake_args': None, 'build_base': '/home/pao/mushr2_ws/build/vesc_msgs', 'catkin_cmake_args': None, 'catkin_skip_building_tests': False, 'cmake_args': None, 'cmake_clean_cache': True, 'cmake_clean_first': False, 'cmake_force_configure': False, 'cmake_target': None, 'cmake_target_skip_unavailable': False, 'install_base': '/home/pao/mushr2_ws/install/vesc_msgs', 'merge_install': False, 'path': '/home/pao/mushr2_ws/src/vesc/vesc_msgs', 'symlink_install': False, 'test_result_base': None}
[1.065s] Level 5:colcon.colcon_core.verb:set package 'vesc_ackermann' build argument 'cmake_args' from command line to 'None'
[1.065s] Level 5:colcon.colcon_core.verb:set package 'vesc_ackermann' build argument 'cmake_target' from command line to 'None'
[1.065s] Level 5:colcon.colcon_core.verb:set package 'vesc_ackermann' build argument 'cmake_target_skip_unavailable' from command line to 'False'
[1.066s] Level 5:colcon.colcon_core.verb:set package 'vesc_ackermann' build argument 'cmake_clean_cache' from command line to 'True'
[1.066s] Level 5:colcon.colcon_core.verb:set package 'vesc_ackermann' build argument 'cmake_clean_first' from command line to 'False'
[1.066s] Level 5:colcon.colcon_core.verb:set package 'vesc_ackermann' build argument 'cmake_force_configure' from command line to 'False'
[1.066s] Level 5:colcon.colcon_core.verb:set package 'vesc_ackermann' build argument 'ament_cmake_args' from command line to 'None'
[1.066s] Level 5:colcon.colcon_core.verb:set package 'vesc_ackermann' build argument 'catkin_cmake_args' from command line to 'None'
[1.066s] Level 5:colcon.colcon_core.verb:set package 'vesc_ackermann' build argument 'catkin_skip_building_tests' from command line to 'False'
[1.066s] DEBUG:colcon.colcon_core.verb:Building package 'vesc_ackermann' with the following arguments: {'ament_cmake_args': None, 'build_base': '/home/pao/mushr2_ws/build/vesc_ackermann', 'catkin_cmake_args': None, 'catkin_skip_building_tests': False, 'cmake_args': None, 'cmake_clean_cache': True, 'cmake_clean_first': False, 'cmake_force_configure': False, 'cmake_target': None, 'cmake_target_skip_unavailable': False, 'install_base': '/home/pao/mushr2_ws/install/vesc_ackermann', 'merge_install': False, 'path': '/home/pao/mushr2_ws/src/vesc/vesc_ackermann', 'symlink_install': False, 'test_result_base': None}
[1.067s] Level 5:colcon.colcon_core.verb:set package 'vesc_driver' build argument 'cmake_args' from command line to 'None'
[1.067s] Level 5:colcon.colcon_core.verb:set package 'vesc_driver' build argument 'cmake_target' from command line to 'None'
[1.067s] Level 5:colcon.colcon_core.verb:set package 'vesc_driver' build argument 'cmake_target_skip_unavailable' from command line to 'False'
[1.067s] Level 5:colcon.colcon_core.verb:set package 'vesc_driver' build argument 'cmake_clean_cache' from command line to 'True'
[1.067s] Level 5:colcon.colcon_core.verb:set package 'vesc_driver' build argument 'cmake_clean_first' from command line to 'False'
[1.067s] Level 5:colcon.colcon_core.verb:set package 'vesc_driver' build argument 'cmake_force_configure' from command line to 'False'
[1.067s] Level 5:colcon.colcon_core.verb:set package 'vesc_driver' build argument 'ament_cmake_args' from command line to 'None'
[1.067s] Level 5:colcon.colcon_core.verb:set package 'vesc_driver' build argument 'catkin_cmake_args' from command line to 'None'
[1.067s] Level 5:colcon.colcon_core.verb:set package 'vesc_driver' build argument 'catkin_skip_building_tests' from command line to 'False'
[1.067s] DEBUG:colcon.colcon_core.verb:Building package 'vesc_driver' with the following arguments: {'ament_cmake_args': None, 'build_base': '/home/pao/mushr2_ws/build/vesc_driver', 'catkin_cmake_args': None, 'catkin_skip_building_tests': False, 'cmake_args': None, 'cmake_clean_cache': True, 'cmake_clean_first': False, 'cmake_force_configure': False, 'cmake_target': None, 'cmake_target_skip_unavailable': False, 'install_base': '/home/pao/mushr2_ws/install/vesc_driver', 'merge_install': False, 'path': '/home/pao/mushr2_ws/src/vesc/vesc_driver', 'symlink_install': False, 'test_result_base': None}
[1.068s] Level 5:colcon.colcon_core.verb:set package 'vesc' build argument 'cmake_args' from command line to 'None'
[1.068s] Level 5:colcon.colcon_core.verb:set package 'vesc' build argument 'cmake_target' from command line to 'None'
[1.068s] Level 5:colcon.colcon_core.verb:set package 'vesc' build argument 'cmake_target_skip_unavailable' from command line to 'False'
[1.068s] Level 5:colcon.colcon_core.verb:set package 'vesc' build argument 'cmake_clean_cache' from command line to 'True'
[1.068s] Level 5:colcon.colcon_core.verb:set package 'vesc' build argument 'cmake_clean_first' from command line to 'False'
[1.068s] Level 5:colcon.colcon_core.verb:set package 'vesc' build argument 'cmake_force_configure' from command line to 'False'
[1.069s] Level 5:colcon.colcon_core.verb:set package 'vesc' build argument 'ament_cmake_args' from command line to 'None'
[1.069s] Level 5:colcon.colcon_core.verb:set package 'vesc' build argument 'catkin_cmake_args' from command line to 'None'
[1.069s] Level 5:colcon.colcon_core.verb:set package 'vesc' build argument 'catkin_skip_building_tests' from command line to 'False'
[1.069s] DEBUG:colcon.colcon_core.verb:Building package 'vesc' with the following arguments: {'ament_cmake_args': None, 'build_base': '/home/pao/mushr2_ws/build/vesc', 'catkin_cmake_args': None, 'catkin_skip_building_tests': False, 'cmake_args': None, 'cmake_clean_cache': True, 'cmake_clean_first': False, 'cmake_force_configure': False, 'cmake_target': None, 'cmake_target_skip_unavailable': False, 'install_base': '/home/pao/mushr2_ws/install/vesc', 'merge_install': False, 'path': '/home/pao/mushr2_ws/src/vesc/vesc', 'symlink_install': False, 'test_result_base': None}
[1.069s] INFO:colcon.colcon_core.executor:Executing jobs using 'parallel' executor
[1.075s] DEBUG:colcon.colcon_parallel_executor.executor.parallel:run_until_complete
[1.076s] INFO:colcon.colcon_ros.task.ament_cmake.build:Building ROS package in '/home/pao/mushr2_ws/src/vesc/vesc_msgs' with build type 'ament_cmake'
[1.077s] INFO:colcon.colcon_cmake.task.cmake.build:Building CMake package in '/home/pao/mushr2_ws/src/vesc/vesc_msgs'
[1.083s] INFO:colcon.colcon_core.plugin_system:Skipping extension 'colcon_core.shell.bat': Not used on non-Windows systems
[1.084s] INFO:colcon.colcon_core.shell:Skip shell extension 'powershell' for command environment: Not usable outside of PowerShell
[1.084s] DEBUG:colcon.colcon_core.shell:Skip shell extension 'dsv' for command environment
[1.097s] INFO:colcon.colcon_ros.task.ament_python.build:Building ROS package in '/home/pao/mushr2_ws/src/mushr_joy_teleop' with build type 'ament_python'
[1.098s] Level 1:colcon.colcon_core.shell:create_environment_hook('mushr_joy_teleop', 'ament_prefix_path')
[1.099s] INFO:colcon.colcon_core.shell:Creating environment hook '/home/pao/mushr2_ws/install/mushr_joy_teleop/share/mushr_joy_teleop/hook/ament_prefix_path.ps1'
[1.103s] INFO:colcon.colcon_core.shell:Creating environment descriptor '/home/pao/mushr2_ws/install/mushr_joy_teleop/share/mushr_joy_teleop/hook/ament_prefix_path.dsv'
[1.105s] INFO:colcon.colcon_core.shell:Creating environment hook '/home/pao/mushr2_ws/install/mushr_joy_teleop/share/mushr_joy_teleop/hook/ament_prefix_path.sh'
[1.107s] INFO:colcon.colcon_core.shell:Skip shell extension 'powershell' for command environment: Not usable outside of PowerShell
[1.108s] DEBUG:colcon.colcon_core.shell:Skip shell extension 'dsv' for command environment
[1.149s] DEBUG:colcon.colcon_core.event_handler.log_command:Invoking command in '/home/pao/mushr2_ws/build/vesc_msgs': CMAKE_PREFIX_PATH=${CMAKE_PREFIX_PATH}:/home/pao/mushr2_ws/install/mushr_joy_teleop:/opt/ros/humble /usr/bin/cmake /home/pao/mushr2_ws/src/vesc/vesc_msgs -DCMAKE_INSTALL_PREFIX=/home/pao/mushr2_ws/install/vesc_msgs
[1.884s] INFO:colcon.colcon_core.task.python.build:Building Python package in '/home/pao/mushr2_ws/src/mushr_joy_teleop'
[1.885s] INFO:colcon.colcon_core.shell:Skip shell extension 'powershell' for command environment: Not usable outside of PowerShell
[1.885s] DEBUG:colcon.colcon_core.shell:Skip shell extension 'dsv' for command environment
[2.850s] DEBUG:colcon.colcon_core.event_handler.log_command:Invoking command in '/home/pao/mushr2_ws/build/mushr_joy_teleop': PYTHONPATH=/home/pao/mushr2_ws/build/mushr_joy_teleop/prefix_override:/usr/lib/python3/dist-packages/colcon_core/task/python/colcon_distutils_commands:/home/pao/mushr2_ws/install/mushr_joy_teleop/lib/python3.10/site-packages:${PYTHONPATH} /usr/bin/python3 -W ignore:setup.py install is deprecated -W ignore:easy_install command is deprecated setup.py develop --uninstall --editable --build-directory /home/pao/mushr2_ws/build/mushr_joy_teleop/build
[4.057s] DEBUG:colcon.colcon_core.event_handler.log_command:Invoked command in '/home/pao/mushr2_ws/build/mushr_joy_teleop' returned '0': PYTHONPATH=/home/pao/mushr2_ws/build/mushr_joy_teleop/prefix_override:/usr/lib/python3/dist-packages/colcon_core/task/python/colcon_distutils_commands:/home/pao/mushr2_ws/install/mushr_joy_teleop/lib/python3.10/site-packages:${PYTHONPATH} /usr/bin/python3 -W ignore:setup.py install is deprecated -W ignore:easy_install command is deprecated setup.py develop --uninstall --editable --build-directory /home/pao/mushr2_ws/build/mushr_joy_teleop/build
[4.062s] DEBUG:colcon.colcon_core.event_handler.log_command:Invoking command in '/home/pao/mushr2_ws/src/mushr_joy_teleop': PYTHONPATH=/home/pao/mushr2_ws/build/mushr_joy_teleop/prefix_override:/usr/lib/python3/dist-packages/colcon_core/task/python/colcon_distutils_commands:/home/pao/mushr2_ws/install/mushr_joy_teleop/lib/python3.10/site-packages:${PYTHONPATH} /usr/bin/python3 -W ignore:setup.py install is deprecated -W ignore:easy_install command is deprecated setup.py egg_info --egg-base ../../build/mushr_joy_teleop build --build-base /home/pao/mushr2_ws/build/mushr_joy_teleop/build install --record /home/pao/mushr2_ws/build/mushr_joy_teleop/install.log --single-version-externally-managed install_data --force
[4.951s] DEBUG:colcon.colcon_core.event_handler.log_command:Invoked command in '/home/pao/mushr2_ws/src/mushr_joy_teleop' returned '0': PYTHONPATH=/home/pao/mushr2_ws/build/mushr_joy_teleop/prefix_override:/usr/lib/python3/dist-packages/colcon_core/task/python/colcon_distutils_commands:/home/pao/mushr2_ws/install/mushr_joy_teleop/lib/python3.10/site-packages:${PYTHONPATH} /usr/bin/python3 -W ignore:setup.py install is deprecated -W ignore:easy_install command is deprecated setup.py egg_info --egg-base ../../build/mushr_joy_teleop build --build-base /home/pao/mushr2_ws/build/mushr_joy_teleop/build install --record /home/pao/mushr2_ws/build/mushr_joy_teleop/install.log --single-version-externally-managed install_data --force
[4.959s] Level 1:colcon.colcon_core.environment:checking '/home/pao/mushr2_ws/install/mushr_joy_teleop' for CMake module files
[4.962s] Level 1:colcon.colcon_core.environment:checking '/home/pao/mushr2_ws/install/mushr_joy_teleop' for CMake config files
[4.965s] Level 1:colcon.colcon_core.environment:checking '/home/pao/mushr2_ws/install/mushr_joy_teleop/lib'
[4.966s] Level 1:colcon.colcon_core.environment:checking '/home/pao/mushr2_ws/install/mushr_joy_teleop/bin'
[4.966s] Level 1:colcon.colcon_core.environment:checking '/home/pao/mushr2_ws/install/mushr_joy_teleop/lib/pkgconfig/mushr_joy_teleop.pc'
[4.966s] Level 1:colcon.colcon_core.environment:checking '/home/pao/mushr2_ws/install/mushr_joy_teleop/lib/python3.10/site-packages'
[4.967s] Level 1:colcon.colcon_core.shell:create_environment_hook('mushr_joy_teleop', 'pythonpath')
[4.968s] INFO:colcon.colcon_core.shell:Creating environment hook '/home/pao/mushr2_ws/install/mushr_joy_teleop/share/mushr_joy_teleop/hook/pythonpath.ps1'
[4.970s] INFO:colcon.colcon_core.shell:Creating environment descriptor '/home/pao/mushr2_ws/install/mushr_joy_teleop/share/mushr_joy_teleop/hook/pythonpath.dsv'
[4.972s] INFO:colcon.colcon_core.shell:Creating environment hook '/home/pao/mushr2_ws/install/mushr_joy_teleop/share/mushr_joy_teleop/hook/pythonpath.sh'
[4.975s] Level 1:colcon.colcon_core.environment:checking '/home/pao/mushr2_ws/install/mushr_joy_teleop/bin'
[4.975s] Level 1:colcon.colcon_core.environment:create_environment_scripts_only(mushr_joy_teleop)
[4.976s] INFO:colcon.colcon_core.shell:Creating package script '/home/pao/mushr2_ws/install/mushr_joy_teleop/share/mushr_joy_teleop/package.ps1'
[4.979s] INFO:colcon.colcon_core.shell:Creating package descriptor '/home/pao/mushr2_ws/install/mushr_joy_teleop/share/mushr_joy_teleop/package.dsv'
[4.982s] INFO:colcon.colcon_core.shell:Creating package script '/home/pao/mushr2_ws/install/mushr_joy_teleop/share/mushr_joy_teleop/package.sh'
[4.984s] INFO:colcon.colcon_core.shell:Creating package script '/home/pao/mushr2_ws/install/mushr_joy_teleop/share/mushr_joy_teleop/package.bash'
[4.986s] INFO:colcon.colcon_core.shell:Creating package script '/home/pao/mushr2_ws/install/mushr_joy_teleop/share/mushr_joy_teleop/package.zsh'
[4.988s] Level 1:colcon.colcon_core.environment:create_file_with_runtime_dependencies(/home/pao/mushr2_ws/install/mushr_joy_teleop/share/colcon-core/packages/mushr_joy_teleop)
[7.515s] DEBUG:colcon.colcon_core.event_handler.log_command:Invoked command in '/home/pao/mushr2_ws/build/vesc_msgs' returned '0': CMAKE_PREFIX_PATH=${CMAKE_PREFIX_PATH}:/home/pao/mushr2_ws/install/mushr_joy_teleop:/opt/ros/humble /usr/bin/cmake /home/pao/mushr2_ws/src/vesc/vesc_msgs -DCMAKE_INSTALL_PREFIX=/home/pao/mushr2_ws/install/vesc_msgs
[7.521s] DEBUG:colcon.colcon_core.event_handler.log_command:Invoking command in '/home/pao/mushr2_ws/build/vesc_msgs': CMAKE_PREFIX_PATH=${CMAKE_PREFIX_PATH}:/home/pao/mushr2_ws/install/mushr_joy_teleop:/opt/ros/humble /usr/bin/cmake --build /home/pao/mushr2_ws/build/vesc_msgs -- -j6 -l6
[8.682s] DEBUG:colcon.colcon_core.event_handler.log_command:Invoked command in '/home/pao/mushr2_ws/build/vesc_msgs' returned '0': CMAKE_PREFIX_PATH=${CMAKE_PREFIX_PATH}:/home/pao/mushr2_ws/install/mushr_joy_teleop:/opt/ros/humble /usr/bin/cmake --build /home/pao/mushr2_ws/build/vesc_msgs -- -j6 -l6
[8.719s] DEBUG:colcon.colcon_core.event_handler.log_command:Invoking command in '/home/pao/mushr2_ws/build/vesc_msgs': CMAKE_PREFIX_PATH=${CMAKE_PREFIX_PATH}:/home/pao/mushr2_ws/install/mushr_joy_teleop:/opt/ros/humble /usr/bin/cmake --install /home/pao/mushr2_ws/build/vesc_msgs
[8.938s] Level 1:colcon.colcon_core.environment:create_environment_scripts_only(vesc_msgs)
[8.940s] Level 1:colcon.colcon_core.environment:checking '/home/pao/mushr2_ws/install/vesc_msgs' for CMake module files
[8.943s] Level 1:colcon.colcon_core.environment:checking '/home/pao/mushr2_ws/install/vesc_msgs' for CMake config files
[8.941s] DEBUG:colcon.colcon_core.event_handler.log_command:Invoked command in '/home/pao/mushr2_ws/build/vesc_msgs' returned '0': CMAKE_PREFIX_PATH=${CMAKE_PREFIX_PATH}:/home/pao/mushr2_ws/install/mushr_joy_teleop:/opt/ros/humble /usr/bin/cmake --install /home/pao/mushr2_ws/build/vesc_msgs
[8.945s] Level 1:colcon.colcon_core.shell:create_environment_hook('vesc_msgs', 'cmake_prefix_path')
[8.947s] INFO:colcon.colcon_core.shell:Creating environment hook '/home/pao/mushr2_ws/install/vesc_msgs/share/vesc_msgs/hook/cmake_prefix_path.ps1'
[8.949s] INFO:colcon.colcon_core.shell:Creating environment descriptor '/home/pao/mushr2_ws/install/vesc_msgs/share/vesc_msgs/hook/cmake_prefix_path.dsv'
[8.950s] INFO:colcon.colcon_core.shell:Creating environment hook '/home/pao/mushr2_ws/install/vesc_msgs/share/vesc_msgs/hook/cmake_prefix_path.sh'
[8.952s] Level 1:colcon.colcon_core.environment:checking '/home/pao/mushr2_ws/install/vesc_msgs/lib'
[8.953s] Level 1:colcon.colcon_core.shell:create_environment_hook('vesc_msgs', 'ld_library_path_lib')
[8.954s] INFO:colcon.colcon_core.shell:Creating environment hook '/home/pao/mushr2_ws/install/vesc_msgs/share/vesc_msgs/hook/ld_library_path_lib.ps1'
[8.955s] INFO:colcon.colcon_core.shell:Creating environment descriptor '/home/pao/mushr2_ws/install/vesc_msgs/share/vesc_msgs/hook/ld_library_path_lib.dsv'
[8.957s] INFO:colcon.colcon_core.shell:Creating environment hook '/home/pao/mushr2_ws/install/vesc_msgs/share/vesc_msgs/hook/ld_library_path_lib.sh'
[8.958s] Level 1:colcon.colcon_core.environment:checking '/home/pao/mushr2_ws/install/vesc_msgs/bin'
[8.958s] Level 1:colcon.colcon_core.environment:checking '/home/pao/mushr2_ws/install/vesc_msgs/lib/pkgconfig/vesc_msgs.pc'
[8.959s] Level 1:colcon.colcon_core.environment:checking '/home/pao/mushr2_ws/install/vesc_msgs/lib/python3.10/site-packages'
[8.960s] Level 1:colcon.colcon_core.environment:checking '/home/pao/mushr2_ws/install/vesc_msgs/bin'
[8.962s] INFO:colcon.colcon_core.shell:Creating package script '/home/pao/mushr2_ws/install/vesc_msgs/share/vesc_msgs/package.ps1'
[8.964s] INFO:colcon.colcon_core.shell:Creating package descriptor '/home/pao/mushr2_ws/install/vesc_msgs/share/vesc_msgs/package.dsv'
[8.966s] INFO:colcon.colcon_core.shell:Creating package script '/home/pao/mushr2_ws/install/vesc_msgs/share/vesc_msgs/package.sh'
[8.967s] INFO:colcon.colcon_core.shell:Creating package script '/home/pao/mushr2_ws/install/vesc_msgs/share/vesc_msgs/package.bash'
[8.969s] INFO:colcon.colcon_core.shell:Creating package script '/home/pao/mushr2_ws/install/vesc_msgs/share/vesc_msgs/package.zsh'
[8.970s] Level 1:colcon.colcon_core.environment:create_file_with_runtime_dependencies(/home/pao/mushr2_ws/install/vesc_msgs/share/colcon-core/packages/vesc_msgs)
[8.972s] Level 1:colcon.colcon_core.environment:create_environment_scripts_only(vesc_msgs)
[8.973s] Level 1:colcon.colcon_core.environment:checking '/home/pao/mushr2_ws/install/vesc_msgs' for CMake module files
[8.974s] Level 1:colcon.colcon_core.environment:checking '/home/pao/mushr2_ws/install/vesc_msgs' for CMake config files
[8.975s] Level 1:colcon.colcon_core.shell:create_environment_hook('vesc_msgs', 'cmake_prefix_path')
[8.976s] INFO:colcon.colcon_core.shell:Creating environment hook '/home/pao/mushr2_ws/install/vesc_msgs/share/vesc_msgs/hook/cmake_prefix_path.ps1'
[8.977s] INFO:colcon.colcon_core.shell:Creating environment descriptor '/home/pao/mushr2_ws/install/vesc_msgs/share/vesc_msgs/hook/cmake_prefix_path.dsv'
[8.979s] INFO:colcon.colcon_core.shell:Creating environment hook '/home/pao/mushr2_ws/install/vesc_msgs/share/vesc_msgs/hook/cmake_prefix_path.sh'
[8.980s] Level 1:colcon.colcon_core.environment:checking '/home/pao/mushr2_ws/install/vesc_msgs/lib'
[8.981s] Level 1:colcon.colcon_core.shell:create_environment_hook('vesc_msgs', 'ld_library_path_lib')
[8.981s] INFO:colcon.colcon_core.shell:Creating environment hook '/home/pao/mushr2_ws/install/vesc_msgs/share/vesc_msgs/hook/ld_library_path_lib.ps1'
[8.984s] INFO:colcon.colcon_core.shell:Creating environment descriptor '/home/pao/mushr2_ws/install/vesc_msgs/share/vesc_msgs/hook/ld_library_path_lib.dsv'
[8.984s] INFO:colcon.colcon_core.shell:Creating environment hook '/home/pao/mushr2_ws/install/vesc_msgs/share/vesc_msgs/hook/ld_library_path_lib.sh'
[8.986s] Level 1:colcon.colcon_core.environment:checking '/home/pao/mushr2_ws/install/vesc_msgs/bin'
[8.986s] Level 1:colcon.colcon_core.environment:checking '/home/pao/mushr2_ws/install/vesc_msgs/lib/pkgconfig/vesc_msgs.pc'
[8.987s] Level 1:colcon.colcon_core.environment:checking '/home/pao/mushr2_ws/install/vesc_msgs/lib/python3.10/site-packages'
[8.988s] Level 1:colcon.colcon_core.environment:checking '/home/pao/mushr2_ws/install/vesc_msgs/bin'
[8.989s] INFO:colcon.colcon_core.shell:Creating package script '/home/pao/mushr2_ws/install/vesc_msgs/share/vesc_msgs/package.ps1'
[8.991s] INFO:colcon.colcon_core.shell:Creating package descriptor '/home/pao/mushr2_ws/install/vesc_msgs/share/vesc_msgs/package.dsv'
[8.993s] INFO:colcon.colcon_core.shell:Creating package script '/home/pao/mushr2_ws/install/vesc_msgs/share/vesc_msgs/package.sh'
[9.004s] INFO:colcon.colcon_core.shell:Creating package script '/home/pao/mushr2_ws/install/vesc_msgs/share/vesc_msgs/package.bash'
[9.012s] INFO:colcon.colcon_core.shell:Creating package script '/home/pao/mushr2_ws/install/vesc_msgs/share/vesc_msgs/package.zsh'
[9.017s] Level 1:colcon.colcon_core.environment:create_file_with_runtime_dependencies(/home/pao/mushr2_ws/install/vesc_msgs/share/colcon-core/packages/vesc_msgs)
[9.021s] INFO:colcon.colcon_ros.task.ament_cmake.build:Building ROS package in '/home/pao/mushr2_ws/src/vesc/vesc_ackermann' with build type 'ament_cmake'
[9.023s] INFO:colcon.colcon_cmake.task.cmake.build:Building CMake package in '/home/pao/mushr2_ws/src/vesc/vesc_ackermann'
[9.025s] INFO:colcon.colcon_core.shell:Skip shell extension 'powershell' for command environment: Not usable outside of PowerShell
[9.025s] DEBUG:colcon.colcon_core.shell:Skip shell extension 'dsv' for command environment
[9.054s] INFO:colcon.colcon_ros.task.ament_cmake.build:Building ROS package in '/home/pao/mushr2_ws/src/vesc/vesc_driver' with build type 'ament_cmake'
[9.054s] INFO:colcon.colcon_cmake.task.cmake.build:Building CMake package in '/home/pao/mushr2_ws/src/vesc/vesc_driver'
[9.055s] INFO:colcon.colcon_core.shell:Skip shell extension 'powershell' for command environment: Not usable outside of PowerShell
[9.055s] DEBUG:colcon.colcon_core.shell:Skip shell extension 'dsv' for command environment
[9.087s] DEBUG:colcon.colcon_core.event_handler.log_command:Invoking command in '/home/pao/mushr2_ws/build/vesc_ackermann': CMAKE_PREFIX_PATH=/home/pao/mushr2_ws/install/vesc_msgs:/home/pao/mushr2_ws/install/vesc:/home/pao/mushr2_ws/install/vesc_driver:/home/pao/mushr2_ws/install/vesc_ackermann:/home/pao/mushr2_ws/install/mushr_joy_teleop:/opt/ros/humble LD_LIBRARY_PATH=/home/pao/mushr2_ws/install/vesc_msgs/lib:/home/pao/mushr2_ws/install/vesc_driver/lib:/home/pao/mushr2_ws/install/vesc_ackermann/lib:/opt/ros/humble/opt/rviz_ogre_vendor/lib:/opt/ros/humble/lib/aarch64-linux-gnu:/opt/ros/humble/lib /usr/bin/cmake /home/pao/mushr2_ws/src/vesc/vesc_ackermann -DCMAKE_INSTALL_PREFIX=/home/pao/mushr2_ws/install/vesc_ackermann
[9.103s] DEBUG:colcon.colcon_core.event_handler.log_command:Invoking command in '/home/pao/mushr2_ws/build/vesc_driver': CMAKE_PREFIX_PATH=/home/pao/mushr2_ws/install/vesc_msgs:/home/pao/mushr2_ws/install/vesc:/home/pao/mushr2_ws/install/vesc_driver:/home/pao/mushr2_ws/install/vesc_ackermann:/home/pao/mushr2_ws/install/mushr_joy_teleop:/opt/ros/humble LD_LIBRARY_PATH=/home/pao/mushr2_ws/install/vesc_msgs/lib:/home/pao/mushr2_ws/install/vesc_driver/lib:/home/pao/mushr2_ws/install/vesc_ackermann/lib:/opt/ros/humble/opt/rviz_ogre_vendor/lib:/opt/ros/humble/lib/aarch64-linux-gnu:/opt/ros/humble/lib /usr/bin/cmake /home/pao/mushr2_ws/src/vesc/vesc_driver -DCMAKE_INSTALL_PREFIX=/home/pao/mushr2_ws/install/vesc_driver
[12.952s] DEBUG:colcon.colcon_core.event_handler.log_command:Invoked command in '/home/pao/mushr2_ws/build/vesc_ackermann' returned '0': CMAKE_PREFIX_PATH=/home/pao/mushr2_ws/install/vesc_msgs:/home/pao/mushr2_ws/install/vesc:/home/pao/mushr2_ws/install/vesc_driver:/home/pao/mushr2_ws/install/vesc_ackermann:/home/pao/mushr2_ws/install/mushr_joy_teleop:/opt/ros/humble LD_LIBRARY_PATH=/home/pao/mushr2_ws/install/vesc_msgs/lib:/home/pao/mushr2_ws/install/vesc_driver/lib:/home/pao/mushr2_ws/install/vesc_ackermann/lib:/opt/ros/humble/opt/rviz_ogre_vendor/lib:/opt/ros/humble/lib/aarch64-linux-gnu:/opt/ros/humble/lib /usr/bin/cmake /home/pao/mushr2_ws/src/vesc/vesc_ackermann -DCMAKE_INSTALL_PREFIX=/home/pao/mushr2_ws/install/vesc_ackermann
[12.955s] DEBUG:colcon.colcon_core.event_handler.log_command:Invoking command in '/home/pao/mushr2_ws/build/vesc_ackermann': CMAKE_PREFIX_PATH=/home/pao/mushr2_ws/install/vesc_msgs:/home/pao/mushr2_ws/install/vesc:/home/pao/mushr2_ws/install/vesc_driver:/home/pao/mushr2_ws/install/vesc_ackermann:/home/pao/mushr2_ws/install/mushr_joy_teleop:/opt/ros/humble LD_LIBRARY_PATH=/home/pao/mushr2_ws/install/vesc_msgs/lib:/home/pao/mushr2_ws/install/vesc_driver/lib:/home/pao/mushr2_ws/install/vesc_ackermann/lib:/opt/ros/humble/opt/rviz_ogre_vendor/lib:/opt/ros/humble/lib/aarch64-linux-gnu:/opt/ros/humble/lib /usr/bin/cmake --build /home/pao/mushr2_ws/build/vesc_ackermann -- -j6 -l6
[13.060s] DEBUG:colcon.colcon_core.event_handler.log_command:Invoked command in '/home/pao/mushr2_ws/build/vesc_driver' returned '0': CMAKE_PREFIX_PATH=/home/pao/mushr2_ws/install/vesc_msgs:/home/pao/mushr2_ws/install/vesc:/home/pao/mushr2_ws/install/vesc_driver:/home/pao/mushr2_ws/install/vesc_ackermann:/home/pao/mushr2_ws/install/mushr_joy_teleop:/opt/ros/humble LD_LIBRARY_PATH=/home/pao/mushr2_ws/install/vesc_msgs/lib:/home/pao/mushr2_ws/install/vesc_driver/lib:/home/pao/mushr2_ws/install/vesc_ackermann/lib:/opt/ros/humble/opt/rviz_ogre_vendor/lib:/opt/ros/humble/lib/aarch64-linux-gnu:/opt/ros/humble/lib /usr/bin/cmake /home/pao/mushr2_ws/src/vesc/vesc_driver -DCMAKE_INSTALL_PREFIX=/home/pao/mushr2_ws/install/vesc_driver
[13.062s] DEBUG:colcon.colcon_core.event_handler.log_command:Invoking command in '/home/pao/mushr2_ws/build/vesc_driver': CMAKE_PREFIX_PATH=/home/pao/mushr2_ws/install/vesc_msgs:/home/pao/mushr2_ws/install/vesc:/home/pao/mushr2_ws/install/vesc_driver:/home/pao/mushr2_ws/install/vesc_ackermann:/home/pao/mushr2_ws/install/mushr_joy_teleop:/opt/ros/humble LD_LIBRARY_PATH=/home/pao/mushr2_ws/install/vesc_msgs/lib:/home/pao/mushr2_ws/install/vesc_driver/lib:/home/pao/mushr2_ws/install/vesc_ackermann/lib:/opt/ros/humble/opt/rviz_ogre_vendor/lib:/opt/ros/humble/lib/aarch64-linux-gnu:/opt/ros/humble/lib /usr/bin/cmake --build /home/pao/mushr2_ws/build/vesc_driver -- -j6 -l6
[13.387s] DEBUG:colcon.colcon_core.event_handler.log_command:Invoked command in '/home/pao/mushr2_ws/build/vesc_ackermann' returned '0': CMAKE_PREFIX_PATH=/home/pao/mushr2_ws/install/vesc_msgs:/home/pao/mushr2_ws/install/vesc:/home/pao/mushr2_ws/install/vesc_driver:/home/pao/mushr2_ws/install/vesc_ackermann:/home/pao/mushr2_ws/install/mushr_joy_teleop:/opt/ros/humble LD_LIBRARY_PATH=/home/pao/mushr2_ws/install/vesc_msgs/lib:/home/pao/mushr2_ws/install/vesc_driver/lib:/home/pao/mushr2_ws/install/vesc_ackermann/lib:/opt/ros/humble/opt/rviz_ogre_vendor/lib:/opt/ros/humble/lib/aarch64-linux-gnu:/opt/ros/humble/lib /usr/bin/cmake --build /home/pao/mushr2_ws/build/vesc_ackermann -- -j6 -l6
[13.388s] DEBUG:colcon.colcon_core.event_handler.log_command:Invoking command in '/home/pao/mushr2_ws/build/vesc_ackermann': CMAKE_PREFIX_PATH=/home/pao/mushr2_ws/install/vesc_msgs:/home/pao/mushr2_ws/install/vesc:/home/pao/mushr2_ws/install/vesc_driver:/home/pao/mushr2_ws/install/vesc_ackermann:/home/pao/mushr2_ws/install/mushr_joy_teleop:/opt/ros/humble LD_LIBRARY_PATH=/home/pao/mushr2_ws/install/vesc_msgs/lib:/home/pao/mushr2_ws/install/vesc_driver/lib:/home/pao/mushr2_ws/install/vesc_ackermann/lib:/opt/ros/humble/opt/rviz_ogre_vendor/lib:/opt/ros/humble/lib/aarch64-linux-gnu:/opt/ros/humble/lib /usr/bin/cmake --install /home/pao/mushr2_ws/build/vesc_ackermann
[13.421s] Level 1:colcon.colcon_core.environment:create_environment_scripts_only(vesc_ackermann)
[13.422s] Level 1:colcon.colcon_core.environment:checking '/home/pao/mushr2_ws/install/vesc_ackermann' for CMake module files
[13.424s] Level 1:colcon.colcon_core.environment:checking '/home/pao/mushr2_ws/install/vesc_ackermann' for CMake config files
[13.425s] Level 1:colcon.colcon_core.shell:create_environment_hook('vesc_ackermann', 'cmake_prefix_path')
[13.426s] INFO:colcon.colcon_core.shell:Creating environment hook '/home/pao/mushr2_ws/install/vesc_ackermann/share/vesc_ackermann/hook/cmake_prefix_path.ps1'
[13.427s] INFO:colcon.colcon_core.shell:Creating environment descriptor '/home/pao/mushr2_ws/install/vesc_ackermann/share/vesc_ackermann/hook/cmake_prefix_path.dsv'
[13.428s] INFO:colcon.colcon_core.shell:Creating environment hook '/home/pao/mushr2_ws/install/vesc_ackermann/share/vesc_ackermann/hook/cmake_prefix_path.sh'
[13.430s] DEBUG:colcon.colcon_core.event_handler.log_command:Invoked command in '/home/pao/mushr2_ws/build/vesc_ackermann' returned '0': CMAKE_PREFIX_PATH=/home/pao/mushr2_ws/install/vesc_msgs:/home/pao/mushr2_ws/install/vesc:/home/pao/mushr2_ws/install/vesc_driver:/home/pao/mushr2_ws/install/vesc_ackermann:/home/pao/mushr2_ws/install/mushr_joy_teleop:/opt/ros/humble LD_LIBRARY_PATH=/home/pao/mushr2_ws/install/vesc_msgs/lib:/home/pao/mushr2_ws/install/vesc_driver/lib:/home/pao/mushr2_ws/install/vesc_ackermann/lib:/opt/ros/humble/opt/rviz_ogre_vendor/lib:/opt/ros/humble/lib/aarch64-linux-gnu:/opt/ros/humble/lib /usr/bin/cmake --install /home/pao/mushr2_ws/build/vesc_ackermann
[13.431s] Level 1:colcon.colcon_core.environment:checking '/home/pao/mushr2_ws/install/vesc_ackermann/lib'
[13.431s] Level 1:colcon.colcon_core.shell:create_environment_hook('vesc_ackermann', 'ld_library_path_lib')
[13.432s] INFO:colcon.colcon_core.shell:Creating environment hook '/home/pao/mushr2_ws/install/vesc_ackermann/share/vesc_ackermann/hook/ld_library_path_lib.ps1'
[13.433s] INFO:colcon.colcon_core.shell:Creating environment descriptor '/home/pao/mushr2_ws/install/vesc_ackermann/share/vesc_ackermann/hook/ld_library_path_lib.dsv'
[13.434s] INFO:colcon.colcon_core.shell:Creating environment hook '/home/pao/mushr2_ws/install/vesc_ackermann/share/vesc_ackermann/hook/ld_library_path_lib.sh'
[13.435s] Level 1:colcon.colcon_core.environment:checking '/home/pao/mushr2_ws/install/vesc_ackermann/bin'
[13.435s] Level 1:colcon.colcon_core.environment:checking '/home/pao/mushr2_ws/install/vesc_ackermann/lib/pkgconfig/vesc_ackermann.pc'
[13.436s] Level 1:colcon.colcon_core.environment:checking '/home/pao/mushr2_ws/install/vesc_ackermann/lib/python3.10/site-packages'
[13.442s] Level 1:colcon.colcon_core.environment:checking '/home/pao/mushr2_ws/install/vesc_ackermann/bin'
[13.444s] INFO:colcon.colcon_core.shell:Creating package script '/home/pao/mushr2_ws/install/vesc_ackermann/share/vesc_ackermann/package.ps1'
[13.448s] INFO:colcon.colcon_core.shell:Creating package descriptor '/home/pao/mushr2_ws/install/vesc_ackermann/share/vesc_ackermann/package.dsv'
[13.449s] INFO:colcon.colcon_core.shell:Creating package script '/home/pao/mushr2_ws/install/vesc_ackermann/share/vesc_ackermann/package.sh'
[13.450s] INFO:colcon.colcon_core.shell:Creating package script '/home/pao/mushr2_ws/install/vesc_ackermann/share/vesc_ackermann/package.bash'
[13.451s] INFO:colcon.colcon_core.shell:Creating package script '/home/pao/mushr2_ws/install/vesc_ackermann/share/vesc_ackermann/package.zsh'
[13.452s] Level 1:colcon.colcon_core.environment:create_file_with_runtime_dependencies(/home/pao/mushr2_ws/install/vesc_ackermann/share/colcon-core/packages/vesc_ackermann)
[13.456s] Level 1:colcon.colcon_core.environment:create_environment_scripts_only(vesc_ackermann)
[13.456s] Level 1:colcon.colcon_core.environment:checking '/home/pao/mushr2_ws/install/vesc_ackermann' for CMake module files
[13.458s] Level 1:colcon.colcon_core.environment:checking '/home/pao/mushr2_ws/install/vesc_ackermann' for CMake config files
[13.458s] Level 1:colcon.colcon_core.shell:create_environment_hook('vesc_ackermann', 'cmake_prefix_path')
[13.459s] INFO:colcon.colcon_core.shell:Creating environment hook '/home/pao/mushr2_ws/install/vesc_ackermann/share/vesc_ackermann/hook/cmake_prefix_path.ps1'
[13.462s] INFO:colcon.colcon_core.shell:Creating environment descriptor '/home/pao/mushr2_ws/install/vesc_ackermann/share/vesc_ackermann/hook/cmake_prefix_path.dsv'
[13.464s] INFO:colcon.colcon_core.shell:Creating environment hook '/home/pao/mushr2_ws/install/vesc_ackermann/share/vesc_ackermann/hook/cmake_prefix_path.sh'
[13.465s] Level 1:colcon.colcon_core.environment:checking '/home/pao/mushr2_ws/install/vesc_ackermann/lib'
[13.466s] Level 1:colcon.colcon_core.shell:create_environment_hook('vesc_ackermann', 'ld_library_path_lib')
[13.466s] INFO:colcon.colcon_core.shell:Creating environment hook '/home/pao/mushr2_ws/install/vesc_ackermann/share/vesc_ackermann/hook/ld_library_path_lib.ps1'
[13.467s] INFO:colcon.colcon_core.shell:Creating environment descriptor '/home/pao/mushr2_ws/install/vesc_ackermann/share/vesc_ackermann/hook/ld_library_path_lib.dsv'
[13.468s] INFO:colcon.colcon_core.shell:Creating environment hook '/home/pao/mushr2_ws/install/vesc_ackermann/share/vesc_ackermann/hook/ld_library_path_lib.sh'
[13.469s] Level 1:colcon.colcon_core.environment:checking '/home/pao/mushr2_ws/install/vesc_ackermann/bin'
[13.474s] Level 1:colcon.colcon_core.environment:checking '/home/pao/mushr2_ws/install/vesc_ackermann/lib/pkgconfig/vesc_ackermann.pc'
[13.474s] Level 1:colcon.colcon_core.environment:checking '/home/pao/mushr2_ws/install/vesc_ackermann/lib/python3.10/site-packages'
[13.475s] Level 1:colcon.colcon_core.environment:checking '/home/pao/mushr2_ws/install/vesc_ackermann/bin'
[13.476s] INFO:colcon.colcon_core.shell:Creating package script '/home/pao/mushr2_ws/install/vesc_ackermann/share/vesc_ackermann/package.ps1'
[13.478s] INFO:colcon.colcon_core.shell:Creating package descriptor '/home/pao/mushr2_ws/install/vesc_ackermann/share/vesc_ackermann/package.dsv'
[13.479s] INFO:colcon.colcon_core.shell:Creating package script '/home/pao/mushr2_ws/install/vesc_ackermann/share/vesc_ackermann/package.sh'
[13.481s] INFO:colcon.colcon_core.shell:Creating package script '/home/pao/mushr2_ws/install/vesc_ackermann/share/vesc_ackermann/package.bash'
[13.482s] INFO:colcon.colcon_core.shell:Creating package script '/home/pao/mushr2_ws/install/vesc_ackermann/share/vesc_ackermann/package.zsh'
[13.483s] Level 1:colcon.colcon_core.environment:create_file_with_runtime_dependencies(/home/pao/mushr2_ws/install/vesc_ackermann/share/colcon-core/packages/vesc_ackermann)
[13.564s] DEBUG:colcon.colcon_core.event_handler.log_command:Invoked command in '/home/pao/mushr2_ws/build/vesc_driver' returned '0': CMAKE_PREFIX_PATH=/home/pao/mushr2_ws/install/vesc_msgs:/home/pao/mushr2_ws/install/vesc:/home/pao/mushr2_ws/install/vesc_driver:/home/pao/mushr2_ws/install/vesc_ackermann:/home/pao/mushr2_ws/install/mushr_joy_teleop:/opt/ros/humble LD_LIBRARY_PATH=/home/pao/mushr2_ws/install/vesc_msgs/lib:/home/pao/mushr2_ws/install/vesc_driver/lib:/home/pao/mushr2_ws/install/vesc_ackermann/lib:/opt/ros/humble/opt/rviz_ogre_vendor/lib:/opt/ros/humble/lib/aarch64-linux-gnu:/opt/ros/humble/lib /usr/bin/cmake --build /home/pao/mushr2_ws/build/vesc_driver -- -j6 -l6
[13.565s] DEBUG:colcon.colcon_core.event_handler.log_command:Invoking command in '/home/pao/mushr2_ws/build/vesc_driver': CMAKE_PREFIX_PATH=/home/pao/mushr2_ws/install/vesc_msgs:/home/pao/mushr2_ws/install/vesc:/home/pao/mushr2_ws/install/vesc_driver:/home/pao/mushr2_ws/install/vesc_ackermann:/home/pao/mushr2_ws/install/mushr_joy_teleop:/opt/ros/humble LD_LIBRARY_PATH=/home/pao/mushr2_ws/install/vesc_msgs/lib:/home/pao/mushr2_ws/install/vesc_driver/lib:/home/pao/mushr2_ws/install/vesc_ackermann/lib:/opt/ros/humble/opt/rviz_ogre_vendor/lib:/opt/ros/humble/lib/aarch64-linux-gnu:/opt/ros/humble/lib /usr/bin/cmake --install /home/pao/mushr2_ws/build/vesc_driver
[13.607s] Level 1:colcon.colcon_core.environment:create_environment_scripts_only(vesc_driver)
[13.608s] Level 1:colcon.colcon_core.environment:checking '/home/pao/mushr2_ws/install/vesc_driver' for CMake module files
[13.609s] Level 1:colcon.colcon_core.environment:checking '/home/pao/mushr2_ws/install/vesc_driver' for CMake config files
[13.610s] Level 1:colcon.colcon_core.shell:create_environment_hook('vesc_driver', 'cmake_prefix_path')
[13.610s] INFO:colcon.colcon_core.shell:Creating environment hook '/home/pao/mushr2_ws/install/vesc_driver/share/vesc_driver/hook/cmake_prefix_path.ps1'
[13.613s] DEBUG:colcon.colcon_core.event_handler.log_command:Invoked command in '/home/pao/mushr2_ws/build/vesc_driver' returned '0': CMAKE_PREFIX_PATH=/home/pao/mushr2_ws/install/vesc_msgs:/home/pao/mushr2_ws/install/vesc:/home/pao/mushr2_ws/install/vesc_driver:/home/pao/mushr2_ws/install/vesc_ackermann:/home/pao/mushr2_ws/install/mushr_joy_teleop:/opt/ros/humble LD_LIBRARY_PATH=/home/pao/mushr2_ws/install/vesc_msgs/lib:/home/pao/mushr2_ws/install/vesc_driver/lib:/home/pao/mushr2_ws/install/vesc_ackermann/lib:/opt/ros/humble/opt/rviz_ogre_vendor/lib:/opt/ros/humble/lib/aarch64-linux-gnu:/opt/ros/humble/lib /usr/bin/cmake --install /home/pao/mushr2_ws/build/vesc_driver
[13.613s] INFO:colcon.colcon_core.shell:Creating environment descriptor '/home/pao/mushr2_ws/install/vesc_driver/share/vesc_driver/hook/cmake_prefix_path.dsv'
[13.614s] INFO:colcon.colcon_core.shell:Creating environment hook '/home/pao/mushr2_ws/install/vesc_driver/share/vesc_driver/hook/cmake_prefix_path.sh'
[13.615s] Level 1:colcon.colcon_core.environment:checking '/home/pao/mushr2_ws/install/vesc_driver/lib'
[13.615s] Level 1:colcon.colcon_core.shell:create_environment_hook('vesc_driver', 'ld_library_path_lib')
[13.616s] INFO:colcon.colcon_core.shell:Creating environment hook '/home/pao/mushr2_ws/install/vesc_driver/share/vesc_driver/hook/ld_library_path_lib.ps1'
[13.617s] INFO:colcon.colcon_core.shell:Creating environment descriptor '/home/pao/mushr2_ws/install/vesc_driver/share/vesc_driver/hook/ld_library_path_lib.dsv'
[13.618s] INFO:colcon.colcon_core.shell:Creating environment hook '/home/pao/mushr2_ws/install/vesc_driver/share/vesc_driver/hook/ld_library_path_lib.sh'
[13.619s] Level 1:colcon.colcon_core.environment:checking '/home/pao/mushr2_ws/install/vesc_driver/bin'
[13.619s] Level 1:colcon.colcon_core.environment:checking '/home/pao/mushr2_ws/install/vesc_driver/lib/pkgconfig/vesc_driver.pc'
[13.619s] Level 1:colcon.colcon_core.environment:checking '/home/pao/mushr2_ws/install/vesc_driver/lib/python3.10/site-packages'
[13.620s] Level 1:colcon.colcon_core.environment:checking '/home/pao/mushr2_ws/install/vesc_driver/bin'
[13.621s] INFO:colcon.colcon_core.shell:Creating package script '/home/pao/mushr2_ws/install/vesc_driver/share/vesc_driver/package.ps1'
[13.622s] INFO:colcon.colcon_core.shell:Creating package descriptor '/home/pao/mushr2_ws/install/vesc_driver/share/vesc_driver/package.dsv'
[13.623s] INFO:colcon.colcon_core.shell:Creating package script '/home/pao/mushr2_ws/install/vesc_driver/share/vesc_driver/package.sh'
[13.625s] INFO:colcon.colcon_core.shell:Creating package script '/home/pao/mushr2_ws/install/vesc_driver/share/vesc_driver/package.bash'
[13.625s] INFO:colcon.colcon_core.shell:Creating package script '/home/pao/mushr2_ws/install/vesc_driver/share/vesc_driver/package.zsh'
[13.626s] Level 1:colcon.colcon_core.environment:create_file_with_runtime_dependencies(/home/pao/mushr2_ws/install/vesc_driver/share/colcon-core/packages/vesc_driver)
[13.628s] Level 1:colcon.colcon_core.environment:create_environment_scripts_only(vesc_driver)
[13.628s] Level 1:colcon.colcon_core.environment:checking '/home/pao/mushr2_ws/install/vesc_driver' for CMake module files
[13.629s] Level 1:colcon.colcon_core.environment:checking '/home/pao/mushr2_ws/install/vesc_driver' for CMake config files
[13.630s] Level 1:colcon.colcon_core.shell:create_environment_hook('vesc_driver', 'cmake_prefix_path')
[13.631s] INFO:colcon.colcon_core.shell:Creating environment hook '/home/pao/mushr2_ws/install/vesc_driver/share/vesc_driver/hook/cmake_prefix_path.ps1'
[13.632s] INFO:colcon.colcon_core.shell:Creating environment descriptor '/home/pao/mushr2_ws/install/vesc_driver/share/vesc_driver/hook/cmake_prefix_path.dsv'
[13.633s] INFO:colcon.colcon_core.shell:Creating environment hook '/home/pao/mushr2_ws/install/vesc_driver/share/vesc_driver/hook/cmake_prefix_path.sh'
[13.634s] Level 1:colcon.colcon_core.environment:checking '/home/pao/mushr2_ws/install/vesc_driver/lib'
[13.634s] Level 1:colcon.colcon_core.shell:create_environment_hook('vesc_driver', 'ld_library_path_lib')
[13.635s] INFO:colcon.colcon_core.shell:Creating environment hook '/home/pao/mushr2_ws/install/vesc_driver/share/vesc_driver/hook/ld_library_path_lib.ps1'
[13.636s] INFO:colcon.colcon_core.shell:Creating environment descriptor '/home/pao/mushr2_ws/install/vesc_driver/share/vesc_driver/hook/ld_library_path_lib.dsv'
[13.636s] INFO:colcon.colcon_core.shell:Creating environment hook '/home/pao/mushr2_ws/install/vesc_driver/share/vesc_driver/hook/ld_library_path_lib.sh'
[13.637s] Level 1:colcon.colcon_core.environment:checking '/home/pao/mushr2_ws/install/vesc_driver/bin'
[13.637s] Level 1:colcon.colcon_core.environment:checking '/home/pao/mushr2_ws/install/vesc_driver/lib/pkgconfig/vesc_driver.pc'
[13.638s] Level 1:colcon.colcon_core.environment:checking '/home/pao/mushr2_ws/install/vesc_driver/lib/python3.10/site-packages'
[13.639s] Level 1:colcon.colcon_core.environment:checking '/home/pao/mushr2_ws/install/vesc_driver/bin'
[13.640s] INFO:colcon.colcon_core.shell:Creating package script '/home/pao/mushr2_ws/install/vesc_driver/share/vesc_driver/package.ps1'
[13.641s] INFO:colcon.colcon_core.shell:Creating package descriptor '/home/pao/mushr2_ws/install/vesc_driver/share/vesc_driver/package.dsv'
[13.642s] INFO:colcon.colcon_core.shell:Creating package script '/home/pao/mushr2_ws/install/vesc_driver/share/vesc_driver/package.sh'
[13.643s] INFO:colcon.colcon_core.shell:Creating package script '/home/pao/mushr2_ws/install/vesc_driver/share/vesc_driver/package.bash'
[13.644s] INFO:colcon.colcon_core.shell:Creating package script '/home/pao/mushr2_ws/install/vesc_driver/share/vesc_driver/package.zsh'
[13.645s] Level 1:colcon.colcon_core.environment:create_file_with_runtime_dependencies(/home/pao/mushr2_ws/install/vesc_driver/share/colcon-core/packages/vesc_driver)
[13.647s] INFO:colcon.colcon_ros.task.ament_cmake.build:Building ROS package in '/home/pao/mushr2_ws/src/vesc/vesc' with build type 'ament_cmake'
[13.648s] INFO:colcon.colcon_cmake.task.cmake.build:Building CMake package in '/home/pao/mushr2_ws/src/vesc/vesc'
[13.648s] INFO:colcon.colcon_core.shell:Skip shell extension 'powershell' for command environment: Not usable outside of PowerShell
[13.649s] DEBUG:colcon.colcon_core.shell:Skip shell extension 'dsv' for command environment
[13.692s] DEBUG:colcon.colcon_core.event_handler.log_command:Invoking command in '/home/pao/mushr2_ws/build/vesc': CMAKE_PREFIX_PATH=/home/pao/mushr2_ws/install/vesc_driver:/home/pao/mushr2_ws/install/vesc_ackermann:/home/pao/mushr2_ws/install/vesc_msgs:/home/pao/mushr2_ws/install/vesc:/home/pao/mushr2_ws/install/mushr_joy_teleop:/opt/ros/humble /usr/bin/cmake /home/pao/mushr2_ws/src/vesc/vesc -DCMAKE_INSTALL_PREFIX=/home/pao/mushr2_ws/install/vesc
[15.341s] DEBUG:colcon.colcon_core.event_handler.log_command:Invoked command in '/home/pao/mushr2_ws/build/vesc' returned '0': CMAKE_PREFIX_PATH=/home/pao/mushr2_ws/install/vesc_driver:/home/pao/mushr2_ws/install/vesc_ackermann:/home/pao/mushr2_ws/install/vesc_msgs:/home/pao/mushr2_ws/install/vesc:/home/pao/mushr2_ws/install/mushr_joy_teleop:/opt/ros/humble /usr/bin/cmake /home/pao/mushr2_ws/src/vesc/vesc -DCMAKE_INSTALL_PREFIX=/home/pao/mushr2_ws/install/vesc
[15.344s] DEBUG:colcon.colcon_core.event_handler.log_command:Invoking command in '/home/pao/mushr2_ws/build/vesc': CMAKE_PREFIX_PATH=/home/pao/mushr2_ws/install/vesc_driver:/home/pao/mushr2_ws/install/vesc_ackermann:/home/pao/mushr2_ws/install/vesc_msgs:/home/pao/mushr2_ws/install/vesc:/home/pao/mushr2_ws/install/mushr_joy_teleop:/opt/ros/humble /usr/bin/cmake --build /home/pao/mushr2_ws/build/vesc -- -j6 -l6
[15.439s] DEBUG:colcon.colcon_core.event_handler.log_command:Invoked command in '/home/pao/mushr2_ws/build/vesc' returned '0': CMAKE_PREFIX_PATH=/home/pao/mushr2_ws/install/vesc_driver:/home/pao/mushr2_ws/install/vesc_ackermann:/home/pao/mushr2_ws/install/vesc_msgs:/home/pao/mushr2_ws/install/vesc:/home/pao/mushr2_ws/install/mushr_joy_teleop:/opt/ros/humble /usr/bin/cmake --build /home/pao/mushr2_ws/build/vesc -- -j6 -l6
[15.445s] DEBUG:colcon.colcon_core.event_handler.log_command:Invoking command in '/home/pao/mushr2_ws/build/vesc': CMAKE_PREFIX_PATH=/home/pao/mushr2_ws/install/vesc_driver:/home/pao/mushr2_ws/install/vesc_ackermann:/home/pao/mushr2_ws/install/vesc_msgs:/home/pao/mushr2_ws/install/vesc:/home/pao/mushr2_ws/install/mushr_joy_teleop:/opt/ros/humble /usr/bin/cmake --install /home/pao/mushr2_ws/build/vesc
[15.469s] Level 1:colcon.colcon_core.environment:create_environment_scripts_only(vesc)
[15.470s] Level 1:colcon.colcon_core.environment:checking '/home/pao/mushr2_ws/install/vesc' for CMake module files
[15.472s] DEBUG:colcon.colcon_core.event_handler.log_command:Invoked command in '/home/pao/mushr2_ws/build/vesc' returned '0': CMAKE_PREFIX_PATH=/home/pao/mushr2_ws/install/vesc_driver:/home/pao/mushr2_ws/install/vesc_ackermann:/home/pao/mushr2_ws/install/vesc_msgs:/home/pao/mushr2_ws/install/vesc:/home/pao/mushr2_ws/install/mushr_joy_teleop:/opt/ros/humble /usr/bin/cmake --install /home/pao/mushr2_ws/build/vesc
[15.473s] Level 1:colcon.colcon_core.environment:checking '/home/pao/mushr2_ws/install/vesc' for CMake config files
[15.474s] Level 1:colcon.colcon_core.shell:create_environment_hook('vesc', 'cmake_prefix_path')
[15.475s] INFO:colcon.colcon_core.shell:Creating environment hook '/home/pao/mushr2_ws/install/vesc/share/vesc/hook/cmake_prefix_path.ps1'
[15.478s] INFO:colcon.colcon_core.shell:Creating environment descriptor '/home/pao/mushr2_ws/install/vesc/share/vesc/hook/cmake_prefix_path.dsv'
[15.481s] INFO:colcon.colcon_core.shell:Creating environment hook '/home/pao/mushr2_ws/install/vesc/share/vesc/hook/cmake_prefix_path.sh'
[15.483s] Level 1:colcon.colcon_core.environment:checking '/home/pao/mushr2_ws/install/vesc/bin'
[15.483s] Level 1:colcon.colcon_core.environment:checking '/home/pao/mushr2_ws/install/vesc/lib/pkgconfig/vesc.pc'
[15.484s] Level 1:colcon.colcon_core.environment:checking '/home/pao/mushr2_ws/install/vesc/lib/python3.10/site-packages'
[15.486s] Level 1:colcon.colcon_core.environment:checking '/home/pao/mushr2_ws/install/vesc/bin'
[15.487s] INFO:colcon.colcon_core.shell:Creating package script '/home/pao/mushr2_ws/install/vesc/share/vesc/package.ps1'
[15.489s] INFO:colcon.colcon_core.shell:Creating package descriptor '/home/pao/mushr2_ws/install/vesc/share/vesc/package.dsv'
[15.491s] INFO:colcon.colcon_core.shell:Creating package script '/home/pao/mushr2_ws/install/vesc/share/vesc/package.sh'
[15.493s] INFO:colcon.colcon_core.shell:Creating package script '/home/pao/mushr2_ws/install/vesc/share/vesc/package.bash'
[15.495s] INFO:colcon.colcon_core.shell:Creating package script '/home/pao/mushr2_ws/install/vesc/share/vesc/package.zsh'
[15.497s] Level 1:colcon.colcon_core.environment:create_file_with_runtime_dependencies(/home/pao/mushr2_ws/install/vesc/share/colcon-core/packages/vesc)
[15.499s] Level 1:colcon.colcon_core.environment:create_environment_scripts_only(vesc)
[15.500s] Level 1:colcon.colcon_core.environment:checking '/home/pao/mushr2_ws/install/vesc' for CMake module files
[15.501s] Level 1:colcon.colcon_core.environment:checking '/home/pao/mushr2_ws/install/vesc' for CMake config files
[15.502s] Level 1:colcon.colcon_core.shell:create_environment_hook('vesc', 'cmake_prefix_path')
[15.503s] INFO:colcon.colcon_core.shell:Creating environment hook '/home/pao/mushr2_ws/install/vesc/share/vesc/hook/cmake_prefix_path.ps1'
[15.505s] INFO:colcon.colcon_core.shell:Creating environment descriptor '/home/pao/mushr2_ws/install/vesc/share/vesc/hook/cmake_prefix_path.dsv'
[15.507s] INFO:colcon.colcon_core.shell:Creating environment hook '/home/pao/mushr2_ws/install/vesc/share/vesc/hook/cmake_prefix_path.sh'
[15.509s] Level 1:colcon.colcon_core.environment:checking '/home/pao/mushr2_ws/install/vesc/bin'
[15.509s] Level 1:colcon.colcon_core.environment:checking '/home/pao/mushr2_ws/install/vesc/lib/pkgconfig/vesc.pc'
[15.510s] Level 1:colcon.colcon_core.environment:checking '/home/pao/mushr2_ws/install/vesc/lib/python3.10/site-packages'
[15.511s] Level 1:colcon.colcon_core.environment:checking '/home/pao/mushr2_ws/install/vesc/bin'
[15.513s] INFO:colcon.colcon_core.shell:Creating package script '/home/pao/mushr2_ws/install/vesc/share/vesc/package.ps1'
[15.515s] INFO:colcon.colcon_core.shell:Creating package descriptor '/home/pao/mushr2_ws/install/vesc/share/vesc/package.dsv'
[15.516s] INFO:colcon.colcon_core.shell:Creating package script '/home/pao/mushr2_ws/install/vesc/share/vesc/package.sh'
[15.518s] INFO:colcon.colcon_core.shell:Creating package script '/home/pao/mushr2_ws/install/vesc/share/vesc/package.bash'
[15.519s] INFO:colcon.colcon_core.shell:Creating package script '/home/pao/mushr2_ws/install/vesc/share/vesc/package.zsh'
[15.521s] Level 1:colcon.colcon_core.environment:create_file_with_runtime_dependencies(/home/pao/mushr2_ws/install/vesc/share/colcon-core/packages/vesc)
[15.522s] DEBUG:colcon.colcon_parallel_executor.executor.parallel:closing loop
[15.525s] DEBUG:colcon.colcon_parallel_executor.executor.parallel:loop closed
[15.525s] DEBUG:colcon.colcon_parallel_executor.executor.parallel:run_until_complete finished with '0'
[15.525s] DEBUG:colcon.colcon_core.event_reactor:joining thread
[15.544s] INFO:colcon.colcon_core.plugin_system:Skipping extension 'colcon_notification.desktop_notification.terminal_notifier': Not used on non-Darwin systems
[15.545s] INFO:colcon.colcon_core.plugin_system:Skipping extension 'colcon_notification.desktop_notification.win32': Not used on non-Windows systems
[15.545s] INFO:colcon.colcon_notification.desktop_notification:Sending desktop notification using 'notify2'
[15.587s] DEBUG:colcon.colcon_core.event_reactor:joined thread
[15.588s] INFO:colcon.colcon_core.shell:Creating prefix script '/home/pao/mushr2_ws/install/local_setup.ps1'
[15.592s] INFO:colcon.colcon_core.shell:Creating prefix util module '/home/pao/mushr2_ws/install/_local_setup_util_ps1.py'
[15.596s] INFO:colcon.colcon_core.shell:Creating prefix chain script '/home/pao/mushr2_ws/install/setup.ps1'
[15.604s] INFO:colcon.colcon_core.shell:Creating prefix script '/home/pao/mushr2_ws/install/local_setup.sh'
[15.606s] INFO:colcon.colcon_core.shell:Creating prefix util module '/home/pao/mushr2_ws/install/_local_setup_util_sh.py'
[15.608s] INFO:colcon.colcon_core.shell:Creating prefix chain script '/home/pao/mushr2_ws/install/setup.sh'
[15.613s] INFO:colcon.colcon_core.shell:Creating prefix script '/home/pao/mushr2_ws/install/local_setup.bash'
[15.614s] INFO:colcon.colcon_core.shell:Creating prefix chain script '/home/pao/mushr2_ws/install/setup.bash'
[15.617s] INFO:colcon.colcon_core.shell:Creating prefix script '/home/pao/mushr2_ws/install/local_setup.zsh'
[15.618s] INFO:colcon.colcon_core.shell:Creating prefix chain script '/home/pao/mushr2_ws/install/setup.zsh'
