[0.309s] DEBUG:colcon:Command line arguments: ['/usr/bin/colcon', 'build', '--symlink-install']
[0.310s] DEBUG:colcon:Parsed command line arguments: Namespace(log_base=None, log_level=None, verb_name='build', build_base='build', install_base='install', merge_install=False, symlink_install=True, test_result_base=None, continue_on_error=False, executor='parallel', parallel_workers=6, event_handlers=None, ignore_user_meta=False, metas=['./colcon.meta'], base_paths=['.'], packages_ignore=None, packages_ignore_regex=None, paths=None, packages_up_to=None, packages_up_to_regex=None, packages_above=None, packages_above_and_dependencies=None, packages_above_depth=None, packages_select_by_dep=None, packages_skip_by_dep=None, packages_skip_up_to=None, packages_select_build_failed=False, packages_skip_build_finished=False, packages_select_test_failures=False, packages_skip_test_passed=False, packages_select=None, packages_skip=None, packages_select_regex=None, packages_skip_regex=None, packages_start=None, packages_end=None, allow_overriding=[], cmake_args=None, cmake_target=None, cmake_target_skip_unavailable=False, cmake_clean_cache=False, cmake_clean_first=False, cmake_force_configure=False, ament_cmake_args=None, catkin_cmake_args=None, catkin_skip_building_tests=False, verb_parser=<colcon_defaults.argument_parser.defaults.DefaultArgumentsDecorator object at 0xffff9af43ac0>, verb_extension=<colcon_core.verb.build.BuildVerb object at 0xffff9b12cf70>, main=<bound method BuildVerb.main of <colcon_core.verb.build.BuildVerb object at 0xffff9b12cf70>>)
[0.748s] Level 1:colcon.colcon_core.package_discovery:discover_packages(colcon_meta) check parameters
[0.748s] Level 1:colcon.colcon_core.package_discovery:discover_packages(recursive) check parameters
[0.748s] Level 1:colcon.colcon_core.package_discovery:discover_packages(ignore) check parameters
[0.748s] Level 1:colcon.colcon_core.package_discovery:discover_packages(path) check parameters
[0.749s] Level 1:colcon.colcon_core.package_discovery:discover_packages(colcon_meta) discover
[0.749s] Level 1:colcon.colcon_core.package_discovery:discover_packages(recursive) discover
[0.749s] INFO:colcon.colcon_core.package_discovery:Crawling recursively for packages in '/home/pao/mushr2_ws'
[0.749s] Level 1:colcon.colcon_core.package_identification:_identify(.) by extensions ['ignore', 'ignore_ament_install']
[0.750s] Level 1:colcon.colcon_core.package_identification:_identify(.) by extension 'ignore'
[0.750s] Level 1:colcon.colcon_core.package_identification:_identify(.) by extension 'ignore_ament_install'
[0.750s] Level 1:colcon.colcon_core.package_identification:_identify(.) by extensions ['colcon_pkg']
[0.750s] Level 1:colcon.colcon_core.package_identification:_identify(.) by extension 'colcon_pkg'
[0.750s] Level 1:colcon.colcon_core.package_identification:_identify(.) by extensions ['colcon_meta']
[0.750s] Level 1:colcon.colcon_core.package_identification:_identify(.) by extension 'colcon_meta'
[0.750s] Level 1:colcon.colcon_core.package_identification:_identify(.) by extensions ['ros']
[0.751s] Level 1:colcon.colcon_core.package_identification:_identify(.) by extension 'ros'
[0.788s] Level 1:colcon.colcon_core.package_identification:_identify(.) by extensions ['cmake', 'python']
[0.788s] Level 1:colcon.colcon_core.package_identification:_identify(.) by extension 'cmake'
[0.789s] Level 1:colcon.colcon_core.package_identification:_identify(.) by extension 'python'
[0.789s] Level 1:colcon.colcon_core.package_identification:_identify(.) by extensions ['python_setup_py']
[0.789s] Level 1:colcon.colcon_core.package_identification:_identify(.) by extension 'python_setup_py'
[0.790s] Level 1:colcon.colcon_core.package_identification:_identify(build) by extensions ['ignore', 'ignore_ament_install']
[0.790s] Level 1:colcon.colcon_core.package_identification:_identify(build) by extension 'ignore'
[0.790s] Level 1:colcon.colcon_core.package_identification:_identify(build) ignored
[0.790s] Level 1:colcon.colcon_core.package_identification:_identify(install) by extensions ['ignore', 'ignore_ament_install']
[0.791s] Level 1:colcon.colcon_core.package_identification:_identify(install) by extension 'ignore'
[0.791s] Level 1:colcon.colcon_core.package_identification:_identify(install) ignored
[0.791s] Level 1:colcon.colcon_core.package_identification:_identify(log) by extensions ['ignore', 'ignore_ament_install']
[0.791s] Level 1:colcon.colcon_core.package_identification:_identify(log) by extension 'ignore'
[0.791s] Level 1:colcon.colcon_core.package_identification:_identify(log) ignored
[0.792s] Level 1:colcon.colcon_core.package_identification:_identify(src) by extensions ['ignore', 'ignore_ament_install']
[0.792s] Level 1:colcon.colcon_core.package_identification:_identify(src) by extension 'ignore'
[0.792s] Level 1:colcon.colcon_core.package_identification:_identify(src) by extension 'ignore_ament_install'
[0.792s] Level 1:colcon.colcon_core.package_identification:_identify(src) by extensions ['colcon_pkg']
[0.792s] Level 1:colcon.colcon_core.package_identification:_identify(src) by extension 'colcon_pkg'
[0.792s] Level 1:colcon.colcon_core.package_identification:_identify(src) by extensions ['colcon_meta']
[0.792s] Level 1:colcon.colcon_core.package_identification:_identify(src) by extension 'colcon_meta'
[0.792s] Level 1:colcon.colcon_core.package_identification:_identify(src) by extensions ['ros']
[0.793s] Level 1:colcon.colcon_core.package_identification:_identify(src) by extension 'ros'
[0.793s] Level 1:colcon.colcon_core.package_identification:_identify(src) by extensions ['cmake', 'python']
[0.793s] Level 1:colcon.colcon_core.package_identification:_identify(src) by extension 'cmake'
[0.793s] Level 1:colcon.colcon_core.package_identification:_identify(src) by extension 'python'
[0.793s] Level 1:colcon.colcon_core.package_identification:_identify(src) by extensions ['python_setup_py']
[0.793s] Level 1:colcon.colcon_core.package_identification:_identify(src) by extension 'python_setup_py'
[0.793s] Level 1:colcon.colcon_core.package_identification:_identify(src/mushr_joy_teleop) by extensions ['ignore', 'ignore_ament_install']
[0.794s] Level 1:colcon.colcon_core.package_identification:_identify(src/mushr_joy_teleop) by extension 'ignore'
[0.794s] Level 1:colcon.colcon_core.package_identification:_identify(src/mushr_joy_teleop) by extension 'ignore_ament_install'
[0.794s] Level 1:colcon.colcon_core.package_identification:_identify(src/mushr_joy_teleop) by extensions ['colcon_pkg']
[0.794s] Level 1:colcon.colcon_core.package_identification:_identify(src/mushr_joy_teleop) by extension 'colcon_pkg'
[0.794s] Level 1:colcon.colcon_core.package_identification:_identify(src/mushr_joy_teleop) by extensions ['colcon_meta']
[0.794s] Level 1:colcon.colcon_core.package_identification:_identify(src/mushr_joy_teleop) by extension 'colcon_meta'
[0.794s] Level 1:colcon.colcon_core.package_identification:_identify(src/mushr_joy_teleop) by extensions ['ros']
[0.794s] Level 1:colcon.colcon_core.package_identification:_identify(src/mushr_joy_teleop) by extension 'ros'
[0.802s] DEBUG:colcon.colcon_core.package_identification:Package 'src/mushr_joy_teleop' with type 'ros.ament_python' and name 'mushr_joy_teleop'
[0.803s] Level 1:colcon.colcon_core.package_identification:_identify(src/vesc) by extensions ['ignore', 'ignore_ament_install']
[0.803s] Level 1:colcon.colcon_core.package_identification:_identify(src/vesc) by extension 'ignore'
[0.803s] Level 1:colcon.colcon_core.package_identification:_identify(src/vesc) by extension 'ignore_ament_install'
[0.803s] Level 1:colcon.colcon_core.package_identification:_identify(src/vesc) by extensions ['colcon_pkg']
[0.803s] Level 1:colcon.colcon_core.package_identification:_identify(src/vesc) by extension 'colcon_pkg'
[0.803s] Level 1:colcon.colcon_core.package_identification:_identify(src/vesc) by extensions ['colcon_meta']
[0.804s] Level 1:colcon.colcon_core.package_identification:_identify(src/vesc) by extension 'colcon_meta'
[0.804s] Level 1:colcon.colcon_core.package_identification:_identify(src/vesc) by extensions ['ros']
[0.804s] Level 1:colcon.colcon_core.package_identification:_identify(src/vesc) by extension 'ros'
[0.804s] Level 1:colcon.colcon_core.package_identification:_identify(src/vesc) by extensions ['cmake', 'python']
[0.804s] Level 1:colcon.colcon_core.package_identification:_identify(src/vesc) by extension 'cmake'
[0.804s] Level 1:colcon.colcon_core.package_identification:_identify(src/vesc) by extension 'python'
[0.804s] Level 1:colcon.colcon_core.package_identification:_identify(src/vesc) by extensions ['python_setup_py']
[0.804s] Level 1:colcon.colcon_core.package_identification:_identify(src/vesc) by extension 'python_setup_py'
[0.805s] Level 1:colcon.colcon_core.package_identification:_identify(src/vesc/vesc) by extensions ['ignore', 'ignore_ament_install']
[0.805s] Level 1:colcon.colcon_core.package_identification:_identify(src/vesc/vesc) by extension 'ignore'
[0.805s] Level 1:colcon.colcon_core.package_identification:_identify(src/vesc/vesc) by extension 'ignore_ament_install'
[0.805s] Level 1:colcon.colcon_core.package_identification:_identify(src/vesc/vesc) by extensions ['colcon_pkg']
[0.805s] Level 1:colcon.colcon_core.package_identification:_identify(src/vesc/vesc) by extension 'colcon_pkg'
[0.805s] Level 1:colcon.colcon_core.package_identification:_identify(src/vesc/vesc) by extensions ['colcon_meta']
[0.805s] Level 1:colcon.colcon_core.package_identification:_identify(src/vesc/vesc) by extension 'colcon_meta'
[0.806s] Level 1:colcon.colcon_core.package_identification:_identify(src/vesc/vesc) by extensions ['ros']
[0.806s] Level 1:colcon.colcon_core.package_identification:_identify(src/vesc/vesc) by extension 'ros'
[0.807s] DEBUG:colcon.colcon_core.package_identification:Package 'src/vesc/vesc' with type 'ros.ament_cmake' and name 'vesc'
[0.808s] Level 1:colcon.colcon_core.package_identification:_identify(src/vesc/vesc_ackermann) by extensions ['ignore', 'ignore_ament_install']
[0.808s] Level 1:colcon.colcon_core.package_identification:_identify(src/vesc/vesc_ackermann) by extension 'ignore'
[0.808s] Level 1:colcon.colcon_core.package_identification:_identify(src/vesc/vesc_ackermann) by extension 'ignore_ament_install'
[0.808s] Level 1:colcon.colcon_core.package_identification:_identify(src/vesc/vesc_ackermann) by extensions ['colcon_pkg']
[0.808s] Level 1:colcon.colcon_core.package_identification:_identify(src/vesc/vesc_ackermann) by extension 'colcon_pkg'
[0.808s] Level 1:colcon.colcon_core.package_identification:_identify(src/vesc/vesc_ackermann) by extensions ['colcon_meta']
[0.808s] Level 1:colcon.colcon_core.package_identification:_identify(src/vesc/vesc_ackermann) by extension 'colcon_meta'
[0.809s] Level 1:colcon.colcon_core.package_identification:_identify(src/vesc/vesc_ackermann) by extensions ['ros']
[0.809s] Level 1:colcon.colcon_core.package_identification:_identify(src/vesc/vesc_ackermann) by extension 'ros'
[0.812s] DEBUG:colcon.colcon_core.package_identification:Package 'src/vesc/vesc_ackermann' with type 'ros.ament_cmake' and name 'vesc_ackermann'
[0.812s] Level 1:colcon.colcon_core.package_identification:_identify(src/vesc/vesc_driver) by extensions ['ignore', 'ignore_ament_install']
[0.812s] Level 1:colcon.colcon_core.package_identification:_identify(src/vesc/vesc_driver) by extension 'ignore'
[0.812s] Level 1:colcon.colcon_core.package_identification:_identify(src/vesc/vesc_driver) by extension 'ignore_ament_install'
[0.813s] Level 1:colcon.colcon_core.package_identification:_identify(src/vesc/vesc_driver) by extensions ['colcon_pkg']
[0.813s] Level 1:colcon.colcon_core.package_identification:_identify(src/vesc/vesc_driver) by extension 'colcon_pkg'
[0.813s] Level 1:colcon.colcon_core.package_identification:_identify(src/vesc/vesc_driver) by extensions ['colcon_meta']
[0.813s] Level 1:colcon.colcon_core.package_identification:_identify(src/vesc/vesc_driver) by extension 'colcon_meta'
[0.813s] Level 1:colcon.colcon_core.package_identification:_identify(src/vesc/vesc_driver) by extensions ['ros']
[0.813s] Level 1:colcon.colcon_core.package_identification:_identify(src/vesc/vesc_driver) by extension 'ros'
[0.816s] DEBUG:colcon.colcon_core.package_identification:Package 'src/vesc/vesc_driver' with type 'ros.ament_cmake' and name 'vesc_driver'
[0.816s] Level 1:colcon.colcon_core.package_identification:_identify(src/vesc/vesc_msgs) by extensions ['ignore', 'ignore_ament_install']
[0.817s] Level 1:colcon.colcon_core.package_identification:_identify(src/vesc/vesc_msgs) by extension 'ignore'
[0.817s] Level 1:colcon.colcon_core.package_identification:_identify(src/vesc/vesc_msgs) by extension 'ignore_ament_install'
[0.817s] Level 1:colcon.colcon_core.package_identification:_identify(src/vesc/vesc_msgs) by extensions ['colcon_pkg']
[0.817s] Level 1:colcon.colcon_core.package_identification:_identify(src/vesc/vesc_msgs) by extension 'colcon_pkg'
[0.817s] Level 1:colcon.colcon_core.package_identification:_identify(src/vesc/vesc_msgs) by extensions ['colcon_meta']
[0.817s] Level 1:colcon.colcon_core.package_identification:_identify(src/vesc/vesc_msgs) by extension 'colcon_meta'
[0.818s] Level 1:colcon.colcon_core.package_identification:_identify(src/vesc/vesc_msgs) by extensions ['ros']
[0.818s] Level 1:colcon.colcon_core.package_identification:_identify(src/vesc/vesc_msgs) by extension 'ros'
[0.820s] DEBUG:colcon.colcon_core.package_identification:Package 'src/vesc/vesc_msgs' with type 'ros.ament_cmake' and name 'vesc_msgs'
[0.820s] Level 1:colcon.colcon_core.package_discovery:discover_packages(recursive) using defaults
[0.820s] Level 1:colcon.colcon_core.package_discovery:discover_packages(ignore) discover
[0.820s] Level 1:colcon.colcon_core.package_discovery:discover_packages(ignore) using defaults
[0.820s] Level 1:colcon.colcon_core.package_discovery:discover_packages(path) discover
[0.820s] Level 1:colcon.colcon_core.package_discovery:discover_packages(path) using defaults
[0.886s] Level 1:colcon.colcon_core.package_discovery:discover_packages(prefix_path) check parameters
[0.887s] Level 1:colcon.colcon_core.package_discovery:discover_packages(prefix_path) discover
[0.893s] DEBUG:colcon.colcon_installed_package_information.package_discovery:Found 5 installed packages in /home/pao/mushr2_ws/install
[0.896s] DEBUG:colcon.colcon_installed_package_information.package_discovery:Found 278 installed packages in /opt/ros/humble
[0.962s] Level 1:colcon.colcon_core.package_discovery:discover_packages(prefix_path) using defaults
[1.059s] Level 5:colcon.colcon_core.verb:set package 'mushr_joy_teleop' build argument 'cmake_args' from command line to 'None'
[1.060s] Level 5:colcon.colcon_core.verb:set package 'mushr_joy_teleop' build argument 'cmake_target' from command line to 'None'
[1.060s] Level 5:colcon.colcon_core.verb:set package 'mushr_joy_teleop' build argument 'cmake_target_skip_unavailable' from command line to 'False'
[1.060s] Level 5:colcon.colcon_core.verb:set package 'mushr_joy_teleop' build argument 'cmake_clean_cache' from command line to 'False'
[1.060s] Level 5:colcon.colcon_core.verb:set package 'mushr_joy_teleop' build argument 'cmake_clean_first' from command line to 'False'
[1.060s] Level 5:colcon.colcon_core.verb:set package 'mushr_joy_teleop' build argument 'cmake_force_configure' from command line to 'False'
[1.060s] Level 5:colcon.colcon_core.verb:set package 'mushr_joy_teleop' build argument 'ament_cmake_args' from command line to 'None'
[1.060s] Level 5:colcon.colcon_core.verb:set package 'mushr_joy_teleop' build argument 'catkin_cmake_args' from command line to 'None'
[1.060s] Level 5:colcon.colcon_core.verb:set package 'mushr_joy_teleop' build argument 'catkin_skip_building_tests' from command line to 'False'
[1.060s] DEBUG:colcon.colcon_core.verb:Building package 'mushr_joy_teleop' with the following arguments: {'ament_cmake_args': None, 'build_base': '/home/pao/mushr2_ws/build/mushr_joy_teleop', 'catkin_cmake_args': None, 'catkin_skip_building_tests': False, 'cmake_args': None, 'cmake_clean_cache': False, 'cmake_clean_first': False, 'cmake_force_configure': False, 'cmake_target': None, 'cmake_target_skip_unavailable': False, 'install_base': '/home/pao/mushr2_ws/install/mushr_joy_teleop', 'merge_install': False, 'path': '/home/pao/mushr2_ws/src/mushr_joy_teleop', 'symlink_install': True, 'test_result_base': None}
[1.061s] Level 5:colcon.colcon_core.verb:set package 'vesc_msgs' build argument 'cmake_args' from command line to 'None'
[1.061s] Level 5:colcon.colcon_core.verb:set package 'vesc_msgs' build argument 'cmake_target' from command line to 'None'
[1.062s] Level 5:colcon.colcon_core.verb:set package 'vesc_msgs' build argument 'cmake_target_skip_unavailable' from command line to 'False'
[1.062s] Level 5:colcon.colcon_core.verb:set package 'vesc_msgs' build argument 'cmake_clean_cache' from command line to 'False'
[1.062s] Level 5:colcon.colcon_core.verb:set package 'vesc_msgs' build argument 'cmake_clean_first' from command line to 'False'
[1.062s] Level 5:colcon.colcon_core.verb:set package 'vesc_msgs' build argument 'cmake_force_configure' from command line to 'False'
[1.062s] Level 5:colcon.colcon_core.verb:set package 'vesc_msgs' build argument 'ament_cmake_args' from command line to 'None'
[1.062s] Level 5:colcon.colcon_core.verb:set package 'vesc_msgs' build argument 'catkin_cmake_args' from command line to 'None'
[1.062s] Level 5:colcon.colcon_core.verb:set package 'vesc_msgs' build argument 'catkin_skip_building_tests' from command line to 'False'
[1.062s] DEBUG:colcon.colcon_core.verb:Building package 'vesc_msgs' with the following arguments: {'ament_cmake_args': None, 'build_base': '/home/pao/mushr2_ws/build/vesc_msgs', 'catkin_cmake_args': None, 'catkin_skip_building_tests': False, 'cmake_args': None, 'cmake_clean_cache': False, 'cmake_clean_first': False, 'cmake_force_configure': False, 'cmake_target': None, 'cmake_target_skip_unavailable': False, 'install_base': '/home/pao/mushr2_ws/install/vesc_msgs', 'merge_install': False, 'path': '/home/pao/mushr2_ws/src/vesc/vesc_msgs', 'symlink_install': True, 'test_result_base': None}
[1.063s] Level 5:colcon.colcon_core.verb:set package 'vesc_ackermann' build argument 'cmake_args' from command line to 'None'
[1.063s] Level 5:colcon.colcon_core.verb:set package 'vesc_ackermann' build argument 'cmake_target' from command line to 'None'
[1.063s] Level 5:colcon.colcon_core.verb:set package 'vesc_ackermann' build argument 'cmake_target_skip_unavailable' from command line to 'False'
[1.063s] Level 5:colcon.colcon_core.verb:set package 'vesc_ackermann' build argument 'cmake_clean_cache' from command line to 'False'
[1.063s] Level 5:colcon.colcon_core.verb:set package 'vesc_ackermann' build argument 'cmake_clean_first' from command line to 'False'
[1.063s] Level 5:colcon.colcon_core.verb:set package 'vesc_ackermann' build argument 'cmake_force_configure' from command line to 'False'
[1.063s] Level 5:colcon.colcon_core.verb:set package 'vesc_ackermann' build argument 'ament_cmake_args' from command line to 'None'
[1.063s] Level 5:colcon.colcon_core.verb:set package 'vesc_ackermann' build argument 'catkin_cmake_args' from command line to 'None'
[1.063s] Level 5:colcon.colcon_core.verb:set package 'vesc_ackermann' build argument 'catkin_skip_building_tests' from command line to 'False'
[1.063s] DEBUG:colcon.colcon_core.verb:Building package 'vesc_ackermann' with the following arguments: {'ament_cmake_args': None, 'build_base': '/home/pao/mushr2_ws/build/vesc_ackermann', 'catkin_cmake_args': None, 'catkin_skip_building_tests': False, 'cmake_args': None, 'cmake_clean_cache': False, 'cmake_clean_first': False, 'cmake_force_configure': False, 'cmake_target': None, 'cmake_target_skip_unavailable': False, 'install_base': '/home/pao/mushr2_ws/install/vesc_ackermann', 'merge_install': False, 'path': '/home/pao/mushr2_ws/src/vesc/vesc_ackermann', 'symlink_install': True, 'test_result_base': None}
[1.064s] Level 5:colcon.colcon_core.verb:set package 'vesc_driver' build argument 'cmake_args' from command line to 'None'
[1.064s] Level 5:colcon.colcon_core.verb:set package 'vesc_driver' build argument 'cmake_target' from command line to 'None'
[1.064s] Level 5:colcon.colcon_core.verb:set package 'vesc_driver' build argument 'cmake_target_skip_unavailable' from command line to 'False'
[1.064s] Level 5:colcon.colcon_core.verb:set package 'vesc_driver' build argument 'cmake_clean_cache' from command line to 'False'
[1.064s] Level 5:colcon.colcon_core.verb:set package 'vesc_driver' build argument 'cmake_clean_first' from command line to 'False'
[1.064s] Level 5:colcon.colcon_core.verb:set package 'vesc_driver' build argument 'cmake_force_configure' from command line to 'False'
[1.064s] Level 5:colcon.colcon_core.verb:set package 'vesc_driver' build argument 'ament_cmake_args' from command line to 'None'
[1.064s] Level 5:colcon.colcon_core.verb:set package 'vesc_driver' build argument 'catkin_cmake_args' from command line to 'None'
[1.064s] Level 5:colcon.colcon_core.verb:set package 'vesc_driver' build argument 'catkin_skip_building_tests' from command line to 'False'
[1.064s] DEBUG:colcon.colcon_core.verb:Building package 'vesc_driver' with the following arguments: {'ament_cmake_args': None, 'build_base': '/home/pao/mushr2_ws/build/vesc_driver', 'catkin_cmake_args': None, 'catkin_skip_building_tests': False, 'cmake_args': None, 'cmake_clean_cache': False, 'cmake_clean_first': False, 'cmake_force_configure': False, 'cmake_target': None, 'cmake_target_skip_unavailable': False, 'install_base': '/home/pao/mushr2_ws/install/vesc_driver', 'merge_install': False, 'path': '/home/pao/mushr2_ws/src/vesc/vesc_driver', 'symlink_install': True, 'test_result_base': None}
[1.065s] Level 5:colcon.colcon_core.verb:set package 'vesc' build argument 'cmake_args' from command line to 'None'
[1.065s] Level 5:colcon.colcon_core.verb:set package 'vesc' build argument 'cmake_target' from command line to 'None'
[1.065s] Level 5:colcon.colcon_core.verb:set package 'vesc' build argument 'cmake_target_skip_unavailable' from command line to 'False'
[1.065s] Level 5:colcon.colcon_core.verb:set package 'vesc' build argument 'cmake_clean_cache' from command line to 'False'
[1.065s] Level 5:colcon.colcon_core.verb:set package 'vesc' build argument 'cmake_clean_first' from command line to 'False'
[1.065s] Level 5:colcon.colcon_core.verb:set package 'vesc' build argument 'cmake_force_configure' from command line to 'False'
[1.065s] Level 5:colcon.colcon_core.verb:set package 'vesc' build argument 'ament_cmake_args' from command line to 'None'
[1.065s] Level 5:colcon.colcon_core.verb:set package 'vesc' build argument 'catkin_cmake_args' from command line to 'None'
[1.066s] Level 5:colcon.colcon_core.verb:set package 'vesc' build argument 'catkin_skip_building_tests' from command line to 'False'
[1.066s] DEBUG:colcon.colcon_core.verb:Building package 'vesc' with the following arguments: {'ament_cmake_args': None, 'build_base': '/home/pao/mushr2_ws/build/vesc', 'catkin_cmake_args': None, 'catkin_skip_building_tests': False, 'cmake_args': None, 'cmake_clean_cache': False, 'cmake_clean_first': False, 'cmake_force_configure': False, 'cmake_target': None, 'cmake_target_skip_unavailable': False, 'install_base': '/home/pao/mushr2_ws/install/vesc', 'merge_install': False, 'path': '/home/pao/mushr2_ws/src/vesc/vesc', 'symlink_install': True, 'test_result_base': None}
[1.066s] INFO:colcon.colcon_core.executor:Executing jobs using 'parallel' executor
[1.071s] DEBUG:colcon.colcon_parallel_executor.executor.parallel:run_until_complete
[1.072s] INFO:colcon.colcon_ros.task.ament_cmake.build:Building ROS package in '/home/pao/mushr2_ws/src/vesc/vesc_msgs' with build type 'ament_cmake'
[1.073s] INFO:colcon.colcon_cmake.task.cmake.build:Building CMake package in '/home/pao/mushr2_ws/src/vesc/vesc_msgs'
[1.084s] INFO:colcon.colcon_core.plugin_system:Skipping extension 'colcon_core.shell.bat': Not used on non-Windows systems
[1.085s] INFO:colcon.colcon_core.shell:Skip shell extension 'powershell' for command environment: Not usable outside of PowerShell
[1.086s] DEBUG:colcon.colcon_core.shell:Skip shell extension 'dsv' for command environment
[1.099s] INFO:colcon.colcon_ros.task.ament_python.build:Building ROS package in '/home/pao/mushr2_ws/src/mushr_joy_teleop' with build type 'ament_python'
[1.100s] Level 1:colcon.colcon_core.shell:create_environment_hook('mushr_joy_teleop', 'ament_prefix_path')
[1.101s] INFO:colcon.colcon_core.shell:Creating environment hook '/home/pao/mushr2_ws/install/mushr_joy_teleop/share/mushr_joy_teleop/hook/ament_prefix_path.ps1'
[1.103s] INFO:colcon.colcon_core.shell:Creating environment descriptor '/home/pao/mushr2_ws/install/mushr_joy_teleop/share/mushr_joy_teleop/hook/ament_prefix_path.dsv'
[1.105s] INFO:colcon.colcon_core.shell:Creating environment hook '/home/pao/mushr2_ws/install/mushr_joy_teleop/share/mushr_joy_teleop/hook/ament_prefix_path.sh'
[1.107s] INFO:colcon.colcon_core.shell:Skip shell extension 'powershell' for command environment: Not usable outside of PowerShell
[1.108s] DEBUG:colcon.colcon_core.shell:Skip shell extension 'dsv' for command environment
[1.129s] DEBUG:colcon.colcon_core.event_handler.log_command:Invoking command in '/home/pao/mushr2_ws/build/vesc_msgs': CMAKE_PREFIX_PATH=${CMAKE_PREFIX_PATH}:/home/pao/mushr2_ws/install/mushr_joy_teleop:/opt/ros/humble /usr/bin/cmake /home/pao/mushr2_ws/src/vesc/vesc_msgs -DAMENT_CMAKE_SYMLINK_INSTALL=1 -DCMAKE_INSTALL_PREFIX=/home/pao/mushr2_ws/install/vesc_msgs
[1.987s] INFO:colcon.colcon_core.task.python.build:Building Python package in '/home/pao/mushr2_ws/src/mushr_joy_teleop'
[1.988s] INFO:colcon.colcon_core.shell:Skip shell extension 'powershell' for command environment: Not usable outside of PowerShell
[1.989s] DEBUG:colcon.colcon_core.shell:Skip shell extension 'dsv' for command environment
[3.031s] DEBUG:colcon.colcon_core.task.python.build:While undoing a previous installation files outside the Python library path are being ignored: /home/pao/mushr2_ws/install/mushr_joy_teleop/share/ament_index/resource_index/packages/mushr_joy_teleop
[3.031s] DEBUG:colcon.colcon_core.task.python.build:While undoing a previous installation files outside the Python library path are being ignored: /home/pao/mushr2_ws/install/mushr_joy_teleop/share/mushr_joy_teleop/package.xml
[3.032s] DEBUG:colcon.colcon_core.task.python.build:While undoing a previous installation files outside the Python library path are being ignored: /home/pao/mushr2_ws/install/mushr_joy_teleop/lib/mushr_joy_teleop/joy_teleop
[3.038s] DEBUG:colcon.colcon_core.event_handler.log_command:Invoking command in '/home/pao/mushr2_ws/build/mushr_joy_teleop': PYTHONPATH=/home/pao/mushr2_ws/build/mushr_joy_teleop/prefix_override:/usr/lib/python3/dist-packages/colcon_core/task/python/colcon_distutils_commands:/home/pao/mushr2_ws/install/mushr_joy_teleop/lib/python3.10/site-packages:${PYTHONPATH} /usr/bin/python3 -W ignore:setup.py install is deprecated -W ignore:easy_install command is deprecated setup.py develop --editable --build-directory /home/pao/mushr2_ws/build/mushr_joy_teleop/build --no-deps symlink_data --force
[4.377s] Level 1:colcon.colcon_core.shell:create_environment_hook('mushr_joy_teleop', 'pythonpath_develop')
[4.379s] INFO:colcon.colcon_core.shell:Creating environment hook '/home/pao/mushr2_ws/build/mushr_joy_teleop/share/mushr_joy_teleop/hook/pythonpath_develop.ps1'
[4.379s] DEBUG:colcon.colcon_core.event_handler.log_command:Invoked command in '/home/pao/mushr2_ws/build/mushr_joy_teleop' returned '0': PYTHONPATH=/home/pao/mushr2_ws/build/mushr_joy_teleop/prefix_override:/usr/lib/python3/dist-packages/colcon_core/task/python/colcon_distutils_commands:/home/pao/mushr2_ws/install/mushr_joy_teleop/lib/python3.10/site-packages:${PYTHONPATH} /usr/bin/python3 -W ignore:setup.py install is deprecated -W ignore:easy_install command is deprecated setup.py develop --editable --build-directory /home/pao/mushr2_ws/build/mushr_joy_teleop/build --no-deps symlink_data --force
[4.381s] INFO:colcon.colcon_core.shell:Creating environment descriptor '/home/pao/mushr2_ws/build/mushr_joy_teleop/share/mushr_joy_teleop/hook/pythonpath_develop.dsv'
[4.382s] INFO:colcon.colcon_core.shell:Creating environment hook '/home/pao/mushr2_ws/build/mushr_joy_teleop/share/mushr_joy_teleop/hook/pythonpath_develop.sh'
[4.390s] Level 1:colcon.colcon_core.environment:checking '/home/pao/mushr2_ws/install/mushr_joy_teleop' for CMake module files
[4.391s] Level 1:colcon.colcon_core.environment:checking '/home/pao/mushr2_ws/install/mushr_joy_teleop' for CMake config files
[4.393s] Level 1:colcon.colcon_core.environment:checking '/home/pao/mushr2_ws/install/mushr_joy_teleop/lib'
[4.394s] Level 1:colcon.colcon_core.environment:checking '/home/pao/mushr2_ws/install/mushr_joy_teleop/bin'
[4.394s] Level 1:colcon.colcon_core.environment:checking '/home/pao/mushr2_ws/install/mushr_joy_teleop/lib/pkgconfig/mushr_joy_teleop.pc'
[4.395s] Level 1:colcon.colcon_core.environment:checking '/home/pao/mushr2_ws/install/mushr_joy_teleop/lib/python3.10/site-packages'
[4.395s] Level 1:colcon.colcon_core.shell:create_environment_hook('mushr_joy_teleop', 'pythonpath')
[4.395s] INFO:colcon.colcon_core.shell:Creating environment hook '/home/pao/mushr2_ws/install/mushr_joy_teleop/share/mushr_joy_teleop/hook/pythonpath.ps1'
[4.397s] INFO:colcon.colcon_core.shell:Creating environment descriptor '/home/pao/mushr2_ws/install/mushr_joy_teleop/share/mushr_joy_teleop/hook/pythonpath.dsv'
[4.399s] INFO:colcon.colcon_core.shell:Creating environment hook '/home/pao/mushr2_ws/install/mushr_joy_teleop/share/mushr_joy_teleop/hook/pythonpath.sh'
[4.401s] Level 1:colcon.colcon_core.environment:checking '/home/pao/mushr2_ws/install/mushr_joy_teleop/bin'
[4.402s] Level 1:colcon.colcon_core.environment:create_environment_scripts_only(mushr_joy_teleop)
[4.403s] INFO:colcon.colcon_core.shell:Creating package script '/home/pao/mushr2_ws/install/mushr_joy_teleop/share/mushr_joy_teleop/package.ps1'
[4.406s] INFO:colcon.colcon_core.shell:Creating package descriptor '/home/pao/mushr2_ws/install/mushr_joy_teleop/share/mushr_joy_teleop/package.dsv'
[4.408s] INFO:colcon.colcon_core.shell:Creating package script '/home/pao/mushr2_ws/install/mushr_joy_teleop/share/mushr_joy_teleop/package.sh'
[4.410s] INFO:colcon.colcon_core.shell:Creating package script '/home/pao/mushr2_ws/install/mushr_joy_teleop/share/mushr_joy_teleop/package.bash'
[4.412s] INFO:colcon.colcon_core.shell:Creating package script '/home/pao/mushr2_ws/install/mushr_joy_teleop/share/mushr_joy_teleop/package.zsh'
[4.414s] Level 1:colcon.colcon_core.environment:create_file_with_runtime_dependencies(/home/pao/mushr2_ws/install/mushr_joy_teleop/share/colcon-core/packages/mushr_joy_teleop)
[5.156s] DEBUG:colcon.colcon_core.event_handler.log_command:Invoked command in '/home/pao/mushr2_ws/build/vesc_msgs' returned '0': CMAKE_PREFIX_PATH=${CMAKE_PREFIX_PATH}:/home/pao/mushr2_ws/install/mushr_joy_teleop:/opt/ros/humble /usr/bin/cmake /home/pao/mushr2_ws/src/vesc/vesc_msgs -DAMENT_CMAKE_SYMLINK_INSTALL=1 -DCMAKE_INSTALL_PREFIX=/home/pao/mushr2_ws/install/vesc_msgs
[5.164s] DEBUG:colcon.colcon_core.event_handler.log_command:Invoking command in '/home/pao/mushr2_ws/build/vesc_msgs': CMAKE_PREFIX_PATH=${CMAKE_PREFIX_PATH}:/home/pao/mushr2_ws/install/mushr_joy_teleop:/opt/ros/humble /usr/bin/cmake --build /home/pao/mushr2_ws/build/vesc_msgs -- -j6 -l6
[5.422s] Level 1:colcon.colcon_core.environment:create_environment_scripts_only(vesc_msgs)
[5.423s] DEBUG:colcon.colcon_core.event_handler.log_command:Invoked command in '/home/pao/mushr2_ws/build/vesc_msgs' returned '2': CMAKE_PREFIX_PATH=${CMAKE_PREFIX_PATH}:/home/pao/mushr2_ws/install/mushr_joy_teleop:/opt/ros/humble /usr/bin/cmake --build /home/pao/mushr2_ws/build/vesc_msgs -- -j6 -l6
[5.425s] Level 1:colcon.colcon_core.environment:checking '/home/pao/mushr2_ws/install/vesc_msgs' for CMake module files
[5.429s] Level 1:colcon.colcon_core.environment:checking '/home/pao/mushr2_ws/install/vesc_msgs' for CMake config files
[5.431s] Level 1:colcon.colcon_core.shell:create_environment_hook('vesc_msgs', 'cmake_prefix_path')
[5.432s] INFO:colcon.colcon_core.shell:Creating environment hook '/home/pao/mushr2_ws/install/vesc_msgs/share/vesc_msgs/hook/cmake_prefix_path.ps1'
[5.435s] INFO:colcon.colcon_core.shell:Creating environment descriptor '/home/pao/mushr2_ws/install/vesc_msgs/share/vesc_msgs/hook/cmake_prefix_path.dsv'
[5.436s] INFO:colcon.colcon_core.shell:Creating environment hook '/home/pao/mushr2_ws/install/vesc_msgs/share/vesc_msgs/hook/cmake_prefix_path.sh'
[5.438s] Level 1:colcon.colcon_core.environment:checking '/home/pao/mushr2_ws/install/vesc_msgs/lib'
[5.439s] Level 1:colcon.colcon_core.shell:create_environment_hook('vesc_msgs', 'ld_library_path_lib')
[5.440s] INFO:colcon.colcon_core.shell:Creating environment hook '/home/pao/mushr2_ws/install/vesc_msgs/share/vesc_msgs/hook/ld_library_path_lib.ps1'
[5.441s] INFO:colcon.colcon_core.shell:Creating environment descriptor '/home/pao/mushr2_ws/install/vesc_msgs/share/vesc_msgs/hook/ld_library_path_lib.dsv'
[5.442s] INFO:colcon.colcon_core.shell:Creating environment hook '/home/pao/mushr2_ws/install/vesc_msgs/share/vesc_msgs/hook/ld_library_path_lib.sh'
[5.443s] Level 1:colcon.colcon_core.environment:checking '/home/pao/mushr2_ws/install/vesc_msgs/bin'
[5.444s] Level 1:colcon.colcon_core.environment:checking '/home/pao/mushr2_ws/install/vesc_msgs/lib/pkgconfig/vesc_msgs.pc'
[5.445s] Level 1:colcon.colcon_core.environment:checking '/home/pao/mushr2_ws/install/vesc_msgs/lib/python3.10/site-packages'
[5.446s] Level 1:colcon.colcon_core.environment:checking '/home/pao/mushr2_ws/install/vesc_msgs/bin'
[5.447s] INFO:colcon.colcon_core.shell:Creating package script '/home/pao/mushr2_ws/install/vesc_msgs/share/vesc_msgs/package.ps1'
[5.449s] INFO:colcon.colcon_core.shell:Creating package descriptor '/home/pao/mushr2_ws/install/vesc_msgs/share/vesc_msgs/package.dsv'
[5.451s] INFO:colcon.colcon_core.shell:Creating package script '/home/pao/mushr2_ws/install/vesc_msgs/share/vesc_msgs/package.sh'
[5.452s] INFO:colcon.colcon_core.shell:Creating package script '/home/pao/mushr2_ws/install/vesc_msgs/share/vesc_msgs/package.bash'
[5.454s] INFO:colcon.colcon_core.shell:Creating package script '/home/pao/mushr2_ws/install/vesc_msgs/share/vesc_msgs/package.zsh'
[5.456s] Level 1:colcon.colcon_core.environment:create_file_with_runtime_dependencies(/home/pao/mushr2_ws/install/vesc_msgs/share/colcon-core/packages/vesc_msgs)
[5.475s] DEBUG:colcon.colcon_parallel_executor.executor.parallel:closing loop
[5.477s] DEBUG:colcon.colcon_parallel_executor.executor.parallel:loop closed
[5.477s] DEBUG:colcon.colcon_parallel_executor.executor.parallel:run_until_complete finished with '2'
[5.478s] DEBUG:colcon.colcon_core.event_reactor:joining thread
[5.501s] INFO:colcon.colcon_core.plugin_system:Skipping extension 'colcon_notification.desktop_notification.terminal_notifier': Not used on non-Darwin systems
[5.502s] INFO:colcon.colcon_core.plugin_system:Skipping extension 'colcon_notification.desktop_notification.win32': Not used on non-Windows systems
[5.502s] INFO:colcon.colcon_notification.desktop_notification:Sending desktop notification using 'notify2'
[5.561s] DEBUG:colcon.colcon_core.event_reactor:joined thread
[5.562s] INFO:colcon.colcon_core.shell:Creating prefix script '/home/pao/mushr2_ws/install/local_setup.ps1'
[5.566s] INFO:colcon.colcon_core.shell:Creating prefix util module '/home/pao/mushr2_ws/install/_local_setup_util_ps1.py'
[5.574s] INFO:colcon.colcon_core.shell:Creating prefix chain script '/home/pao/mushr2_ws/install/setup.ps1'
[5.578s] INFO:colcon.colcon_core.shell:Creating prefix script '/home/pao/mushr2_ws/install/local_setup.sh'
[5.580s] INFO:colcon.colcon_core.shell:Creating prefix util module '/home/pao/mushr2_ws/install/_local_setup_util_sh.py'
[5.582s] INFO:colcon.colcon_core.shell:Creating prefix chain script '/home/pao/mushr2_ws/install/setup.sh'
[5.585s] INFO:colcon.colcon_core.shell:Creating prefix script '/home/pao/mushr2_ws/install/local_setup.bash'
[5.587s] INFO:colcon.colcon_core.shell:Creating prefix chain script '/home/pao/mushr2_ws/install/setup.bash'
[5.591s] INFO:colcon.colcon_core.shell:Creating prefix script '/home/pao/mushr2_ws/install/local_setup.zsh'
[5.593s] INFO:colcon.colcon_core.shell:Creating prefix chain script '/home/pao/mushr2_ws/install/setup.zsh'
