[0.043s] Invoking command in '/home/pao/mushr2_ws/build/vesc_driver': CMAKE_PREFIX_PATH=/home/pao/mushr2_ws/install/vesc_msgs:/home/pao/mushr2_ws/install/vesc:/home/pao/mushr2_ws/install/vesc_driver:/home/pao/mushr2_ws/install/vesc_ackermann:/home/pao/mushr2_ws/install/mushr_joy_teleop:/opt/ros/humble LD_LIBRARY_PATH=/home/pao/mushr2_ws/install/vesc_msgs/lib:/home/pao/mushr2_ws/install/vesc_driver/lib:/home/pao/mushr2_ws/install/vesc_ackermann/lib:/opt/ros/humble/opt/rviz_ogre_vendor/lib:/opt/ros/humble/lib/aarch64-linux-gnu:/opt/ros/humble/lib /usr/bin/cmake /home/pao/mushr2_ws/src/vesc/vesc_driver -DCMAKE_INSTALL_PREFIX=/home/pao/mushr2_ws/install/vesc_driver
[0.249s] -- The C compiler identification is GNU 11.4.0
[0.412s] -- The CXX compiler identification is GNU 11.4.0
[0.434s] -- Detecting C compiler ABI info
[0.655s] -- Detecting C compiler ABI info - done
[0.674s] -- Check for working C compiler: /usr/bin/cc - skipped
[0.675s] -- Detecting C compile features
[0.675s] -- Detecting C compile features - done
[0.685s] -- Detecting CXX compiler ABI info
[0.948s] -- Detecting CXX compiler ABI info - done
[0.965s] -- Check for working CXX compiler: /usr/bin/c++ - skipped
[0.971s] -- Detecting CXX compile features
[0.973s] -- Detecting CXX compile features - done
[0.981s] -- Found ament_cmake_auto: 1.3.12 (/opt/ros/humble/share/ament_cmake_auto/cmake)
[1.485s] -- Found Python3: /usr/bin/python3 (found version "3.10.12") found components: Interpreter 
[2.148s] -- Found rosidl_generator_c: 3.1.7 (/opt/ros/humble/share/rosidl_generator_c/cmake)
[2.159s] -- Found rosidl_adapter: 3.1.7 (/opt/ros/humble/share/rosidl_adapter/cmake)
[2.190s] -- Found rosidl_generator_cpp: 3.1.7 (/opt/ros/humble/share/rosidl_generator_cpp/cmake)
[2.221s] -- Using all available rosidl_typesupport_c: rosidl_typesupport_fastrtps_c;rosidl_typesupport_introspection_c
[2.268s] -- Using all available rosidl_typesupport_cpp: rosidl_typesupport_fastrtps_cpp;rosidl_typesupport_introspection_cpp
[2.384s] -- Found rmw_implementation_cmake: 6.1.2 (/opt/ros/humble/share/rmw_implementation_cmake/cmake)
[2.392s] -- Found rmw_fastrtps_cpp: 6.2.9 (/opt/ros/humble/share/rmw_fastrtps_cpp/cmake)
[2.664s] -- Found OpenSSL: /usr/lib/aarch64-linux-gnu/libcrypto.so (found version "3.0.2")  
[2.756s] -- Found FastRTPS: /opt/ros/humble/include  
[2.883s] -- Using RMW implementation 'rmw_fastrtps_cpp' as default
[2.907s] -- Looking for pthread.h
[3.143s] -- Looking for pthread.h - found
[3.143s] -- Performing Test CMAKE_HAVE_LIBC_PTHREAD
[3.381s] -- Performing Test CMAKE_HAVE_LIBC_PTHREAD - Success
[3.383s] -- Found Threads: TRUE  
[3.804s] -- Found asio_cmake_module: 1.2.0 (/opt/ros/humble/share/asio_cmake_module/cmake)
[3.808s] -- Found ASIO: /usr/include  
[3.996s] -- Found ament_lint_auto: 0.12.14 (/opt/ros/humble/share/ament_lint_auto/cmake)
[4.040s] [0mIn this package, headers install destination is set to `include` by ament_auto_package. It is recommended to install `include/vesc_driver` instead and will be the default behavior of ament_auto_package from ROS 2 Kilted Kaiju. On distributions before Kilted, ament_auto_package behaves the same way when you use USE_SCOPED_HEADER_INSTALL_DIR option.[0m
[4.056s] -- Added test 'copyright' to check source files copyright and LICENSE
[4.060s] -- Added test 'cppcheck' to perform static code analysis on C / C++ code
[4.060s] -- Configured cppcheck include dirs: /home/pao/mushr2_ws/src/vesc/vesc_driver/include
[4.061s] -- Configured cppcheck exclude dirs and/or files: 
[4.065s] -- Added test 'cpplint' to check C / C++ code against the Google style
[4.065s] -- Configured cpplint exclude dirs and/or files: 
[4.066s] -- Added test 'flake8' to check Python code syntax and style conventions
[4.067s] -- Added test 'lint_cmake' to check CMake code style
[4.069s] -- Added test 'pep257' to check Python code against some of the docstring style conventions in PEP 257
[4.072s] -- Added test 'uncrustify' to check C / C++ code style
[4.072s] -- Configured uncrustify additional arguments: 
[4.073s] -- Added test 'xmllint' to check XML markup files
[4.083s] -- Configuring done
[4.206s] -- Generating done
[4.238s] -- Build files have been written to: /home/pao/mushr2_ws/build/vesc_driver
[4.305s] Invoked command in '/home/pao/mushr2_ws/build/vesc_driver' returned '0': CMAKE_PREFIX_PATH=/home/pao/mushr2_ws/install/vesc_msgs:/home/pao/mushr2_ws/install/vesc:/home/pao/mushr2_ws/install/vesc_driver:/home/pao/mushr2_ws/install/vesc_ackermann:/home/pao/mushr2_ws/install/mushr_joy_teleop:/opt/ros/humble LD_LIBRARY_PATH=/home/pao/mushr2_ws/install/vesc_msgs/lib:/home/pao/mushr2_ws/install/vesc_driver/lib:/home/pao/mushr2_ws/install/vesc_ackermann/lib:/opt/ros/humble/opt/rviz_ogre_vendor/lib:/opt/ros/humble/lib/aarch64-linux-gnu:/opt/ros/humble/lib /usr/bin/cmake /home/pao/mushr2_ws/src/vesc/vesc_driver -DCMAKE_INSTALL_PREFIX=/home/pao/mushr2_ws/install/vesc_driver
[4.307s] Invoking command in '/home/pao/mushr2_ws/build/vesc_driver': CMAKE_PREFIX_PATH=/home/pao/mushr2_ws/install/vesc_msgs:/home/pao/mushr2_ws/install/vesc:/home/pao/mushr2_ws/install/vesc_driver:/home/pao/mushr2_ws/install/vesc_ackermann:/home/pao/mushr2_ws/install/mushr_joy_teleop:/opt/ros/humble LD_LIBRARY_PATH=/home/pao/mushr2_ws/install/vesc_msgs/lib:/home/pao/mushr2_ws/install/vesc_driver/lib:/home/pao/mushr2_ws/install/vesc_ackermann/lib:/opt/ros/humble/opt/rviz_ogre_vendor/lib:/opt/ros/humble/lib/aarch64-linux-gnu:/opt/ros/humble/lib /usr/bin/cmake --build /home/pao/mushr2_ws/build/vesc_driver -- -j6 -l6
[4.462s] [35m[1mConsolidate compiler generated dependencies of target vesc_driver_node[0m
[4.470s] [35m[1mConsolidate compiler generated dependencies of target vesc_driver[0m
[4.519s] [ 20%] Built target vesc_driver_node
[4.550s] [ 70%] Built target vesc_driver
[4.582s] [35m[1mConsolidate compiler generated dependencies of target vesc_device_namer[0m
[4.635s] [100%] Built target vesc_device_namer
[4.676s] Invoked command in '/home/pao/mushr2_ws/build/vesc_driver' returned '0': CMAKE_PREFIX_PATH=/home/pao/mushr2_ws/install/vesc_msgs:/home/pao/mushr2_ws/install/vesc:/home/pao/mushr2_ws/install/vesc_driver:/home/pao/mushr2_ws/install/vesc_ackermann:/home/pao/mushr2_ws/install/mushr_joy_teleop:/opt/ros/humble LD_LIBRARY_PATH=/home/pao/mushr2_ws/install/vesc_msgs/lib:/home/pao/mushr2_ws/install/vesc_driver/lib:/home/pao/mushr2_ws/install/vesc_ackermann/lib:/opt/ros/humble/opt/rviz_ogre_vendor/lib:/opt/ros/humble/lib/aarch64-linux-gnu:/opt/ros/humble/lib /usr/bin/cmake --build /home/pao/mushr2_ws/build/vesc_driver -- -j6 -l6
[4.678s] Invoking command in '/home/pao/mushr2_ws/build/vesc_driver': CMAKE_PREFIX_PATH=/home/pao/mushr2_ws/install/vesc_msgs:/home/pao/mushr2_ws/install/vesc:/home/pao/mushr2_ws/install/vesc_driver:/home/pao/mushr2_ws/install/vesc_ackermann:/home/pao/mushr2_ws/install/mushr_joy_teleop:/opt/ros/humble LD_LIBRARY_PATH=/home/pao/mushr2_ws/install/vesc_msgs/lib:/home/pao/mushr2_ws/install/vesc_driver/lib:/home/pao/mushr2_ws/install/vesc_ackermann/lib:/opt/ros/humble/opt/rviz_ogre_vendor/lib:/opt/ros/humble/lib/aarch64-linux-gnu:/opt/ros/humble/lib /usr/bin/cmake --install /home/pao/mushr2_ws/build/vesc_driver
[4.702s] -- Install configuration: ""
[4.702s] -- Up-to-date: /home/pao/mushr2_ws/install/vesc_driver/lib/vesc_driver/vesc_driver_node
[4.703s] -- Up-to-date: /home/pao/mushr2_ws/install/vesc_driver/include
[4.703s] -- Up-to-date: /home/pao/mushr2_ws/install/vesc_driver/include/vesc_driver
[4.705s] -- Up-to-date: /home/pao/mushr2_ws/install/vesc_driver/include/vesc_driver/crc.hpp
[4.705s] -- Up-to-date: /home/pao/mushr2_ws/install/vesc_driver/include/vesc_driver/vesc_interface.hpp
[4.707s] -- Up-to-date: /home/pao/mushr2_ws/install/vesc_driver/include/vesc_driver/vesc_device_uuid_lookup.hpp
[4.707s] -- Up-to-date: /home/pao/mushr2_ws/install/vesc_driver/include/vesc_driver/vesc_packet.hpp
[4.709s] -- Up-to-date: /home/pao/mushr2_ws/install/vesc_driver/include/vesc_driver/datatypes.hpp
[4.709s] -- Up-to-date: /home/pao/mushr2_ws/install/vesc_driver/include/vesc_driver/vesc_packet_factory.hpp
[4.709s] -- Up-to-date: /home/pao/mushr2_ws/install/vesc_driver/include/vesc_driver/vesc_driver.hpp
[4.710s] -- Up-to-date: /home/pao/mushr2_ws/install/vesc_driver/share/vesc_driver/environment/library_path.sh
[4.715s] -- Installing: /home/pao/mushr2_ws/install/vesc_driver/share/vesc_driver/environment/library_path.dsv
[4.715s] -- Up-to-date: /home/pao/mushr2_ws/install/vesc_driver/lib/libvesc_driver.so
[4.715s] -- Up-to-date: /home/pao/mushr2_ws/install/vesc_driver/lib/vesc_driver/vesc_device_namer
[4.718s] -- Up-to-date: /home/pao/mushr2_ws/install/vesc_driver/share/vesc_driver/launch
[4.718s] -- Up-to-date: /home/pao/mushr2_ws/install/vesc_driver/share/vesc_driver/launch/vesc_driver_node.launch.py
[4.718s] -- Up-to-date: /home/pao/mushr2_ws/install/vesc_driver/share/vesc_driver/params
[4.718s] -- Up-to-date: /home/pao/mushr2_ws/install/vesc_driver/share/vesc_driver/params/vesc_config.yaml
[4.718s] -- Up-to-date: /home/pao/mushr2_ws/install/vesc_driver/share/ament_index/resource_index/package_run_dependencies/vesc_driver
[4.719s] -- Installing: /home/pao/mushr2_ws/install/vesc_driver/share/ament_index/resource_index/parent_prefix_path/vesc_driver
[4.719s] -- Up-to-date: /home/pao/mushr2_ws/install/vesc_driver/share/vesc_driver/environment/ament_prefix_path.sh
[4.719s] -- Installing: /home/pao/mushr2_ws/install/vesc_driver/share/vesc_driver/environment/ament_prefix_path.dsv
[4.719s] -- Up-to-date: /home/pao/mushr2_ws/install/vesc_driver/share/vesc_driver/environment/path.sh
[4.719s] -- Installing: /home/pao/mushr2_ws/install/vesc_driver/share/vesc_driver/environment/path.dsv
[4.719s] -- Up-to-date: /home/pao/mushr2_ws/install/vesc_driver/share/vesc_driver/local_setup.bash
[4.719s] -- Up-to-date: /home/pao/mushr2_ws/install/vesc_driver/share/vesc_driver/local_setup.sh
[4.719s] -- Up-to-date: /home/pao/mushr2_ws/install/vesc_driver/share/vesc_driver/local_setup.zsh
[4.720s] -- Installing: /home/pao/mushr2_ws/install/vesc_driver/share/vesc_driver/local_setup.dsv
[4.720s] -- Installing: /home/pao/mushr2_ws/install/vesc_driver/share/vesc_driver/package.dsv
[4.720s] -- Up-to-date: /home/pao/mushr2_ws/install/vesc_driver/share/ament_index/resource_index/packages/vesc_driver
[4.720s] -- Up-to-date: /home/pao/mushr2_ws/install/vesc_driver/share/ament_index/resource_index/rclcpp_components/vesc_driver
[4.720s] -- Up-to-date: /home/pao/mushr2_ws/install/vesc_driver/share/vesc_driver/cmake/ament_cmake_export_dependencies-extras.cmake
[4.720s] -- Up-to-date: /home/pao/mushr2_ws/install/vesc_driver/share/vesc_driver/cmake/ament_cmake_export_include_directories-extras.cmake
[4.720s] -- Up-to-date: /home/pao/mushr2_ws/install/vesc_driver/share/vesc_driver/cmake/ament_cmake_export_libraries-extras.cmake
[4.721s] -- Up-to-date: /home/pao/mushr2_ws/install/vesc_driver/share/vesc_driver/cmake/vesc_driverConfig.cmake
[4.721s] -- Up-to-date: /home/pao/mushr2_ws/install/vesc_driver/share/vesc_driver/cmake/vesc_driverConfig-version.cmake
[4.721s] -- Up-to-date: /home/pao/mushr2_ws/install/vesc_driver/share/vesc_driver/package.xml
[4.745s] Invoked command in '/home/pao/mushr2_ws/build/vesc_driver' returned '0': CMAKE_PREFIX_PATH=/home/pao/mushr2_ws/install/vesc_msgs:/home/pao/mushr2_ws/install/vesc:/home/pao/mushr2_ws/install/vesc_driver:/home/pao/mushr2_ws/install/vesc_ackermann:/home/pao/mushr2_ws/install/mushr_joy_teleop:/opt/ros/humble LD_LIBRARY_PATH=/home/pao/mushr2_ws/install/vesc_msgs/lib:/home/pao/mushr2_ws/install/vesc_driver/lib:/home/pao/mushr2_ws/install/vesc_ackermann/lib:/opt/ros/humble/opt/rviz_ogre_vendor/lib:/opt/ros/humble/lib/aarch64-linux-gnu:/opt/ros/humble/lib /usr/bin/cmake --install /home/pao/mushr2_ws/build/vesc_driver
